2016-05-24 10:54:26.006591 # on Snehas-MacBook-Pro.local: deepdive do is_target
2016-05-24 10:54:26.006945 # run/20160524/105423.189026000/plan.sh
2016-05-24 10:54:26.006974 # execution plan for data/is_target
2016-05-24 10:54:26.006999 
2016-05-24 10:54:26.007019 : ## process/init/app ##########################################################
2016-05-24 10:54:26.007045 : # Done: 2016-03-31T11:08:43-0500 (53d 23h 45m 40s ago)
2016-05-24 10:54:26.007064 : process/init/app/run.sh
2016-05-24 10:54:26.007084 : mark_done process/init/app
2016-05-24 10:54:26.007103 : ##############################################################################
2016-05-24 10:54:26.007122 
2016-05-24 10:54:26.007177 : ## process/init/relation/articles ############################################
2016-05-24 10:54:26.007207 : # Done: 2016-05-23T10:36:55-0500 (1d 17m 28s ago)
2016-05-24 10:54:26.007238 : process/init/relation/articles/run.sh
2016-05-24 10:54:26.007279 : mark_done process/init/relation/articles
2016-05-24 10:54:26.007301 : ##############################################################################
2016-05-24 10:54:26.007321 
2016-05-24 10:54:26.007340 : ## data/articles #############################################################
2016-05-24 10:54:26.007360 : # Done: 2016-05-23T10:36:55-0500 (1d 17m 28s ago)
2016-05-24 10:54:26.007380 : # no-op
2016-05-24 10:54:26.007399 : mark_done data/articles
2016-05-24 10:54:26.007419 : ##############################################################################
2016-05-24 10:54:26.007438 
2016-05-24 10:54:26.007458 : ## process/ext_sentences_by_nlp_markup #######################################
2016-05-24 10:54:26.007478 : # Done: 2016-05-23T10:39:40-0500 (1d 14m 43s ago)
2016-05-24 10:54:26.007496 : process/ext_sentences_by_nlp_markup/run.sh
2016-05-24 10:54:26.007516 : mark_done process/ext_sentences_by_nlp_markup
2016-05-24 10:54:26.007536 : ##############################################################################
2016-05-24 10:54:26.007556 
2016-05-24 10:54:26.007576 : ## data/sentences ############################################################
2016-05-24 10:54:26.007597 : # Done: 2016-05-23T10:39:40-0500 (1d 14m 43s ago)
2016-05-24 10:54:26.007617 : # no-op
2016-05-24 10:54:26.007638 : mark_done data/sentences
2016-05-24 10:54:26.007658 : ##############################################################################
2016-05-24 10:54:26.007679 
2016-05-24 10:54:26.007724 : ## process/ext_target_mention_by_map_target_mention ##########################
2016-05-24 10:54:26.007746 : # Done: 2016-05-24T10:22:55-0500 (31m 28s ago)
2016-05-24 10:54:26.007766 : process/ext_target_mention_by_map_target_mention/run.sh
2016-05-24 10:54:26.007786 : mark_done process/ext_target_mention_by_map_target_mention
2016-05-24 10:54:26.007829 : ##############################################################################
2016-05-24 10:54:26.007860 
2016-05-24 10:54:26.007902 : ## data/target_mention #######################################################
2016-05-24 10:54:26.007931 : # Done: 2016-05-24T10:22:55-0500 (31m 28s ago)
2016-05-24 10:54:26.007951 : # no-op
2016-05-24 10:54:26.007971 : mark_done data/target_mention
2016-05-24 10:54:26.007989 : ##############################################################################
2016-05-24 10:54:26.008007 
2016-05-24 10:54:26.008024 : ## process/ext_target_label__0_by_supervise ##################################
2016-05-24 10:54:26.008046 : # Done: 2016-05-24T10:28:43-0500 (25m 40s ago)
2016-05-24 10:54:26.008065 : process/ext_target_label__0_by_supervise/run.sh
2016-05-24 10:54:26.008084 : mark_done process/ext_target_label__0_by_supervise
2016-05-24 10:54:26.008103 : ##############################################################################
2016-05-24 10:54:26.008120 
2016-05-24 10:54:26.008137 : ## data/target_label__0 ######################################################
2016-05-24 10:54:26.008159 : # Done: 2016-05-24T10:28:43-0500 (25m 40s ago)
2016-05-24 10:54:26.008178 : # no-op
2016-05-24 10:54:26.008201 : mark_done data/target_label__0
2016-05-24 10:54:26.008250 : ##############################################################################
2016-05-24 10:54:26.008278 
2016-05-24 10:54:26.008300 : ## process/init/relation/targets_chemcam_mer #################################
2016-05-24 10:54:26.008321 : # Done: 2016-05-19T11:28:15-0500 (4d 23h 26m 8s ago)
2016-05-24 10:54:26.008342 : process/init/relation/targets_chemcam_mer/run.sh
2016-05-24 10:54:26.008362 : mark_done process/init/relation/targets_chemcam_mer
2016-05-24 10:54:26.008381 : ##############################################################################
2016-05-24 10:54:26.008402 
2016-05-24 10:54:26.008444 : ## data/targets_chemcam_mer ##################################################
2016-05-24 10:54:26.008466 : # Done: 2016-05-19T11:28:15-0500 (4d 23h 26m 8s ago)
2016-05-24 10:54:26.008489 : # no-op
2016-05-24 10:54:26.008509 : mark_done data/targets_chemcam_mer
2016-05-24 10:54:26.008531 : ##############################################################################
2016-05-24 10:54:26.008562 
2016-05-24 10:54:26.008597 : ## process/ext_target_label ##################################################
2016-05-24 10:54:26.008622 : # Done: 2016-05-24T10:28:43-0500 (25m 40s ago)
2016-05-24 10:54:26.008640 : process/ext_target_label/run.sh
2016-05-24 10:54:26.008685 : mark_done process/ext_target_label
2016-05-24 10:54:26.008720 : ##############################################################################
2016-05-24 10:54:26.008738 
2016-05-24 10:54:26.008759 : ## data/target_label #########################################################
2016-05-24 10:54:26.008777 : # Done: 2016-05-24T10:28:43-0500 (25m 40s ago)
2016-05-24 10:54:26.008796 : # no-op
2016-05-24 10:54:26.008835 : mark_done data/target_label
2016-05-24 10:54:26.008857 : ##############################################################################
2016-05-24 10:54:26.008878 
2016-05-24 10:54:26.008899 : ## process/ext_target_label_resolved #########################################
2016-05-24 10:54:26.008922 : # Done: 2016-05-24T10:28:43-0500 (25m 40s ago)
2016-05-24 10:54:26.008943 : process/ext_target_label_resolved/run.sh
2016-05-24 10:54:26.008965 : mark_done process/ext_target_label_resolved
2016-05-24 10:54:26.008986 : ##############################################################################
2016-05-24 10:54:26.009007 
2016-05-24 10:54:26.009029 : ## data/target_label_resolved ################################################
2016-05-24 10:54:26.009050 : # Done: 2016-05-24T10:28:43-0500 (25m 40s ago)
2016-05-24 10:54:26.009078 : # no-op
2016-05-24 10:54:26.009100 : mark_done data/target_label_resolved
2016-05-24 10:54:26.009121 : ##############################################################################
2016-05-24 10:54:26.009143 
2016-05-24 10:54:26.009163 ## process/ext_is_target #####################################################
2016-05-24 10:54:26.009183 # Done: 2016-05-24T10:28:44-0500 (25m 39s ago)
2016-05-24 10:54:26.009205 process/ext_is_target/run.sh
2016-05-24 10:54:26.009225 ++ dirname process/ext_is_target/run.sh
2016-05-24 10:54:26.009247 + cd process/ext_is_target
2016-05-24 10:54:26.009266 + export DEEPDIVE_CURRENT_PROCESS_NAME=process/ext_is_target
2016-05-24 10:54:26.009287 + DEEPDIVE_CURRENT_PROCESS_NAME=process/ext_is_target
2016-05-24 10:54:26.009308 + deepdive create table is_target
2016-05-24 10:54:26.101012 ERROR:  "is_target" is not a table
2016-05-24 10:54:26.101078 HINT:  Use DROP VIEW to remove a view.
