2016-03-09 14:03:30.635923 ‘run/LATEST.COMPILE’ -> ‘20160309/140330.539452000’
2016-03-09 14:03:30.636156 ‘run/RUNNING.COMPILE’ -> ‘20160309/140330.539452000’
2016-03-09 14:03:30.636185 Parsing DeepDive application (/Users/SnehaS/Desktop/DR/planetaryIR-Repo/app/planetaryIR) to generate:
2016-03-09 14:03:30.636221  run/compiled/schema.json
2016-03-09 14:03:30.636246   from app.ddlog
2016-03-09 14:03:31.196781  run/compiled/deepdive.conf
2016-03-09 14:03:31.196901   from app.ddlog
2016-03-09 14:03:31.665907   from deepdive.conf
2016-03-09 14:03:31.671934  run/compiled/deepdive.conf.json
2016-03-09 14:03:32.016311 Performing sanity checks on run/compiled/deepdive.conf.json:
2016-03-09 14:03:32.062490  checking if input_extractors_well_defined
2016-03-09 14:03:32.062545  checking if input_schema_wellformed
2016-03-09 14:03:32.062827 Normalizing and adding built-in processes to the data flow to compile:
2016-03-09 14:03:32.063347  run/compiled/config-0.00-init_objects.json
2016-03-09 14:03:32.087413  run/compiled/config-0.01-parse_calibration.json
2016-03-09 14:03:32.100603  run/compiled/config-0.01-parse_schema.json
2016-03-09 14:03:32.119819  run/compiled/config-0.51-add_init_app.json
2016-03-09 14:03:32.132255  run/compiled/config-0.52-input_loader.json
2016-03-09 14:03:32.145952  run/compiled/config-1.00-qualified_names.json
2016-03-09 14:03:32.161131  run/compiled/config-1.01-parse_inference_rules.json
2016-03-09 14:03:32.189715  run/compiled/config-2.01-grounding.json
2016-03-09 14:03:32.258815  run/compiled/config-2.02-learning_inference.json
2016-03-09 14:03:32.274427  run/compiled/config-2.03-calibration_plots.json
2016-03-09 14:03:32.287690  run/compiled/config-9.98-ensure_init_app.json
2016-03-09 14:03:32.302906  run/compiled/config-9.99-dependencies.json
2016-03-09 14:03:32.318156  run/compiled/config.json
2016-03-09 14:03:32.321042 Validating run/compiled/config.json:
2016-03-09 14:03:32.389127  checking if compiled_base_relations_have_input_data
2016-03-09 14:03:32.389188  [WARNING] input/init.sh should load all base relations: articles 
2016-03-09 14:03:32.389207  checking if compiled_dependencies_correct
2016-03-09 14:03:32.389225  checking if compiled_input_output_well_defined
2016-03-09 14:03:32.389242  checking if compiled_output_uniquely_defined
2016-03-09 14:03:32.389474 Compiling executable code into:
2016-03-09 14:03:32.389717  run/compiled/code-Makefile.json
2016-03-09 14:03:32.409925  run/compiled/code-cmd_extractor.json
2016-03-09 14:03:32.423076  run/compiled/code-dataflow_dot.json
2016-03-09 14:03:32.440980  run/compiled/code-sql_extractor.json
2016-03-09 14:03:32.457061  run/compiled/code-tsv_extractor.json
2016-03-09 14:03:32.475270 Generating files:
2016-03-09 14:03:32.491621  run/Makefile
2016-03-09 14:03:32.507229  run/process/init/app/run.sh
2016-03-09 14:03:32.524795  run/process/init/relation/articles/run.sh
2016-03-09 14:03:32.538947  run/dataflow.dot
2016-03-09 14:03:32.551093  run/process/ext_person_mention_by_map_person_mention/run.sh
2016-03-09 14:03:32.567413  run/process/ext_sentences_by_nlp_markup/run.sh
2016-03-09 14:03:32.638357  run/dataflow.svg
2016-03-09 14:03:32.639328   (file:///Users/SnehaS/Desktop/DR/planetaryIR-Repo/app/planetaryIR/run/dataflow.svg)
2016-03-09 14:03:32.641958 ‘run/compiled’ -> ‘run/compiled~’
2016-03-09 14:03:32.644722 ‘run/compiled’ -> ‘20160309/140330.539452000’
