2016-05-19 11:29:29.002402 # on Snehas-MacBook-Pro.local: deepdive do target_label
2016-05-19 11:29:29.002617 # run/20160519/112926.410296000/plan.sh
2016-05-19 11:29:29.002637 # execution plan for data/target_label
2016-05-19 11:29:29.002657 
2016-05-19 11:29:29.002679 : ## process/init/app ##########################################################
2016-05-19 11:29:29.002699 : # Done: 2016-03-31T11:08:43-0500 (49d 20m 43s ago)
2016-05-19 11:29:29.002717 : process/init/app/run.sh
2016-05-19 11:29:29.002735 : mark_done process/init/app
2016-05-19 11:29:29.002754 : ##############################################################################
2016-05-19 11:29:29.002773 
2016-05-19 11:29:29.002793 : ## process/init/relation/articles ############################################
2016-05-19 11:29:29.002811 : # Done: 2016-03-31T11:08:43-0500 (49d 20m 43s ago)
2016-05-19 11:29:29.002828 : process/init/relation/articles/run.sh
2016-05-19 11:29:29.002845 : mark_done process/init/relation/articles
2016-05-19 11:29:29.002862 : ##############################################################################
2016-05-19 11:29:29.002879 
2016-05-19 11:29:29.002900 : ## data/articles #############################################################
2016-05-19 11:29:29.002919 : # Done: 2016-03-31T11:08:43-0500 (49d 20m 43s ago)
2016-05-19 11:29:29.002945 : # no-op
2016-05-19 11:29:29.002975 : mark_done data/articles
2016-05-19 11:29:29.002994 : ##############################################################################
2016-05-19 11:29:29.003011 
2016-05-19 11:29:29.003028 : ## process/ext_sentences_by_nlp_markup #######################################
2016-05-19 11:29:29.003047 : # Done: 2016-03-31T11:08:43-0500 (49d 20m 43s ago)
2016-05-19 11:29:29.003067 : process/ext_sentences_by_nlp_markup/run.sh
2016-05-19 11:29:29.003086 : mark_done process/ext_sentences_by_nlp_markup
2016-05-19 11:29:29.003105 : ##############################################################################
2016-05-19 11:29:29.003125 
2016-05-19 11:29:29.003143 : ## data/sentences ############################################################
2016-05-19 11:29:29.003160 : # Done: 2016-03-31T11:08:43-0500 (49d 20m 43s ago)
2016-05-19 11:29:29.003180 : # no-op
2016-05-19 11:29:29.003201 : mark_done data/sentences
2016-05-19 11:29:29.003220 : ##############################################################################
2016-05-19 11:29:29.003241 
2016-05-19 11:29:29.003259 : ## process/ext_target_mention_by_map_target_mention ##########################
2016-05-19 11:29:29.003277 : # Done: 2016-05-19T10:06:14-0500 (1h 23m 12s ago)
2016-05-19 11:29:29.003297 : process/ext_target_mention_by_map_target_mention/run.sh
2016-05-19 11:29:29.003316 : mark_done process/ext_target_mention_by_map_target_mention
2016-05-19 11:29:29.003335 : ##############################################################################
2016-05-19 11:29:29.003355 
2016-05-19 11:29:29.003373 : ## data/target_mention #######################################################
2016-05-19 11:29:29.003390 : # Done: 2016-05-19T10:06:14-0500 (1h 23m 12s ago)
2016-05-19 11:29:29.003411 : # no-op
2016-05-19 11:29:29.003431 : mark_done data/target_mention
2016-05-19 11:29:29.003457 : ##############################################################################
2016-05-19 11:29:29.003476 
2016-05-19 11:29:29.003493 : ## process/init/relation/targets_chemcam_mer #################################
2016-05-19 11:29:29.003510 : # Done: 2016-05-19T11:28:15-0500 (1m 11s ago)
2016-05-19 11:29:29.003531 : process/init/relation/targets_chemcam_mer/run.sh
2016-05-19 11:29:29.003551 : mark_done process/init/relation/targets_chemcam_mer
2016-05-19 11:29:29.003570 : ##############################################################################
2016-05-19 11:29:29.003590 
2016-05-19 11:29:29.003610 : ## data/targets_chemcam_mer ##################################################
2016-05-19 11:29:29.003629 : # Done: 2016-05-19T11:28:15-0500 (1m 11s ago)
2016-05-19 11:29:29.003648 : # no-op
2016-05-19 11:29:29.003667 : mark_done data/targets_chemcam_mer
2016-05-19 11:29:29.003686 : ##############################################################################
2016-05-19 11:29:29.003706 
2016-05-19 11:29:29.003756 ## process/ext_target_label ##################################################
2016-05-19 11:29:29.003788 # Done: 2016-05-19T11:24:33-0500 (4m 53s ago)
2016-05-19 11:29:29.003810 process/ext_target_label/run.sh
2016-05-19 11:29:29.003832 ++ dirname process/ext_target_label/run.sh
2016-05-19 11:29:29.003855 + cd process/ext_target_label
2016-05-19 11:29:29.003876 + export DEEPDIVE_CURRENT_PROCESS_NAME=process/ext_target_label
2016-05-19 11:29:29.003899 + DEEPDIVE_CURRENT_PROCESS_NAME=process/ext_target_label
2016-05-19 11:29:29.003920 + deepdive create table target_label
2016-05-19 11:29:29.093950 CREATE TABLE
2016-05-19 11:29:29.095863 + deepdive sql 'INSERT INTO target_label SELECT R0.mention_id AS "target_mention.R0.mention_id", R0.mention_text AS "target_mention.R0.mention_text", 1 AS column_2, '\''from_Chemcam'\'' AS column_3
2016-05-19 11:29:29.095994 FROM target_mention R0, targets_chemcam_mer R1
2016-05-19 11:29:29.096019         WHERE lower(R1.target_name) = lower(R0.mention_text)'
2016-05-19 11:29:29.174639 INSERT 0 8
2016-05-19 11:29:29.176167 mark_done process/ext_target_label
2016-05-19 11:29:29.188412 ##############################################################################
2016-05-19 11:29:29.188471 
2016-05-19 11:29:29.188487 ## data/target_label #########################################################
2016-05-19 11:29:29.188506 # Done: 2016-05-19T11:24:33-0500 (4m 53s ago)
2016-05-19 11:29:29.188560 # no-op
2016-05-19 11:29:29.188609 mark_done data/target_label
2016-05-19 11:29:29.200170 ##############################################################################
2016-05-19 11:29:29.200229 
