2016-03-09 14:03:59.498002 # on Snehas-MacBook-Pro.local: deepdive do articles
2016-03-09 14:03:59.498260 # run/20160309/140354.533050000/plan.sh
2016-03-09 14:03:59.498289 # execution plan for data/articles
2016-03-09 14:03:59.498308 
2016-03-09 14:03:59.498324 : ## process/init/app ##########################################################
2016-03-09 14:03:59.498341 : # Done: 2016-02-24T17:00:00-0800 (13d 21h 3m 54s ago)
2016-03-09 14:03:59.498357 : process/init/app/run.sh
2016-03-09 14:03:59.498375 : mark_done process/init/app
2016-03-09 14:03:59.498392 : ##############################################################################
2016-03-09 14:03:59.498410 
2016-03-09 14:03:59.498425 ## process/init/relation/articles ############################################
2016-03-09 14:03:59.498441 # Done: 2016-02-25T15:34:51-0800 (12d 22h 29m 3s ago)
2016-03-09 14:03:59.498456 process/init/relation/articles/run.sh
2016-03-09 14:03:59.498470 ++ dirname process/init/relation/articles/run.sh
2016-03-09 14:03:59.498485 + cd process/init/relation/articles
2016-03-09 14:03:59.498501 + export DEEPDIVE_CURRENT_PROCESS_NAME=process/init/relation/articles
2016-03-09 14:03:59.498516 + DEEPDIVE_CURRENT_PROCESS_NAME=process/init/relation/articles
2016-03-09 14:03:59.498531 + deepdive create table articles
2016-03-09 14:03:59.622664 psql: could not connect to server: Connection refused
2016-03-09 14:03:59.622713 	Is the server running on host "localhost" (::1) and accepting
2016-03-09 14:03:59.622729 	TCP/IP connections on port 5432?
2016-03-09 14:03:59.622747 could not connect to server: Connection refused
2016-03-09 14:03:59.622767 	Is the server running on host "localhost" (127.0.0.1) and accepting
2016-03-09 14:03:59.622792 	TCP/IP connections on port 5432?
