2016-03-10 07:47:03.008598 # on Snehas-MacBook-Pro.local: deepdive do articles
2016-03-10 07:47:03.008810 # run/20160310/074700.022136000/plan.sh
2016-03-10 07:47:03.008832 # execution plan for data/articles
2016-03-10 07:47:03.008850 
2016-03-10 07:47:03.008869 : ## process/init/app ##########################################################
2016-03-10 07:47:03.008887 : # Done: 2016-02-24T17:00:00-0800 (14d 14h 47m ago)
2016-03-10 07:47:03.008904 : process/init/app/run.sh
2016-03-10 07:47:03.008921 : mark_done process/init/app
2016-03-10 07:47:03.008938 : ##############################################################################
2016-03-10 07:47:03.008955 
2016-03-10 07:47:03.008973 ## process/init/relation/articles ############################################
2016-03-10 07:47:03.008990 # Done: 2016-03-09T14:12:34-0800 (17h 34m 26s ago)
2016-03-10 07:47:03.009008 process/init/relation/articles/run.sh
2016-03-10 07:47:03.009024 ++ dirname process/init/relation/articles/run.sh
2016-03-10 07:47:03.009041 + cd process/init/relation/articles
2016-03-10 07:47:03.009058 + export DEEPDIVE_CURRENT_PROCESS_NAME=process/init/relation/articles
2016-03-10 07:47:03.009074 + DEEPDIVE_CURRENT_PROCESS_NAME=process/init/relation/articles
2016-03-10 07:47:03.009094 + deepdive create table articles
2016-03-10 07:47:03.158499 CREATE TABLE
2016-03-10 07:47:03.159641 + deepdive load articles
2016-03-10 07:47:03.235281 Loading articles from input/articles.tsv.sh (tsv format)
2016-03-10 07:47:03.284267 COPY 5
2016-03-10 07:47:03.290778 mark_done process/init/relation/articles
2016-03-10 07:47:03.305026 ##############################################################################
2016-03-10 07:47:03.305075 
2016-03-10 07:47:03.305088 ## data/articles #############################################################
2016-03-10 07:47:03.305108 # Done: 2016-03-09T14:12:34-0800 (17h 34m 26s ago)
2016-03-10 07:47:03.305146 # no-op
2016-03-10 07:47:03.305180 mark_done data/articles
2016-03-10 07:47:03.316555 ##############################################################################
2016-03-10 07:47:03.316617 
