2016-05-25 11:33:00.657606 ‘run/LATEST.COMPILE’ -> ‘20160525/113300.614512000’
2016-05-25 11:33:00.657883 ‘run/RUNNING.COMPILE’ -> ‘20160525/113300.614512000’
2016-05-25 11:33:00.657918 Parsing DeepDive application (/Users/SnehaS/Desktop/DR/planetaryIR-Repo/app/planetaryir) to generate:
2016-05-25 11:33:00.657943  run/compiled/schema.json
2016-05-25 11:33:00.657963   from app.ddlog
2016-05-25 11:33:01.296999  run/compiled/deepdive.conf
2016-05-25 11:33:01.297084   from app.ddlog
2016-05-25 11:33:02.061011   from deepdive.conf
2016-05-25 11:33:02.068106  run/compiled/deepdive.conf.json
2016-05-25 11:33:02.366446 Performing sanity checks on run/compiled/deepdive.conf.json:
2016-05-25 11:33:02.403339  checking if input_extractors_well_defined
2016-05-25 11:33:02.403392  checking if input_schema_wellformed
2016-05-25 11:33:02.403660 Normalizing and adding built-in processes to the data flow to compile:
2016-05-25 11:33:02.404042  run/compiled/config-0.00-init_objects.json
2016-05-25 11:33:02.419288  run/compiled/config-0.01-parse_calibration.json
2016-05-25 11:33:02.433310  run/compiled/config-0.01-parse_schema.json
2016-05-25 11:33:02.453522  run/compiled/config-0.51-add_init_app.json
2016-05-25 11:33:02.467443  run/compiled/config-0.52-input_loader.json
2016-05-25 11:33:02.484019  run/compiled/config-1.00-qualified_names.json
2016-05-25 11:33:02.505614  run/compiled/config-1.01-parse_inference_rules.json
2016-05-25 11:33:02.532188  run/compiled/config-2.01-grounding.json
2016-05-25 11:33:02.596503  run/compiled/config-2.02-learning_inference.json
2016-05-25 11:33:02.617735  run/compiled/config-2.03-calibration_plots.json
2016-05-25 11:33:02.639159  run/compiled/config-9.98-ensure_init_app.json
2016-05-25 11:33:02.657878  run/compiled/config-9.99-dependencies.json
2016-05-25 11:33:02.676527  run/compiled/config.json
2016-05-25 11:33:02.680169 Validating run/compiled/config.json:
2016-05-25 11:33:02.755271  checking if compiled_base_relations_have_input_data
2016-05-25 11:33:02.755327  [WARNING] input/init.sh should load all base relations: articles targets_chemcam_mer 
2016-05-25 11:33:02.755359  checking if compiled_dependencies_correct
2016-05-25 11:33:02.755380  checking if compiled_input_output_well_defined
2016-05-25 11:33:02.755399  checking if compiled_output_uniquely_defined
2016-05-25 11:33:02.755605 Compiling executable code into:
2016-05-25 11:33:02.755898  run/compiled/code-Makefile.json
2016-05-25 11:33:02.779096  run/compiled/code-cmd_extractor.json
2016-05-25 11:33:02.797498  run/compiled/code-dataflow_dot.json
2016-05-25 11:33:02.817929  run/compiled/code-sql_extractor.json
2016-05-25 11:33:02.832322  run/compiled/code-tsv_extractor.json
2016-05-25 11:33:02.852404 Generating files:
2016-05-25 11:33:02.877876  run/Makefile
2016-05-25 11:33:02.892583  run/process/init/app/run.sh
2016-05-25 11:33:02.909388  run/process/init/relation/articles/run.sh
2016-05-25 11:33:02.924368  run/process/init/relation/targets_chemcam_mer/run.sh
2016-05-25 11:33:02.938940  run/process/ext_is_target/run.sh
2016-05-25 11:33:02.954164  run/process/ext_target_label/run.sh
2016-05-25 11:33:02.967844  run/process/ext_target_label_resolved/run.sh
2016-05-25 11:33:02.983571  run/process/grounding/variable_id_partition/run.sh
2016-05-25 11:33:02.998805  run/process/grounding/variable/is_target/assign_id/run.sh
2016-05-25 11:33:03.015372  run/process/grounding/variable_holdout/run.sh
2016-05-25 11:33:03.033171  run/process/grounding/variable/is_target/dump/run.sh
2016-05-25 11:33:03.050981  run/process/grounding/factor/inf_istrue_is_target/materialize/run.sh
2016-05-25 11:33:03.068047  run/process/grounding/weight_id_partition/run.sh
2016-05-25 11:33:03.082927  run/process/grounding/global_weight_table/run.sh
2016-05-25 11:33:03.104912  run/process/grounding/factor/inf_istrue_is_target/assign_weight_id/run.sh
2016-05-25 11:33:03.122609  run/process/grounding/factor/inf_istrue_is_target/dump/run.sh
2016-05-25 11:33:03.137977  run/process/grounding/factor/inf_istrue_is_target/dump_weights/run.sh
2016-05-25 11:33:03.168203  run/process/grounding/combine_factorgraph/run.sh
2016-05-25 11:33:03.190378  run/process/model/learning/run.sh
2016-05-25 11:33:03.207289  run/process/model/inference/run.sh
2016-05-25 11:33:03.232113  run/process/model/load_weights/run.sh
2016-05-25 11:33:03.248940  run/process/model/load_probabilities/run.sh
2016-05-25 11:33:03.264743  run/process/model/calibration/run.sh
2016-05-25 11:33:03.287187  run/dataflow.dot
2016-05-25 11:33:03.304263  run/process/ext_person_mention_by_map_person_mention/run.sh
2016-05-25 11:33:03.320897  run/process/ext_sentences_by_nlp_markup/run.sh
2016-05-25 11:33:03.346032  run/process/ext_target_feature_by_extract_target_features/run.sh
2016-05-25 11:33:03.362429  run/process/ext_target_label__0_by_supervise/run.sh
2016-05-25 11:33:03.379846  run/process/ext_target_mention_by_map_target_mention/run.sh
2016-05-25 11:33:03.430289  run/dataflow.svg
2016-05-25 11:33:03.431238   (file:///Users/SnehaS/Desktop/DR/planetaryIR-Repo/app/planetaryir/run/dataflow.svg)
2016-05-25 11:33:03.433840 ‘run/compiled’ -> ‘run/compiled~’
2016-05-25 11:33:03.436591 ‘run/compiled’ -> ‘20160525/113300.614512000’
