2016-05-17 18:23:16.820018 ‘run/LATEST.COMPILE’ -> ‘20160517/182316.769825000’
2016-05-17 18:23:16.820248 ‘run/RUNNING.COMPILE’ -> ‘20160517/182316.769825000’
2016-05-17 18:23:16.820273 Parsing DeepDive application (/Users/SnehaS/Desktop/DR/planetaryIR-Repo/app/planetaryir) to generate:
2016-05-17 18:23:16.820295  run/compiled/schema.json
2016-05-17 18:23:16.820315   from app.ddlog
2016-05-17 18:23:17.248279  run/compiled/deepdive.conf
2016-05-17 18:23:17.248380   from app.ddlog
2016-05-17 18:23:17.753901   from deepdive.conf
2016-05-17 18:23:17.759675  run/compiled/deepdive.conf.json
2016-05-17 18:23:18.044988 Performing sanity checks on run/compiled/deepdive.conf.json:
2016-05-17 18:23:18.088994  checking if input_extractors_well_defined
2016-05-17 18:23:18.089050  checking if input_schema_wellformed
2016-05-17 18:23:18.089518 Normalizing and adding built-in processes to the data flow to compile:
2016-05-17 18:23:18.089990  run/compiled/config-0.00-init_objects.json
2016-05-17 18:23:18.106892  run/compiled/config-0.01-parse_calibration.json
2016-05-17 18:23:18.121175  run/compiled/config-0.01-parse_schema.json
2016-05-17 18:23:18.144748  run/compiled/config-0.51-add_init_app.json
2016-05-17 18:23:18.161367  run/compiled/config-0.52-input_loader.json
2016-05-17 18:23:18.178210  run/compiled/config-1.00-qualified_names.json
2016-05-17 18:23:18.197879  run/compiled/config-1.01-parse_inference_rules.json
2016-05-17 18:23:18.222256  run/compiled/config-2.01-grounding.json
2016-05-17 18:23:18.289792  run/compiled/config-2.02-learning_inference.json
2016-05-17 18:23:18.309783  run/compiled/config-2.03-calibration_plots.json
2016-05-17 18:23:18.325857  run/compiled/config-9.98-ensure_init_app.json
2016-05-17 18:23:18.341649  run/compiled/config-9.99-dependencies.json
2016-05-17 18:23:18.358232  run/compiled/config.json
2016-05-17 18:23:18.361305 Validating run/compiled/config.json:
2016-05-17 18:23:18.444394  checking if compiled_base_relations_have_input_data
2016-05-17 18:23:18.444464  [WARNING] input/init.sh should load all base relations: articles 
2016-05-17 18:23:18.444497  checking if compiled_dependencies_correct
2016-05-17 18:23:18.444519  checking if compiled_input_output_well_defined
2016-05-17 18:23:18.444540  checking if compiled_output_uniquely_defined
2016-05-17 18:23:18.444880 Compiling executable code into:
2016-05-17 18:23:18.445124  run/compiled/code-Makefile.json
2016-05-17 18:23:18.462072  run/compiled/code-cmd_extractor.json
2016-05-17 18:23:18.475768  run/compiled/code-dataflow_dot.json
2016-05-17 18:23:18.495849  run/compiled/code-sql_extractor.json
2016-05-17 18:23:18.510686  run/compiled/code-tsv_extractor.json
2016-05-17 18:23:18.532698 Generating files:
2016-05-17 18:23:18.554311  run/Makefile
2016-05-17 18:23:18.568626  run/process/init/app/run.sh
2016-05-17 18:23:18.585333  run/process/init/relation/articles/run.sh
2016-05-17 18:23:18.601544  run/dataflow.dot
2016-05-17 18:23:18.616157  run/process/ext_person_mention_by_map_person_mention/run.sh
2016-05-17 18:23:18.635867  run/process/ext_sentences_by_nlp_markup/run.sh
2016-05-17 18:23:18.656011  run/process/ext_target_mention_by_map_target_mention/run.sh
2016-05-17 18:23:18.701048  run/dataflow.svg
2016-05-17 18:23:18.702065   (file:///Users/SnehaS/Desktop/DR/planetaryIR-Repo/app/planetaryir/run/dataflow.svg)
2016-05-17 18:23:18.704989 ‘run/compiled’ -> ‘run/compiled~’
2016-05-17 18:23:18.707922 ‘run/compiled’ -> ‘20160517/182316.769825000’
