2016-05-25 13:04:21.159825 # on Snehas-MacBook-Pro.local: deepdive do target_mention
2016-05-25 13:04:21.160041 # run/20160525/130418.994306000/plan.sh
2016-05-25 13:04:21.160059 # execution plan for data/target_mention
2016-05-25 13:04:21.160076 
2016-05-25 13:04:21.160093 : ## process/init/app ##########################################################
2016-05-25 13:04:21.160113 : # Done: 2016-03-31T11:08:43-0500 (55d 1h 55m 36s ago)
2016-05-25 13:04:21.160131 : process/init/app/run.sh
2016-05-25 13:04:21.160148 : mark_done process/init/app
2016-05-25 13:04:21.160166 : ##############################################################################
2016-05-25 13:04:21.160211 
2016-05-25 13:04:21.160235 : ## process/init/relation/articles ############################################
2016-05-25 13:04:21.160256 : # Done: 2016-05-23T10:36:55-0500 (2d 2h 27m 24s ago)
2016-05-25 13:04:21.160275 : process/init/relation/articles/run.sh
2016-05-25 13:04:21.160295 : mark_done process/init/relation/articles
2016-05-25 13:04:21.160315 : ##############################################################################
2016-05-25 13:04:21.160335 
2016-05-25 13:04:21.160355 : ## data/articles #############################################################
2016-05-25 13:04:21.160373 : # Done: 2016-05-23T10:36:55-0500 (2d 2h 27m 24s ago)
2016-05-25 13:04:21.160393 : # no-op
2016-05-25 13:04:21.160411 : mark_done data/articles
2016-05-25 13:04:21.160430 : ##############################################################################
2016-05-25 13:04:21.160451 
2016-05-25 13:04:21.160470 : ## process/ext_sentences_by_nlp_markup #######################################
2016-05-25 13:04:21.160490 : # Done: 2016-05-23T10:39:40-0500 (2d 2h 24m 39s ago)
2016-05-25 13:04:21.160511 : process/ext_sentences_by_nlp_markup/run.sh
2016-05-25 13:04:21.160531 : mark_done process/ext_sentences_by_nlp_markup
2016-05-25 13:04:21.160551 : ##############################################################################
2016-05-25 13:04:21.160571 
2016-05-25 13:04:21.160592 : ## data/sentences ############################################################
2016-05-25 13:04:21.160612 : # Done: 2016-05-23T10:39:40-0500 (2d 2h 24m 39s ago)
2016-05-25 13:04:21.160659 : # no-op
2016-05-25 13:04:21.160681 : mark_done data/sentences
2016-05-25 13:04:21.160701 : ##############################################################################
2016-05-25 13:04:21.160723 
2016-05-25 13:04:21.160743 ## process/ext_target_mention_by_map_target_mention ##########################
2016-05-25 13:04:21.160761 # Done: 2016-05-25T13:03:16-0500 (1m 3s ago)
2016-05-25 13:04:21.160780 process/ext_target_mention_by_map_target_mention/run.sh
2016-05-25 13:04:21.160799 ++ dirname process/ext_target_mention_by_map_target_mention/run.sh
2016-05-25 13:04:21.160819 + cd process/ext_target_mention_by_map_target_mention
2016-05-25 13:04:21.160838 + export DEEPDIVE_CURRENT_PROCESS_NAME=process/ext_target_mention_by_map_target_mention
2016-05-25 13:04:21.160858 + DEEPDIVE_CURRENT_PROCESS_NAME=process/ext_target_mention_by_map_target_mention
2016-05-25 13:04:21.160877 + export DEEPDIVE_LOAD_FORMAT=tsv
2016-05-25 13:04:21.160896 + DEEPDIVE_LOAD_FORMAT=tsv
2016-05-25 13:04:21.160915 + deepdive compute execute 'input_sql= SELECT R0.doc_id AS "sentences.R0.doc_id", R0.sentence_index AS "sentences.R0.sentence_index", R0.sentence_text AS "sentences.R0.sentence_text", R0.tokens AS "sentences.R0.tokens"
2016-05-25 13:04:21.160933 FROM sentences R0
2016-05-25 13:04:21.160948         
2016-05-25 13:04:21.160965           ' 'command="$DEEPDIVE_APP"/udf/map_target_mention.py' output_relation=target_mention
2016-05-25 13:04:21.190889 Executing with the following configuration:
2016-05-25 13:04:21.190937  DEEPDIVE_NUM_PROCESSES=3
2016-05-25 13:04:21.190960  DEEPDIVE_NUM_PARALLEL_UNLOADS=1
2016-05-25 13:04:21.190981  DEEPDIVE_NUM_PARALLEL_LOADS=1
2016-05-25 13:04:21.191002  output_relation_tmp=dd_tmp_target_mention
2016-05-25 13:04:21.191022 
2016-05-25 13:04:21.338326 CREATE TABLE
2016-05-25 13:04:21.443129 CREATE TABLE
2016-05-25 13:04:21.568332 unloading to feed_processes-1: ' SELECT R0.doc_id AS "sentences.R0.doc_id", R0.sentence_index AS "sentences.R0.sentence_index", R0.sentence_text AS "sentences.R0.sentence_text", R0.tokens AS "sentences.R0.tokens"
2016-05-25 13:04:21.568405 FROM sentences R0
2016-05-25 13:04:21.568438         
2016-05-25 13:04:21.568461           '
2016-05-25 13:04:21.591952 Loading dd_tmp_target_mention from output_computed-1 (tsv format)
2016-05-25 13:04:47.769501 COPY 20
2016-05-25 13:04:47.774707 Replacing target_mention with dd_tmp_target_mention
2016-05-25 13:04:47.843614 DROP TABLE
2016-05-25 13:04:47.914449 ALTER TABLE
2016-05-25 13:04:47.983066 ALTER TABLE
2016-05-25 13:04:48.053540 DROP TABLE
2016-05-25 13:04:48.086035 ANALYZE
2016-05-25 13:04:48.095190 mark_done process/ext_target_mention_by_map_target_mention
2016-05-25 13:04:48.108934 ##############################################################################
2016-05-25 13:04:48.108987 
2016-05-25 13:04:48.109005 ## data/target_mention #######################################################
2016-05-25 13:04:48.109023 # Done: 2016-05-25T13:03:16-0500 (1m 3s ago)
2016-05-25 13:04:48.109042 # no-op
2016-05-25 13:04:48.109077 mark_done data/target_mention
2016-05-25 13:04:48.122923 ##############################################################################
2016-05-25 13:04:48.123002 
