2016-03-09 14:05:01.029246 ‘run/LATEST.COMPILE’ -> ‘20160309/140500.977290000’
2016-03-09 14:05:01.029502 ‘run/RUNNING.COMPILE’ -> ‘20160309/140500.977290000’
2016-03-09 14:05:01.029529 Parsing DeepDive application (/Users/SnehaS/Desktop/DR/planetaryIR-Repo/app/planetaryIR) to generate:
2016-03-09 14:05:01.029550  run/compiled/schema.json
2016-03-09 14:05:01.029569   from app.ddlog
2016-03-09 14:05:01.400683  run/compiled/deepdive.conf
2016-03-09 14:05:01.400834   from app.ddlog
2016-03-09 14:05:01.854382   from deepdive.conf
2016-03-09 14:05:01.860337  run/compiled/deepdive.conf.json
2016-03-09 14:05:02.140805 Performing sanity checks on run/compiled/deepdive.conf.json:
2016-03-09 14:05:02.178224  checking if input_extractors_well_defined
2016-03-09 14:05:02.178318  checking if input_schema_wellformed
2016-03-09 14:05:02.178620 Normalizing and adding built-in processes to the data flow to compile:
2016-03-09 14:05:02.179185  run/compiled/config-0.00-init_objects.json
2016-03-09 14:05:02.192911  run/compiled/config-0.01-parse_calibration.json
2016-03-09 14:05:02.206188  run/compiled/config-0.01-parse_schema.json
2016-03-09 14:05:02.223812  run/compiled/config-0.51-add_init_app.json
2016-03-09 14:05:02.236501  run/compiled/config-0.52-input_loader.json
2016-03-09 14:05:02.252085  run/compiled/config-1.00-qualified_names.json
2016-03-09 14:05:02.267442  run/compiled/config-1.01-parse_inference_rules.json
2016-03-09 14:05:02.290896  run/compiled/config-2.01-grounding.json
2016-03-09 14:05:02.360248  run/compiled/config-2.02-learning_inference.json
2016-03-09 14:05:02.375796  run/compiled/config-2.03-calibration_plots.json
2016-03-09 14:05:02.389323  run/compiled/config-9.98-ensure_init_app.json
2016-03-09 14:05:02.407126  run/compiled/config-9.99-dependencies.json
2016-03-09 14:05:02.421439  run/compiled/config.json
2016-03-09 14:05:02.425642 Validating run/compiled/config.json:
2016-03-09 14:05:02.496185  checking if compiled_base_relations_have_input_data
2016-03-09 14:05:02.496235  [WARNING] input/init.sh should load all base relations: articles 
2016-03-09 14:05:02.496257  checking if compiled_dependencies_correct
2016-03-09 14:05:02.496274  checking if compiled_input_output_well_defined
2016-03-09 14:05:02.496291  checking if compiled_output_uniquely_defined
2016-03-09 14:05:02.496552 Compiling executable code into:
2016-03-09 14:05:02.496782  run/compiled/code-Makefile.json
2016-03-09 14:05:02.512150  run/compiled/code-cmd_extractor.json
2016-03-09 14:05:02.524179  run/compiled/code-dataflow_dot.json
2016-03-09 14:05:02.541742  run/compiled/code-sql_extractor.json
2016-03-09 14:05:02.554939  run/compiled/code-tsv_extractor.json
2016-03-09 14:05:02.572002 Generating files:
2016-03-09 14:05:02.590699  run/Makefile
2016-03-09 14:05:02.604225  run/process/init/app/run.sh
2016-03-09 14:05:02.620148  run/process/init/relation/articles/run.sh
2016-03-09 14:05:02.641184  run/dataflow.dot
2016-03-09 14:05:02.653763  run/process/ext_person_mention_by_map_person_mention/run.sh
2016-03-09 14:05:02.669569  run/process/ext_sentences_by_nlp_markup/run.sh
2016-03-09 14:05:02.711338  run/dataflow.svg
2016-03-09 14:05:02.712271   (file:///Users/SnehaS/Desktop/DR/planetaryIR-Repo/app/planetaryIR/run/dataflow.svg)
2016-03-09 14:05:02.715316 ‘run/compiled’ -> ‘run/compiled~’
2016-03-09 14:05:02.718000 ‘run/compiled’ -> ‘20160309/140500.977290000’
