2016-02-25 11:30:59.303925 # on Snehas-MacBook-Pro.local: deepdive do sentences
2016-02-25 11:30:59.304289 # run/20160225/113053.143674000/plan.sh
2016-02-25 11:30:59.304323 # execution plan for data/sentences
2016-02-25 11:30:59.304350 
2016-02-25 11:30:59.304395 : ## process/init/app ##########################################################
2016-02-25 11:30:59.304431 : # Done: 2016-02-24T17:00:00-0800 (18h 30m 53s ago)
2016-02-25 11:30:59.304472 : process/init/app/run.sh
2016-02-25 11:30:59.304529 : mark_done process/init/app
2016-02-25 11:30:59.304559 : ##############################################################################
2016-02-25 11:30:59.304588 
2016-02-25 11:30:59.304614 : ## process/init/relation/articles ############################################
2016-02-25 11:30:59.304640 : # Done: 2016-02-24T17:00:01-0800 (18h 30m 52s ago)
2016-02-25 11:30:59.304664 : process/init/relation/articles/run.sh
2016-02-25 11:30:59.304688 : mark_done process/init/relation/articles
2016-02-25 11:30:59.304711 : ##############################################################################
2016-02-25 11:30:59.304736 
2016-02-25 11:30:59.304760 : ## data/articles #############################################################
2016-02-25 11:30:59.304784 : # Done: 2016-02-24T17:00:01-0800 (18h 30m 52s ago)
2016-02-25 11:30:59.304808 : # no-op
2016-02-25 11:30:59.304832 : mark_done data/articles
2016-02-25 11:30:59.304854 : ##############################################################################
2016-02-25 11:30:59.304876 
2016-02-25 11:30:59.304899 ## process/ext_sentences_by_nlp_markup #######################################
2016-02-25 11:30:59.304921 # Done: N/A
2016-02-25 11:30:59.304945 process/ext_sentences_by_nlp_markup/run.sh
2016-02-25 11:30:59.304969 ++ dirname process/ext_sentences_by_nlp_markup/run.sh
2016-02-25 11:30:59.304998 + cd process/ext_sentences_by_nlp_markup
2016-02-25 11:30:59.305026 + export DEEPDIVE_CURRENT_PROCESS_NAME=process/ext_sentences_by_nlp_markup
2016-02-25 11:30:59.305053 + DEEPDIVE_CURRENT_PROCESS_NAME=process/ext_sentences_by_nlp_markup
2016-02-25 11:30:59.305091 + export DEEPDIVE_LOAD_FORMAT=tsv
2016-02-25 11:30:59.305118 + DEEPDIVE_LOAD_FORMAT=tsv
2016-02-25 11:30:59.305148 + deepdive compute execute 'input_sql= SELECT R0.id AS "articles.R0.id", R0.content AS "articles.R0.content"
2016-02-25 11:30:59.305179 FROM articles R0
2016-02-25 11:30:59.305209         
2016-02-25 11:30:59.305236           ' 'command="$DEEPDIVE_APP"/udf/nlp_markup.sh' output_relation=sentences
2016-02-25 11:30:59.335913 Executing with the following configuration:
2016-02-25 11:30:59.335971  DEEPDIVE_NUM_PROCESSES=3
2016-02-25 11:30:59.335999  DEEPDIVE_NUM_PARALLEL_UNLOADS=1
2016-02-25 11:30:59.336019  DEEPDIVE_NUM_PARALLEL_LOADS=1
2016-02-25 11:30:59.336038  output_relation_tmp=dd_tmp_sentences
2016-02-25 11:30:59.336064 
2016-02-25 11:30:59.497965 CREATE TABLE
2016-02-25 11:30:59.605639 CREATE TABLE
2016-02-25 11:30:59.732832 unloading to feed_processes-1: ' SELECT R0.id AS "articles.R0.id", R0.content AS "articles.R0.content"
2016-02-25 11:30:59.732910 FROM articles R0
2016-02-25 11:30:59.732938         
2016-02-25 11:30:59.732962           '
2016-02-25 11:30:59.762130 Loading dd_tmp_sentences from output_computed-1 (tsv format)
2016-02-25 11:31:00.503418 Parsing with max_len=100
2016-02-25 11:31:00.505446 Parsing with max_len=100
2016-02-25 11:31:00.520485 Parsing with max_len=100
2016-02-25 11:31:00.722647 Adding annotator tokenize
2016-02-25 11:31:00.728049 TokenizerAnnotator: No tokenizer type provided. Defaulting to PTBTokenizer.
2016-02-25 11:31:00.733841 Adding annotator cleanxml
2016-02-25 11:31:00.742493 Adding annotator tokenize
2016-02-25 11:31:00.745750 TokenizerAnnotator: No tokenizer type provided. Defaulting to PTBTokenizer.
2016-02-25 11:31:00.749549 Adding annotator cleanxml
2016-02-25 11:31:00.756450 Adding annotator tokenize
2016-02-25 11:31:00.762532 Adding annotator ssplit
2016-02-25 11:31:00.765377 Adding annotator pos
2016-02-25 11:31:00.780228 TokenizerAnnotator: No tokenizer type provided. Defaulting to PTBTokenizer.
2016-02-25 11:31:00.784077 Adding annotator ssplit
2016-02-25 11:31:00.785487 Adding annotator cleanxml
2016-02-25 11:31:00.786276 Adding annotator pos
2016-02-25 11:31:00.836496 Reading POS tagger model from edu/stanford/nlp/models/pos-tagger/english-left3words/english-left3words-distsim.tagger ... Adding annotator ssplit
2016-02-25 11:31:00.841090 Adding annotator pos
2016-02-25 11:31:02.568132 Reading POS tagger model from edu/stanford/nlp/models/pos-tagger/english-left3words/english-left3words-distsim.tagger ... Reading POS tagger model from edu/stanford/nlp/models/pos-tagger/english-left3words/english-left3words-distsim.tagger ... done [1.7 sec].
2016-02-25 11:31:02.568278 Adding annotator lemma
2016-02-25 11:31:02.570303 Adding annotator ner
2016-02-25 11:31:02.608937 done [1.8 sec].
2016-02-25 11:31:02.609526 Adding annotator lemma
2016-02-25 11:31:02.611063 Adding annotator ner
2016-02-25 11:31:02.964999 Loading classifier from edu/stanford/nlp/models/ner/english.all.3class.distsim.crf.ser.gz ... Loading classifier from edu/stanford/nlp/models/ner/english.all.3class.distsim.crf.ser.gz ... done [2.0 sec].
2016-02-25 11:31:02.965147 Adding annotator lemma
2016-02-25 11:31:02.966391 Adding annotator ner
2016-02-25 11:31:10.319336 Loading classifier from edu/stanford/nlp/models/ner/english.all.3class.distsim.crf.ser.gz ... done [7.6 sec].
2016-02-25 11:31:10.404688 Loading classifier from edu/stanford/nlp/models/ner/english.muc.7class.distsim.crf.ser.gz ... done [7.3 sec].
2016-02-25 11:31:10.550692 Loading classifier from edu/stanford/nlp/models/ner/english.muc.7class.distsim.crf.ser.gz ... done [7.7 sec].
2016-02-25 11:31:14.865009 Loading classifier from edu/stanford/nlp/models/ner/english.muc.7class.distsim.crf.ser.gz ... done [4.5 sec].
2016-02-25 11:31:14.920443 Loading classifier from edu/stanford/nlp/models/ner/english.conll.4class.distsim.crf.ser.gz ... done [4.5 sec].
2016-02-25 11:31:15.080594 Loading classifier from edu/stanford/nlp/models/ner/english.conll.4class.distsim.crf.ser.gz ... done [4.5 sec].
2016-02-25 11:31:18.228170 Loading classifier from edu/stanford/nlp/models/ner/english.conll.4class.distsim.crf.ser.gz ... done [3.4 sec].
2016-02-25 11:31:18.230147 sutime.binder.1.
2016-02-25 11:31:18.230206 Initializing JollyDayHoliday for sutime with classpath:edu/stanford/nlp/models/sutime/jollyday/Holidays_sutime.xml
2016-02-25 11:31:18.311690 done [3.4 sec].
2016-02-25 11:31:18.317040 sutime.binder.1.
2016-02-25 11:31:18.317120 Initializing JollyDayHoliday for sutime with classpath:edu/stanford/nlp/models/sutime/jollyday/Holidays_sutime.xml
2016-02-25 11:31:18.514016 done [3.4 sec].
2016-02-25 11:31:18.516961 sutime.binder.1.
2016-02-25 11:31:18.517040 Initializing JollyDayHoliday for sutime with classpath:edu/stanford/nlp/models/sutime/jollyday/Holidays_sutime.xml
2016-02-25 11:31:19.097886 Reading TokensRegex rules from edu/stanford/nlp/models/sutime/defs.sutime.txt
2016-02-25 11:31:19.146722 Reading TokensRegex rules from edu/stanford/nlp/models/sutime/defs.sutime.txt
2016-02-25 11:31:19.270920 Reading TokensRegex rules from edu/stanford/nlp/models/sutime/english.sutime.txt
2016-02-25 11:31:19.354804 Reading TokensRegex rules from edu/stanford/nlp/models/sutime/english.sutime.txt
2016-02-25 11:31:19.439683 Reading TokensRegex rules from edu/stanford/nlp/models/sutime/defs.sutime.txt
2016-02-25 11:31:19.669457 Reading TokensRegex rules from edu/stanford/nlp/models/sutime/english.sutime.txt
2016-02-25 11:31:20.157808 Feb 25, 2016 11:31:20 AM edu.stanford.nlp.ling.tokensregex.CoreMapExpressionExtractor appendRules
2016-02-25 11:31:20.157877 INFO: Ignoring inactive rule: null
2016-02-25 11:31:20.158808 Feb 25, 2016 11:31:20 AM edu.stanford.nlp.ling.tokensregex.CoreMapExpressionExtractor appendRules
2016-02-25 11:31:20.158869 INFO: Ignoring inactive rule: temporal-composite-8:ranges
2016-02-25 11:31:20.159087 Reading TokensRegex rules from edu/stanford/nlp/models/sutime/english.holidays.sutime.txt
2016-02-25 11:31:20.218997 Adding annotator parse
2016-02-25 11:31:20.261488 Feb 25, 2016 11:31:20 AM edu.stanford.nlp.ling.tokensregex.CoreMapExpressionExtractor appendRules
2016-02-25 11:31:20.261595 INFO: Ignoring inactive rule: null
2016-02-25 11:31:20.262769 Feb 25, 2016 11:31:20 AM edu.stanford.nlp.ling.tokensregex.CoreMapExpressionExtractor appendRules
2016-02-25 11:31:20.262843 INFO: Ignoring inactive rule: temporal-composite-8:ranges
2016-02-25 11:31:20.276557 Reading TokensRegex rules from edu/stanford/nlp/models/sutime/english.holidays.sutime.txt
2016-02-25 11:31:20.283538 Loading parser from serialized file edu/stanford/nlp/models/srparser/englishSR.ser.gz ...Adding annotator parse
2016-02-25 11:31:20.733168 Loading parser from serialized file edu/stanford/nlp/models/srparser/englishSR.ser.gz ...Feb 25, 2016 11:31:20 AM edu.stanford.nlp.ling.tokensregex.CoreMapExpressionExtractor appendRules
2016-02-25 11:31:20.733233 INFO: Ignoring inactive rule: null
2016-02-25 11:31:20.734152 Feb 25, 2016 11:31:20 AM edu.stanford.nlp.ling.tokensregex.CoreMapExpressionExtractor appendRules
2016-02-25 11:31:20.734208 INFO: Ignoring inactive rule: temporal-composite-8:ranges
2016-02-25 11:31:20.734438 Reading TokensRegex rules from edu/stanford/nlp/models/sutime/english.holidays.sutime.txt
2016-02-25 11:31:20.739464 Adding annotator parse
2016-02-25 11:31:52.094665 Loading parser from serialized file edu/stanford/nlp/models/srparser/englishSR.ser.gz ...done [31.8 sec].
2016-02-25 11:31:52.611344 done [31.9 sec].
2016-02-25 11:31:52.789976 Parsing document 1438...
2016-02-25 11:31:53.171463 done [32.8 sec].
2016-02-25 11:32:01.723364 COPY 65
2016-02-25 11:32:01.734263 Replacing sentences with dd_tmp_sentences
2016-02-25 11:32:01.817554 DROP TABLE
2016-02-25 11:32:01.895720 ALTER TABLE
2016-02-25 11:32:01.969568 ALTER TABLE
2016-02-25 11:32:02.044188 DROP TABLE
2016-02-25 11:32:02.120441 ANALYZE
2016-02-25 11:32:02.130276 mark_done process/ext_sentences_by_nlp_markup
2016-02-25 11:32:02.150173 ##############################################################################
2016-02-25 11:32:02.150225 
2016-02-25 11:32:02.150246 ## data/sentences ############################################################
2016-02-25 11:32:02.150322 # Done: N/A
2016-02-25 11:32:02.150353 # no-op
2016-02-25 11:32:02.150378 mark_done data/sentences
2016-02-25 11:32:02.168328 ##############################################################################
2016-02-25 11:32:02.168402 
