2016-06-01 10:37:43.256463 # on Snehas-MacBook-Pro.local: deepdive do articles
2016-06-01 10:37:43.256676 # run/20160601/103738.169039000/plan.sh
2016-06-01 10:37:43.256702 # execution plan for data/articles
2016-06-01 10:37:43.256723 
2016-06-01 10:37:43.256745 : ## process/init/app ##########################################################
2016-06-01 10:37:43.256764 : # Done: 2016-03-31T11:08:43-0500 (61d 23h 28m 55s ago)
2016-06-01 10:37:43.256783 : process/init/app/run.sh
2016-06-01 10:37:43.256801 : mark_done process/init/app
2016-06-01 10:37:43.256820 : ##############################################################################
2016-06-01 10:37:43.256838 
2016-06-01 10:37:43.256890 ## process/init/relation/articles ############################################
2016-06-01 10:37:43.256918 # Done: 2016-05-23T10:36:55-0500 (9d 43s ago)
2016-06-01 10:37:43.256938 process/init/relation/articles/run.sh
2016-06-01 10:37:43.256957 ++ dirname process/init/relation/articles/run.sh
2016-06-01 10:37:43.256974 + cd process/init/relation/articles
2016-06-01 10:37:43.256991 + export DEEPDIVE_CURRENT_PROCESS_NAME=process/init/relation/articles
2016-06-01 10:37:43.257010 + DEEPDIVE_CURRENT_PROCESS_NAME=process/init/relation/articles
2016-06-01 10:37:43.257029 + deepdive create table articles
2016-06-01 10:37:43.395102 CREATE TABLE
2016-06-01 10:37:43.396184 + deepdive load articles
2016-06-01 10:37:43.488728 Loading articles from input/articles.tsv.sh (tsv format)
2016-06-01 10:37:43.609770 COPY 18
2016-06-01 10:37:43.621810 mark_done process/init/relation/articles
2016-06-01 10:37:43.637472 ##############################################################################
2016-06-01 10:37:43.637538 
2016-06-01 10:37:43.637563 ## data/articles #############################################################
2016-06-01 10:37:43.637581 # Done: 2016-05-23T10:36:55-0500 (9d 43s ago)
2016-06-01 10:37:43.637598 # no-op
2016-06-01 10:37:43.637617 mark_done data/articles
2016-06-01 10:37:43.653080 ##############################################################################
2016-06-01 10:37:43.653167 
