2016-05-17 22:23:04.031239 # on Snehas-MacBook-Pro.local: deepdive do target_mention
2016-05-17 22:23:04.031490 # run/20160517/222301.141274000/plan.sh
2016-05-17 22:23:04.031513 # execution plan for data/target_mention
2016-05-17 22:23:04.031527 
2016-05-17 22:23:04.031538 : ## process/init/app ##########################################################
2016-05-17 22:23:04.031550 : # Done: 2016-03-31T11:08:43-0500 (47d 11h 14m 18s ago)
2016-05-17 22:23:04.031570 : process/init/app/run.sh
2016-05-17 22:23:04.031589 : mark_done process/init/app
2016-05-17 22:23:04.031611 : ##############################################################################
2016-05-17 22:23:04.031933 
2016-05-17 22:23:04.031959 : ## process/init/relation/articles ############################################
2016-05-17 22:23:04.031979 : # Done: 2016-03-31T11:08:43-0500 (47d 11h 14m 18s ago)
2016-05-17 22:23:04.031996 : process/init/relation/articles/run.sh
2016-05-17 22:23:04.032014 : mark_done process/init/relation/articles
2016-05-17 22:23:04.032032 : ##############################################################################
2016-05-17 22:23:04.032051 
2016-05-17 22:23:04.032072 : ## data/articles #############################################################
2016-05-17 22:23:04.032091 : # Done: 2016-03-31T11:08:43-0500 (47d 11h 14m 18s ago)
2016-05-17 22:23:04.032111 : # no-op
2016-05-17 22:23:04.032130 : mark_done data/articles
2016-05-17 22:23:04.032149 : ##############################################################################
2016-05-17 22:23:04.032168 
2016-05-17 22:23:04.032187 : ## process/ext_sentences_by_nlp_markup #######################################
2016-05-17 22:23:04.032206 : # Done: 2016-03-31T11:08:43-0500 (47d 11h 14m 18s ago)
2016-05-17 22:23:04.032225 : process/ext_sentences_by_nlp_markup/run.sh
2016-05-17 22:23:04.032245 : mark_done process/ext_sentences_by_nlp_markup
2016-05-17 22:23:04.032263 : ##############################################################################
2016-05-17 22:23:04.032283 
2016-05-17 22:23:04.032302 : ## data/sentences ############################################################
2016-05-17 22:23:04.032322 : # Done: 2016-03-31T11:08:43-0500 (47d 11h 14m 18s ago)
2016-05-17 22:23:04.032343 : # no-op
2016-05-17 22:23:04.032362 : mark_done data/sentences
2016-05-17 22:23:04.032381 : ##############################################################################
2016-05-17 22:23:04.032401 
2016-05-17 22:23:04.032421 ## process/ext_target_mention_by_map_target_mention ##########################
2016-05-17 22:23:04.032439 # Done: 2016-05-17T22:17:09-0500 (5m 52s ago)
2016-05-17 22:23:04.032458 process/ext_target_mention_by_map_target_mention/run.sh
2016-05-17 22:23:04.032478 ++ dirname process/ext_target_mention_by_map_target_mention/run.sh
2016-05-17 22:23:04.032498 + cd process/ext_target_mention_by_map_target_mention
2016-05-17 22:23:04.032517 + export DEEPDIVE_CURRENT_PROCESS_NAME=process/ext_target_mention_by_map_target_mention
2016-05-17 22:23:04.032538 + DEEPDIVE_CURRENT_PROCESS_NAME=process/ext_target_mention_by_map_target_mention
2016-05-17 22:23:04.032558 + export DEEPDIVE_LOAD_FORMAT=tsv
2016-05-17 22:23:04.032579 + DEEPDIVE_LOAD_FORMAT=tsv
2016-05-17 22:23:04.032600 + deepdive compute execute 'input_sql= SELECT R0.doc_id AS "sentences.R0.doc_id", R0.sentence_index AS "sentences.R0.sentence_index", R0.sentence_text AS "sentences.R0.sentence_text"
2016-05-17 22:23:04.032621 FROM sentences R0
2016-05-17 22:23:04.032640         
2016-05-17 22:23:04.032660           ' 'command="$DEEPDIVE_APP"/udf/map_target_mention.py' output_relation=target_mention
2016-05-17 22:23:04.063349 Executing with the following configuration:
2016-05-17 22:23:04.063403  DEEPDIVE_NUM_PROCESSES=3
2016-05-17 22:23:04.063430  DEEPDIVE_NUM_PARALLEL_UNLOADS=1
2016-05-17 22:23:04.063450  DEEPDIVE_NUM_PARALLEL_LOADS=1
2016-05-17 22:23:04.063471  output_relation_tmp=dd_tmp_target_mention
2016-05-17 22:23:04.063489 
2016-05-17 22:23:04.212249 CREATE TABLE
2016-05-17 22:23:04.333237 CREATE TABLE
2016-05-17 22:23:04.463692 unloading to feed_processes-1: ' SELECT R0.doc_id AS "sentences.R0.doc_id", R0.sentence_index AS "sentences.R0.sentence_index", R0.sentence_text AS "sentences.R0.sentence_text"
2016-05-17 22:23:04.463763 FROM sentences R0
2016-05-17 22:23:04.463793         
2016-05-17 22:23:04.463815           '
2016-05-17 22:23:04.487253 Loading dd_tmp_target_mention from output_computed-1 (tsv format)
2016-05-17 22:23:04.504317   File "/Users/SnehaS/Desktop/DR/planetaryIR-Repo/app/planetaryir/udf/map_target_mention.py", line 26
2016-05-17 22:23:04.504403     String regex = "\\s*\\btarget\\b\\s*";
2016-05-17 22:23:04.504437                ^
2016-05-17 22:23:04.504463 SyntaxError: invalid syntax
2016-05-17 22:23:04.504483   File "/Users/SnehaS/Desktop/DR/planetaryIR-Repo/app/planetaryir/udf/map_target_mention.py", line 26
2016-05-17 22:23:04.504503     String regex = "\\s*\\btarget\\b\\s*";
2016-05-17 22:23:04.504521                ^
2016-05-17 22:23:04.504541 SyntaxError: invalid syntax
2016-05-17 22:23:04.505638 /Users/SnehaS/local/util/compute-driver/local/compute-execute: line 140: kill: (29291) - No such process
2016-05-17 22:23:04.505698 /Users/SnehaS/local/util/compute-driver/local/compute-execute: line 140: kill: (29292) - No such process
2016-05-17 22:23:04.517637 [ERROR] command='"$DEEPDIVE_APP"/udf/map_target_mention.py': PID 29291: finished with non-zero exit status (0)
2016-05-17 22:23:04.518038 /Users/SnehaS/local/util/compute-driver/local/compute-execute: line 138: 29293 Terminated: 15          DEEPDIVE_CURRENT_PROCESS_INDEX=$i "$SHELL" -c "$command" < process-$i.input > process-$i.output
2016-05-17 22:23:04.518090 /Users/SnehaS/local/util/compute-driver/local/compute-execute: line 138: 29297 Terminated: 15          mkmimo process-*.output \> output_computed-*
2016-05-17 22:23:04.518118 /Users/SnehaS/local/util/compute-driver/local/compute-execute: line 138: 29298 Terminated: 15          deepdive-load "$output_relation_tmp" output_computed-*
2016-05-17 22:23:04.518139 /Users/SnehaS/local/util/compute-driver/local/compute-execute: line 138: 29304 Terminated: 15          deepdive-db unload "$input_sql" "$DEEPDIVE_LOAD_FORMAT" feed_processes-*
2016-05-17 22:23:04.518158 /Users/SnehaS/local/util/compute-driver/local/compute-execute: line 138: 29305 Terminated: 15          mkmimo feed_processes-* \> process-*.input
