2016-06-01 09:09:30.805182 # on Snehas-MacBook-Pro.local: deepdive do calibration-plots
2016-06-01 09:09:30.805401 # run/20160601/090907.421260000/plan.sh
2016-06-01 09:09:30.805430 # execution plan for model/calibration-plots
2016-06-01 09:09:30.805451 
2016-06-01 09:09:30.805470 : ## process/init/app ##########################################################
2016-06-01 09:09:30.805487 : # Done: 2016-03-31T11:08:43-0500 (61d 22h 24s ago)
2016-06-01 09:09:30.805504 : process/init/app/run.sh
2016-06-01 09:09:30.805521 : mark_done process/init/app
2016-06-01 09:09:30.805539 : ##############################################################################
2016-06-01 09:09:30.805557 
2016-06-01 09:09:30.805578 : ## process/init/relation/articles ############################################
2016-06-01 09:09:30.805595 : # Done: 2016-05-23T10:36:55-0500 (8d 22h 32m 12s ago)
2016-06-01 09:09:30.805613 : process/init/relation/articles/run.sh
2016-06-01 09:09:30.805630 : mark_done process/init/relation/articles
2016-06-01 09:09:30.805647 : ##############################################################################
2016-06-01 09:09:30.805665 
2016-06-01 09:09:30.805682 : ## data/articles #############################################################
2016-06-01 09:09:30.805700 : # Done: 2016-05-23T10:36:55-0500 (8d 22h 32m 12s ago)
2016-06-01 09:09:30.805771 : # no-op
2016-06-01 09:09:30.805807 : mark_done data/articles
2016-06-01 09:09:30.805827 : ##############################################################################
2016-06-01 09:09:30.805846 
2016-06-01 09:09:30.805864 : ## process/ext_sentences_by_nlp_markup #######################################
2016-06-01 09:09:30.805882 : # Done: 2016-05-23T10:39:40-0500 (8d 22h 29m 27s ago)
2016-06-01 09:09:30.805901 : process/ext_sentences_by_nlp_markup/run.sh
2016-06-01 09:09:30.805920 : mark_done process/ext_sentences_by_nlp_markup
2016-06-01 09:09:30.805942 : ##############################################################################
2016-06-01 09:09:30.805962 
2016-06-01 09:09:30.805980 : ## data/sentences ############################################################
2016-06-01 09:09:30.806023 : # Done: 2016-05-23T10:39:40-0500 (8d 22h 29m 27s ago)
2016-06-01 09:09:30.806055 : # no-op
2016-06-01 09:09:30.806075 : mark_done data/sentences
2016-06-01 09:09:30.806092 : ##############################################################################
2016-06-01 09:09:30.806110 
2016-06-01 09:09:30.806127 : ## process/ext_target_mention_by_map_target_mention ##########################
2016-06-01 09:09:30.806144 : # Done: 2016-06-01T09:02:13-0500 (6m 54s ago)
2016-06-01 09:09:30.806172 : process/ext_target_mention_by_map_target_mention/run.sh
2016-06-01 09:09:30.806192 : mark_done process/ext_target_mention_by_map_target_mention
2016-06-01 09:09:30.806209 : ##############################################################################
2016-06-01 09:09:30.806226 
2016-06-01 09:09:30.806243 : ## data/target_mention #######################################################
2016-06-01 09:09:30.806260 : # Done: 2016-06-01T09:02:13-0500 (6m 54s ago)
2016-06-01 09:09:30.806276 : # no-op
2016-06-01 09:09:30.806293 : mark_done data/target_mention
2016-06-01 09:09:30.806310 : ##############################################################################
2016-06-01 09:09:30.806328 
2016-06-01 09:09:30.806346 : ## process/ext_target_feature_by_extract_target_features #####################
2016-06-01 09:09:30.806363 : # Done: 2016-06-01T09:02:46-0500 (6m 21s ago)
2016-06-01 09:09:30.806379 : process/ext_target_feature_by_extract_target_features/run.sh
2016-06-01 09:09:30.806395 : mark_done process/ext_target_feature_by_extract_target_features
2016-06-01 09:09:30.806412 : ##############################################################################
2016-06-01 09:09:30.806429 
2016-06-01 09:09:30.806463 : ## data/target_feature #######################################################
2016-06-01 09:09:30.806482 : # Done: 2016-06-01T09:02:46-0500 (6m 21s ago)
2016-06-01 09:09:30.806499 : # no-op
2016-06-01 09:09:30.806516 : mark_done data/target_feature
2016-06-01 09:09:30.806532 : ##############################################################################
2016-06-01 09:09:30.806549 
2016-06-01 09:09:30.806565 : ## process/ext_target_label__0_by_supervise ##################################
2016-06-01 09:09:30.806610 : # Done: 2016-06-01T09:05:30-0500 (3m 37s ago)
2016-06-01 09:09:30.806630 : process/ext_target_label__0_by_supervise/run.sh
2016-06-01 09:09:30.806648 : mark_done process/ext_target_label__0_by_supervise
2016-06-01 09:09:30.806665 : ##############################################################################
2016-06-01 09:09:30.806682 
2016-06-01 09:09:30.806699 : ## data/target_label__0 ######################################################
2016-06-01 09:09:30.806715 : # Done: 2016-06-01T09:05:30-0500 (3m 37s ago)
2016-06-01 09:09:30.806771 : # no-op
2016-06-01 09:09:30.806799 : mark_done data/target_label__0
2016-06-01 09:09:30.806823 : ##############################################################################
2016-06-01 09:09:30.806843 
2016-06-01 09:09:30.806882 : ## process/init/relation/targets_chemcam_mer #################################
2016-06-01 09:09:30.806904 : # Done: 2016-05-19T11:28:15-0500 (12d 21h 40m 52s ago)
2016-06-01 09:09:30.806924 : process/init/relation/targets_chemcam_mer/run.sh
2016-06-01 09:09:30.806945 : mark_done process/init/relation/targets_chemcam_mer
2016-06-01 09:09:30.806967 : ##############################################################################
2016-06-01 09:09:30.806987 
2016-06-01 09:09:30.807005 : ## data/targets_chemcam_mer ##################################################
2016-06-01 09:09:30.807027 : # Done: 2016-05-19T11:28:15-0500 (12d 21h 40m 52s ago)
2016-06-01 09:09:30.807048 : # no-op
2016-06-01 09:09:30.807068 : mark_done data/targets_chemcam_mer
2016-06-01 09:09:30.807088 : ##############################################################################
2016-06-01 09:09:30.807108 
2016-06-01 09:09:30.807127 : ## process/ext_target_label ##################################################
2016-06-01 09:09:30.807147 : # Done: 2016-06-01T09:05:31-0500 (3m 36s ago)
2016-06-01 09:09:30.807169 : process/ext_target_label/run.sh
2016-06-01 09:09:30.807189 : mark_done process/ext_target_label
2016-06-01 09:09:30.807209 : ##############################################################################
2016-06-01 09:09:30.807229 
2016-06-01 09:09:30.807248 : ## data/target_label #########################################################
2016-06-01 09:09:30.807287 : # Done: 2016-06-01T09:05:31-0500 (3m 36s ago)
2016-06-01 09:09:30.807308 : # no-op
2016-06-01 09:09:30.807328 : mark_done data/target_label
2016-06-01 09:09:30.807349 : ##############################################################################
2016-06-01 09:09:30.807369 
2016-06-01 09:09:30.807388 : ## process/ext_target_label_resolved #########################################
2016-06-01 09:09:30.807426 : # Done: 2016-06-01T09:05:31-0500 (3m 36s ago)
2016-06-01 09:09:30.807448 : process/ext_target_label_resolved/run.sh
2016-06-01 09:09:30.807469 : mark_done process/ext_target_label_resolved
2016-06-01 09:09:30.807490 : ##############################################################################
2016-06-01 09:09:30.807509 
2016-06-01 09:09:30.807528 : ## data/target_label_resolved ################################################
2016-06-01 09:09:30.807567 : # Done: 2016-06-01T09:05:31-0500 (3m 36s ago)
2016-06-01 09:09:30.807587 : # no-op
2016-06-01 09:09:30.807605 : mark_done data/target_label_resolved
2016-06-01 09:09:30.807623 : ##############################################################################
2016-06-01 09:09:30.807642 
2016-06-01 09:09:30.807660 : ## process/ext_is_target #####################################################
2016-06-01 09:09:30.807678 : # Done: 2016-06-01T09:05:31-0500 (3m 36s ago)
2016-06-01 09:09:30.807714 : process/ext_is_target/run.sh
2016-06-01 09:09:30.807733 : mark_done process/ext_is_target
2016-06-01 09:09:30.807751 : ##############################################################################
2016-06-01 09:09:30.807770 
2016-06-01 09:09:30.807789 : ## data/is_target ############################################################
2016-06-01 09:09:30.807807 : # Done: 2016-06-01T09:05:31-0500 (3m 36s ago)
2016-06-01 09:09:30.807828 : # no-op
2016-06-01 09:09:30.807847 : mark_done data/is_target
2016-06-01 09:09:30.807866 : ##############################################################################
2016-06-01 09:09:30.807913 
2016-06-01 09:09:30.807933 : ## process/grounding/variable_id_partition ###################################
2016-06-01 09:09:30.807952 : # Done: 2016-06-01T09:07:09-0500 (1m 58s ago)
2016-06-01 09:09:30.807971 : process/grounding/variable_id_partition/run.sh
2016-06-01 09:09:30.807990 : mark_done process/grounding/variable_id_partition
2016-06-01 09:09:30.808009 : ##############################################################################
2016-06-01 09:09:30.808050 
2016-06-01 09:09:30.808070 : ## process/grounding/variable/is_target/assign_id ############################
2016-06-01 09:09:30.808089 : # Done: 2016-06-01T09:07:09-0500 (1m 58s ago)
2016-06-01 09:09:30.808107 : process/grounding/variable/is_target/assign_id/run.sh
2016-06-01 09:09:30.808125 : mark_done process/grounding/variable/is_target/assign_id
2016-06-01 09:09:30.808146 : ##############################################################################
2016-06-01 09:09:30.808165 
2016-06-01 09:09:30.808183 : ## process/grounding/factor/inf_istrue_is_target/materialize #################
2016-06-01 09:09:30.808201 : # Done: 2016-06-01T09:07:09-0500 (1m 58s ago)
2016-06-01 09:09:30.808220 : process/grounding/factor/inf_istrue_is_target/materialize/run.sh
2016-06-01 09:09:30.808264 : mark_done process/grounding/factor/inf_istrue_is_target/materialize
2016-06-01 09:09:30.808293 : ##############################################################################
2016-06-01 09:09:30.808317 
2016-06-01 09:09:30.808338 : ## process/grounding/weight_id_partition #####################################
2016-06-01 09:09:30.808358 : # Done: 2016-06-01T09:07:10-0500 (1m 57s ago)
2016-06-01 09:09:30.808379 : process/grounding/weight_id_partition/run.sh
2016-06-01 09:09:30.808401 : mark_done process/grounding/weight_id_partition
2016-06-01 09:09:30.808422 : ##############################################################################
2016-06-01 09:09:30.808443 
2016-06-01 09:09:30.808464 : ## process/grounding/factor/inf_istrue_is_target/assign_weight_id ############
2016-06-01 09:09:30.808482 : # Done: 2016-06-01T09:07:10-0500 (1m 57s ago)
2016-06-01 09:09:30.808531 : process/grounding/factor/inf_istrue_is_target/assign_weight_id/run.sh
2016-06-01 09:09:30.808552 : mark_done process/grounding/factor/inf_istrue_is_target/assign_weight_id
2016-06-01 09:09:30.808574 : ##############################################################################
2016-06-01 09:09:30.808594 
2016-06-01 09:09:30.808613 : ## process/grounding/factor/inf_istrue_is_target/dump ########################
2016-06-01 09:09:30.808652 : # Done: 2016-06-01T09:07:12-0500 (1m 55s ago)
2016-06-01 09:09:30.808679 : process/grounding/factor/inf_istrue_is_target/dump/run.sh
2016-06-01 09:09:30.808700 : mark_done process/grounding/factor/inf_istrue_is_target/dump
2016-06-01 09:09:30.808719 : ##############################################################################
2016-06-01 09:09:30.808738 
2016-06-01 09:09:30.808781 : ## process/grounding/factor/inf_istrue_is_target/dump_weights ################
2016-06-01 09:09:30.808803 : # Done: 2016-06-01T09:07:13-0500 (1m 54s ago)
2016-06-01 09:09:30.808822 : process/grounding/factor/inf_istrue_is_target/dump_weights/run.sh
2016-06-01 09:09:30.808841 : mark_done process/grounding/factor/inf_istrue_is_target/dump_weights
2016-06-01 09:09:30.808860 : ##############################################################################
2016-06-01 09:09:30.808880 
2016-06-01 09:09:30.808899 : ## process/grounding/global_weight_table #####################################
2016-06-01 09:09:30.808918 : # Done: 2016-06-01T09:07:13-0500 (1m 54s ago)
2016-06-01 09:09:30.808936 : process/grounding/global_weight_table/run.sh
2016-06-01 09:09:30.808956 : mark_done process/grounding/global_weight_table
2016-06-01 09:09:30.808996 : ##############################################################################
2016-06-01 09:09:30.809022 
2016-06-01 09:09:30.809048 : ## process/grounding/variable_holdout ########################################
2016-06-01 09:09:30.809069 : # Done: 2016-06-01T09:07:14-0500 (1m 54s ago)
2016-06-01 09:09:30.809089 : process/grounding/variable_holdout/run.sh
2016-06-01 09:09:30.809110 : mark_done process/grounding/variable_holdout
2016-06-01 09:09:30.809129 : ##############################################################################
2016-06-01 09:09:30.809146 
2016-06-01 09:09:30.809163 : ## process/grounding/variable/is_target/dump #################################
2016-06-01 09:09:30.809180 : # Done: 2016-06-01T09:07:15-0500 (1m 53s ago)
2016-06-01 09:09:30.809197 : process/grounding/variable/is_target/dump/run.sh
2016-06-01 09:09:30.809214 : mark_done process/grounding/variable/is_target/dump
2016-06-01 09:09:30.809230 : ##############################################################################
2016-06-01 09:09:30.809247 
2016-06-01 09:09:30.809293 : ## process/grounding/combine_factorgraph #####################################
2016-06-01 09:09:30.809319 : # Done: 2016-06-01T09:07:15-0500 (1m 53s ago)
2016-06-01 09:09:30.809342 : process/grounding/combine_factorgraph/run.sh
2016-06-01 09:09:30.809363 : mark_done process/grounding/combine_factorgraph
2016-06-01 09:09:30.809383 : ##############################################################################
2016-06-01 09:09:30.809404 
2016-06-01 09:09:30.809424 : ## model/factorgraph #########################################################
2016-06-01 09:09:30.809441 : # Done: 2016-06-01T09:07:15-0500 (1m 53s ago)
2016-06-01 09:09:30.809458 : mark_done model/factorgraph
2016-06-01 09:09:30.809477 : ##############################################################################
2016-06-01 09:09:30.809495 
2016-06-01 09:09:30.809513 : ## process/model/learning ####################################################
2016-06-01 09:09:30.809532 : # Done: 2016-06-01T09:07:15-0500 (1m 53s ago)
2016-06-01 09:09:30.809574 : process/model/learning/run.sh
2016-06-01 09:09:30.809601 : mark_done process/model/learning
2016-06-01 09:09:30.809624 : ##############################################################################
2016-06-01 09:09:30.809645 
2016-06-01 09:09:30.809664 : ## model/weights #############################################################
2016-06-01 09:09:30.809700 : # Done: 2016-06-01T09:07:15-0500 (1m 53s ago)
2016-06-01 09:09:30.809723 : mark_done model/weights
2016-06-01 09:09:30.809741 : ##############################################################################
2016-06-01 09:09:30.809759 
2016-06-01 09:09:30.809777 : ## process/model/inference ###################################################
2016-06-01 09:09:30.809795 : # Done: 2016-06-01T09:07:15-0500 (1m 53s ago)
2016-06-01 09:09:30.809815 : process/model/inference/run.sh
2016-06-01 09:09:30.809844 : mark_done process/model/inference
2016-06-01 09:09:30.809862 : ##############################################################################
2016-06-01 09:09:30.809880 
2016-06-01 09:09:30.809898 : ## model/probabilities #######################################################
2016-06-01 09:09:30.809937 : # Done: 2016-06-01T09:07:15-0500 (1m 53s ago)
2016-06-01 09:09:30.809962 : mark_done model/probabilities
2016-06-01 09:09:30.809985 : ##############################################################################
2016-06-01 09:09:30.810006 
2016-06-01 09:09:30.810025 : ## process/model/load_probabilities ##########################################
2016-06-01 09:09:30.810046 : # Done: 2016-06-01T09:07:16-0500 (1m 52s ago)
2016-06-01 09:09:30.810069 : process/model/load_probabilities/run.sh
2016-06-01 09:09:30.810089 : mark_done process/model/load_probabilities
2016-06-01 09:09:30.810109 : ##############################################################################
2016-06-01 09:09:30.810129 
2016-06-01 09:09:30.810182 : ## data/model/probabilities ##################################################
2016-06-01 09:09:30.810210 : # Done: 2016-06-01T09:07:16-0500 (1m 52s ago)
2016-06-01 09:09:30.810232 : # no-op
2016-06-01 09:09:30.810252 : mark_done data/model/probabilities
2016-06-01 09:09:30.810271 : ##############################################################################
2016-06-01 09:09:30.810300 
2016-06-01 09:09:30.810326 ## process/model/calibration #################################################
2016-06-01 09:09:30.810344 : # Done: 2016-05-24T11:01:10-0500 (7d 22h 7m 58s ago)
2016-06-01 09:09:30.810405 # Done: 2016-05-24T11:01:10-0500 (7d 22h 7m 57s ago)
2016-06-01 09:09:30.810433 process/model/calibration/run.sh
2016-06-01 09:09:30.810457 ++ dirname process/model/calibration/run.sh
2016-06-01 09:09:30.810479 + cd process/model/calibration
2016-06-01 09:09:30.810499 + export DEEPDIVE_CURRENT_PROCESS_NAME=process/model/calibration
2016-06-01 09:09:30.810520 + DEEPDIVE_CURRENT_PROCESS_NAME=process/model/calibration
2016-06-01 09:09:30.810541 + d=../../../model/calibration-plots
2016-06-01 09:09:30.810560 + mkdir -p ../../../model/calibration-plots
2016-06-01 09:09:30.810607 + cd ../../../model/calibration-plots
2016-06-01 09:09:30.810629 + extraOutput=/Users/SnehaS/Desktop/DR/planetaryIR-Repo/app/planetaryir/run/20160601/090907.421260000/calibration
2016-06-01 09:09:30.810652 + mkdir -p /Users/SnehaS/Desktop/DR/planetaryIR-Repo/app/planetaryir/run/20160601/090907.421260000/calibration
2016-06-01 09:09:30.810672 + DEEPDIVE_CALIBRATION_NUM_BUCKETS=10
2016-06-01 09:09:30.810690 + deepdive db create_calibration_view is_target label
2016-06-01 09:09:30.937024 CREATE VIEW
2016-06-01 09:09:30.938861 + draw_calibration_plot is_target label
2016-06-01 09:09:31.109723 + cp -a is_target_label.png is_target_label.tsv /Users/SnehaS/Desktop/DR/planetaryIR-Repo/app/planetaryir/run/20160601/090907.421260000/calibration/
2016-06-01 09:09:31.116534 mark_done process/model/calibration
2016-06-01 09:09:31.130470 ##############################################################################
2016-06-01 09:09:31.130534 
2016-06-01 09:09:31.130555 ## model/calibration-plots ###################################################
2016-06-01 09:09:31.130586 : # Done: 2016-05-24T11:01:10-0500 (7d 22h 7m 58s ago)
2016-06-01 09:09:31.130603 # Done: 2016-05-24T11:01:10-0500 (7d 22h 7m 57s ago)
2016-06-01 09:09:31.130619 mark_done model/calibration-plots
2016-06-01 09:09:31.147308 ##############################################################################
2016-06-01 09:09:31.147384 
