2016-02-24 16:30:47.654601 ‘run/LATEST.COMPILE’ -> ‘20160224/163047.593544000’
2016-02-24 16:30:47.655046 ‘run/RUNNING.COMPILE’ -> ‘20160224/163047.593544000’
2016-02-24 16:30:47.655082 Parsing DeepDive application (/Users/SnehaS/Desktop/DR/planetaryIR-Repo/app/planetaryIR) to generate:
2016-02-24 16:30:47.655104  run/compiled/schema.json
2016-02-24 16:30:47.655122   from app.ddlog
2016-02-24 16:30:47.992296  run/compiled/deepdive.conf
2016-02-24 16:30:47.992388   from app.ddlog
2016-02-24 16:30:48.379879   from deepdive.conf
2016-02-24 16:30:48.385043  run/compiled/deepdive.conf.json
2016-02-24 16:30:48.652451 Performing sanity checks on run/compiled/deepdive.conf.json:
2016-02-24 16:30:48.691566  checking if input_extractors_well_defined
2016-02-24 16:30:48.691628  checking if input_schema_wellformed
2016-02-24 16:30:48.691971 Normalizing and adding built-in processes to the data flow to compile:
2016-02-24 16:30:48.692600  run/compiled/config-0.00-init_objects.json
2016-02-24 16:30:48.706637  run/compiled/config-0.01-parse_calibration.json
2016-02-24 16:30:48.721300  run/compiled/config-0.01-parse_schema.json
2016-02-24 16:30:48.739200  run/compiled/config-0.51-add_init_app.json
2016-02-24 16:30:48.754818  run/compiled/config-0.52-input_loader.json
2016-02-24 16:30:48.768520  run/compiled/config-1.00-qualified_names.json
2016-02-24 16:30:48.782805  run/compiled/config-1.01-parse_inference_rules.json
2016-02-24 16:30:48.806943  run/compiled/config-2.01-grounding.json
2016-02-24 16:30:48.879670  run/compiled/config-2.02-learning_inference.json
2016-02-24 16:30:48.899106  run/compiled/config-2.03-calibration_plots.json
2016-02-24 16:30:48.911522  run/compiled/config-9.98-ensure_init_app.json
2016-02-24 16:30:48.927159  run/compiled/config-9.99-dependencies.json
2016-02-24 16:30:48.943893  run/compiled/config.json
2016-02-24 16:30:48.946540 Validating run/compiled/config.json:
2016-02-24 16:30:49.011387  checking if compiled_base_relations_have_input_data
2016-02-24 16:30:49.011439  checking if compiled_dependencies_correct
2016-02-24 16:30:49.011455  checking if compiled_input_output_well_defined
2016-02-24 16:30:49.011474  checking if compiled_output_uniquely_defined
2016-02-24 16:30:49.011728 Compiling executable code into:
2016-02-24 16:30:49.012049  run/compiled/code-Makefile.json
2016-02-24 16:30:49.026716  run/compiled/code-cmd_extractor.json
2016-02-24 16:30:49.039834  run/compiled/code-dataflow_dot.json
2016-02-24 16:30:49.055701  run/compiled/code-sql_extractor.json
2016-02-24 16:30:49.074887  run/compiled/code-tsv_extractor.json
2016-02-24 16:30:49.099247 Generating files:
2016-02-24 16:30:49.114370  run/Makefile
2016-02-24 16:30:49.120339  run/process/init/app/run.sh
2016-02-24 16:30:49.134843  run/process/init/relation/articles/run.sh
2016-02-24 16:30:49.148056  run/dataflow.dot
2016-02-24 16:30:49.159772 dyld: Library not loaded: /Profiles/netj/take1/deepdive/extern/.build/bundled.prep/graphviz/prefix/lib/libgvc.6.dylib
2016-02-24 16:30:49.159839   Referenced from: /Users/SnehaS/local/lib/bundled/.all/bin/dot
2016-02-24 16:30:49.159863   Reason: image not found
2016-02-24 16:30:49.227960 /Users/SnehaS/local/util/deepdive-compile: line 157: 10709 Trace/BPT trap: 5       dot -Tsvg < dataflow.dot > dataflow.svg
