2016-05-19 09:27:15.990998 ‘run/LATEST.COMPILE’ -> ‘20160519/092715.945797000’
2016-05-19 09:27:15.991276 ‘run/RUNNING.COMPILE’ -> ‘20160519/092715.945797000’
2016-05-19 09:27:15.991303 Parsing DeepDive application (/Users/SnehaS/Desktop/DR/planetaryIR-Repo/app/planetaryir) to generate:
2016-05-19 09:27:15.991325  run/compiled/schema.json
2016-05-19 09:27:15.991345   from app.ddlog
2016-05-19 09:27:16.405341  run/compiled/deepdive.conf
2016-05-19 09:27:16.405488   from app.ddlog
2016-05-19 09:27:16.906051   from deepdive.conf
2016-05-19 09:27:16.911813  run/compiled/deepdive.conf.json
2016-05-19 09:27:17.191265 Performing sanity checks on run/compiled/deepdive.conf.json:
2016-05-19 09:27:17.227405  checking if input_extractors_well_defined
2016-05-19 09:27:17.227464  checking if input_schema_wellformed
2016-05-19 09:27:17.227804 Normalizing and adding built-in processes to the data flow to compile:
2016-05-19 09:27:17.228215  run/compiled/config-0.00-init_objects.json
2016-05-19 09:27:17.242716  run/compiled/config-0.01-parse_calibration.json
2016-05-19 09:27:17.255336  run/compiled/config-0.01-parse_schema.json
2016-05-19 09:27:17.273113  run/compiled/config-0.51-add_init_app.json
2016-05-19 09:27:17.287097  run/compiled/config-0.52-input_loader.json
2016-05-19 09:27:17.306893  run/compiled/config-1.00-qualified_names.json
2016-05-19 09:27:17.323677  run/compiled/config-1.01-parse_inference_rules.json
2016-05-19 09:27:17.348566  run/compiled/config-2.01-grounding.json
2016-05-19 09:27:17.410833  run/compiled/config-2.02-learning_inference.json
2016-05-19 09:27:17.427393  run/compiled/config-2.03-calibration_plots.json
2016-05-19 09:27:17.442011  run/compiled/config-9.98-ensure_init_app.json
2016-05-19 09:27:17.457088  run/compiled/config-9.99-dependencies.json
2016-05-19 09:27:17.476039  run/compiled/config.json
2016-05-19 09:27:17.479312 Validating run/compiled/config.json:
2016-05-19 09:27:17.549098  checking if compiled_base_relations_have_input_data
2016-05-19 09:27:17.549160  [WARNING] input/init.sh should load all base relations: articles 
2016-05-19 09:27:17.549191  checking if compiled_dependencies_correct
2016-05-19 09:27:17.549213  checking if compiled_input_output_well_defined
2016-05-19 09:27:17.549233  checking if compiled_output_uniquely_defined
2016-05-19 09:27:17.549505 Compiling executable code into:
2016-05-19 09:27:17.549764  run/compiled/code-Makefile.json
2016-05-19 09:27:17.565792  run/compiled/code-cmd_extractor.json
2016-05-19 09:27:17.579981  run/compiled/code-dataflow_dot.json
2016-05-19 09:27:17.598126  run/compiled/code-sql_extractor.json
2016-05-19 09:27:17.612918  run/compiled/code-tsv_extractor.json
2016-05-19 09:27:17.631765 Generating files:
2016-05-19 09:27:17.645956  run/Makefile
2016-05-19 09:27:17.659575  run/process/init/app/run.sh
2016-05-19 09:27:17.674280  run/process/init/relation/articles/run.sh
2016-05-19 09:27:17.691426  run/dataflow.dot
2016-05-19 09:27:17.705369  run/process/ext_person_mention_by_map_person_mention/run.sh
2016-05-19 09:27:17.721601  run/process/ext_sentences_by_nlp_markup/run.sh
2016-05-19 09:27:17.740415  run/process/ext_target_mention_by_map_target_mention/run.sh
2016-05-19 09:27:17.776042  run/dataflow.svg
2016-05-19 09:27:17.777038   (file:///Users/SnehaS/Desktop/DR/planetaryIR-Repo/app/planetaryir/run/dataflow.svg)
2016-05-19 09:27:17.780655 ‘run/compiled’ -> ‘run/compiled~’
2016-05-19 09:27:17.785031 ‘run/compiled’ -> ‘20160519/092715.945797000’
