2016-05-23 11:10:19.220528 # on Snehas-MacBook-Pro.local: deepdive do target_mention
2016-05-23 11:10:19.220740 # run/20160523/111016.791660000/plan.sh
2016-05-23 11:10:19.220760 # execution plan for data/target_mention
2016-05-23 11:10:19.220779 
2016-05-23 11:10:19.220799 : ## process/init/app ##########################################################
2016-05-23 11:10:19.220820 : # Done: 2016-03-31T11:08:43-0500 (53d 1m 33s ago)
2016-05-23 11:10:19.220838 : process/init/app/run.sh
2016-05-23 11:10:19.220856 : mark_done process/init/app
2016-05-23 11:10:19.220875 : ##############################################################################
2016-05-23 11:10:19.220894 
2016-05-23 11:10:19.220913 : ## process/init/relation/articles ############################################
2016-05-23 11:10:19.220931 : # Done: 2016-05-23T10:36:55-0500 (33m 21s ago)
2016-05-23 11:10:19.220949 : process/init/relation/articles/run.sh
2016-05-23 11:10:19.220966 : mark_done process/init/relation/articles
2016-05-23 11:10:19.220983 : ##############################################################################
2016-05-23 11:10:19.221000 
2016-05-23 11:10:19.221019 : ## data/articles #############################################################
2016-05-23 11:10:19.221039 : # Done: 2016-05-23T10:36:55-0500 (33m 21s ago)
2016-05-23 11:10:19.221058 : # no-op
2016-05-23 11:10:19.221077 : mark_done data/articles
2016-05-23 11:10:19.221096 : ##############################################################################
2016-05-23 11:10:19.221117 
2016-05-23 11:10:19.221136 : ## process/ext_sentences_by_nlp_markup #######################################
2016-05-23 11:10:19.221153 : # Done: 2016-05-23T10:39:40-0500 (30m 36s ago)
2016-05-23 11:10:19.221170 : process/ext_sentences_by_nlp_markup/run.sh
2016-05-23 11:10:19.221190 : mark_done process/ext_sentences_by_nlp_markup
2016-05-23 11:10:19.221215 : ##############################################################################
2016-05-23 11:10:19.221236 
2016-05-23 11:10:19.221255 : ## data/sentences ############################################################
2016-05-23 11:10:19.221274 : # Done: 2016-05-23T10:39:40-0500 (30m 36s ago)
2016-05-23 11:10:19.221291 : # no-op
2016-05-23 11:10:19.221313 : mark_done data/sentences
2016-05-23 11:10:19.221332 : ##############################################################################
2016-05-23 11:10:19.221352 
2016-05-23 11:10:19.221371 ## process/ext_target_mention_by_map_target_mention ##########################
2016-05-23 11:10:19.221389 : # Done: 2016-05-23T10:51:27-0500 (18m 50s ago)
2016-05-23 11:10:19.221410 # Done: 2016-05-23T10:51:27-0500 (18m 49s ago)
2016-05-23 11:10:19.221429 process/ext_target_mention_by_map_target_mention/run.sh
2016-05-23 11:10:19.221448 ++ dirname process/ext_target_mention_by_map_target_mention/run.sh
2016-05-23 11:10:19.221469 + cd process/ext_target_mention_by_map_target_mention
2016-05-23 11:10:19.221488 + export DEEPDIVE_CURRENT_PROCESS_NAME=process/ext_target_mention_by_map_target_mention
2016-05-23 11:10:19.221508 + DEEPDIVE_CURRENT_PROCESS_NAME=process/ext_target_mention_by_map_target_mention
2016-05-23 11:10:19.221528 + export DEEPDIVE_LOAD_FORMAT=tsv
2016-05-23 11:10:19.221547 + DEEPDIVE_LOAD_FORMAT=tsv
2016-05-23 11:10:19.221567 + deepdive compute execute 'input_sql= SELECT R0.doc_id AS "sentences.R0.doc_id", R0.sentence_index AS "sentences.R0.sentence_index", R0.sentence_text AS "sentences.R0.sentence_text", R0.tokens AS "sentences.R0.tokens"
2016-05-23 11:10:19.221586 FROM sentences R0
2016-05-23 11:10:19.221605         
2016-05-23 11:10:19.221624           ' 'command="$DEEPDIVE_APP"/udf/map_target_mention.py' output_relation=target_mention
2016-05-23 11:10:19.251589 Executing with the following configuration:
2016-05-23 11:10:19.251643  DEEPDIVE_NUM_PROCESSES=3
2016-05-23 11:10:19.251671  DEEPDIVE_NUM_PARALLEL_UNLOADS=1
2016-05-23 11:10:19.251691  DEEPDIVE_NUM_PARALLEL_LOADS=1
2016-05-23 11:10:19.251713  output_relation_tmp=dd_tmp_target_mention
2016-05-23 11:10:19.251731 
2016-05-23 11:10:19.409101 CREATE TABLE
2016-05-23 11:10:19.515074 CREATE TABLE
2016-05-23 11:10:19.641926 unloading to feed_processes-1: ' SELECT R0.doc_id AS "sentences.R0.doc_id", R0.sentence_index AS "sentences.R0.sentence_index", R0.sentence_text AS "sentences.R0.sentence_text", R0.tokens AS "sentences.R0.tokens"
2016-05-23 11:10:19.641997 FROM sentences R0
2016-05-23 11:10:19.642029         
2016-05-23 11:10:19.642053           '
2016-05-23 11:10:19.666325 Loading dd_tmp_target_mention from output_computed-1 (tsv format)
2016-05-23 11:10:36.764882 Traceback (most recent call last):
2016-05-23 11:10:36.764952   File "/Users/SnehaS/Desktop/DR/planetaryIR-Repo/app/planetaryir/udf/map_target_mention.py", line 19, in <module>
2016-05-23 11:10:36.764983     tokens         = "text[]",
2016-05-23 11:10:36.765013   File "/Users/SnehaS/local/lib/python/ddlib/util.py", line 232, in tsv_extractor
2016-05-23 11:10:36.765037     for out_row in generator(**row._asdict()):
2016-05-23 11:10:36.765060   File "/Users/SnehaS/Desktop/DR/planetaryIR-Repo/app/planetaryir/udf/map_target_mention.py", line 41, in extract
2016-05-23 11:10:36.765084     begin_index = tokens.index(target_split[0])
2016-05-23 11:10:36.765106 ValueError: 'i' is not in list
2016-05-23 11:10:36.767200 Traceback (most recent call last):
2016-05-23 11:10:36.767263   File "/Users/SnehaS/Desktop/DR/planetaryIR-Repo/app/planetaryir/udf/map_target_mention.py", line 19, in <module>
2016-05-23 11:10:36.767301     tokens         = "text[]",
2016-05-23 11:10:36.767322   File "/Users/SnehaS/local/lib/python/ddlib/util.py", line 232, in tsv_extractor
2016-05-23 11:10:36.767343     for out_row in generator(**row._asdict()):
2016-05-23 11:10:36.767360   File "/Users/SnehaS/Desktop/DR/planetaryIR-Repo/app/planetaryir/udf/map_target_mention.py", line 41, in extract
2016-05-23 11:10:36.767377     begin_index = tokens.index(target_split[0])
2016-05-23 11:10:36.767393 ValueError: 'h' is not in list
2016-05-23 11:10:36.768393 /Users/SnehaS/local/util/compute-driver/local/compute-execute: line 140: kill: (71421) - No such process
2016-05-23 11:10:36.773091 COPY 1
2016-05-23 11:10:36.775592 [ERROR] command='"$DEEPDIVE_APP"/udf/map_target_mention.py': PID 71421: finished with non-zero exit status (0)
2016-05-23 11:10:36.775988 /Users/SnehaS/local/util/compute-driver/local/compute-execute: line 138: 71422 Terminated: 15          DEEPDIVE_CURRENT_PROCESS_INDEX=$i "$SHELL" -c "$command" < process-$i.input > process-$i.output
2016-05-23 11:10:36.776037 /Users/SnehaS/local/util/compute-driver/local/compute-execute: line 138: 71423 Terminated: 15          DEEPDIVE_CURRENT_PROCESS_INDEX=$i "$SHELL" -c "$command" < process-$i.input > process-$i.output
2016-05-23 11:10:36.776063 /Users/SnehaS/local/util/compute-driver/local/compute-execute: line 138: 71427 Terminated: 15          mkmimo process-*.output \> output_computed-*
2016-05-23 11:10:36.776083 /Users/SnehaS/local/util/compute-driver/local/compute-execute: line 138: 71428 Terminated: 15          deepdive-load "$output_relation_tmp" output_computed-*
2016-05-23 11:10:36.776103 /Users/SnehaS/local/util/compute-driver/local/compute-execute: line 138: 71434 Terminated: 15          deepdive-db unload "$input_sql" "$DEEPDIVE_LOAD_FORMAT" feed_processes-*
2016-05-23 11:10:36.776122 /Users/SnehaS/local/util/compute-driver/local/compute-execute: line 138: 71435 Terminated: 15          mkmimo feed_processes-* \> process-*.input
