2016-05-25 13:01:54.087185 # on Snehas-MacBook-Pro.local: deepdive do target_mention
2016-05-25 13:01:54.087396 # run/20160525/130151.998271000/plan.sh
2016-05-25 13:01:54.087413 # execution plan for data/target_mention
2016-05-25 13:01:54.087429 
2016-05-25 13:01:54.087446 : ## process/init/app ##########################################################
2016-05-25 13:01:54.087466 : # Done: 2016-03-31T11:08:43-0500 (55d 1h 53m 9s ago)
2016-05-25 13:01:54.087484 : process/init/app/run.sh
2016-05-25 13:01:54.087501 : mark_done process/init/app
2016-05-25 13:01:54.087518 : ##############################################################################
2016-05-25 13:01:54.087537 
2016-05-25 13:01:54.087556 : ## process/init/relation/articles ############################################
2016-05-25 13:01:54.087576 : # Done: 2016-05-23T10:36:55-0500 (2d 2h 24m 57s ago)
2016-05-25 13:01:54.087594 : process/init/relation/articles/run.sh
2016-05-25 13:01:54.087611 : mark_done process/init/relation/articles
2016-05-25 13:01:54.087628 : ##############################################################################
2016-05-25 13:01:54.087645 
2016-05-25 13:01:54.087662 : ## data/articles #############################################################
2016-05-25 13:01:54.087681 : # Done: 2016-05-23T10:36:55-0500 (2d 2h 24m 57s ago)
2016-05-25 13:01:54.087700 : # no-op
2016-05-25 13:01:54.087718 : mark_done data/articles
2016-05-25 13:01:54.087736 : ##############################################################################
2016-05-25 13:01:54.087756 
2016-05-25 13:01:54.087773 : ## process/ext_sentences_by_nlp_markup #######################################
2016-05-25 13:01:54.087790 : # Done: 2016-05-23T10:39:40-0500 (2d 2h 22m 12s ago)
2016-05-25 13:01:54.087811 : process/ext_sentences_by_nlp_markup/run.sh
2016-05-25 13:01:54.087831 : mark_done process/ext_sentences_by_nlp_markup
2016-05-25 13:01:54.087849 : ##############################################################################
2016-05-25 13:01:54.087868 
2016-05-25 13:01:54.087886 : ## data/sentences ############################################################
2016-05-25 13:01:54.087906 : # Done: 2016-05-23T10:39:40-0500 (2d 2h 22m 12s ago)
2016-05-25 13:01:54.087925 : # no-op
2016-05-25 13:01:54.087943 : mark_done data/sentences
2016-05-25 13:01:54.087963 : ##############################################################################
2016-05-25 13:01:54.087980 
2016-05-25 13:01:54.087998 ## process/ext_target_mention_by_map_target_mention ##########################
2016-05-25 13:01:54.088017 # Done: 2016-05-25T12:59:08-0500 (2m 44s ago)
2016-05-25 13:01:54.088036 process/ext_target_mention_by_map_target_mention/run.sh
2016-05-25 13:01:54.088055 ++ dirname process/ext_target_mention_by_map_target_mention/run.sh
2016-05-25 13:01:54.088073 + cd process/ext_target_mention_by_map_target_mention
2016-05-25 13:01:54.088091 + export DEEPDIVE_CURRENT_PROCESS_NAME=process/ext_target_mention_by_map_target_mention
2016-05-25 13:01:54.088110 + DEEPDIVE_CURRENT_PROCESS_NAME=process/ext_target_mention_by_map_target_mention
2016-05-25 13:01:54.088129 + export DEEPDIVE_LOAD_FORMAT=tsv
2016-05-25 13:01:54.088148 + DEEPDIVE_LOAD_FORMAT=tsv
2016-05-25 13:01:54.088165 + deepdive compute execute 'input_sql= SELECT R0.doc_id AS "sentences.R0.doc_id", R0.sentence_index AS "sentences.R0.sentence_index", R0.sentence_text AS "sentences.R0.sentence_text", R0.tokens AS "sentences.R0.tokens"
2016-05-25 13:01:54.088183 FROM sentences R0
2016-05-25 13:01:54.088204         
2016-05-25 13:01:54.088224           ' 'command="$DEEPDIVE_APP"/udf/map_target_mention.py' output_relation=target_mention
2016-05-25 13:01:54.118562 Executing with the following configuration:
2016-05-25 13:01:54.118617  DEEPDIVE_NUM_PROCESSES=3
2016-05-25 13:01:54.118640  DEEPDIVE_NUM_PARALLEL_UNLOADS=1
2016-05-25 13:01:54.118664  DEEPDIVE_NUM_PARALLEL_LOADS=1
2016-05-25 13:01:54.118684  output_relation_tmp=dd_tmp_target_mention
2016-05-25 13:01:54.118702 
2016-05-25 13:01:54.266000 CREATE TABLE
2016-05-25 13:01:54.368022 CREATE TABLE
2016-05-25 13:01:54.488147 unloading to feed_processes-1: ' SELECT R0.doc_id AS "sentences.R0.doc_id", R0.sentence_index AS "sentences.R0.sentence_index", R0.sentence_text AS "sentences.R0.sentence_text", R0.tokens AS "sentences.R0.tokens"
2016-05-25 13:01:54.488222 FROM sentences R0
2016-05-25 13:01:54.488251         
2016-05-25 13:01:54.488273           '
2016-05-25 13:01:54.521774 Loading dd_tmp_target_mention from output_computed-1 (tsv format)
2016-05-25 13:02:10.607690 Traceback (most recent call last):
2016-05-25 13:02:10.608174   File "/Users/SnehaS/Desktop/DR/planetaryIR-Repo/app/planetaryir/udf/map_target_mention.py", line 18, in <module>
2016-05-25 13:02:10.608212     tokens         = "text[]",
2016-05-25 13:02:10.608234   File "/Users/SnehaS/local/lib/python/ddlib/util.py", line 232, in tsv_extractor
2016-05-25 13:02:10.608252     for out_row in generator(**row._asdict()):
2016-05-25 13:02:10.608271   File "/Users/SnehaS/Desktop/DR/planetaryIR-Repo/app/planetaryir/udf/map_target_mention.py", line 39, in extract
2016-05-25 13:02:10.608289     for item in split_by_and and item != "and":
2016-05-25 13:02:10.608307 UnboundLocalError: local variable 'item' referenced before assignment
2016-05-25 13:02:10.611457 Traceback (most recent call last):
2016-05-25 13:02:10.611529   File "/Users/SnehaS/Desktop/DR/planetaryIR-Repo/app/planetaryir/udf/map_target_mention.py", line 18, in <module>
2016-05-25 13:02:10.611552     tokens         = "text[]",
2016-05-25 13:02:10.611574   File "/Users/SnehaS/local/lib/python/ddlib/util.py", line 232, in tsv_extractor
2016-05-25 13:02:10.611596     for out_row in generator(**row._asdict()):
2016-05-25 13:02:10.611615   File "/Users/SnehaS/Desktop/DR/planetaryIR-Repo/app/planetaryir/udf/map_target_mention.py", line 39, in extract
2016-05-25 13:02:10.611635     for item in split_by_and and item != "and":
2016-05-25 13:02:10.611657 UnboundLocalError: local variable 'item' referenced before assignment
2016-05-25 13:02:10.666030 Traceback (most recent call last):
2016-05-25 13:02:10.666084   File "/Users/SnehaS/Desktop/DR/planetaryIR-Repo/app/planetaryir/udf/map_target_mention.py", line 18, in <module>
2016-05-25 13:02:10.666108     tokens         = "text[]",
2016-05-25 13:02:10.666128   File "/Users/SnehaS/local/lib/python/ddlib/util.py", line 232, in tsv_extractor
2016-05-25 13:02:10.666147     for out_row in generator(**row._asdict()):
2016-05-25 13:02:10.666164   File "/Users/SnehaS/Desktop/DR/planetaryIR-Repo/app/planetaryir/udf/map_target_mention.py", line 39, in extract
2016-05-25 13:02:10.666185     for item in split_by_and and item != "and":
2016-05-25 13:02:10.666204 UnboundLocalError: local variable 'item' referenced before assignment
2016-05-25 13:02:10.669094 /Users/SnehaS/local/util/compute-driver/local/compute-execute: line 140: kill: (10529) - No such process
2016-05-25 13:02:10.669169 /Users/SnehaS/local/util/compute-driver/local/compute-execute: line 140: kill: (10530) - No such process
2016-05-25 13:02:10.669193 /Users/SnehaS/local/util/compute-driver/local/compute-execute: line 140: kill: (10531) - No such process
2016-05-25 13:02:10.670790 COPY 0
2016-05-25 13:02:10.676292 [ERROR] command='"$DEEPDIVE_APP"/udf/map_target_mention.py': PID 10529: finished with non-zero exit status (0)
2016-05-25 13:02:10.676696 /Users/SnehaS/local/util/compute-driver/local/compute-execute: line 138: 10535 Terminated: 15          mkmimo process-*.output \> output_computed-*
2016-05-25 13:02:10.676737 /Users/SnehaS/local/util/compute-driver/local/compute-execute: line 138: 10536 Terminated: 15          deepdive-load "$output_relation_tmp" output_computed-*
2016-05-25 13:02:10.676759 /Users/SnehaS/local/util/compute-driver/local/compute-execute: line 138: 10542 Terminated: 15          deepdive-db unload "$input_sql" "$DEEPDIVE_LOAD_FORMAT" feed_processes-*
2016-05-25 13:02:10.676778 /Users/SnehaS/local/util/compute-driver/local/compute-execute: line 138: 10543 Terminated: 15          mkmimo feed_processes-* \> process-*.input
