2016-05-25 13:02:49.003658 # on Snehas-MacBook-Pro.local: deepdive do target_mention
2016-05-25 13:02:49.003868 # run/20160525/130246.865276000/plan.sh
2016-05-25 13:02:49.003886 # execution plan for data/target_mention
2016-05-25 13:02:49.003904 
2016-05-25 13:02:49.003923 : ## process/init/app ##########################################################
2016-05-25 13:02:49.003943 : # Done: 2016-03-31T11:08:43-0500 (55d 1h 54m 3s ago)
2016-05-25 13:02:49.003961 : process/init/app/run.sh
2016-05-25 13:02:49.003979 : mark_done process/init/app
2016-05-25 13:02:49.003997 : ##############################################################################
2016-05-25 13:02:49.004017 
2016-05-25 13:02:49.004037 : ## process/init/relation/articles ############################################
2016-05-25 13:02:49.004055 : # Done: 2016-05-23T10:36:55-0500 (2d 2h 25m 51s ago)
2016-05-25 13:02:49.004072 : process/init/relation/articles/run.sh
2016-05-25 13:02:49.004090 : mark_done process/init/relation/articles
2016-05-25 13:02:49.004107 : ##############################################################################
2016-05-25 13:02:49.004124 
2016-05-25 13:02:49.004143 : ## data/articles #############################################################
2016-05-25 13:02:49.004162 : # Done: 2016-05-23T10:36:55-0500 (2d 2h 25m 52s ago)
2016-05-25 13:02:49.004179 : # no-op
2016-05-25 13:02:49.004198 : mark_done data/articles
2016-05-25 13:02:49.004218 : ##############################################################################
2016-05-25 13:02:49.004237 
2016-05-25 13:02:49.004257 : ## process/ext_sentences_by_nlp_markup #######################################
2016-05-25 13:02:49.004277 : # Done: 2016-05-23T10:39:40-0500 (2d 2h 23m 7s ago)
2016-05-25 13:02:49.004297 : process/ext_sentences_by_nlp_markup/run.sh
2016-05-25 13:02:49.004315 : mark_done process/ext_sentences_by_nlp_markup
2016-05-25 13:02:49.004335 : ##############################################################################
2016-05-25 13:02:49.004356 
2016-05-25 13:02:49.004376 : ## data/sentences ############################################################
2016-05-25 13:02:49.004397 : # Done: 2016-05-23T10:39:40-0500 (2d 2h 23m 7s ago)
2016-05-25 13:02:49.004417 : # no-op
2016-05-25 13:02:49.004437 : mark_done data/sentences
2016-05-25 13:02:49.004456 : ##############################################################################
2016-05-25 13:02:49.004477 
2016-05-25 13:02:49.004497 ## process/ext_target_mention_by_map_target_mention ##########################
2016-05-25 13:02:49.004517 : # Done: 2016-05-25T12:59:08-0500 (3m 39s ago)
2016-05-25 13:02:49.004537 # Done: 2016-05-25T12:59:08-0500 (3m 38s ago)
2016-05-25 13:02:49.004557 process/ext_target_mention_by_map_target_mention/run.sh
2016-05-25 13:02:49.004576 ++ dirname process/ext_target_mention_by_map_target_mention/run.sh
2016-05-25 13:02:49.004595 + cd process/ext_target_mention_by_map_target_mention
2016-05-25 13:02:49.004614 + export DEEPDIVE_CURRENT_PROCESS_NAME=process/ext_target_mention_by_map_target_mention
2016-05-25 13:02:49.004633 + DEEPDIVE_CURRENT_PROCESS_NAME=process/ext_target_mention_by_map_target_mention
2016-05-25 13:02:49.004653 + export DEEPDIVE_LOAD_FORMAT=tsv
2016-05-25 13:02:49.004672 + DEEPDIVE_LOAD_FORMAT=tsv
2016-05-25 13:02:49.004691 + deepdive compute execute 'input_sql= SELECT R0.doc_id AS "sentences.R0.doc_id", R0.sentence_index AS "sentences.R0.sentence_index", R0.sentence_text AS "sentences.R0.sentence_text", R0.tokens AS "sentences.R0.tokens"
2016-05-25 13:02:49.004711 FROM sentences R0
2016-05-25 13:02:49.004732         
2016-05-25 13:02:49.004752           ' 'command="$DEEPDIVE_APP"/udf/map_target_mention.py' output_relation=target_mention
2016-05-25 13:02:49.034423 Executing with the following configuration:
2016-05-25 13:02:49.034475  DEEPDIVE_NUM_PROCESSES=3
2016-05-25 13:02:49.034497  DEEPDIVE_NUM_PARALLEL_UNLOADS=1
2016-05-25 13:02:49.034518  DEEPDIVE_NUM_PARALLEL_LOADS=1
2016-05-25 13:02:49.034537  output_relation_tmp=dd_tmp_target_mention
2016-05-25 13:02:49.034555 
2016-05-25 13:02:49.180846 CREATE TABLE
2016-05-25 13:02:49.285273 CREATE TABLE
2016-05-25 13:02:49.406020 unloading to feed_processes-1: ' SELECT R0.doc_id AS "sentences.R0.doc_id", R0.sentence_index AS "sentences.R0.sentence_index", R0.sentence_text AS "sentences.R0.sentence_text", R0.tokens AS "sentences.R0.tokens"
2016-05-25 13:02:49.406083 FROM sentences R0
2016-05-25 13:02:49.406107         
2016-05-25 13:02:49.406131           '
2016-05-25 13:02:49.435998 Loading dd_tmp_target_mention from output_computed-1 (tsv format)
2016-05-25 13:03:16.602419 COPY 23
2016-05-25 13:03:16.607595 Replacing target_mention with dd_tmp_target_mention
2016-05-25 13:03:16.678395 DROP TABLE
2016-05-25 13:03:16.748733 ALTER TABLE
2016-05-25 13:03:16.818361 ALTER TABLE
2016-05-25 13:03:16.889765 DROP TABLE
2016-05-25 13:03:16.922372 ANALYZE
2016-05-25 13:03:16.931569 mark_done process/ext_target_mention_by_map_target_mention
2016-05-25 13:03:16.947161 ##############################################################################
2016-05-25 13:03:16.947234 
2016-05-25 13:03:16.947253 ## data/target_mention #######################################################
2016-05-25 13:03:16.947272 : # Done: 2016-05-25T12:59:08-0500 (3m 39s ago)
2016-05-25 13:03:16.947292 # Done: 2016-05-25T12:59:08-0500 (3m 38s ago)
2016-05-25 13:03:16.947327 # no-op
2016-05-25 13:03:16.947386 mark_done data/target_mention
2016-05-25 13:03:16.958808 ##############################################################################
2016-05-25 13:03:16.958859 
