2016-03-16 13:40:15.939890 ‘run/LATEST.COMPILE’ -> ‘20160316/134015.893398000’
2016-03-16 13:40:15.940121 ‘run/RUNNING.COMPILE’ -> ‘20160316/134015.893398000’
2016-03-16 13:40:15.940148 Parsing DeepDive application (/Users/SnehaS/Desktop/DR/planetaryIR-Repo/app/planetaryir) to generate:
2016-03-16 13:40:15.940171  run/compiled/schema.json
2016-03-16 13:40:15.940190   from app.ddlog
2016-03-16 13:40:16.310882  run/compiled/deepdive.conf
2016-03-16 13:40:16.310988   from app.ddlog
2016-03-16 13:40:16.770456   from deepdive.conf
2016-03-16 13:40:16.776162  run/compiled/deepdive.conf.json
2016-03-16 13:40:17.049702 Performing sanity checks on run/compiled/deepdive.conf.json:
2016-03-16 13:40:17.087440  checking if input_extractors_well_defined
2016-03-16 13:40:17.087502  checking if input_schema_wellformed
2016-03-16 13:40:17.087790 Normalizing and adding built-in processes to the data flow to compile:
2016-03-16 13:40:17.088174  run/compiled/config-0.00-init_objects.json
2016-03-16 13:40:17.101767  run/compiled/config-0.01-parse_calibration.json
2016-03-16 13:40:17.114488  run/compiled/config-0.01-parse_schema.json
2016-03-16 13:40:17.133780  run/compiled/config-0.51-add_init_app.json
2016-03-16 13:40:17.147006  run/compiled/config-0.52-input_loader.json
2016-03-16 13:40:17.161102  run/compiled/config-1.00-qualified_names.json
2016-03-16 13:40:17.176574  run/compiled/config-1.01-parse_inference_rules.json
2016-03-16 13:40:17.201428  run/compiled/config-2.01-grounding.json
2016-03-16 13:40:17.274104  run/compiled/config-2.02-learning_inference.json
2016-03-16 13:40:17.289490  run/compiled/config-2.03-calibration_plots.json
2016-03-16 13:40:17.302566  run/compiled/config-9.98-ensure_init_app.json
2016-03-16 13:40:17.316711  run/compiled/config-9.99-dependencies.json
2016-03-16 13:40:17.330968  run/compiled/config.json
2016-03-16 13:40:17.333864 Validating run/compiled/config.json:
2016-03-16 13:40:17.410449  checking if compiled_base_relations_have_input_data
2016-03-16 13:40:17.410512  [WARNING] input/init.sh should load all base relations: articles 
2016-03-16 13:40:17.410549  checking if compiled_dependencies_correct
2016-03-16 13:40:17.410569  checking if compiled_input_output_well_defined
2016-03-16 13:40:17.410588  checking if compiled_output_uniquely_defined
2016-03-16 13:40:17.410808 Compiling executable code into:
2016-03-16 13:40:17.411098  run/compiled/code-Makefile.json
2016-03-16 13:40:17.426579  run/compiled/code-cmd_extractor.json
2016-03-16 13:40:17.439028  run/compiled/code-dataflow_dot.json
2016-03-16 13:40:17.457565  run/compiled/code-sql_extractor.json
2016-03-16 13:40:17.473525  run/compiled/code-tsv_extractor.json
2016-03-16 13:40:17.494813 Generating files:
2016-03-16 13:40:17.514264  run/Makefile
2016-03-16 13:40:17.528741  run/process/init/app/run.sh
2016-03-16 13:40:17.545566  run/process/init/relation/articles/run.sh
2016-03-16 13:40:17.562645  run/dataflow.dot
2016-03-16 13:40:17.575233  run/process/ext_person_mention_by_map_person_mention/run.sh
2016-03-16 13:40:17.590383  run/process/ext_sentences_by_nlp_markup/run.sh
2016-03-16 13:40:17.630093  run/dataflow.svg
2016-03-16 13:40:17.630984   (file:///Users/SnehaS/Desktop/DR/planetaryIR-Repo/app/planetaryir/run/dataflow.svg)
2016-03-16 13:40:17.634498 ‘run/compiled’ -> ‘run/compiled~’
2016-03-16 13:40:17.639424 ‘run/compiled’ -> ‘20160316/134015.893398000’
