2016-03-16 13:40:23.191891 # on Snehas-MacBook-Pro.local: deepdive do person_mention
2016-03-16 13:40:23.192177 # run/20160316/134020.145000000/plan.sh
2016-03-16 13:40:23.192195 # execution plan for data/person_mention
2016-03-16 13:40:23.192213 
2016-03-16 13:40:23.192231 : ## process/init/app ##########################################################
2016-03-16 13:40:23.192250 : # Done: 2016-02-24T19:00:00-0600 (20d 17h 40m 20s ago)
2016-03-16 13:40:23.192268 : process/init/app/run.sh
2016-03-16 13:40:23.192285 : mark_done process/init/app
2016-03-16 13:40:23.192304 : ##############################################################################
2016-03-16 13:40:23.192323 
2016-03-16 13:40:23.192341 : ## process/init/relation/articles ############################################
2016-03-16 13:40:23.192360 : # Done: 2016-03-16T12:21:16-0500 (1h 19m 4s ago)
2016-03-16 13:40:23.192379 : process/init/relation/articles/run.sh
2016-03-16 13:40:23.192397 : mark_done process/init/relation/articles
2016-03-16 13:40:23.192415 : ##############################################################################
2016-03-16 13:40:23.192432 
2016-03-16 13:40:23.192450 : ## data/articles #############################################################
2016-03-16 13:40:23.192467 : # Done: 2016-03-16T12:21:16-0500 (1h 19m 4s ago)
2016-03-16 13:40:23.192485 : # no-op
2016-03-16 13:40:23.192506 : mark_done data/articles
2016-03-16 13:40:23.192525 : ##############################################################################
2016-03-16 13:40:23.192546 
2016-03-16 13:40:23.192566 : ## process/ext_sentences_by_nlp_markup #######################################
2016-03-16 13:40:23.192597 : # Done: 2016-03-16T12:23:51-0500 (1h 16m 29s ago)
2016-03-16 13:40:23.192623 : process/ext_sentences_by_nlp_markup/run.sh
2016-03-16 13:40:23.192645 : mark_done process/ext_sentences_by_nlp_markup
2016-03-16 13:40:23.192665 : ##############################################################################
2016-03-16 13:40:23.192687 
2016-03-16 13:40:23.192713 : ## data/sentences ############################################################
2016-03-16 13:40:23.192734 : # Done: 2016-03-16T12:23:51-0500 (1h 16m 29s ago)
2016-03-16 13:40:23.192754 : # no-op
2016-03-16 13:40:23.192776 : mark_done data/sentences
2016-03-16 13:40:23.192798 : ##############################################################################
2016-03-16 13:40:23.192820 
2016-03-16 13:40:23.192840 ## process/ext_person_mention_by_map_person_mention ##########################
2016-03-16 13:40:23.192860 # Done: 2016-03-16T13:38:14-0500 (2m 6s ago)
2016-03-16 13:40:23.192882 process/ext_person_mention_by_map_person_mention/run.sh
2016-03-16 13:40:23.192903 ++ dirname process/ext_person_mention_by_map_person_mention/run.sh
2016-03-16 13:40:23.192925 + cd process/ext_person_mention_by_map_person_mention
2016-03-16 13:40:23.192946 + export DEEPDIVE_CURRENT_PROCESS_NAME=process/ext_person_mention_by_map_person_mention
2016-03-16 13:40:23.192967 + DEEPDIVE_CURRENT_PROCESS_NAME=process/ext_person_mention_by_map_person_mention
2016-03-16 13:40:23.192990 + export DEEPDIVE_LOAD_FORMAT=tsv
2016-03-16 13:40:23.193011 + DEEPDIVE_LOAD_FORMAT=tsv
2016-03-16 13:40:23.193038 + deepdive compute execute 'input_sql= SELECT R0.doc_id AS "sentences.R0.doc_id", R0.sentence_index AS "sentences.R0.sentence_index", R0.sentence_text AS "sentences.R0.sentence_text"
2016-03-16 13:40:23.193063 FROM sentences R0
2016-03-16 13:40:23.193085         
2016-03-16 13:40:23.193106           ' 'command="$DEEPDIVE_APP"/udf/map_person_mention.py' output_relation=person_mention
2016-03-16 13:40:23.222622 Executing with the following configuration:
2016-03-16 13:40:23.222671  DEEPDIVE_NUM_PROCESSES=3
2016-03-16 13:40:23.222694  DEEPDIVE_NUM_PARALLEL_UNLOADS=1
2016-03-16 13:40:23.222716  DEEPDIVE_NUM_PARALLEL_LOADS=1
2016-03-16 13:40:23.222736  output_relation_tmp=dd_tmp_person_mention
2016-03-16 13:40:23.222754 
2016-03-16 13:40:23.362091 CREATE TABLE
2016-03-16 13:40:23.464113 CREATE TABLE
2016-03-16 13:40:23.581459 unloading to feed_processes-1: ' SELECT R0.doc_id AS "sentences.R0.doc_id", R0.sentence_index AS "sentences.R0.sentence_index", R0.sentence_text AS "sentences.R0.sentence_text"
2016-03-16 13:40:23.581525 FROM sentences R0
2016-03-16 13:40:23.581555         
2016-03-16 13:40:23.581577           '
2016-03-16 13:40:23.615517 Loading dd_tmp_person_mention from output_computed-1 (tsv format)
2016-03-16 13:40:32.814535 COPY 144
2016-03-16 13:40:32.820016 Replacing person_mention with dd_tmp_person_mention
2016-03-16 13:40:32.889653 DROP TABLE
2016-03-16 13:40:32.957890 ALTER TABLE
2016-03-16 13:40:33.024811 ALTER TABLE
2016-03-16 13:40:33.092383 DROP TABLE
2016-03-16 13:40:33.126196 ANALYZE
2016-03-16 13:40:33.132902 mark_done process/ext_person_mention_by_map_person_mention
2016-03-16 13:40:33.148219 ##############################################################################
2016-03-16 13:40:33.148312 
2016-03-16 13:40:33.148338 ## data/person_mention #######################################################
2016-03-16 13:40:33.148440 # Done: 2016-03-16T13:38:14-0500 (2m 6s ago)
2016-03-16 13:40:33.148482 # no-op
2016-03-16 13:40:33.148508 mark_done data/person_mention
2016-03-16 13:40:33.161506 ##############################################################################
2016-03-16 13:40:33.161572 
