2016-05-17 22:22:54.745733 ‘run/LATEST.COMPILE’ -> ‘20160517/222254.697526000’
2016-05-17 22:22:54.745948 ‘run/RUNNING.COMPILE’ -> ‘20160517/222254.697526000’
2016-05-17 22:22:54.745974 Parsing DeepDive application (/Users/SnehaS/Desktop/DR/planetaryIR-Repo/app/planetaryir) to generate:
2016-05-17 22:22:54.745996  run/compiled/schema.json
2016-05-17 22:22:54.746014   from app.ddlog
2016-05-17 22:22:55.205075  run/compiled/deepdive.conf
2016-05-17 22:22:55.205238   from app.ddlog
2016-05-17 22:22:55.733796   from deepdive.conf
2016-05-17 22:22:55.740716  run/compiled/deepdive.conf.json
2016-05-17 22:22:56.039965 Performing sanity checks on run/compiled/deepdive.conf.json:
2016-05-17 22:22:56.084010  checking if input_extractors_well_defined
2016-05-17 22:22:56.084075  checking if input_schema_wellformed
2016-05-17 22:22:56.084446 Normalizing and adding built-in processes to the data flow to compile:
2016-05-17 22:22:56.084966  run/compiled/config-0.00-init_objects.json
2016-05-17 22:22:56.101306  run/compiled/config-0.01-parse_calibration.json
2016-05-17 22:22:56.116643  run/compiled/config-0.01-parse_schema.json
2016-05-17 22:22:56.139366  run/compiled/config-0.51-add_init_app.json
2016-05-17 22:22:56.157547  run/compiled/config-0.52-input_loader.json
2016-05-17 22:22:56.175055  run/compiled/config-1.00-qualified_names.json
2016-05-17 22:22:56.199969  run/compiled/config-1.01-parse_inference_rules.json
2016-05-17 22:22:56.228885  run/compiled/config-2.01-grounding.json
2016-05-17 22:22:56.303318  run/compiled/config-2.02-learning_inference.json
2016-05-17 22:22:56.322420  run/compiled/config-2.03-calibration_plots.json
2016-05-17 22:22:56.340096  run/compiled/config-9.98-ensure_init_app.json
2016-05-17 22:22:56.358598  run/compiled/config-9.99-dependencies.json
2016-05-17 22:22:56.375094  run/compiled/config.json
2016-05-17 22:22:56.378775 Validating run/compiled/config.json:
2016-05-17 22:22:56.471504  checking if compiled_base_relations_have_input_data
2016-05-17 22:22:56.471572  [WARNING] input/init.sh should load all base relations: articles 
2016-05-17 22:22:56.471590  checking if compiled_dependencies_correct
2016-05-17 22:22:56.471608  checking if compiled_input_output_well_defined
2016-05-17 22:22:56.471628  checking if compiled_output_uniquely_defined
2016-05-17 22:22:56.471880 Compiling executable code into:
2016-05-17 22:22:56.472112  run/compiled/code-Makefile.json
2016-05-17 22:22:56.488461  run/compiled/code-cmd_extractor.json
2016-05-17 22:22:56.501338  run/compiled/code-dataflow_dot.json
2016-05-17 22:22:56.524266  run/compiled/code-sql_extractor.json
2016-05-17 22:22:56.541734  run/compiled/code-tsv_extractor.json
2016-05-17 22:22:56.561628 Generating files:
2016-05-17 22:22:56.590872  run/Makefile
2016-05-17 22:22:56.605762  run/process/init/app/run.sh
2016-05-17 22:22:56.623658  run/process/init/relation/articles/run.sh
2016-05-17 22:22:56.643812  run/dataflow.dot
2016-05-17 22:22:56.655676  run/process/ext_person_mention_by_map_person_mention/run.sh
2016-05-17 22:22:56.674569  run/process/ext_sentences_by_nlp_markup/run.sh
2016-05-17 22:22:56.698918  run/process/ext_target_mention_by_map_target_mention/run.sh
2016-05-17 22:22:56.759777  run/dataflow.svg
2016-05-17 22:22:56.760751   (file:///Users/SnehaS/Desktop/DR/planetaryIR-Repo/app/planetaryir/run/dataflow.svg)
2016-05-17 22:22:56.763928 ‘run/compiled’ -> ‘run/compiled~’
2016-05-17 22:22:56.766891 ‘run/compiled’ -> ‘20160517/222254.697526000’
