2016-02-24 17:00:00.184948 # on Snehas-MacBook-Pro.local: deepdive do articles
2016-02-24 17:00:00.185168 # run/20160224/165937.356976000/plan.sh
2016-02-24 17:00:00.185185 # execution plan for data/articles
2016-02-24 17:00:00.185202 
2016-02-24 17:00:00.185221 ## process/init/app ##########################################################
2016-02-24 17:00:00.185240 # Done: N/A
2016-02-24 17:00:00.185258 process/init/app/run.sh
2016-02-24 17:00:00.185275 ++ dirname process/init/app/run.sh
2016-02-24 17:00:00.185316 + cd process/init/app
2016-02-24 17:00:00.185342 + export DEEPDIVE_CURRENT_PROCESS_NAME=process/init/app
2016-02-24 17:00:00.185365 + DEEPDIVE_CURRENT_PROCESS_NAME=process/init/app
2016-02-24 17:00:00.185384 + deepdive db init
2016-02-24 17:00:00.242617 dropdb: database removal failed: ERROR:  database "deepdive_planetaryIR_SnehaS" does not exist
2016-02-24 17:00:00.635944 + cd /Users/SnehaS/Desktop/DR/planetaryIR-Repo/app/planetaryIR
2016-02-24 17:00:00.636090 + [[ -r schema.sql ]]
2016-02-24 17:00:00.636167 + deepdive db prompt
2016-02-24 17:00:00.793922 CREATE TABLE
2016-02-24 17:00:00.795448 + [[ -x input/init.sh ]]
2016-02-24 17:00:00.795949 mark_done process/init/app
2016-02-24 17:00:00.815903 ##############################################################################
2016-02-24 17:00:00.815977 
2016-02-24 17:00:00.816005 ## process/init/relation/articles ############################################
2016-02-24 17:00:00.816026 # Done: N/A
2016-02-24 17:00:00.816065 process/init/relation/articles/run.sh
2016-02-24 17:00:00.820692 ++ dirname process/init/relation/articles/run.sh
2016-02-24 17:00:00.824090 + cd process/init/relation/articles
2016-02-24 17:00:00.824222 + export DEEPDIVE_CURRENT_PROCESS_NAME=process/init/relation/articles
2016-02-24 17:00:00.824263 + DEEPDIVE_CURRENT_PROCESS_NAME=process/init/relation/articles
2016-02-24 17:00:00.824310 + deepdive create table articles
2016-02-24 17:00:00.963967 NOTICE:  table "articles" does not exist, skipping
2016-02-24 17:00:00.967083 CREATE TABLE
2016-02-24 17:00:00.968124 + deepdive load articles
2016-02-24 17:00:01.045563 Loading articles from input/articles.tsv.sh (tsv format)
2016-02-24 17:00:01.093196 COPY 1
2016-02-24 17:00:01.100048 mark_done process/init/relation/articles
2016-02-24 17:00:01.113901 ##############################################################################
2016-02-24 17:00:01.113970 
2016-02-24 17:00:01.113992 ## data/articles #############################################################
2016-02-24 17:00:01.114045 # Done: N/A
2016-02-24 17:00:01.114109 # no-op
2016-02-24 17:00:01.114132 mark_done data/articles
2016-02-24 17:00:01.126031 ##############################################################################
2016-02-24 17:00:01.126102 
