2016-05-17 18:23:23.959441 # on Snehas-MacBook-Pro.local: deepdive do target_mention
2016-05-17 18:23:23.959685 # run/20160517/182320.510121000/plan.sh
2016-05-17 18:23:23.959704 # execution plan for data/target_mention
2016-05-17 18:23:23.959724 
2016-05-17 18:23:23.959745 : ## process/init/app ##########################################################
2016-05-17 18:23:23.959766 : # Done: 2016-03-31T11:08:43-0500 (47d 7h 14m 37s ago)
2016-05-17 18:23:23.959784 : process/init/app/run.sh
2016-05-17 18:23:23.959802 : mark_done process/init/app
2016-05-17 18:23:23.959821 : ##############################################################################
2016-05-17 18:23:23.959839 
2016-05-17 18:23:23.959859 : ## process/init/relation/articles ############################################
2016-05-17 18:23:23.959876 : # Done: 2016-03-31T11:08:43-0500 (47d 7h 14m 37s ago)
2016-05-17 18:23:23.959894 : process/init/relation/articles/run.sh
2016-05-17 18:23:23.959911 : mark_done process/init/relation/articles
2016-05-17 18:23:23.959929 : ##############################################################################
2016-05-17 18:23:23.959945 
2016-05-17 18:23:23.959963 : ## data/articles #############################################################
2016-05-17 18:23:23.959980 : # Done: 2016-03-31T11:08:43-0500 (47d 7h 14m 37s ago)
2016-05-17 18:23:23.959997 : # no-op
2016-05-17 18:23:23.960016 : mark_done data/articles
2016-05-17 18:23:23.960033 : ##############################################################################
2016-05-17 18:23:23.960051 
2016-05-17 18:23:23.960091 : ## process/ext_sentences_by_nlp_markup #######################################
2016-05-17 18:23:23.960122 : # Done: 2016-03-31T11:08:43-0500 (47d 7h 14m 37s ago)
2016-05-17 18:23:23.960147 : process/ext_sentences_by_nlp_markup/run.sh
2016-05-17 18:23:23.960167 : mark_done process/ext_sentences_by_nlp_markup
2016-05-17 18:23:23.960188 : ##############################################################################
2016-05-17 18:23:23.960208 
2016-05-17 18:23:23.960227 : ## data/sentences ############################################################
2016-05-17 18:23:23.960248 : # Done: 2016-03-31T11:08:43-0500 (47d 7h 14m 37s ago)
2016-05-17 18:23:23.960268 : # no-op
2016-05-17 18:23:23.960288 : mark_done data/sentences
2016-05-17 18:23:23.960308 : ##############################################################################
2016-05-17 18:23:23.960330 
2016-05-17 18:23:23.960350 ## process/ext_target_mention_by_map_target_mention ##########################
2016-05-17 18:23:23.960368 # Done: 2016-05-17T18:21:17-0500 (2m 3s ago)
2016-05-17 18:23:23.960386 process/ext_target_mention_by_map_target_mention/run.sh
2016-05-17 18:23:23.960404 ++ dirname process/ext_target_mention_by_map_target_mention/run.sh
2016-05-17 18:23:23.960424 + cd process/ext_target_mention_by_map_target_mention
2016-05-17 18:23:23.960444 + export DEEPDIVE_CURRENT_PROCESS_NAME=process/ext_target_mention_by_map_target_mention
2016-05-17 18:23:23.960465 + DEEPDIVE_CURRENT_PROCESS_NAME=process/ext_target_mention_by_map_target_mention
2016-05-17 18:23:23.960484 + export DEEPDIVE_LOAD_FORMAT=tsv
2016-05-17 18:23:23.960504 + DEEPDIVE_LOAD_FORMAT=tsv
2016-05-17 18:23:23.960525 + deepdive compute execute 'input_sql= SELECT R0.doc_id AS "sentences.R0.doc_id", R0.sentence_index AS "sentences.R0.sentence_index", R0.sentence_text AS "sentences.R0.sentence_text"
2016-05-17 18:23:23.960545 FROM sentences R0
2016-05-17 18:23:23.960566         
2016-05-17 18:23:23.960586           ' 'command="$DEEPDIVE_APP"/udf/map_target_mention.py' output_relation=target_mention
2016-05-17 18:23:23.991239 Executing with the following configuration:
2016-05-17 18:23:23.991293  DEEPDIVE_NUM_PROCESSES=3
2016-05-17 18:23:23.991320  DEEPDIVE_NUM_PARALLEL_UNLOADS=1
2016-05-17 18:23:23.991340  DEEPDIVE_NUM_PARALLEL_LOADS=1
2016-05-17 18:23:23.991361  output_relation_tmp=dd_tmp_target_mention
2016-05-17 18:23:23.991380 
2016-05-17 18:23:24.133680 CREATE TABLE
2016-05-17 18:23:24.241778 CREATE TABLE
2016-05-17 18:23:24.362932 unloading to feed_processes-1: ' SELECT R0.doc_id AS "sentences.R0.doc_id", R0.sentence_index AS "sentences.R0.sentence_index", R0.sentence_text AS "sentences.R0.sentence_text"
2016-05-17 18:23:24.362999 FROM sentences R0
2016-05-17 18:23:24.363030         
2016-05-17 18:23:24.363053           '
2016-05-17 18:23:24.410329 Loading dd_tmp_target_mention from output_computed-1 (tsv format)
2016-05-17 18:23:31.435140 COPY 9
2016-05-17 18:23:31.440219 Replacing target_mention with dd_tmp_target_mention
2016-05-17 18:23:31.505353 DROP TABLE
2016-05-17 18:23:31.573366 ALTER TABLE
2016-05-17 18:23:31.641341 ALTER TABLE
2016-05-17 18:23:31.708354 DROP TABLE
2016-05-17 18:23:31.740228 ANALYZE
2016-05-17 18:23:31.746633 mark_done process/ext_target_mention_by_map_target_mention
2016-05-17 18:23:31.759327 ##############################################################################
2016-05-17 18:23:31.759376 
2016-05-17 18:23:31.759397 ## data/target_mention #######################################################
2016-05-17 18:23:31.759418 # Done: 2016-05-17T18:21:17-0500 (2m 3s ago)
2016-05-17 18:23:31.759455 # no-op
2016-05-17 18:23:31.759477 mark_done data/target_mention
2016-05-17 18:23:31.772615 ##############################################################################
2016-05-17 18:23:31.772690 
