2016-03-09 14:12:28.693823 ‘run/LATEST.COMPILE’ -> ‘20160309/141228.636316000’
2016-03-09 14:12:28.694026 ‘run/RUNNING.COMPILE’ -> ‘20160309/141228.636316000’
2016-03-09 14:12:28.694044 Parsing DeepDive application (/Users/SnehaS/Desktop/DR/planetaryIR-Repo/app/planetaryIR) to generate:
2016-03-09 14:12:28.694055  run/compiled/schema.json
2016-03-09 14:12:28.694071   from app.ddlog
2016-03-09 14:12:29.190950  run/compiled/deepdive.conf
2016-03-09 14:12:29.191053   from app.ddlog
2016-03-09 14:12:29.681437   from deepdive.conf
2016-03-09 14:12:29.687367  run/compiled/deepdive.conf.json
2016-03-09 14:12:30.020650 Performing sanity checks on run/compiled/deepdive.conf.json:
2016-03-09 14:12:30.060703  checking if input_extractors_well_defined
2016-03-09 14:12:30.060753  checking if input_schema_wellformed
2016-03-09 14:12:30.061074 Normalizing and adding built-in processes to the data flow to compile:
2016-03-09 14:12:30.061445  run/compiled/config-0.00-init_objects.json
2016-03-09 14:12:30.075319  run/compiled/config-0.01-parse_calibration.json
2016-03-09 14:12:30.087192  run/compiled/config-0.01-parse_schema.json
2016-03-09 14:12:30.104590  run/compiled/config-0.51-add_init_app.json
2016-03-09 14:12:30.116453  run/compiled/config-0.52-input_loader.json
2016-03-09 14:12:30.130879  run/compiled/config-1.00-qualified_names.json
2016-03-09 14:12:30.147023  run/compiled/config-1.01-parse_inference_rules.json
2016-03-09 14:12:30.175010  run/compiled/config-2.01-grounding.json
2016-03-09 14:12:30.234440  run/compiled/config-2.02-learning_inference.json
2016-03-09 14:12:30.252225  run/compiled/config-2.03-calibration_plots.json
2016-03-09 14:12:30.270538  run/compiled/config-9.98-ensure_init_app.json
2016-03-09 14:12:30.285356  run/compiled/config-9.99-dependencies.json
2016-03-09 14:12:30.302262  run/compiled/config.json
2016-03-09 14:12:30.305089 Validating run/compiled/config.json:
2016-03-09 14:12:30.386591  checking if compiled_base_relations_have_input_data
2016-03-09 14:12:30.386655  [WARNING] input/init.sh should load all base relations: articles 
2016-03-09 14:12:30.386672  checking if compiled_dependencies_correct
2016-03-09 14:12:30.386690  checking if compiled_input_output_well_defined
2016-03-09 14:12:30.386709  checking if compiled_output_uniquely_defined
2016-03-09 14:12:30.386988 Compiling executable code into:
2016-03-09 14:12:30.387226  run/compiled/code-Makefile.json
2016-03-09 14:12:30.407431  run/compiled/code-cmd_extractor.json
2016-03-09 14:12:30.422102  run/compiled/code-dataflow_dot.json
2016-03-09 14:12:30.439742  run/compiled/code-sql_extractor.json
2016-03-09 14:12:30.456091  run/compiled/code-tsv_extractor.json
2016-03-09 14:12:30.480121 Generating files:
2016-03-09 14:12:30.498790  run/Makefile
2016-03-09 14:12:30.511217  run/process/init/app/run.sh
2016-03-09 14:12:30.533655  run/process/init/relation/articles/run.sh
2016-03-09 14:12:30.551257  run/dataflow.dot
2016-03-09 14:12:30.562499  run/process/ext_person_mention_by_map_person_mention/run.sh
2016-03-09 14:12:30.579293  run/process/ext_sentences_by_nlp_markup/run.sh
2016-03-09 14:12:30.630606  run/dataflow.svg
2016-03-09 14:12:30.631625   (file:///Users/SnehaS/Desktop/DR/planetaryIR-Repo/app/planetaryIR/run/dataflow.svg)
2016-03-09 14:12:30.634412 ‘run/compiled’ -> ‘run/compiled~’
2016-03-09 14:12:30.638074 ‘run/compiled’ -> ‘20160309/141228.636316000’
