2016-05-24 13:48:51.335787 ‘run/LATEST.COMPILE’ -> ‘20160524/134851.268273000’
2016-05-24 13:48:51.336011 ‘run/RUNNING.COMPILE’ -> ‘20160524/134851.268273000’
2016-05-24 13:48:51.336040 Parsing DeepDive application (/Users/SnehaS/Desktop/DR/planetaryIR-Repo/app/planetaryir) to generate:
2016-05-24 13:48:51.336064  run/compiled/schema.json
2016-05-24 13:48:51.336082   from app.ddlog
2016-05-24 13:48:51.973980  run/compiled/deepdive.conf
2016-05-24 13:48:51.974090   from app.ddlog
2016-05-24 13:48:52.711744   from deepdive.conf
2016-05-24 13:48:52.718437  run/compiled/deepdive.conf.json
2016-05-24 13:48:53.019198 Performing sanity checks on run/compiled/deepdive.conf.json:
2016-05-24 13:48:53.058220  checking if input_extractors_well_defined
2016-05-24 13:48:53.058380  checking if input_schema_wellformed
2016-05-24 13:48:53.059130 Normalizing and adding built-in processes to the data flow to compile:
2016-05-24 13:48:53.059923  run/compiled/config-0.00-init_objects.json
2016-05-24 13:48:53.074466  run/compiled/config-0.01-parse_calibration.json
2016-05-24 13:48:53.088571  run/compiled/config-0.01-parse_schema.json
2016-05-24 13:48:53.109692  run/compiled/config-0.51-add_init_app.json
2016-05-24 13:48:53.124446  run/compiled/config-0.52-input_loader.json
2016-05-24 13:48:53.142647  run/compiled/config-1.00-qualified_names.json
2016-05-24 13:48:53.162171  run/compiled/config-1.01-parse_inference_rules.json
2016-05-24 13:48:53.187606  run/compiled/config-2.01-grounding.json
2016-05-24 13:48:53.255316  run/compiled/config-2.02-learning_inference.json
2016-05-24 13:48:53.277908  run/compiled/config-2.03-calibration_plots.json
2016-05-24 13:48:53.296051  run/compiled/config-9.98-ensure_init_app.json
2016-05-24 13:48:53.313992  run/compiled/config-9.99-dependencies.json
2016-05-24 13:48:53.333587  run/compiled/config.json
2016-05-24 13:48:53.336678 Validating run/compiled/config.json:
2016-05-24 13:48:53.418157  checking if compiled_base_relations_have_input_data
2016-05-24 13:48:53.418223  [WARNING] input/init.sh should load all base relations: articles targets_chemcam_mer 
2016-05-24 13:48:53.418243  checking if compiled_dependencies_correct
2016-05-24 13:48:53.418263  checking if compiled_input_output_well_defined
2016-05-24 13:48:53.418283  checking if compiled_output_uniquely_defined
2016-05-24 13:48:53.418504 Compiling executable code into:
2016-05-24 13:48:53.418818  run/compiled/code-Makefile.json
2016-05-24 13:48:53.438405  run/compiled/code-cmd_extractor.json
2016-05-24 13:48:53.455761  run/compiled/code-dataflow_dot.json
2016-05-24 13:48:53.477298  run/compiled/code-sql_extractor.json
2016-05-24 13:48:53.492817  run/compiled/code-tsv_extractor.json
2016-05-24 13:48:53.517089 Generating files:
2016-05-24 13:48:53.541935  run/Makefile
2016-05-24 13:48:53.556128  run/process/init/app/run.sh
2016-05-24 13:48:53.570825  run/process/init/relation/articles/run.sh
2016-05-24 13:48:53.586629  run/process/init/relation/targets_chemcam_mer/run.sh
2016-05-24 13:48:53.600894  run/process/ext_is_target/run.sh
2016-05-24 13:48:53.617370  run/process/ext_target_label/run.sh
2016-05-24 13:48:53.633543  run/process/ext_target_label_resolved/run.sh
2016-05-24 13:48:53.649971  run/process/grounding/variable_id_partition/run.sh
2016-05-24 13:48:53.670273  run/process/grounding/variable/is_target/assign_id/run.sh
2016-05-24 13:48:53.686908  run/process/grounding/variable_holdout/run.sh
2016-05-24 13:48:53.701613  run/process/grounding/variable/is_target/dump/run.sh
2016-05-24 13:48:53.717165  run/process/grounding/factor/inf_istrue_is_target/materialize/run.sh
2016-05-24 13:48:53.734388  run/process/grounding/weight_id_partition/run.sh
2016-05-24 13:48:53.749269  run/process/grounding/global_weight_table/run.sh
2016-05-24 13:48:53.771917  run/process/grounding/factor/inf_istrue_is_target/assign_weight_id/run.sh
2016-05-24 13:48:53.789984  run/process/grounding/factor/inf_istrue_is_target/dump/run.sh
2016-05-24 13:48:53.807829  run/process/grounding/factor/inf_istrue_is_target/dump_weights/run.sh
2016-05-24 13:48:53.837179  run/process/grounding/combine_factorgraph/run.sh
2016-05-24 13:48:53.858619  run/process/model/learning/run.sh
2016-05-24 13:48:53.883510  run/process/model/inference/run.sh
2016-05-24 13:48:53.901223  run/process/model/load_weights/run.sh
2016-05-24 13:48:53.919886  run/process/model/load_probabilities/run.sh
2016-05-24 13:48:53.940621  run/process/model/calibration/run.sh
2016-05-24 13:48:53.961868  run/dataflow.dot
2016-05-24 13:48:53.977084  run/process/ext_person_mention_by_map_person_mention/run.sh
2016-05-24 13:48:54.000427  run/process/ext_sentences_by_nlp_markup/run.sh
2016-05-24 13:48:54.020987  run/process/ext_target_feature_by_extract_target_features/run.sh
2016-05-24 13:48:54.045998  run/process/ext_target_label__0_by_supervise/run.sh
2016-05-24 13:48:54.065092  run/process/ext_target_mention_by_map_target_mention/run.sh
2016-05-24 13:48:54.134868  run/dataflow.svg
2016-05-24 13:48:54.135941   (file:///Users/SnehaS/Desktop/DR/planetaryIR-Repo/app/planetaryir/run/dataflow.svg)
2016-05-24 13:48:54.138782 ‘run/compiled’ -> ‘run/compiled~’
2016-05-24 13:48:54.141854 ‘run/compiled’ -> ‘20160524/134851.268273000’
