2016-02-24 16:59:15.999502 ‘run/LATEST.COMPILE’ -> ‘20160224/165915.954747000’
2016-02-24 16:59:15.999780 ‘run/RUNNING.COMPILE’ -> ‘20160224/165915.954747000’
2016-02-24 16:59:15.999815 Parsing DeepDive application (/Users/SnehaS/Desktop/DR/planetaryIR-Repo/app/planetaryIR) to generate:
2016-02-24 16:59:15.999837  run/compiled/schema.json
2016-02-24 16:59:15.999855   from app.ddlog
2016-02-24 16:59:16.359247  run/compiled/deepdive.conf
2016-02-24 16:59:16.359343   from app.ddlog
2016-02-24 16:59:16.759179   from deepdive.conf
2016-02-24 16:59:16.764500  run/compiled/deepdive.conf.json
2016-02-24 16:59:17.034326 Performing sanity checks on run/compiled/deepdive.conf.json:
2016-02-24 16:59:17.069935  checking if input_extractors_well_defined
2016-02-24 16:59:17.069989  checking if input_schema_wellformed
2016-02-24 16:59:17.070260 Normalizing and adding built-in processes to the data flow to compile:
2016-02-24 16:59:17.070692  run/compiled/config-0.00-init_objects.json
2016-02-24 16:59:17.083167  run/compiled/config-0.01-parse_calibration.json
2016-02-24 16:59:17.094304  run/compiled/config-0.01-parse_schema.json
2016-02-24 16:59:17.109432  run/compiled/config-0.51-add_init_app.json
2016-02-24 16:59:17.121988  run/compiled/config-0.52-input_loader.json
2016-02-24 16:59:17.134316  run/compiled/config-1.00-qualified_names.json
2016-02-24 16:59:17.148914  run/compiled/config-1.01-parse_inference_rules.json
2016-02-24 16:59:17.171445  run/compiled/config-2.01-grounding.json
2016-02-24 16:59:17.235593  run/compiled/config-2.02-learning_inference.json
2016-02-24 16:59:17.251095  run/compiled/config-2.03-calibration_plots.json
2016-02-24 16:59:17.263326  run/compiled/config-9.98-ensure_init_app.json
2016-02-24 16:59:17.276043  run/compiled/config-9.99-dependencies.json
2016-02-24 16:59:17.289890  run/compiled/config.json
2016-02-24 16:59:17.293000 Validating run/compiled/config.json:
2016-02-24 16:59:17.357187  checking if compiled_base_relations_have_input_data
2016-02-24 16:59:17.357240  checking if compiled_dependencies_correct
2016-02-24 16:59:17.357257  checking if compiled_input_output_well_defined
2016-02-24 16:59:17.357276  checking if compiled_output_uniquely_defined
2016-02-24 16:59:17.357529 Compiling executable code into:
2016-02-24 16:59:17.357762  run/compiled/code-Makefile.json
2016-02-24 16:59:17.372322  run/compiled/code-cmd_extractor.json
2016-02-24 16:59:17.383992  run/compiled/code-dataflow_dot.json
2016-02-24 16:59:17.398516  run/compiled/code-sql_extractor.json
2016-02-24 16:59:17.410309  run/compiled/code-tsv_extractor.json
2016-02-24 16:59:17.429069 Generating files:
2016-02-24 16:59:17.449762  run/Makefile
2016-02-24 16:59:17.462658  run/process/init/app/run.sh
2016-02-24 16:59:17.487152  run/process/init/relation/articles/run.sh
2016-02-24 16:59:17.510502  run/dataflow.dot
2016-02-24 16:59:17.552158  run/dataflow.svg
2016-02-24 16:59:17.553330   (file:///Users/SnehaS/Desktop/DR/planetaryIR-Repo/app/planetaryIR/run/dataflow.svg)
2016-02-24 16:59:17.556740 ‘run/compiled’ -> ‘20160224/165915.954747000’
