2016-05-19 11:30:04.302683 # on Snehas-MacBook-Pro.local: deepdive do target_label
2016-05-19 11:30:04.302910 # run/20160519/113001.504404000/plan.sh
2016-05-19 11:30:04.302942 # execution plan for data/target_label
2016-05-19 11:30:04.302965 
2016-05-19 11:30:04.302988 : ## process/init/app ##########################################################
2016-05-19 11:30:04.303009 : # Done: 2016-03-31T11:08:43-0500 (49d 21m 18s ago)
2016-05-19 11:30:04.303029 : process/init/app/run.sh
2016-05-19 11:30:04.303050 : mark_done process/init/app
2016-05-19 11:30:04.303069 : ##############################################################################
2016-05-19 11:30:04.303087 
2016-05-19 11:30:04.303106 : ## process/init/relation/articles ############################################
2016-05-19 11:30:04.303126 : # Done: 2016-03-31T11:08:43-0500 (49d 21m 18s ago)
2016-05-19 11:30:04.303145 : process/init/relation/articles/run.sh
2016-05-19 11:30:04.303165 : mark_done process/init/relation/articles
2016-05-19 11:30:04.303184 : ##############################################################################
2016-05-19 11:30:04.303205 
2016-05-19 11:30:04.303224 : ## data/articles #############################################################
2016-05-19 11:30:04.303244 : # Done: 2016-03-31T11:08:43-0500 (49d 21m 18s ago)
2016-05-19 11:30:04.303264 : # no-op
2016-05-19 11:30:04.303285 : mark_done data/articles
2016-05-19 11:30:04.303306 : ##############################################################################
2016-05-19 11:30:04.303328 
2016-05-19 11:30:04.303349 : ## process/ext_sentences_by_nlp_markup #######################################
2016-05-19 11:30:04.303369 : # Done: 2016-03-31T11:08:43-0500 (49d 21m 18s ago)
2016-05-19 11:30:04.303389 : process/ext_sentences_by_nlp_markup/run.sh
2016-05-19 11:30:04.303409 : mark_done process/ext_sentences_by_nlp_markup
2016-05-19 11:30:04.303431 : ##############################################################################
2016-05-19 11:30:04.303451 
2016-05-19 11:30:04.303472 : ## data/sentences ############################################################
2016-05-19 11:30:04.303493 : # Done: 2016-03-31T11:08:43-0500 (49d 21m 18s ago)
2016-05-19 11:30:04.303514 : # no-op
2016-05-19 11:30:04.303536 : mark_done data/sentences
2016-05-19 11:30:04.303555 : ##############################################################################
2016-05-19 11:30:04.303575 
2016-05-19 11:30:04.303595 : ## process/ext_target_mention_by_map_target_mention ##########################
2016-05-19 11:30:04.303615 : # Done: 2016-05-19T10:06:14-0500 (1h 23m 47s ago)
2016-05-19 11:30:04.303635 : process/ext_target_mention_by_map_target_mention/run.sh
2016-05-19 11:30:04.303654 : mark_done process/ext_target_mention_by_map_target_mention
2016-05-19 11:30:04.303671 : ##############################################################################
2016-05-19 11:30:04.303691 
2016-05-19 11:30:04.303712 : ## data/target_mention #######################################################
2016-05-19 11:30:04.303732 : # Done: 2016-05-19T10:06:14-0500 (1h 23m 47s ago)
2016-05-19 11:30:04.303754 : # no-op
2016-05-19 11:30:04.303773 : mark_done data/target_mention
2016-05-19 11:30:04.303793 : ##############################################################################
2016-05-19 11:30:04.303815 
2016-05-19 11:30:04.303836 : ## process/init/relation/targets_chemcam_mer #################################
2016-05-19 11:30:04.303857 : # Done: 2016-05-19T11:28:15-0500 (1m 46s ago)
2016-05-19 11:30:04.303876 : process/init/relation/targets_chemcam_mer/run.sh
2016-05-19 11:30:04.303896 : mark_done process/init/relation/targets_chemcam_mer
2016-05-19 11:30:04.303918 : ##############################################################################
2016-05-19 11:30:04.303939 
2016-05-19 11:30:04.303969 : ## data/targets_chemcam_mer ##################################################
2016-05-19 11:30:04.303988 : # Done: 2016-05-19T11:28:15-0500 (1m 46s ago)
2016-05-19 11:30:04.304008 : # no-op
2016-05-19 11:30:04.304030 : mark_done data/targets_chemcam_mer
2016-05-19 11:30:04.304051 : ##############################################################################
2016-05-19 11:30:04.304071 
2016-05-19 11:30:04.304092 ## process/ext_target_label ##################################################
2016-05-19 11:30:04.304114 # Done: 2016-05-19T11:29:29-0500 (32s ago)
2016-05-19 11:30:04.304135 process/ext_target_label/run.sh
2016-05-19 11:30:04.304157 ++ dirname process/ext_target_label/run.sh
2016-05-19 11:30:04.304176 + cd process/ext_target_label
2016-05-19 11:30:04.304197 + export DEEPDIVE_CURRENT_PROCESS_NAME=process/ext_target_label
2016-05-19 11:30:04.304219 + DEEPDIVE_CURRENT_PROCESS_NAME=process/ext_target_label
2016-05-19 11:30:04.304239 + deepdive create table target_label
2016-05-19 11:30:04.389871 CREATE TABLE
2016-05-19 11:30:04.391899 + deepdive sql 'INSERT INTO target_label SELECT R0.mention_id AS "target_mention.R0.mention_id", R0.mention_text AS "target_mention.R0.mention_text", 1 AS column_2, '\''from_Chemcam_MER'\'' AS column_3
2016-05-19 11:30:04.391976 FROM target_mention R0, targets_chemcam_mer R1
2016-05-19 11:30:04.392004         WHERE lower(R1.target_name) = lower(R0.mention_text)'
2016-05-19 11:30:04.470629 INSERT 0 8
2016-05-19 11:30:04.471929 mark_done process/ext_target_label
2016-05-19 11:30:04.484111 ##############################################################################
2016-05-19 11:30:04.484162 
2016-05-19 11:30:04.484178 ## data/target_label #########################################################
2016-05-19 11:30:04.484198 # Done: 2016-05-19T11:29:29-0500 (32s ago)
2016-05-19 11:30:04.484253 # no-op
2016-05-19 11:30:04.484278 mark_done data/target_label
2016-05-19 11:30:04.495952 ##############################################################################
2016-05-19 11:30:04.496005 
