2016-03-10 09:28:01.549805 # on Snehas-MacBook-Pro.local: deepdive do articles
2016-03-10 09:28:01.550020 # run/20160310/092758.789053000/plan.sh
2016-03-10 09:28:01.550037 # execution plan for data/articles
2016-03-10 09:28:01.550053 
2016-03-10 09:28:01.550071 : ## process/init/app ##########################################################
2016-03-10 09:28:01.550091 : # Done: 2016-02-24T17:00:00-0800 (14d 16h 27m 58s ago)
2016-03-10 09:28:01.550109 : process/init/app/run.sh
2016-03-10 09:28:01.550126 : mark_done process/init/app
2016-03-10 09:28:01.550143 : ##############################################################################
2016-03-10 09:28:01.550161 
2016-03-10 09:28:01.550181 ## process/init/relation/articles ############################################
2016-03-10 09:28:01.550198 # Done: 2016-03-10T07:47:03-0800 (1h 40m 55s ago)
2016-03-10 09:28:01.550215 process/init/relation/articles/run.sh
2016-03-10 09:28:01.550232 ++ dirname process/init/relation/articles/run.sh
2016-03-10 09:28:01.550249 + cd process/init/relation/articles
2016-03-10 09:28:01.550265 + export DEEPDIVE_CURRENT_PROCESS_NAME=process/init/relation/articles
2016-03-10 09:28:01.550284 + DEEPDIVE_CURRENT_PROCESS_NAME=process/init/relation/articles
2016-03-10 09:28:01.550303 + deepdive create table articles
2016-03-10 09:28:01.671016 CREATE TABLE
2016-03-10 09:28:01.672233 + deepdive load articles
2016-03-10 09:28:01.745684 Loading articles from input/articles.tsv.sh (tsv format)
2016-03-10 09:28:01.791081 COPY 5
2016-03-10 09:28:01.795721 mark_done process/init/relation/articles
2016-03-10 09:28:01.810259 ##############################################################################
2016-03-10 09:28:01.810330 
2016-03-10 09:28:01.810347 ## data/articles #############################################################
2016-03-10 09:28:01.810366 # Done: 2016-03-10T07:47:03-0800 (1h 40m 55s ago)
2016-03-10 09:28:01.810407 # no-op
2016-03-10 09:28:01.810442 mark_done data/articles
2016-03-10 09:28:01.822229 ##############################################################################
2016-03-10 09:28:01.822282 
