2016-02-25 15:38:34.992060 # on guest-wireless-207-151-035-044.usc.edu: deepdive do person_mention
2016-02-25 15:38:34.992340 # run/20160225/153831.718148000/plan.sh
2016-02-25 15:38:34.992359 # execution plan for data/person_mention
2016-02-25 15:38:34.992376 
2016-02-25 15:38:34.992395 : ## process/init/app ##########################################################
2016-02-25 15:38:34.992414 : # Done: 2016-02-24T17:00:00-0800 (22h 38m 31s ago)
2016-02-25 15:38:34.992432 : process/init/app/run.sh
2016-02-25 15:38:34.992505 : mark_done process/init/app
2016-02-25 15:38:34.992529 : ##############################################################################
2016-02-25 15:38:34.992550 
2016-02-25 15:38:34.992576 : ## process/init/relation/articles ############################################
2016-02-25 15:38:34.992598 : # Done: 2016-02-25T15:34:51-0800 (3m 40s ago)
2016-02-25 15:38:34.992620 : process/init/relation/articles/run.sh
2016-02-25 15:38:34.992642 : mark_done process/init/relation/articles
2016-02-25 15:38:34.992662 : ##############################################################################
2016-02-25 15:38:34.992684 
2016-02-25 15:38:34.992706 : ## data/articles #############################################################
2016-02-25 15:38:34.992726 : # Done: 2016-02-25T15:34:52-0800 (3m 39s ago)
2016-02-25 15:38:34.992747 : # no-op
2016-02-25 15:38:34.992768 : mark_done data/articles
2016-02-25 15:38:34.992790 : ##############################################################################
2016-02-25 15:38:34.992817 
2016-02-25 15:38:34.992840 : ## process/ext_sentences_by_nlp_markup #######################################
2016-02-25 15:38:34.992868 : # Done: 2016-02-25T15:36:03-0800 (2m 28s ago)
2016-02-25 15:38:34.992890 : process/ext_sentences_by_nlp_markup/run.sh
2016-02-25 15:38:34.992909 : mark_done process/ext_sentences_by_nlp_markup
2016-02-25 15:38:34.992930 : ##############################################################################
2016-02-25 15:38:34.992952 
2016-02-25 15:38:34.992977 : ## data/sentences ############################################################
2016-02-25 15:38:34.993000 : # Done: 2016-02-25T15:36:03-0800 (2m 28s ago)
2016-02-25 15:38:34.993022 : # no-op
2016-02-25 15:38:34.993044 : mark_done data/sentences
2016-02-25 15:38:34.993067 : ##############################################################################
2016-02-25 15:38:34.993088 
2016-02-25 15:38:34.993110 ## process/ext_person_mention_by_map_person_mention ##########################
2016-02-25 15:38:34.993137 # Done: 2016-02-25T15:11:18-0800 (27m 13s ago)
2016-02-25 15:38:34.993159 process/ext_person_mention_by_map_person_mention/run.sh
2016-02-25 15:38:34.993180 ++ dirname process/ext_person_mention_by_map_person_mention/run.sh
2016-02-25 15:38:34.993202 + cd process/ext_person_mention_by_map_person_mention
2016-02-25 15:38:34.993215 + export DEEPDIVE_CURRENT_PROCESS_NAME=process/ext_person_mention_by_map_person_mention
2016-02-25 15:38:34.993225 + DEEPDIVE_CURRENT_PROCESS_NAME=process/ext_person_mention_by_map_person_mention
2016-02-25 15:38:34.993236 + export DEEPDIVE_LOAD_FORMAT=tsv
2016-02-25 15:38:34.993252 + DEEPDIVE_LOAD_FORMAT=tsv
2016-02-25 15:38:34.993276 + deepdive compute execute 'input_sql= SELECT R0.doc_id AS "sentences.R0.doc_id", R0.sentence_index AS "sentences.R0.sentence_index", R0.tokens AS "sentences.R0.tokens", R0.ner_tags AS "sentences.R0.ner_tags"
2016-02-25 15:38:34.993305 FROM sentences R0
2016-02-25 15:38:34.993325         
2016-02-25 15:38:34.993349           ' 'command="$DEEPDIVE_APP"/udf/map_person_mention.py' output_relation=person_mention
2016-02-25 15:38:35.021078 Executing with the following configuration:
2016-02-25 15:38:35.021142  DEEPDIVE_NUM_PROCESSES=3
2016-02-25 15:38:35.021167  DEEPDIVE_NUM_PARALLEL_UNLOADS=1
2016-02-25 15:38:35.021187  DEEPDIVE_NUM_PARALLEL_LOADS=1
2016-02-25 15:38:35.021208  output_relation_tmp=dd_tmp_person_mention
2016-02-25 15:38:35.021229 
2016-02-25 15:38:35.186313 CREATE TABLE
2016-02-25 15:38:35.300007 CREATE TABLE
2016-02-25 15:38:35.435665 unloading to feed_processes-1: ' SELECT R0.doc_id AS "sentences.R0.doc_id", R0.sentence_index AS "sentences.R0.sentence_index", R0.tokens AS "sentences.R0.tokens", R0.ner_tags AS "sentences.R0.ner_tags"
2016-02-25 15:38:35.435730 FROM sentences R0
2016-02-25 15:38:35.435753         
2016-02-25 15:38:35.435774           '
2016-02-25 15:38:35.459769 Loading dd_tmp_person_mention from output_computed-1 (tsv format)
2016-02-25 15:38:38.465231 COPY 57
2016-02-25 15:38:38.470286 Replacing person_mention with dd_tmp_person_mention
2016-02-25 15:38:38.546341 DROP TABLE
2016-02-25 15:38:38.679175 ALTER TABLE
2016-02-25 15:38:38.774601 ALTER TABLE
2016-02-25 15:38:38.858718 DROP TABLE
2016-02-25 15:38:38.901568 ANALYZE
2016-02-25 15:38:38.907821 mark_done process/ext_person_mention_by_map_person_mention
2016-02-25 15:38:38.923432 ##############################################################################
2016-02-25 15:38:38.923481 
2016-02-25 15:38:38.923498 ## data/person_mention #######################################################
2016-02-25 15:38:38.923517 # Done: 2016-02-25T15:11:18-0800 (27m 13s ago)
2016-02-25 15:38:38.923535 # no-op
2016-02-25 15:38:38.923577 mark_done data/person_mention
2016-02-25 15:38:38.936458 ##############################################################################
2016-02-25 15:38:38.936511 
