2016-05-19 10:49:05.597784 ‘run/LATEST.COMPILE’ -> ‘20160519/104905.547756000’
2016-05-19 10:49:05.598023 ‘run/RUNNING.COMPILE’ -> ‘20160519/104905.547756000’
2016-05-19 10:49:05.598053 Parsing DeepDive application (/Users/SnehaS/Desktop/DR/planetaryIR-Repo/app/planetaryir) to generate:
2016-05-19 10:49:05.598074  run/compiled/schema.json
2016-05-19 10:49:05.598093   from app.ddlog
2016-05-19 10:49:06.110194  run/compiled/deepdive.conf
2016-05-19 10:49:06.110356   from app.ddlog
2016-05-19 10:49:06.622640   from deepdive.conf
2016-05-19 10:49:06.628334  run/compiled/deepdive.conf.json
2016-05-19 10:49:06.917595 Performing sanity checks on run/compiled/deepdive.conf.json:
2016-05-19 10:49:06.958487  checking if input_extractors_well_defined
2016-05-19 10:49:06.958566  checking if input_schema_wellformed
2016-05-19 10:49:06.958932 Normalizing and adding built-in processes to the data flow to compile:
2016-05-19 10:49:06.959350  run/compiled/config-0.00-init_objects.json
2016-05-19 10:49:06.973594  run/compiled/config-0.01-parse_calibration.json
2016-05-19 10:49:06.986056  run/compiled/config-0.01-parse_schema.json
2016-05-19 10:49:07.002839  run/compiled/config-0.51-add_init_app.json
2016-05-19 10:49:07.016932  run/compiled/config-0.52-input_loader.json
2016-05-19 10:49:07.032016  run/compiled/config-1.00-qualified_names.json
2016-05-19 10:49:07.050958  run/compiled/config-1.01-parse_inference_rules.json
2016-05-19 10:49:07.076767  run/compiled/config-2.01-grounding.json
2016-05-19 10:49:07.137914  run/compiled/config-2.02-learning_inference.json
2016-05-19 10:49:07.154385  run/compiled/config-2.03-calibration_plots.json
2016-05-19 10:49:07.170791  run/compiled/config-9.98-ensure_init_app.json
2016-05-19 10:49:07.189851  run/compiled/config-9.99-dependencies.json
2016-05-19 10:49:07.209217  run/compiled/config.json
2016-05-19 10:49:07.212145 Validating run/compiled/config.json:
2016-05-19 10:49:07.281668  checking if compiled_base_relations_have_input_data
2016-05-19 10:49:07.281727  [WARNING] input/init.sh should load all base relations: articles 
2016-05-19 10:49:07.281749  checking if compiled_dependencies_correct
2016-05-19 10:49:07.281771  checking if compiled_input_output_well_defined
2016-05-19 10:49:07.281789  checking if compiled_output_uniquely_defined
2016-05-19 10:49:07.282023 Compiling executable code into:
2016-05-19 10:49:07.282326  run/compiled/code-Makefile.json
2016-05-19 10:49:07.298583  run/compiled/code-cmd_extractor.json
2016-05-19 10:49:07.314155  run/compiled/code-dataflow_dot.json
2016-05-19 10:49:07.337760  run/compiled/code-sql_extractor.json
2016-05-19 10:49:07.355452  run/compiled/code-tsv_extractor.json
2016-05-19 10:49:07.377611 Generating files:
2016-05-19 10:49:07.400509  run/Makefile
2016-05-19 10:49:07.414305  run/process/init/app/run.sh
2016-05-19 10:49:07.431662  run/process/init/relation/articles/run.sh
2016-05-19 10:49:07.447617  run/dataflow.dot
2016-05-19 10:49:07.462203  run/process/ext_person_mention_by_map_person_mention/run.sh
2016-05-19 10:49:07.477774  run/process/ext_sentences_by_nlp_markup/run.sh
2016-05-19 10:49:07.497597  run/process/ext_target_feature_by_extract_target_features/run.sh
2016-05-19 10:49:07.513233  run/process/ext_target_mention_by_map_target_mention/run.sh
2016-05-19 10:49:07.558853  run/dataflow.svg
2016-05-19 10:49:07.560089   (file:///Users/SnehaS/Desktop/DR/planetaryIR-Repo/app/planetaryir/run/dataflow.svg)
2016-05-19 10:49:07.564372 ‘run/compiled’ -> ‘run/compiled~’
2016-05-19 10:49:07.568296 ‘run/compiled’ -> ‘20160519/104905.547756000’
