2016-02-25 15:35:08.767848 # on guest-wireless-207-151-035-044.usc.edu: deepdive do sentences
2016-02-25 15:35:08.768114 # run/20160225/153505.465617000/plan.sh
2016-02-25 15:35:08.768135 # execution plan for data/sentences
2016-02-25 15:35:08.768152 
2016-02-25 15:35:08.768170 : ## process/init/app ##########################################################
2016-02-25 15:35:08.768194 : # Done: 2016-02-24T17:00:00-0800 (22h 35m 5s ago)
2016-02-25 15:35:08.768220 : process/init/app/run.sh
2016-02-25 15:35:08.768268 : mark_done process/init/app
2016-02-25 15:35:08.768314 : ##############################################################################
2016-02-25 15:35:08.768391 
2016-02-25 15:35:08.768439 : ## process/init/relation/articles ############################################
2016-02-25 15:35:08.768490 : # Done: 2016-02-25T15:34:51-0800 (14s ago)
2016-02-25 15:35:08.768548 : process/init/relation/articles/run.sh
2016-02-25 15:35:08.768593 : mark_done process/init/relation/articles
2016-02-25 15:35:08.768663 : ##############################################################################
2016-02-25 15:35:08.768721 
2016-02-25 15:35:08.768784 : ## data/articles #############################################################
2016-02-25 15:35:08.768821 : # Done: 2016-02-25T15:34:52-0800 (13s ago)
2016-02-25 15:35:08.768870 : # no-op
2016-02-25 15:35:08.768909 : mark_done data/articles
2016-02-25 15:35:08.768929 : ##############################################################################
2016-02-25 15:35:08.768950 
2016-02-25 15:35:08.768978 ## process/ext_sentences_by_nlp_markup #######################################
2016-02-25 15:35:08.769006 # Done: 2016-02-25T15:26:03-0800 (9m 2s ago)
2016-02-25 15:35:08.769032 process/ext_sentences_by_nlp_markup/run.sh
2016-02-25 15:35:08.769057 ++ dirname process/ext_sentences_by_nlp_markup/run.sh
2016-02-25 15:35:08.769079 + cd process/ext_sentences_by_nlp_markup
2016-02-25 15:35:08.769101 + export DEEPDIVE_CURRENT_PROCESS_NAME=process/ext_sentences_by_nlp_markup
2016-02-25 15:35:08.769127 + DEEPDIVE_CURRENT_PROCESS_NAME=process/ext_sentences_by_nlp_markup
2016-02-25 15:35:08.769180 + export DEEPDIVE_LOAD_FORMAT=tsv
2016-02-25 15:35:08.769219 + DEEPDIVE_LOAD_FORMAT=tsv
2016-02-25 15:35:08.769268 + deepdive compute execute 'input_sql= SELECT R0.id AS "articles.R0.id", R0.content AS "articles.R0.content"
2016-02-25 15:35:08.769297 FROM articles R0
2016-02-25 15:35:08.769318         
2016-02-25 15:35:08.769337           ' 'command="$DEEPDIVE_APP"/udf/nlp_markup.sh' output_relation=sentences
2016-02-25 15:35:08.810599 Executing with the following configuration:
2016-02-25 15:35:08.810679  DEEPDIVE_NUM_PROCESSES=3
2016-02-25 15:35:08.810701  DEEPDIVE_NUM_PARALLEL_UNLOADS=1
2016-02-25 15:35:08.810722  DEEPDIVE_NUM_PARALLEL_LOADS=1
2016-02-25 15:35:08.810808  output_relation_tmp=dd_tmp_sentences
2016-02-25 15:35:08.810833 
2016-02-25 15:35:08.976469 CREATE TABLE
2016-02-25 15:35:09.085450 CREATE TABLE
2016-02-25 15:35:09.218159 unloading to feed_processes-1: ' SELECT R0.id AS "articles.R0.id", R0.content AS "articles.R0.content"
2016-02-25 15:35:09.218228 FROM articles R0
2016-02-25 15:35:09.218263         
2016-02-25 15:35:09.218290           '
2016-02-25 15:35:09.235948 Loading dd_tmp_sentences from output_computed-1 (tsv format)
2016-02-25 15:35:09.973878 Parsing with max_len=100
2016-02-25 15:35:09.989661 Parsing with max_len=100
2016-02-25 15:35:10.037296 Parsing with max_len=100
2016-02-25 15:35:10.220102 Adding annotator tokenize
2016-02-25 15:35:10.227688 TokenizerAnnotator: No tokenizer type provided. Defaulting to PTBTokenizer.
2016-02-25 15:35:10.232193 Adding annotator tokenize
2016-02-25 15:35:10.234107 Adding annotator cleanxml
2016-02-25 15:35:10.237824 TokenizerAnnotator: No tokenizer type provided. Defaulting to PTBTokenizer.
2016-02-25 15:35:10.242717 Adding annotator cleanxml
2016-02-25 15:35:10.262354 Adding annotator ssplit
2016-02-25 15:35:10.266245 Adding annotator tokenize
2016-02-25 15:35:10.269548 Adding annotator pos
2016-02-25 15:35:10.272990 TokenizerAnnotator: No tokenizer type provided. Defaulting to PTBTokenizer.
2016-02-25 15:35:10.278988 Adding annotator ssplit
2016-02-25 15:35:10.279121 Adding annotator cleanxml
2016-02-25 15:35:10.281388 Adding annotator pos
2016-02-25 15:35:10.329068 Reading POS tagger model from edu/stanford/nlp/models/pos-tagger/english-left3words/english-left3words-distsim.tagger ... Adding annotator ssplit
2016-02-25 15:35:10.331125 Adding annotator pos
2016-02-25 15:35:12.113304 Reading POS tagger model from edu/stanford/nlp/models/pos-tagger/english-left3words/english-left3words-distsim.tagger ... Reading POS tagger model from edu/stanford/nlp/models/pos-tagger/english-left3words/english-left3words-distsim.tagger ... done [1.7 sec].
2016-02-25 15:35:12.113479 Adding annotator lemma
2016-02-25 15:35:12.114394 Adding annotator ner
2016-02-25 15:35:12.128852 done [1.8 sec].
2016-02-25 15:35:12.133415 Adding annotator lemma
2016-02-25 15:35:12.133493 Adding annotator ner
2016-02-25 15:35:12.309183 done [2.0 sec].
2016-02-25 15:35:12.309308 Adding annotator lemma
2016-02-25 15:35:12.310139 Adding annotator ner
2016-02-25 15:35:19.616900 Loading classifier from edu/stanford/nlp/models/ner/english.all.3class.distsim.crf.ser.gz ... Loading classifier from edu/stanford/nlp/models/ner/english.all.3class.distsim.crf.ser.gz ... Loading classifier from edu/stanford/nlp/models/ner/english.all.3class.distsim.crf.ser.gz ... done [7.2 sec].
2016-02-25 15:35:19.737258 Loading classifier from edu/stanford/nlp/models/ner/english.muc.7class.distsim.crf.ser.gz ... done [7.2 sec].
2016-02-25 15:35:19.834064 Loading classifier from edu/stanford/nlp/models/ner/english.muc.7class.distsim.crf.ser.gz ... done [7.5 sec].
2016-02-25 15:35:23.998697 Loading classifier from edu/stanford/nlp/models/ner/english.muc.7class.distsim.crf.ser.gz ... done [4.3 sec].
2016-02-25 15:35:24.135323 Loading classifier from edu/stanford/nlp/models/ner/english.conll.4class.distsim.crf.ser.gz ... done [4.5 sec].
2016-02-25 15:35:24.244289 Loading classifier from edu/stanford/nlp/models/ner/english.conll.4class.distsim.crf.ser.gz ... done [4.4 sec].
2016-02-25 15:35:27.233270 Loading classifier from edu/stanford/nlp/models/ner/english.conll.4class.distsim.crf.ser.gz ... done [3.1 sec].
2016-02-25 15:35:27.235182 sutime.binder.1.
2016-02-25 15:35:27.235245 Initializing JollyDayHoliday for sutime with classpath:edu/stanford/nlp/models/sutime/jollyday/Holidays_sutime.xml
2016-02-25 15:35:27.265996 done [3.3 sec].
2016-02-25 15:35:27.267373 sutime.binder.1.
2016-02-25 15:35:27.267443 Initializing JollyDayHoliday for sutime with classpath:edu/stanford/nlp/models/sutime/jollyday/Holidays_sutime.xml
2016-02-25 15:35:27.666069 done [3.4 sec].
2016-02-25 15:35:27.676213 sutime.binder.1.
2016-02-25 15:35:27.676295 Initializing JollyDayHoliday for sutime with classpath:edu/stanford/nlp/models/sutime/jollyday/Holidays_sutime.xml
2016-02-25 15:35:27.953500 Reading TokensRegex rules from edu/stanford/nlp/models/sutime/defs.sutime.txt
2016-02-25 15:35:28.021592 Reading TokensRegex rules from edu/stanford/nlp/models/sutime/defs.sutime.txt
2016-02-25 15:35:28.083602 Reading TokensRegex rules from edu/stanford/nlp/models/sutime/english.sutime.txt
2016-02-25 15:35:28.154202 Reading TokensRegex rules from edu/stanford/nlp/models/sutime/english.sutime.txt
2016-02-25 15:35:28.711599 Reading TokensRegex rules from edu/stanford/nlp/models/sutime/defs.sutime.txt
2016-02-25 15:35:28.867708 Reading TokensRegex rules from edu/stanford/nlp/models/sutime/english.sutime.txt
2016-02-25 15:35:28.880157 Feb 25, 2016 3:35:28 PM edu.stanford.nlp.ling.tokensregex.CoreMapExpressionExtractor appendRules
2016-02-25 15:35:28.880232 INFO: Ignoring inactive rule: null
2016-02-25 15:35:28.881206 Feb 25, 2016 3:35:28 PM edu.stanford.nlp.ling.tokensregex.CoreMapExpressionExtractor appendRules
2016-02-25 15:35:28.881262 INFO: Ignoring inactive rule: temporal-composite-8:ranges
2016-02-25 15:35:28.881752 Reading TokensRegex rules from edu/stanford/nlp/models/sutime/english.holidays.sutime.txt
2016-02-25 15:35:28.887616 Adding annotator parse
2016-02-25 15:35:28.934825 Loading parser from serialized file edu/stanford/nlp/models/srparser/englishSR.ser.gz ...Feb 25, 2016 3:35:28 PM edu.stanford.nlp.ling.tokensregex.CoreMapExpressionExtractor appendRules
2016-02-25 15:35:28.934899 INFO: Ignoring inactive rule: null
2016-02-25 15:35:28.936241 Feb 25, 2016 3:35:28 PM edu.stanford.nlp.ling.tokensregex.CoreMapExpressionExtractor appendRules
2016-02-25 15:35:28.936315 INFO: Ignoring inactive rule: temporal-composite-8:ranges
2016-02-25 15:35:28.936563 Reading TokensRegex rules from edu/stanford/nlp/models/sutime/english.holidays.sutime.txt
2016-02-25 15:35:28.944164 Adding annotator parse
2016-02-25 15:35:29.737347 Loading parser from serialized file edu/stanford/nlp/models/srparser/englishSR.ser.gz ...Feb 25, 2016 3:35:29 PM edu.stanford.nlp.ling.tokensregex.CoreMapExpressionExtractor appendRules
2016-02-25 15:35:29.737417 INFO: Ignoring inactive rule: null
2016-02-25 15:35:29.738460 Feb 25, 2016 3:35:29 PM edu.stanford.nlp.ling.tokensregex.CoreMapExpressionExtractor appendRules
2016-02-25 15:35:29.738517 INFO: Ignoring inactive rule: temporal-composite-8:ranges
2016-02-25 15:35:29.739040 Reading TokensRegex rules from edu/stanford/nlp/models/sutime/english.holidays.sutime.txt
2016-02-25 15:35:29.755779 Adding annotator parse
2016-02-25 15:35:54.338420 Loading parser from serialized file edu/stanford/nlp/models/srparser/englishSR.ser.gz ...done [25.4 sec].
2016-02-25 15:35:54.483071 done [25.5 sec].
2016-02-25 15:35:54.537087 Parsing document 1438...
2016-02-25 15:35:54.896686 done [25.1 sec].
2016-02-25 15:36:02.800179 COPY 65
2016-02-25 15:36:02.806655 Replacing sentences with dd_tmp_sentences
2016-02-25 15:36:02.894509 DROP TABLE
2016-02-25 15:36:02.965943 ALTER TABLE
2016-02-25 15:36:03.052507 ALTER TABLE
2016-02-25 15:36:03.129532 DROP TABLE
2016-02-25 15:36:03.193465 ANALYZE
2016-02-25 15:36:03.199282 mark_done process/ext_sentences_by_nlp_markup
2016-02-25 15:36:03.222214 ##############################################################################
2016-02-25 15:36:03.222281 
2016-02-25 15:36:03.222304 ## data/sentences ############################################################
2016-02-25 15:36:03.222322 # Done: 2016-02-25T15:26:03-0800 (9m 2s ago)
2016-02-25 15:36:03.222340 # no-op
2016-02-25 15:36:03.222373 mark_done data/sentences
2016-02-25 15:36:03.239700 ##############################################################################
2016-02-25 15:36:03.239773 
