2016-05-18 15:33:34.909410 ‘run/LATEST.COMPILE’ -> ‘20160518/153334.861060000’
2016-05-18 15:33:34.909639 ‘run/RUNNING.COMPILE’ -> ‘20160518/153334.861060000’
2016-05-18 15:33:34.909666 Parsing DeepDive application (/Users/SnehaS/Desktop/DR/planetaryIR-Repo/app/planetaryir) to generate:
2016-05-18 15:33:34.909688  run/compiled/schema.json
2016-05-18 15:33:34.909707   from app.ddlog
2016-05-18 15:33:35.324510  run/compiled/deepdive.conf
2016-05-18 15:33:35.324593   from app.ddlog
2016-05-18 15:33:35.798945   from deepdive.conf
2016-05-18 15:33:35.804436  run/compiled/deepdive.conf.json
2016-05-18 15:33:36.091021 Performing sanity checks on run/compiled/deepdive.conf.json:
2016-05-18 15:33:36.132163  checking if input_extractors_well_defined
2016-05-18 15:33:36.132296  checking if input_schema_wellformed
2016-05-18 15:33:36.132817 Normalizing and adding built-in processes to the data flow to compile:
2016-05-18 15:33:36.133490  run/compiled/config-0.00-init_objects.json
2016-05-18 15:33:36.149329  run/compiled/config-0.01-parse_calibration.json
2016-05-18 15:33:36.163832  run/compiled/config-0.01-parse_schema.json
2016-05-18 15:33:36.183046  run/compiled/config-0.51-add_init_app.json
2016-05-18 15:33:36.197457  run/compiled/config-0.52-input_loader.json
2016-05-18 15:33:36.215382  run/compiled/config-1.00-qualified_names.json
2016-05-18 15:33:36.240272  run/compiled/config-1.01-parse_inference_rules.json
2016-05-18 15:33:36.263799  run/compiled/config-2.01-grounding.json
2016-05-18 15:33:36.334532  run/compiled/config-2.02-learning_inference.json
2016-05-18 15:33:36.350341  run/compiled/config-2.03-calibration_plots.json
2016-05-18 15:33:36.363605  run/compiled/config-9.98-ensure_init_app.json
2016-05-18 15:33:36.381333  run/compiled/config-9.99-dependencies.json
2016-05-18 15:33:36.398535  run/compiled/config.json
2016-05-18 15:33:36.401268 Validating run/compiled/config.json:
2016-05-18 15:33:36.480134  checking if compiled_base_relations_have_input_data
2016-05-18 15:33:36.480206  [WARNING] input/init.sh should load all base relations: articles 
2016-05-18 15:33:36.480229  checking if compiled_dependencies_correct
2016-05-18 15:33:36.480248  checking if compiled_input_output_well_defined
2016-05-18 15:33:36.480267  checking if compiled_output_uniquely_defined
2016-05-18 15:33:36.480496 Compiling executable code into:
2016-05-18 15:33:36.480778  run/compiled/code-Makefile.json
2016-05-18 15:33:36.498430  run/compiled/code-cmd_extractor.json
2016-05-18 15:33:36.511579  run/compiled/code-dataflow_dot.json
2016-05-18 15:33:36.534499  run/compiled/code-sql_extractor.json
2016-05-18 15:33:36.551312  run/compiled/code-tsv_extractor.json
2016-05-18 15:33:36.568972 Generating files:
2016-05-18 15:33:36.591334  run/Makefile
2016-05-18 15:33:36.608558  run/process/init/app/run.sh
2016-05-18 15:33:36.626780  run/process/init/relation/articles/run.sh
2016-05-18 15:33:36.643020  run/dataflow.dot
2016-05-18 15:33:36.659310  run/process/ext_person_mention_by_map_person_mention/run.sh
2016-05-18 15:33:36.675598  run/process/ext_sentences_by_nlp_markup/run.sh
2016-05-18 15:33:36.692312  run/process/ext_target_mention_by_map_target_mention/run.sh
2016-05-18 15:33:36.738145  run/dataflow.svg
2016-05-18 15:33:36.739168   (file:///Users/SnehaS/Desktop/DR/planetaryIR-Repo/app/planetaryir/run/dataflow.svg)
2016-05-18 15:33:36.742785 ‘run/compiled’ -> ‘run/compiled~’
2016-05-18 15:33:36.746200 ‘run/compiled’ -> ‘20160518/153334.861060000’
