2016-05-24 10:21:51.415560 # on Snehas-MacBook-Pro.local: deepdive do is_target
2016-05-24 10:21:51.415784 # run/20160524/102148.131123000/plan.sh
2016-05-24 10:21:51.415805 # execution plan for data/is_target
2016-05-24 10:21:51.415825 
2016-05-24 10:21:51.415846 : ## process/init/app ##########################################################
2016-05-24 10:21:51.415866 : # Done: 2016-03-31T11:08:43-0500 (53d 23h 13m 5s ago)
2016-05-24 10:21:51.415885 : process/init/app/run.sh
2016-05-24 10:21:51.415902 : mark_done process/init/app
2016-05-24 10:21:51.415920 : ##############################################################################
2016-05-24 10:21:51.415938 
2016-05-24 10:21:51.415957 : ## process/init/relation/articles ############################################
2016-05-24 10:21:51.415977 : # Done: 2016-05-23T10:36:55-0500 (23h 44m 53s ago)
2016-05-24 10:21:51.415996 : process/init/relation/articles/run.sh
2016-05-24 10:21:51.416013 : mark_done process/init/relation/articles
2016-05-24 10:21:51.416031 : ##############################################################################
2016-05-24 10:21:51.416047 
2016-05-24 10:21:51.416065 : ## data/articles #############################################################
2016-05-24 10:21:51.416082 : # Done: 2016-05-23T10:36:55-0500 (23h 44m 53s ago)
2016-05-24 10:21:51.416103 : # no-op
2016-05-24 10:21:51.416122 : mark_done data/articles
2016-05-24 10:21:51.416140 : ##############################################################################
2016-05-24 10:21:51.416159 
2016-05-24 10:21:51.416178 : ## process/ext_sentences_by_nlp_markup #######################################
2016-05-24 10:21:51.416196 : # Done: 2016-05-23T10:39:40-0500 (23h 42m 8s ago)
2016-05-24 10:21:51.416214 : process/ext_sentences_by_nlp_markup/run.sh
2016-05-24 10:21:51.416231 : mark_done process/ext_sentences_by_nlp_markup
2016-05-24 10:21:51.416249 : ##############################################################################
2016-05-24 10:21:51.416269 
2016-05-24 10:21:51.416289 : ## data/sentences ############################################################
2016-05-24 10:21:51.416307 : # Done: 2016-05-23T10:39:40-0500 (23h 42m 8s ago)
2016-05-24 10:21:51.416327 : # no-op
2016-05-24 10:21:51.416345 : mark_done data/sentences
2016-05-24 10:21:51.416363 : ##############################################################################
2016-05-24 10:21:51.416380 
2016-05-24 10:21:51.416397 : ## process/ext_target_mention_by_map_target_mention ##########################
2016-05-24 10:21:51.416417 : # Done: 2016-05-23T11:43:36-0500 (22h 38m 12s ago)
2016-05-24 10:21:51.416437 : process/ext_target_mention_by_map_target_mention/run.sh
2016-05-24 10:21:51.416455 : mark_done process/ext_target_mention_by_map_target_mention
2016-05-24 10:21:51.416474 : ##############################################################################
2016-05-24 10:21:51.416485 
2016-05-24 10:21:51.416495 : ## data/target_mention #######################################################
2016-05-24 10:21:51.416505 : # Done: 2016-05-23T11:43:36-0500 (22h 38m 12s ago)
2016-05-24 10:21:51.416515 : # no-op
2016-05-24 10:21:51.416530 : mark_done data/target_mention
2016-05-24 10:21:51.416550 : ##############################################################################
2016-05-24 10:21:51.416569 
2016-05-24 10:21:51.416588 : ## process/ext_target_label__0_by_supervise ##################################
2016-05-24 10:21:51.416608 : # Done: 2016-05-23T15:54:06-0500 (18h 27m 42s ago)
2016-05-24 10:21:51.416626 : process/ext_target_label__0_by_supervise/run.sh
2016-05-24 10:21:51.416643 : mark_done process/ext_target_label__0_by_supervise
2016-05-24 10:21:51.416660 : ##############################################################################
2016-05-24 10:21:51.416681 
2016-05-24 10:21:51.416707 : ## data/target_label__0 ######################################################
2016-05-24 10:21:51.416729 : # Done: 2016-05-23T15:54:06-0500 (18h 27m 42s ago)
2016-05-24 10:21:51.416747 : # no-op
2016-05-24 10:21:51.416764 : mark_done data/target_label__0
2016-05-24 10:21:51.416781 : ##############################################################################
2016-05-24 10:21:51.416800 
2016-05-24 10:21:51.416817 : ## process/init/relation/targets_chemcam_mer #################################
2016-05-24 10:21:51.416835 : # Done: 2016-05-19T11:28:15-0500 (4d 22h 53m 33s ago)
2016-05-24 10:21:51.416854 : process/init/relation/targets_chemcam_mer/run.sh
2016-05-24 10:21:51.416865 : mark_done process/init/relation/targets_chemcam_mer
2016-05-24 10:21:51.416875 : ##############################################################################
2016-05-24 10:21:51.416890 
2016-05-24 10:21:51.416911 : ## data/targets_chemcam_mer ##################################################
2016-05-24 10:21:51.416951 : # Done: 2016-05-19T11:28:15-0500 (4d 22h 53m 33s ago)
2016-05-24 10:21:51.416986 : # no-op
2016-05-24 10:21:51.417036 : mark_done data/targets_chemcam_mer
2016-05-24 10:21:51.417058 : ##############################################################################
2016-05-24 10:21:51.417077 
2016-05-24 10:21:51.417097 : ## process/ext_target_label ##################################################
2016-05-24 10:21:51.417118 : # Done: 2016-05-23T15:54:06-0500 (18h 27m 42s ago)
2016-05-24 10:21:51.417137 : process/ext_target_label/run.sh
2016-05-24 10:21:51.417170 : mark_done process/ext_target_label
2016-05-24 10:21:51.417201 : ##############################################################################
2016-05-24 10:21:51.417224 
2016-05-24 10:21:51.417247 : ## data/target_label #########################################################
2016-05-24 10:21:51.417268 : # Done: 2016-05-23T15:54:06-0500 (18h 27m 42s ago)
2016-05-24 10:21:51.417288 : # no-op
2016-05-24 10:21:51.417309 : mark_done data/target_label
2016-05-24 10:21:51.417331 : ##############################################################################
2016-05-24 10:21:51.417352 
2016-05-24 10:21:51.417372 : ## process/ext_target_label_resolved #########################################
2016-05-24 10:21:51.417392 : # Done: 2016-05-23T15:54:06-0500 (18h 27m 42s ago)
2016-05-24 10:21:51.417413 : process/ext_target_label_resolved/run.sh
2016-05-24 10:21:51.417434 : mark_done process/ext_target_label_resolved
2016-05-24 10:21:51.417455 : ##############################################################################
2016-05-24 10:21:51.417475 
2016-05-24 10:21:51.417494 : ## data/target_label_resolved ################################################
2016-05-24 10:21:51.417515 : # Done: 2016-05-23T15:54:06-0500 (18h 27m 42s ago)
2016-05-24 10:21:51.417537 : # no-op
2016-05-24 10:21:51.417557 : mark_done data/target_label_resolved
2016-05-24 10:21:51.417577 : ##############################################################################
2016-05-24 10:21:51.417596 
2016-05-24 10:21:51.417617 ## process/ext_is_target #####################################################
2016-05-24 10:21:51.417638 # Done: 2016-05-23T15:54:06-0500 (18h 27m 42s ago)
2016-05-24 10:21:51.417659 process/ext_is_target/run.sh
2016-05-24 10:21:51.417681 ++ dirname process/ext_is_target/run.sh
2016-05-24 10:21:51.417701 + cd process/ext_is_target
2016-05-24 10:21:51.417721 + export DEEPDIVE_CURRENT_PROCESS_NAME=process/ext_is_target
2016-05-24 10:21:51.417741 + DEEPDIVE_CURRENT_PROCESS_NAME=process/ext_is_target
2016-05-24 10:21:51.417761 + deepdive create view is_target as 'SELECT DISTINCT R0.column_0, R0.column_1, 0 AS id, 
2016-05-24 10:21:51.417781 CASE WHEN R0.column_2 > 0 THEN true
2016-05-24 10:21:51.417800      WHEN R0.column_2 < 0 THEN false
2016-05-24 10:21:51.417818      ELSE NULL
2016-05-24 10:21:51.417839 END AS label
2016-05-24 10:21:51.417861           FROM target_label_resolved R0
2016-05-24 10:21:51.417882         
2016-05-24 10:21:51.417903           
2016-05-24 10:21:51.417925 UNION ALL
2016-05-24 10:21:51.417945 SELECT DISTINCT R0.mention_id, R0.mention_text, 0 AS id, (NULL :: BOOLEAN) AS label
2016-05-24 10:21:51.417966           FROM target_mention R0
2016-05-24 10:21:51.417985         
2016-05-24 10:21:51.418007           '
2016-05-24 10:21:51.545601 CREATE VIEW
2016-05-24 10:21:51.546907 mark_done process/ext_is_target
2016-05-24 10:21:51.558667 ##############################################################################
2016-05-24 10:21:51.558718 
2016-05-24 10:21:51.558739 ## data/is_target ############################################################
2016-05-24 10:21:51.558789 # Done: 2016-05-23T15:54:06-0500 (18h 27m 42s ago)
2016-05-24 10:21:51.558821 # no-op
2016-05-24 10:21:51.558842 mark_done data/is_target
2016-05-24 10:21:51.570765 ##############################################################################
2016-05-24 10:21:51.570842 
