2016-05-23 10:36:54.712612 # on Snehas-MacBook-Pro.local: deepdive do articles
2016-05-23 10:36:54.712851 # run/20160523/103651.520713000/plan.sh
2016-05-23 10:36:54.712883 # execution plan for data/articles
2016-05-23 10:36:54.712906 
2016-05-23 10:36:54.712930 : ## process/init/app ##########################################################
2016-05-23 10:36:54.712952 : # Done: 2016-03-31T11:08:43-0500 (52d 23h 28m 8s ago)
2016-05-23 10:36:54.712971 : process/init/app/run.sh
2016-05-23 10:36:54.712990 : mark_done process/init/app
2016-05-23 10:36:54.713009 : ##############################################################################
2016-05-23 10:36:54.713028 
2016-05-23 10:36:54.713048 ## process/init/relation/articles ############################################
2016-05-23 10:36:54.713069 # Done: 2016-03-31T11:08:43-0500 (52d 23h 28m 8s ago)
2016-05-23 10:36:54.713088 process/init/relation/articles/run.sh
2016-05-23 10:36:54.713109 ++ dirname process/init/relation/articles/run.sh
2016-05-23 10:36:54.713128 + cd process/init/relation/articles
2016-05-23 10:36:54.713147 + export DEEPDIVE_CURRENT_PROCESS_NAME=process/init/relation/articles
2016-05-23 10:36:54.713166 + DEEPDIVE_CURRENT_PROCESS_NAME=process/init/relation/articles
2016-05-23 10:36:54.713185 + deepdive create table articles
2016-05-23 10:36:54.833459 CREATE TABLE
2016-05-23 10:36:54.834535 + deepdive load articles
2016-05-23 10:36:54.908633 Loading articles from input/articles.tsv.sh (tsv format)
2016-05-23 10:36:54.990216 COPY 18
2016-05-23 10:36:54.997931 mark_done process/init/relation/articles
2016-05-23 10:36:55.013095 ##############################################################################
2016-05-23 10:36:55.013182 
2016-05-23 10:36:55.013221 ## data/articles #############################################################
2016-05-23 10:36:55.013250 # Done: 2016-03-31T11:08:43-0500 (52d 23h 28m 8s ago)
2016-05-23 10:36:55.013273 # no-op
2016-05-23 10:36:55.013310 mark_done data/articles
2016-05-23 10:36:55.027925 ##############################################################################
2016-05-23 10:36:55.027988 
