2016-02-24 16:34:05.098113 ‘run/LATEST.COMPILE’ -> ‘20160224/163405.055163000’
2016-02-24 16:34:05.098434 ‘run/RUNNING.COMPILE’ -> ‘20160224/163405.055163000’
2016-02-24 16:34:05.098461 Parsing DeepDive application (/Users/SnehaS/Desktop/DR/planetaryIR-Repo/app/planetaryIR) to generate:
2016-02-24 16:34:05.098482  run/compiled/schema.json
2016-02-24 16:34:05.098502   from app.ddlog
2016-02-24 16:34:05.428937  run/compiled/deepdive.conf
2016-02-24 16:34:05.429045   from app.ddlog
2016-02-24 16:34:05.812401   from deepdive.conf
2016-02-24 16:34:05.817739  run/compiled/deepdive.conf.json
2016-02-24 16:34:06.082375 Performing sanity checks on run/compiled/deepdive.conf.json:
2016-02-24 16:34:06.116887  checking if input_extractors_well_defined
2016-02-24 16:34:06.116955  checking if input_schema_wellformed
2016-02-24 16:34:06.117236 Normalizing and adding built-in processes to the data flow to compile:
2016-02-24 16:34:06.117772  run/compiled/config-0.00-init_objects.json
2016-02-24 16:34:06.130659  run/compiled/config-0.01-parse_calibration.json
2016-02-24 16:34:06.141474  run/compiled/config-0.01-parse_schema.json
2016-02-24 16:34:06.156725  run/compiled/config-0.51-add_init_app.json
2016-02-24 16:34:06.170471  run/compiled/config-0.52-input_loader.json
2016-02-24 16:34:06.182675  run/compiled/config-1.00-qualified_names.json
2016-02-24 16:34:06.197963  run/compiled/config-1.01-parse_inference_rules.json
2016-02-24 16:34:06.220257  run/compiled/config-2.01-grounding.json
2016-02-24 16:34:06.279266  run/compiled/config-2.02-learning_inference.json
2016-02-24 16:34:06.293626  run/compiled/config-2.03-calibration_plots.json
2016-02-24 16:34:06.306033  run/compiled/config-9.98-ensure_init_app.json
2016-02-24 16:34:06.318321  run/compiled/config-9.99-dependencies.json
2016-02-24 16:34:06.331198  run/compiled/config.json
2016-02-24 16:34:06.334757 Validating run/compiled/config.json:
2016-02-24 16:34:06.405934  checking if compiled_base_relations_have_input_data
2016-02-24 16:34:06.405985  checking if compiled_dependencies_correct
2016-02-24 16:34:06.406006  checking if compiled_input_output_well_defined
2016-02-24 16:34:06.406025  checking if compiled_output_uniquely_defined
2016-02-24 16:34:06.406280 Compiling executable code into:
2016-02-24 16:34:06.406526  run/compiled/code-Makefile.json
2016-02-24 16:34:06.420786  run/compiled/code-cmd_extractor.json
2016-02-24 16:34:06.432583  run/compiled/code-dataflow_dot.json
2016-02-24 16:34:06.450308  run/compiled/code-sql_extractor.json
2016-02-24 16:34:06.463663  run/compiled/code-tsv_extractor.json
2016-02-24 16:34:06.481401 Generating files:
2016-02-24 16:34:06.501440  run/Makefile
2016-02-24 16:34:06.515801  run/process/init/app/run.sh
2016-02-24 16:34:06.530091  run/process/init/relation/articles/run.sh
2016-02-24 16:34:06.547275  run/dataflow.dot
2016-02-24 16:34:06.562343 dyld: Library not loaded: /Profiles/netj/take1/deepdive/extern/.build/bundled.prep/graphviz/prefix/lib/libgvc.6.dylib
2016-02-24 16:34:06.562583   Referenced from: /Users/SnehaS/local/lib/bundled/.all/bin/dot
2016-02-24 16:34:06.562622   Reason: image not found
2016-02-24 16:34:06.620708 /Users/SnehaS/local/util/deepdive-compile: line 157: 11070 Trace/BPT trap: 5       dot -Tsvg < dataflow.dot > dataflow.svg
