2016-05-19 08:53:21.458280 ‘run/LATEST.COMPILE’ -> ‘20160519/085321.413416000’
2016-05-19 08:53:21.458511 ‘run/RUNNING.COMPILE’ -> ‘20160519/085321.413416000’
2016-05-19 08:53:21.458539 Parsing DeepDive application (/Users/SnehaS/Desktop/DR/planetaryIR-Repo/app/planetaryir) to generate:
2016-05-19 08:53:21.458560  run/compiled/schema.json
2016-05-19 08:53:21.458581   from app.ddlog
2016-05-19 08:53:21.894866  run/compiled/deepdive.conf
2016-05-19 08:53:21.895006   from app.ddlog
2016-05-19 08:53:22.450185   from deepdive.conf
2016-05-19 08:53:22.456164  run/compiled/deepdive.conf.json
2016-05-19 08:53:22.742110 Performing sanity checks on run/compiled/deepdive.conf.json:
2016-05-19 08:53:22.780409  checking if input_extractors_well_defined
2016-05-19 08:53:22.780514  checking if input_schema_wellformed
2016-05-19 08:53:22.780952 Normalizing and adding built-in processes to the data flow to compile:
2016-05-19 08:53:22.781643  run/compiled/config-0.00-init_objects.json
2016-05-19 08:53:22.794402  run/compiled/config-0.01-parse_calibration.json
2016-05-19 08:53:22.806565  run/compiled/config-0.01-parse_schema.json
2016-05-19 08:53:22.823968  run/compiled/config-0.51-add_init_app.json
2016-05-19 08:53:22.837113  run/compiled/config-0.52-input_loader.json
2016-05-19 08:53:22.856253  run/compiled/config-1.00-qualified_names.json
2016-05-19 08:53:22.873564  run/compiled/config-1.01-parse_inference_rules.json
2016-05-19 08:53:22.899115  run/compiled/config-2.01-grounding.json
2016-05-19 08:53:22.961419  run/compiled/config-2.02-learning_inference.json
2016-05-19 08:53:22.978250  run/compiled/config-2.03-calibration_plots.json
2016-05-19 08:53:22.992344  run/compiled/config-9.98-ensure_init_app.json
2016-05-19 08:53:23.008379  run/compiled/config-9.99-dependencies.json
2016-05-19 08:53:23.024840  run/compiled/config.json
2016-05-19 08:53:23.027624 Validating run/compiled/config.json:
2016-05-19 08:53:23.095774  checking if compiled_base_relations_have_input_data
2016-05-19 08:53:23.095835  [WARNING] input/init.sh should load all base relations: articles 
2016-05-19 08:53:23.095854  checking if compiled_dependencies_correct
2016-05-19 08:53:23.095873  checking if compiled_input_output_well_defined
2016-05-19 08:53:23.095891  checking if compiled_output_uniquely_defined
2016-05-19 08:53:23.096168 Compiling executable code into:
2016-05-19 08:53:23.096440  run/compiled/code-Makefile.json
2016-05-19 08:53:23.112483  run/compiled/code-cmd_extractor.json
2016-05-19 08:53:23.126890  run/compiled/code-dataflow_dot.json
2016-05-19 08:53:23.142528  run/compiled/code-sql_extractor.json
2016-05-19 08:53:23.157173  run/compiled/code-tsv_extractor.json
2016-05-19 08:53:23.175792 Generating files:
2016-05-19 08:53:23.191577  run/Makefile
2016-05-19 08:53:23.203740  run/process/init/app/run.sh
2016-05-19 08:53:23.221318  run/process/init/relation/articles/run.sh
2016-05-19 08:53:23.246349  run/dataflow.dot
2016-05-19 08:53:23.259517  run/process/ext_person_mention_by_map_person_mention/run.sh
2016-05-19 08:53:23.280549  run/process/ext_sentences_by_nlp_markup/run.sh
2016-05-19 08:53:23.296181  run/process/ext_target_mention_by_map_target_mention/run.sh
2016-05-19 08:53:23.332925  run/dataflow.svg
2016-05-19 08:53:23.333897   (file:///Users/SnehaS/Desktop/DR/planetaryIR-Repo/app/planetaryir/run/dataflow.svg)
2016-05-19 08:53:23.336564 ‘run/compiled’ -> ‘run/compiled~’
2016-05-19 08:53:23.339329 ‘run/compiled’ -> ‘20160519/085321.413416000’
