2016-02-25 15:11:14.590080 # on guest-wireless-207-151-035-044.usc.edu: deepdive do person_mention
2016-02-25 15:11:14.590281 # run/20160225/151111.379750000/plan.sh
2016-02-25 15:11:14.590304 # execution plan for data/person_mention
2016-02-25 15:11:14.590324 
2016-02-25 15:11:14.590341 : ## process/init/app ##########################################################
2016-02-25 15:11:14.590359 : # Done: 2016-02-24T17:00:00-0800 (22h 11m 11s ago)
2016-02-25 15:11:14.590385 : process/init/app/run.sh
2016-02-25 15:11:14.590409 : mark_done process/init/app
2016-02-25 15:11:14.590428 : ##############################################################################
2016-02-25 15:11:14.590446 
2016-02-25 15:11:14.590466 : ## process/init/relation/articles ############################################
2016-02-25 15:11:14.590485 : # Done: 2016-02-25T15:09:35-0800 (1m 36s ago)
2016-02-25 15:11:14.590503 : process/init/relation/articles/run.sh
2016-02-25 15:11:14.590522 : mark_done process/init/relation/articles
2016-02-25 15:11:14.590551 : ##############################################################################
2016-02-25 15:11:14.590590 
2016-02-25 15:11:14.590614 : ## data/articles #############################################################
2016-02-25 15:11:14.590634 : # Done: 2016-02-25T15:09:35-0800 (1m 36s ago)
2016-02-25 15:11:14.590654 : # no-op
2016-02-25 15:11:14.590673 : mark_done data/articles
2016-02-25 15:11:14.590693 : ##############################################################################
2016-02-25 15:11:14.590712 
2016-02-25 15:11:14.590730 : ## process/ext_sentences_by_nlp_markup #######################################
2016-02-25 15:11:14.590750 : # Done: 2016-02-25T15:10:44-0800 (27s ago)
2016-02-25 15:11:14.590769 : process/ext_sentences_by_nlp_markup/run.sh
2016-02-25 15:11:14.590788 : mark_done process/ext_sentences_by_nlp_markup
2016-02-25 15:11:14.590807 : ##############################################################################
2016-02-25 15:11:14.590825 
2016-02-25 15:11:14.590843 : ## data/sentences ############################################################
2016-02-25 15:11:14.590861 : # Done: 2016-02-25T15:10:44-0800 (27s ago)
2016-02-25 15:11:14.590880 : # no-op
2016-02-25 15:11:14.590899 : mark_done data/sentences
2016-02-25 15:11:14.590917 : ##############################################################################
2016-02-25 15:11:14.590937 
2016-02-25 15:11:14.590956 ## process/ext_person_mention_by_map_person_mention ##########################
2016-02-25 15:11:14.590975 # Done: 2016-02-25T14:44:46-0800 (26m 25s ago)
2016-02-25 15:11:14.590994 process/ext_person_mention_by_map_person_mention/run.sh
2016-02-25 15:11:14.591012 ++ dirname process/ext_person_mention_by_map_person_mention/run.sh
2016-02-25 15:11:14.591030 + cd process/ext_person_mention_by_map_person_mention
2016-02-25 15:11:14.591048 + export DEEPDIVE_CURRENT_PROCESS_NAME=process/ext_person_mention_by_map_person_mention
2016-02-25 15:11:14.591067 + DEEPDIVE_CURRENT_PROCESS_NAME=process/ext_person_mention_by_map_person_mention
2016-02-25 15:11:14.591086 + export DEEPDIVE_LOAD_FORMAT=tsv
2016-02-25 15:11:14.591103 + DEEPDIVE_LOAD_FORMAT=tsv
2016-02-25 15:11:14.591123 + deepdive compute execute 'input_sql= SELECT R0.doc_id AS "sentences.R0.doc_id", R0.sentence_index AS "sentences.R0.sentence_index", R0.tokens AS "sentences.R0.tokens", R0.ner_tags AS "sentences.R0.ner_tags"
2016-02-25 15:11:14.591143 FROM sentences R0
2016-02-25 15:11:14.591162         
2016-02-25 15:11:14.591181           ' 'command="$DEEPDIVE_APP"/udf/map_person_mention.py' output_relation=person_mention
2016-02-25 15:11:14.617203 Executing with the following configuration:
2016-02-25 15:11:14.617265  DEEPDIVE_NUM_PROCESSES=3
2016-02-25 15:11:14.617288  DEEPDIVE_NUM_PARALLEL_UNLOADS=1
2016-02-25 15:11:14.617307  DEEPDIVE_NUM_PARALLEL_LOADS=1
2016-02-25 15:11:14.617368  output_relation_tmp=dd_tmp_person_mention
2016-02-25 15:11:14.617394 
2016-02-25 15:11:14.762873 CREATE TABLE
2016-02-25 15:11:14.859381 CREATE TABLE
2016-02-25 15:11:14.976348 unloading to feed_processes-1: ' SELECT R0.doc_id AS "sentences.R0.doc_id", R0.sentence_index AS "sentences.R0.sentence_index", R0.tokens AS "sentences.R0.tokens", R0.ner_tags AS "sentences.R0.ner_tags"
2016-02-25 15:11:14.976405 FROM sentences R0
2016-02-25 15:11:14.976427         
2016-02-25 15:11:14.976446           '
2016-02-25 15:11:15.005897 Loading dd_tmp_person_mention from output_computed-1 (tsv format)
2016-02-25 15:11:17.998166 COPY 55
2016-02-25 15:11:18.003212 Replacing person_mention with dd_tmp_person_mention
2016-02-25 15:11:18.066618 DROP TABLE
2016-02-25 15:11:18.132262 ALTER TABLE
2016-02-25 15:11:18.197005 ALTER TABLE
2016-02-25 15:11:18.263591 DROP TABLE
2016-02-25 15:11:18.299859 ANALYZE
2016-02-25 15:11:18.304969 mark_done process/ext_person_mention_by_map_person_mention
2016-02-25 15:11:18.317743 ##############################################################################
2016-02-25 15:11:18.317797 
2016-02-25 15:11:18.317818 ## data/person_mention #######################################################
2016-02-25 15:11:18.317846 # Done: 2016-02-25T14:44:46-0800 (26m 25s ago)
2016-02-25 15:11:18.317878 # no-op
2016-02-25 15:11:18.317898 mark_done data/person_mention
2016-02-25 15:11:18.332641 ##############################################################################
2016-02-25 15:11:18.332694 
