2016-03-16 14:14:16.361882 ‘run/LATEST.COMPILE’ -> ‘20160316/141416.317571000’
2016-03-16 14:14:16.362237 ‘run/RUNNING.COMPILE’ -> ‘20160316/141416.317571000’
2016-03-16 14:14:16.362266 Parsing DeepDive application (/Users/SnehaS/Desktop/DR/planetaryIR-Repo/app/planetaryir) to generate:
2016-03-16 14:14:16.362287  run/compiled/schema.json
2016-03-16 14:14:16.362308   from app.ddlog
2016-03-16 14:14:16.757396  run/compiled/deepdive.conf
2016-03-16 14:14:16.757511   from app.ddlog
2016-03-16 14:14:17.223192   from deepdive.conf
2016-03-16 14:14:17.229085  run/compiled/deepdive.conf.json
2016-03-16 14:14:17.494967 Performing sanity checks on run/compiled/deepdive.conf.json:
2016-03-16 14:14:17.530696  checking if input_extractors_well_defined
2016-03-16 14:14:17.530752  checking if input_schema_wellformed
2016-03-16 14:14:17.531050 Normalizing and adding built-in processes to the data flow to compile:
2016-03-16 14:14:17.531571  run/compiled/config-0.00-init_objects.json
2016-03-16 14:14:17.545717  run/compiled/config-0.01-parse_calibration.json
2016-03-16 14:14:17.559840  run/compiled/config-0.01-parse_schema.json
2016-03-16 14:14:17.576574  run/compiled/config-0.51-add_init_app.json
2016-03-16 14:14:17.590649  run/compiled/config-0.52-input_loader.json
2016-03-16 14:14:17.604739  run/compiled/config-1.00-qualified_names.json
2016-03-16 14:14:17.624021  run/compiled/config-1.01-parse_inference_rules.json
2016-03-16 14:14:17.646376  run/compiled/config-2.01-grounding.json
2016-03-16 14:14:17.704574  run/compiled/config-2.02-learning_inference.json
2016-03-16 14:14:17.720077  run/compiled/config-2.03-calibration_plots.json
2016-03-16 14:14:17.735040  run/compiled/config-9.98-ensure_init_app.json
2016-03-16 14:14:17.753175  run/compiled/config-9.99-dependencies.json
2016-03-16 14:14:17.770611  run/compiled/config.json
2016-03-16 14:14:17.774771 Validating run/compiled/config.json:
2016-03-16 14:14:17.845010  checking if compiled_base_relations_have_input_data
2016-03-16 14:14:17.845078  [WARNING] input/init.sh should load all base relations: articles 
2016-03-16 14:14:17.845110  checking if compiled_dependencies_correct
2016-03-16 14:14:17.845131  checking if compiled_input_output_well_defined
2016-03-16 14:14:17.845150  checking if compiled_output_uniquely_defined
2016-03-16 14:14:17.845390 Compiling executable code into:
2016-03-16 14:14:17.845657  run/compiled/code-Makefile.json
2016-03-16 14:14:17.861183  run/compiled/code-cmd_extractor.json
2016-03-16 14:14:17.875054  run/compiled/code-dataflow_dot.json
2016-03-16 14:14:17.901235  run/compiled/code-sql_extractor.json
2016-03-16 14:14:17.917092  run/compiled/code-tsv_extractor.json
2016-03-16 14:14:17.935098 Generating files:
2016-03-16 14:14:17.956830  run/Makefile
2016-03-16 14:14:17.971070  run/process/init/app/run.sh
2016-03-16 14:14:17.990581  run/process/init/relation/articles/run.sh
2016-03-16 14:14:18.010879  run/dataflow.dot
2016-03-16 14:14:18.023975  run/process/ext_person_mention_by_map_person_mention/run.sh
2016-03-16 14:14:18.042062  run/process/ext_sentences_by_nlp_markup/run.sh
2016-03-16 14:14:18.084482  run/dataflow.svg
2016-03-16 14:14:18.085570   (file:///Users/SnehaS/Desktop/DR/planetaryIR-Repo/app/planetaryir/run/dataflow.svg)
2016-03-16 14:14:18.088270 ‘run/compiled’ -> ‘run/compiled~’
2016-03-16 14:14:18.090894 ‘run/compiled’ -> ‘20160316/141416.317571000’
