2016-03-10 17:00:39.397172 # on usc-secure-wireless-052-050.usc.edu: deepdive do articles
2016-03-10 17:00:39.397371 # run/20160310/170036.634588000/plan.sh
2016-03-10 17:00:39.397389 # execution plan for data/articles
2016-03-10 17:00:39.397407 
2016-03-10 17:00:39.397426 : ## process/init/app ##########################################################
2016-03-10 17:00:39.397446 : # Done: 2016-02-24T17:00:00-0800 (15d 36s ago)
2016-03-10 17:00:39.397463 : process/init/app/run.sh
2016-03-10 17:00:39.397480 : mark_done process/init/app
2016-03-10 17:00:39.397496 : ##############################################################################
2016-03-10 17:00:39.397516 
2016-03-10 17:00:39.397537 ## process/init/relation/articles ############################################
2016-03-10 17:00:39.397555 # Done: 2016-03-10T16:47:56-0800 (12m 40s ago)
2016-03-10 17:00:39.397574 process/init/relation/articles/run.sh
2016-03-10 17:00:39.397591 ++ dirname process/init/relation/articles/run.sh
2016-03-10 17:00:39.397608 + cd process/init/relation/articles
2016-03-10 17:00:39.397625 + export DEEPDIVE_CURRENT_PROCESS_NAME=process/init/relation/articles
2016-03-10 17:00:39.397644 + DEEPDIVE_CURRENT_PROCESS_NAME=process/init/relation/articles
2016-03-10 17:00:39.397664 + deepdive create table articles
2016-03-10 17:00:39.489911 CREATE TABLE
2016-03-10 17:00:39.491170 + deepdive load articles
2016-03-10 17:00:39.567949 Loading articles from input/articles.tsv.sh (tsv format)
2016-03-10 17:00:39.614633 COPY 5
2016-03-10 17:00:39.619310 mark_done process/init/relation/articles
2016-03-10 17:00:39.634346 ##############################################################################
2016-03-10 17:00:39.634424 
2016-03-10 17:00:39.634441 ## data/articles #############################################################
2016-03-10 17:00:39.634461 # Done: 2016-03-10T16:47:56-0800 (12m 40s ago)
2016-03-10 17:00:39.634542 # no-op
2016-03-10 17:00:39.634572 mark_done data/articles
2016-03-10 17:00:39.646702 ##############################################################################
2016-03-10 17:00:39.646772 
