2016-02-25 15:09:20.416184 ‘run/LATEST.COMPILE’ -> ‘20160225/150920.369070000’
2016-02-25 15:09:20.416413 ‘run/RUNNING.COMPILE’ -> ‘20160225/150920.369070000’
2016-02-25 15:09:20.416438 Parsing DeepDive application (/Users/SnehaS/Desktop/DR/planetaryIR-Repo/app/planetaryIR) to generate:
2016-02-25 15:09:20.416460  run/compiled/schema.json
2016-02-25 15:09:20.416476   from app.ddlog
2016-02-25 15:09:20.810599  run/compiled/deepdive.conf
2016-02-25 15:09:20.810689   from app.ddlog
2016-02-25 15:09:21.265531   from deepdive.conf
2016-02-25 15:09:21.271434  run/compiled/deepdive.conf.json
2016-02-25 15:09:21.539433 Performing sanity checks on run/compiled/deepdive.conf.json:
2016-02-25 15:09:21.576908  checking if input_extractors_well_defined
2016-02-25 15:09:21.576975  checking if input_schema_wellformed
2016-02-25 15:09:21.577290 Normalizing and adding built-in processes to the data flow to compile:
2016-02-25 15:09:21.577695  run/compiled/config-0.00-init_objects.json
2016-02-25 15:09:21.592531  run/compiled/config-0.01-parse_calibration.json
2016-02-25 15:09:21.606017  run/compiled/config-0.01-parse_schema.json
2016-02-25 15:09:21.624987  run/compiled/config-0.51-add_init_app.json
2016-02-25 15:09:21.637152  run/compiled/config-0.52-input_loader.json
2016-02-25 15:09:21.651824  run/compiled/config-1.00-qualified_names.json
2016-02-25 15:09:21.667367  run/compiled/config-1.01-parse_inference_rules.json
2016-02-25 15:09:21.691420  run/compiled/config-2.01-grounding.json
2016-02-25 15:09:21.763191  run/compiled/config-2.02-learning_inference.json
2016-02-25 15:09:21.778628  run/compiled/config-2.03-calibration_plots.json
2016-02-25 15:09:21.792322  run/compiled/config-9.98-ensure_init_app.json
2016-02-25 15:09:21.806091  run/compiled/config-9.99-dependencies.json
2016-02-25 15:09:21.821755  run/compiled/config.json
2016-02-25 15:09:21.825542 Validating run/compiled/config.json:
2016-02-25 15:09:21.896621  checking if compiled_base_relations_have_input_data
2016-02-25 15:09:21.896675  checking if compiled_dependencies_correct
2016-02-25 15:09:21.896696  checking if compiled_input_output_well_defined
2016-02-25 15:09:21.896716  checking if compiled_output_uniquely_defined
2016-02-25 15:09:21.897037 Compiling executable code into:
2016-02-25 15:09:21.897291  run/compiled/code-Makefile.json
2016-02-25 15:09:21.913308  run/compiled/code-cmd_extractor.json
2016-02-25 15:09:21.926886  run/compiled/code-dataflow_dot.json
2016-02-25 15:09:21.944566  run/compiled/code-sql_extractor.json
2016-02-25 15:09:21.961200  run/compiled/code-tsv_extractor.json
2016-02-25 15:09:21.979726 Generating files:
2016-02-25 15:09:22.000602  run/Makefile
2016-02-25 15:09:22.015451  run/process/init/app/run.sh
2016-02-25 15:09:22.032665  run/process/init/relation/articles/run.sh
2016-02-25 15:09:22.050543  run/dataflow.dot
2016-02-25 15:09:22.065182  run/process/ext_person_mention_by_map_person_mention/run.sh
2016-02-25 15:09:22.084332  run/process/ext_sentences_by_nlp_markup/run.sh
2016-02-25 15:09:22.136635  run/dataflow.svg
2016-02-25 15:09:22.138372   (file:///Users/SnehaS/Desktop/DR/planetaryIR-Repo/app/planetaryIR/run/dataflow.svg)
2016-02-25 15:09:22.141271 ‘run/compiled’ -> ‘run/compiled~’
2016-02-25 15:09:22.144194 ‘run/compiled’ -> ‘20160225/150920.369070000’
