2016-03-10 07:49:38.759801 # on Snehas-MacBook-Pro.local: deepdive do person_mention
2016-03-10 07:49:38.760071 # run/20160310/074935.516931000/plan.sh
2016-03-10 07:49:38.760102 # execution plan for data/person_mention
2016-03-10 07:49:38.760124 
2016-03-10 07:49:38.760145 : ## process/init/app ##########################################################
2016-03-10 07:49:38.760166 : # Done: 2016-02-24T17:00:00-0800 (14d 14h 49m 35s ago)
2016-03-10 07:49:38.760183 : process/init/app/run.sh
2016-03-10 07:49:38.760200 : mark_done process/init/app
2016-03-10 07:49:38.760217 : ##############################################################################
2016-03-10 07:49:38.760235 
2016-03-10 07:49:38.760253 : ## process/init/relation/articles ############################################
2016-03-10 07:49:38.760271 : # Done: 2016-03-10T07:47:03-0800 (2m 32s ago)
2016-03-10 07:49:38.760290 : process/init/relation/articles/run.sh
2016-03-10 07:49:38.760307 : mark_done process/init/relation/articles
2016-03-10 07:49:38.760326 : ##############################################################################
2016-03-10 07:49:38.760343 
2016-03-10 07:49:38.760361 : ## data/articles #############################################################
2016-03-10 07:49:38.760381 : # Done: 2016-03-10T07:47:03-0800 (2m 32s ago)
2016-03-10 07:49:38.760400 : # no-op
2016-03-10 07:49:38.760420 : mark_done data/articles
2016-03-10 07:49:38.760438 : ##############################################################################
2016-03-10 07:49:38.760457 
2016-03-10 07:49:38.760476 : ## process/ext_sentences_by_nlp_markup #######################################
2016-03-10 07:49:38.760496 : # Done: 2016-03-10T07:48:37-0800 (58s ago)
2016-03-10 07:49:38.760545 : process/ext_sentences_by_nlp_markup/run.sh
2016-03-10 07:49:38.760567 : mark_done process/ext_sentences_by_nlp_markup
2016-03-10 07:49:38.760587 : ##############################################################################
2016-03-10 07:49:38.760608 
2016-03-10 07:49:38.760627 : ## data/sentences ############################################################
2016-03-10 07:49:38.760660 : # Done: 2016-03-10T07:48:37-0800 (58s ago)
2016-03-10 07:49:38.760691 : # no-op
2016-03-10 07:49:38.760719 : mark_done data/sentences
2016-03-10 07:49:38.760740 : ##############################################################################
2016-03-10 07:49:38.760760 
2016-03-10 07:49:38.760779 ## process/ext_person_mention_by_map_person_mention ##########################
2016-03-10 07:49:38.760798 # Done: 2016-03-09T14:16:03-0800 (17h 33m 32s ago)
2016-03-10 07:49:38.760818 process/ext_person_mention_by_map_person_mention/run.sh
2016-03-10 07:49:38.760836 ++ dirname process/ext_person_mention_by_map_person_mention/run.sh
2016-03-10 07:49:38.760855 + cd process/ext_person_mention_by_map_person_mention
2016-03-10 07:49:38.760874 + export DEEPDIVE_CURRENT_PROCESS_NAME=process/ext_person_mention_by_map_person_mention
2016-03-10 07:49:38.760893 + DEEPDIVE_CURRENT_PROCESS_NAME=process/ext_person_mention_by_map_person_mention
2016-03-10 07:49:38.760912 + export DEEPDIVE_LOAD_FORMAT=tsv
2016-03-10 07:49:38.760930 + DEEPDIVE_LOAD_FORMAT=tsv
2016-03-10 07:49:38.760949 + deepdive compute execute 'input_sql= SELECT R0.doc_id AS "sentences.R0.doc_id", R0.sentence_index AS "sentences.R0.sentence_index", R0.tokens AS "sentences.R0.tokens", R0.ner_tags AS "sentences.R0.ner_tags"
2016-03-10 07:49:38.760969 FROM sentences R0
2016-03-10 07:49:38.760988         
2016-03-10 07:49:38.761007           ' 'command="$DEEPDIVE_APP"/udf/map_person_mention.py' output_relation=person_mention
2016-03-10 07:49:38.797725 Executing with the following configuration:
2016-03-10 07:49:38.797789  DEEPDIVE_NUM_PROCESSES=3
2016-03-10 07:49:38.797815  DEEPDIVE_NUM_PARALLEL_UNLOADS=1
2016-03-10 07:49:38.797837  DEEPDIVE_NUM_PARALLEL_LOADS=1
2016-03-10 07:49:38.797981  output_relation_tmp=dd_tmp_person_mention
2016-03-10 07:49:38.798020 
2016-03-10 07:49:38.955641 CREATE TABLE
2016-03-10 07:49:39.064602 CREATE TABLE
2016-03-10 07:49:39.183466 unloading to feed_processes-1: ' SELECT R0.doc_id AS "sentences.R0.doc_id", R0.sentence_index AS "sentences.R0.sentence_index", R0.tokens AS "sentences.R0.tokens", R0.ner_tags AS "sentences.R0.ner_tags"
2016-03-10 07:49:39.183570 FROM sentences R0
2016-03-10 07:49:39.183617         
2016-03-10 07:49:39.183643           '
2016-03-10 07:49:39.209574 Loading dd_tmp_person_mention from output_computed-1 (tsv format)
2016-03-10 07:49:45.238433 COPY 202
2016-03-10 07:49:45.244092 Replacing person_mention with dd_tmp_person_mention
2016-03-10 07:49:45.343041 DROP TABLE
2016-03-10 07:49:45.438048 ALTER TABLE
2016-03-10 07:49:45.588028 ALTER TABLE
2016-03-10 07:49:45.685345 DROP TABLE
2016-03-10 07:49:45.736563 ANALYZE
2016-03-10 07:49:45.741221 mark_done process/ext_person_mention_by_map_person_mention
2016-03-10 07:49:45.754272 ##############################################################################
2016-03-10 07:49:45.754347 
2016-03-10 07:49:45.754367 ## data/person_mention #######################################################
2016-03-10 07:49:45.754386 # Done: 2016-03-09T14:16:03-0800 (17h 33m 32s ago)
2016-03-10 07:49:45.754422 # no-op
2016-03-10 07:49:45.754446 mark_done data/person_mention
2016-03-10 07:49:45.767970 ##############################################################################
2016-03-10 07:49:45.768022 
