2016-03-16 13:53:14.363724 # on Snehas-MacBook-Pro.local: deepdive do person_mention
2016-03-16 13:53:14.364175 # run/20160316/135311.827459000/plan.sh
2016-03-16 13:53:14.364222 # execution plan for data/person_mention
2016-03-16 13:53:14.364275 
2016-03-16 13:53:14.364338 : ## process/init/app ##########################################################
2016-03-16 13:53:14.364364 : # Done: 2016-02-24T19:00:00-0600 (20d 17h 53m 11s ago)
2016-03-16 13:53:14.364386 : process/init/app/run.sh
2016-03-16 13:53:14.364406 : mark_done process/init/app
2016-03-16 13:53:14.364427 : ##############################################################################
2016-03-16 13:53:14.364448 
2016-03-16 13:53:14.364468 : ## process/init/relation/articles ############################################
2016-03-16 13:53:14.364489 : # Done: 2016-03-16T12:21:16-0500 (1h 31m 55s ago)
2016-03-16 13:53:14.364509 : process/init/relation/articles/run.sh
2016-03-16 13:53:14.364530 : mark_done process/init/relation/articles
2016-03-16 13:53:14.364552 : ##############################################################################
2016-03-16 13:53:14.364575 
2016-03-16 13:53:14.364597 : ## data/articles #############################################################
2016-03-16 13:53:14.364619 : # Done: 2016-03-16T12:21:16-0500 (1h 31m 55s ago)
2016-03-16 13:53:14.364640 : # no-op
2016-03-16 13:53:14.364662 : mark_done data/articles
2016-03-16 13:53:14.364683 : ##############################################################################
2016-03-16 13:53:14.364705 
2016-03-16 13:53:14.364727 : ## process/ext_sentences_by_nlp_markup #######################################
2016-03-16 13:53:14.364747 : # Done: 2016-03-16T12:23:51-0500 (1h 29m 20s ago)
2016-03-16 13:53:14.364765 : process/ext_sentences_by_nlp_markup/run.sh
2016-03-16 13:53:14.364793 : mark_done process/ext_sentences_by_nlp_markup
2016-03-16 13:53:14.364817 : ##############################################################################
2016-03-16 13:53:14.364840 
2016-03-16 13:53:14.364862 : ## data/sentences ############################################################
2016-03-16 13:53:14.364883 : # Done: 2016-03-16T12:23:51-0500 (1h 29m 20s ago)
2016-03-16 13:53:14.364906 : # no-op
2016-03-16 13:53:14.364928 : mark_done data/sentences
2016-03-16 13:53:14.364949 : ##############################################################################
2016-03-16 13:53:14.364971 
2016-03-16 13:53:14.364990 ## process/ext_person_mention_by_map_person_mention ##########################
2016-03-16 13:53:14.365025 : # Done: 2016-03-16T13:50:27-0500 (2m 45s ago)
2016-03-16 13:53:14.365049 # Done: 2016-03-16T13:50:27-0500 (2m 44s ago)
2016-03-16 13:53:14.365070 process/ext_person_mention_by_map_person_mention/run.sh
2016-03-16 13:53:14.365092 ++ dirname process/ext_person_mention_by_map_person_mention/run.sh
2016-03-16 13:53:14.365115 + cd process/ext_person_mention_by_map_person_mention
2016-03-16 13:53:14.365136 + export DEEPDIVE_CURRENT_PROCESS_NAME=process/ext_person_mention_by_map_person_mention
2016-03-16 13:53:14.365157 + DEEPDIVE_CURRENT_PROCESS_NAME=process/ext_person_mention_by_map_person_mention
2016-03-16 13:53:14.365177 + export DEEPDIVE_LOAD_FORMAT=tsv
2016-03-16 13:53:14.365206 + DEEPDIVE_LOAD_FORMAT=tsv
2016-03-16 13:53:14.365223 + deepdive compute execute 'input_sql= SELECT R0.doc_id AS "sentences.R0.doc_id", R0.sentence_index AS "sentences.R0.sentence_index", R0.sentence_text AS "sentences.R0.sentence_text"
2016-03-16 13:53:14.365241 FROM sentences R0
2016-03-16 13:53:14.365261         
2016-03-16 13:53:14.365281           ' 'command="$DEEPDIVE_APP"/udf/map_person_mention.py' output_relation=person_mention
2016-03-16 13:53:14.393659 Executing with the following configuration:
2016-03-16 13:53:14.393708  DEEPDIVE_NUM_PROCESSES=3
2016-03-16 13:53:14.393731  DEEPDIVE_NUM_PARALLEL_UNLOADS=1
2016-03-16 13:53:14.393752  DEEPDIVE_NUM_PARALLEL_LOADS=1
2016-03-16 13:53:14.393772  output_relation_tmp=dd_tmp_person_mention
2016-03-16 13:53:14.393790 
2016-03-16 13:53:14.535182 CREATE TABLE
2016-03-16 13:53:14.636273 CREATE TABLE
2016-03-16 13:53:14.756733 unloading to feed_processes-1: ' SELECT R0.doc_id AS "sentences.R0.doc_id", R0.sentence_index AS "sentences.R0.sentence_index", R0.sentence_text AS "sentences.R0.sentence_text"
2016-03-16 13:53:14.756798 FROM sentences R0
2016-03-16 13:53:14.756827         
2016-03-16 13:53:14.756849           '
2016-03-16 13:53:14.795260 Loading dd_tmp_person_mention from output_computed-1 (tsv format)
2016-03-16 13:53:22.006043 COPY 132
2016-03-16 13:53:22.011518 Replacing person_mention with dd_tmp_person_mention
2016-03-16 13:53:22.076800 DROP TABLE
2016-03-16 13:53:22.144499 ALTER TABLE
2016-03-16 13:53:22.213069 ALTER TABLE
2016-03-16 13:53:22.281866 DROP TABLE
2016-03-16 13:53:22.315998 ANALYZE
2016-03-16 13:53:22.323048 mark_done process/ext_person_mention_by_map_person_mention
2016-03-16 13:53:22.336167 ##############################################################################
2016-03-16 13:53:22.336250 
2016-03-16 13:53:22.336284 ## data/person_mention #######################################################
2016-03-16 13:53:22.336308 : # Done: 2016-03-16T13:50:27-0500 (2m 45s ago)
2016-03-16 13:53:22.336329 # Done: 2016-03-16T13:50:27-0500 (2m 44s ago)
2016-03-16 13:53:22.336352 # no-op
2016-03-16 13:53:22.336372 mark_done data/person_mention
2016-03-16 13:53:22.351202 ##############################################################################
2016-03-16 13:53:22.351251 
