2016-05-24 10:57:53.483043 # on Snehas-MacBook-Pro.local: deepdive do probabilities
2016-05-24 10:57:53.483358 # run/20160524/105750.206661000/plan.sh
2016-05-24 10:57:53.483382 # execution plan for data/model/probabilities
2016-05-24 10:57:53.483395 
2016-05-24 10:57:53.483407 : ## process/init/app ##########################################################
2016-05-24 10:57:53.483417 : # Done: 2016-03-31T11:08:43-0500 (53d 23h 49m 7s ago)
2016-05-24 10:57:53.483428 : process/init/app/run.sh
2016-05-24 10:57:53.483439 : mark_done process/init/app
2016-05-24 10:57:53.483450 : ##############################################################################
2016-05-24 10:57:53.483460 
2016-05-24 10:57:53.483470 : ## process/init/relation/articles ############################################
2016-05-24 10:57:53.483480 : # Done: 2016-05-23T10:36:55-0500 (1d 20m 55s ago)
2016-05-24 10:57:53.483490 : process/init/relation/articles/run.sh
2016-05-24 10:57:53.483500 : mark_done process/init/relation/articles
2016-05-24 10:57:53.483509 : ##############################################################################
2016-05-24 10:57:53.483520 
2016-05-24 10:57:53.483530 : ## data/articles #############################################################
2016-05-24 10:57:53.483540 : # Done: 2016-05-23T10:36:55-0500 (1d 20m 55s ago)
2016-05-24 10:57:53.483550 : # no-op
2016-05-24 10:57:53.483560 : mark_done data/articles
2016-05-24 10:57:53.483570 : ##############################################################################
2016-05-24 10:57:53.483580 
2016-05-24 10:57:53.483590 : ## process/ext_sentences_by_nlp_markup #######################################
2016-05-24 10:57:53.483600 : # Done: 2016-05-23T10:39:40-0500 (1d 18m 10s ago)
2016-05-24 10:57:53.483609 : process/ext_sentences_by_nlp_markup/run.sh
2016-05-24 10:57:53.483619 : mark_done process/ext_sentences_by_nlp_markup
2016-05-24 10:57:53.483629 : ##############################################################################
2016-05-24 10:57:53.483639 
2016-05-24 10:57:53.483648 : ## data/sentences ############################################################
2016-05-24 10:57:53.483659 : # Done: 2016-05-23T10:39:40-0500 (1d 18m 10s ago)
2016-05-24 10:57:53.483669 : # no-op
2016-05-24 10:57:53.483679 : mark_done data/sentences
2016-05-24 10:57:53.483689 : ##############################################################################
2016-05-24 10:57:53.483698 
2016-05-24 10:57:53.483708 : ## process/ext_target_mention_by_map_target_mention ##########################
2016-05-24 10:57:53.483718 : # Done: 2016-05-24T10:22:55-0500 (34m 55s ago)
2016-05-24 10:57:53.483728 : process/ext_target_mention_by_map_target_mention/run.sh
2016-05-24 10:57:53.483738 : mark_done process/ext_target_mention_by_map_target_mention
2016-05-24 10:57:53.483747 : ##############################################################################
2016-05-24 10:57:53.483757 
2016-05-24 10:57:53.483767 : ## data/target_mention #######################################################
2016-05-24 10:57:53.483776 : # Done: 2016-05-24T10:22:55-0500 (34m 55s ago)
2016-05-24 10:57:53.483786 : # no-op
2016-05-24 10:57:53.483796 : mark_done data/target_mention
2016-05-24 10:57:53.483805 : ##############################################################################
2016-05-24 10:57:53.483815 
2016-05-24 10:57:53.483825 : ## process/ext_target_feature_by_extract_target_features #####################
2016-05-24 10:57:53.483835 : # Done: 2016-05-24T10:25:04-0500 (32m 46s ago)
2016-05-24 10:57:53.483844 : process/ext_target_feature_by_extract_target_features/run.sh
2016-05-24 10:57:53.483854 : mark_done process/ext_target_feature_by_extract_target_features
2016-05-24 10:57:53.483864 : ##############################################################################
2016-05-24 10:57:53.483874 
2016-05-24 10:57:53.483883 : ## data/target_feature #######################################################
2016-05-24 10:57:53.483893 : # Done: 2016-05-24T10:25:04-0500 (32m 46s ago)
2016-05-24 10:57:53.483903 : # no-op
2016-05-24 10:57:53.483913 : mark_done data/target_feature
2016-05-24 10:57:53.483923 : ##############################################################################
2016-05-24 10:57:53.483933 
2016-05-24 10:57:53.483943 : ## process/ext_target_label__0_by_supervise ##################################
2016-05-24 10:57:53.483953 : # Done: 2016-05-24T10:28:43-0500 (29m 7s ago)
2016-05-24 10:57:53.483963 : process/ext_target_label__0_by_supervise/run.sh
2016-05-24 10:57:53.483973 : mark_done process/ext_target_label__0_by_supervise
2016-05-24 10:57:53.483982 : ##############################################################################
2016-05-24 10:57:53.483992 
2016-05-24 10:57:53.484002 : ## data/target_label__0 ######################################################
2016-05-24 10:57:53.484012 : # Done: 2016-05-24T10:28:43-0500 (29m 7s ago)
2016-05-24 10:57:53.484022 : # no-op
2016-05-24 10:57:53.484031 : mark_done data/target_label__0
2016-05-24 10:57:53.484041 : ##############################################################################
2016-05-24 10:57:53.484051 
2016-05-24 10:57:53.484061 : ## process/init/relation/targets_chemcam_mer #################################
2016-05-24 10:57:53.484070 : # Done: 2016-05-19T11:28:15-0500 (4d 23h 29m 35s ago)
2016-05-24 10:57:53.484080 : process/init/relation/targets_chemcam_mer/run.sh
2016-05-24 10:57:53.484090 : mark_done process/init/relation/targets_chemcam_mer
2016-05-24 10:57:53.484100 : ##############################################################################
2016-05-24 10:57:53.484110 
2016-05-24 10:57:53.484119 : ## data/targets_chemcam_mer ##################################################
2016-05-24 10:57:53.484129 : # Done: 2016-05-19T11:28:15-0500 (4d 23h 29m 35s ago)
2016-05-24 10:57:53.484139 : # no-op
2016-05-24 10:57:53.484149 : mark_done data/targets_chemcam_mer
2016-05-24 10:57:53.484158 : ##############################################################################
2016-05-24 10:57:53.484168 
2016-05-24 10:57:53.484178 : ## process/ext_target_label ##################################################
2016-05-24 10:57:53.484188 : # Done: 2016-05-24T10:28:43-0500 (29m 7s ago)
2016-05-24 10:57:53.484198 : process/ext_target_label/run.sh
2016-05-24 10:57:53.484207 : mark_done process/ext_target_label
2016-05-24 10:57:53.484217 : ##############################################################################
2016-05-24 10:57:53.484227 
2016-05-24 10:57:53.484237 : ## data/target_label #########################################################
2016-05-24 10:57:53.484247 : # Done: 2016-05-24T10:28:43-0500 (29m 7s ago)
2016-05-24 10:57:53.484256 : # no-op
2016-05-24 10:57:53.484266 : mark_done data/target_label
2016-05-24 10:57:53.484276 : ##############################################################################
2016-05-24 10:57:53.484286 
2016-05-24 10:57:53.484296 : ## process/ext_target_label_resolved #########################################
2016-05-24 10:57:53.484305 : # Done: 2016-05-24T10:28:43-0500 (29m 7s ago)
2016-05-24 10:57:53.484315 : process/ext_target_label_resolved/run.sh
2016-05-24 10:57:53.484325 : mark_done process/ext_target_label_resolved
2016-05-24 10:57:53.484334 : ##############################################################################
2016-05-24 10:57:53.484344 
2016-05-24 10:57:53.484354 : ## data/target_label_resolved ################################################
2016-05-24 10:57:53.484364 : # Done: 2016-05-24T10:28:43-0500 (29m 7s ago)
2016-05-24 10:57:53.484373 : # no-op
2016-05-24 10:57:53.484383 : mark_done data/target_label_resolved
2016-05-24 10:57:53.484393 : ##############################################################################
2016-05-24 10:57:53.484403 
2016-05-24 10:57:53.484413 ## process/ext_is_target #####################################################
2016-05-24 10:57:53.484423 # Done: 2016-05-24T10:28:44-0500 (29m 6s ago)
2016-05-24 10:57:53.484432 process/ext_is_target/run.sh
2016-05-24 10:57:53.484442 ++ dirname process/ext_is_target/run.sh
2016-05-24 10:57:53.484452 + cd process/ext_is_target
2016-05-24 10:57:53.484462 + export DEEPDIVE_CURRENT_PROCESS_NAME=process/ext_is_target
2016-05-24 10:57:53.484639 + DEEPDIVE_CURRENT_PROCESS_NAME=process/ext_is_target
2016-05-24 10:57:53.484664 + deepdive create table is_target
2016-05-24 10:57:53.568921 ERROR:  "is_target" is not a table
2016-05-24 10:57:53.569005 HINT:  Use DROP VIEW to remove a view.
