2016-03-16 12:24:16.944614 # on Snehas-MacBook-Pro.local: deepdive do person_mention
2016-03-16 12:24:16.944909 # run/20160316/122413.849773000/plan.sh
2016-03-16 12:24:16.944940 # execution plan for data/person_mention
2016-03-16 12:24:16.944977 
2016-03-16 12:24:16.945001 : ## process/init/app ##########################################################
2016-03-16 12:24:16.945020 : # Done: 2016-02-24T19:00:00-0600 (20d 16h 24m 13s ago)
2016-03-16 12:24:16.945038 : process/init/app/run.sh
2016-03-16 12:24:16.945074 : mark_done process/init/app
2016-03-16 12:24:16.945109 : ##############################################################################
2016-03-16 12:24:16.945132 
2016-03-16 12:24:16.945151 : ## process/init/relation/articles ############################################
2016-03-16 12:24:16.945169 : # Done: 2016-03-16T12:21:16-0500 (2m 57s ago)
2016-03-16 12:24:16.945186 : process/init/relation/articles/run.sh
2016-03-16 12:24:16.945203 : mark_done process/init/relation/articles
2016-03-16 12:24:16.945221 : ##############################################################################
2016-03-16 12:24:16.945239 
2016-03-16 12:24:16.945256 : ## data/articles #############################################################
2016-03-16 12:24:16.945274 : # Done: 2016-03-16T12:21:16-0500 (2m 57s ago)
2016-03-16 12:24:16.945291 : # no-op
2016-03-16 12:24:16.945310 : mark_done data/articles
2016-03-16 12:24:16.945329 : ##############################################################################
2016-03-16 12:24:16.945348 
2016-03-16 12:24:16.945365 : ## process/ext_sentences_by_nlp_markup #######################################
2016-03-16 12:24:16.945382 : # Done: 2016-03-16T12:23:51-0500 (23s ago)
2016-03-16 12:24:16.945398 : process/ext_sentences_by_nlp_markup/run.sh
2016-03-16 12:24:16.945415 : mark_done process/ext_sentences_by_nlp_markup
2016-03-16 12:24:16.945432 : ##############################################################################
2016-03-16 12:24:16.945449 
2016-03-16 12:24:16.945467 : ## data/sentences ############################################################
2016-03-16 12:24:16.945484 : # Done: 2016-03-16T12:23:51-0500 (23s ago)
2016-03-16 12:24:16.945502 : # no-op
2016-03-16 12:24:16.945519 : mark_done data/sentences
2016-03-16 12:24:16.945536 : ##############################################################################
2016-03-16 12:24:16.945554 
2016-03-16 12:24:16.945572 ## process/ext_person_mention_by_map_person_mention ##########################
2016-03-16 12:24:16.945589 : # Done: 2016-03-10T22:38:40-0600 (5d 12h 45m 34s ago)
2016-03-16 12:24:16.945607 # Done: 2016-03-10T22:38:40-0600 (5d 12h 45m 33s ago)
2016-03-16 12:24:16.945624 process/ext_person_mention_by_map_person_mention/run.sh
2016-03-16 12:24:16.945642 ++ dirname process/ext_person_mention_by_map_person_mention/run.sh
2016-03-16 12:24:16.945659 + cd process/ext_person_mention_by_map_person_mention
2016-03-16 12:24:16.945676 + export DEEPDIVE_CURRENT_PROCESS_NAME=process/ext_person_mention_by_map_person_mention
2016-03-16 12:24:16.945694 + DEEPDIVE_CURRENT_PROCESS_NAME=process/ext_person_mention_by_map_person_mention
2016-03-16 12:24:16.945713 + export DEEPDIVE_LOAD_FORMAT=tsv
2016-03-16 12:24:16.945730 + DEEPDIVE_LOAD_FORMAT=tsv
2016-03-16 12:24:16.945748 + deepdive compute execute 'input_sql= SELECT R0.doc_id AS "sentences.R0.doc_id", R0.sentence_index AS "sentences.R0.sentence_index", R0.sentence_text AS "sentences.R0.sentence_text"
2016-03-16 12:24:16.945769 FROM sentences R0
2016-03-16 12:24:16.945787         
2016-03-16 12:24:16.945805           ' 'command="$DEEPDIVE_APP"/udf/map_person_mention.py' output_relation=person_mention
2016-03-16 12:24:16.977048 Executing with the following configuration:
2016-03-16 12:24:16.977127  DEEPDIVE_NUM_PROCESSES=3
2016-03-16 12:24:16.977163  DEEPDIVE_NUM_PARALLEL_UNLOADS=1
2016-03-16 12:24:16.977214  DEEPDIVE_NUM_PARALLEL_LOADS=1
2016-03-16 12:24:16.977278  output_relation_tmp=dd_tmp_person_mention
2016-03-16 12:24:16.977304 
2016-03-16 12:24:17.127663 CREATE TABLE
2016-03-16 12:24:17.226921 CREATE TABLE
2016-03-16 12:24:17.345614 unloading to feed_processes-1: ' SELECT R0.doc_id AS "sentences.R0.doc_id", R0.sentence_index AS "sentences.R0.sentence_index", R0.sentence_text AS "sentences.R0.sentence_text"
2016-03-16 12:24:17.345692 FROM sentences R0
2016-03-16 12:24:17.345723         
2016-03-16 12:24:17.345746           '
2016-03-16 12:24:17.373333 Loading dd_tmp_person_mention from output_computed-1 (tsv format)
2016-03-16 12:24:21.614756 COPY 144
2016-03-16 12:24:21.619782 Replacing person_mention with dd_tmp_person_mention
2016-03-16 12:24:21.684634 DROP TABLE
2016-03-16 12:24:21.912043 ALTER TABLE
2016-03-16 12:24:21.990715 ALTER TABLE
2016-03-16 12:24:22.071885 DROP TABLE
2016-03-16 12:24:22.109581 ANALYZE
2016-03-16 12:24:22.115047 mark_done process/ext_person_mention_by_map_person_mention
2016-03-16 12:24:22.129625 ##############################################################################
2016-03-16 12:24:22.129676 
2016-03-16 12:24:22.129697 ## data/person_mention #######################################################
2016-03-16 12:24:22.129717 : # Done: 2016-03-10T22:38:40-0600 (5d 12h 45m 34s ago)
2016-03-16 12:24:22.129736 # Done: 2016-03-10T22:38:40-0600 (5d 12h 45m 33s ago)
2016-03-16 12:24:22.129748 # no-op
2016-03-16 12:24:22.129761 mark_done data/person_mention
2016-03-16 12:24:22.143386 ##############################################################################
2016-03-16 12:24:22.143447 
