2016-03-16 12:21:16.475843 # on Snehas-MacBook-Pro.local: deepdive do articles
2016-03-16 12:21:16.476067 # run/20160316/122113.250909000/plan.sh
2016-03-16 12:21:16.476088 # execution plan for data/articles
2016-03-16 12:21:16.476100 
2016-03-16 12:21:16.476111 : ## process/init/app ##########################################################
2016-03-16 12:21:16.476122 : # Done: 2016-02-24T19:00:00-0600 (20d 16h 21m 13s ago)
2016-03-16 12:21:16.476132 : process/init/app/run.sh
2016-03-16 12:21:16.476142 : mark_done process/init/app
2016-03-16 12:21:16.476152 : ##############################################################################
2016-03-16 12:21:16.476162 
2016-03-16 12:21:16.476173 ## process/init/relation/articles ############################################
2016-03-16 12:21:16.476183 # Done: 2016-03-10T19:00:39-0600 (5d 16h 20m 34s ago)
2016-03-16 12:21:16.476193 process/init/relation/articles/run.sh
2016-03-16 12:21:16.476203 ++ dirname process/init/relation/articles/run.sh
2016-03-16 12:21:16.476212 + cd process/init/relation/articles
2016-03-16 12:21:16.476223 + export DEEPDIVE_CURRENT_PROCESS_NAME=process/init/relation/articles
2016-03-16 12:21:16.476233 + DEEPDIVE_CURRENT_PROCESS_NAME=process/init/relation/articles
2016-03-16 12:21:16.476243 + deepdive create table articles
2016-03-16 12:21:16.606504 CREATE TABLE
2016-03-16 12:21:16.607750 + deepdive load articles
2016-03-16 12:21:16.681472 Loading articles from input/articles.tsv.sh (tsv format)
2016-03-16 12:21:16.765252 COPY 17
2016-03-16 12:21:16.771845 mark_done process/init/relation/articles
2016-03-16 12:21:16.789409 ##############################################################################
2016-03-16 12:21:16.789514 
2016-03-16 12:21:16.789530 ## data/articles #############################################################
2016-03-16 12:21:16.789579 # Done: 2016-03-10T19:00:39-0600 (5d 16h 20m 34s ago)
2016-03-16 12:21:16.789610 # no-op
2016-03-16 12:21:16.789631 mark_done data/articles
2016-03-16 12:21:16.801269 ##############################################################################
2016-03-16 12:21:16.801342 
