2016-02-25 15:39:26.973334 # on guest-wireless-207-151-035-044.usc.edu: deepdive do person_mention
2016-02-25 15:39:26.973800 # run/20160225/153923.727604000/plan.sh
2016-02-25 15:39:26.973841 # execution plan for data/person_mention
2016-02-25 15:39:26.973878 
2016-02-25 15:39:26.973908 : ## process/init/app ##########################################################
2016-02-25 15:39:26.973949 : # Done: 2016-02-24T17:00:00-0800 (22h 39m 23s ago)
2016-02-25 15:39:26.973998 : process/init/app/run.sh
2016-02-25 15:39:26.974023 : mark_done process/init/app
2016-02-25 15:39:26.974044 : ##############################################################################
2016-02-25 15:39:26.974063 
2016-02-25 15:39:26.974083 : ## process/init/relation/articles ############################################
2016-02-25 15:39:26.974103 : # Done: 2016-02-25T15:34:51-0800 (4m 32s ago)
2016-02-25 15:39:26.974123 : process/init/relation/articles/run.sh
2016-02-25 15:39:26.974144 : mark_done process/init/relation/articles
2016-02-25 15:39:26.974163 : ##############################################################################
2016-02-25 15:39:26.974184 
2016-02-25 15:39:26.974203 : ## data/articles #############################################################
2016-02-25 15:39:26.974223 : # Done: 2016-02-25T15:34:52-0800 (4m 31s ago)
2016-02-25 15:39:26.974242 : # no-op
2016-02-25 15:39:26.974262 : mark_done data/articles
2016-02-25 15:39:26.974282 : ##############################################################################
2016-02-25 15:39:26.974301 
2016-02-25 15:39:26.974324 : ## process/ext_sentences_by_nlp_markup #######################################
2016-02-25 15:39:26.974348 : # Done: 2016-02-25T15:36:03-0800 (3m 20s ago)
2016-02-25 15:39:26.974369 : process/ext_sentences_by_nlp_markup/run.sh
2016-02-25 15:39:26.974389 : mark_done process/ext_sentences_by_nlp_markup
2016-02-25 15:39:26.974411 : ##############################################################################
2016-02-25 15:39:26.974431 
2016-02-25 15:39:26.974456 : ## data/sentences ############################################################
2016-02-25 15:39:26.974480 : # Done: 2016-02-25T15:36:03-0800 (3m 20s ago)
2016-02-25 15:39:26.974506 : # no-op
2016-02-25 15:39:26.974525 : mark_done data/sentences
2016-02-25 15:39:26.974544 : ##############################################################################
2016-02-25 15:39:26.974563 
2016-02-25 15:39:26.974584 ## process/ext_person_mention_by_map_person_mention ##########################
2016-02-25 15:39:26.974604 # Done: 2016-02-25T15:38:38-0800 (45s ago)
2016-02-25 15:39:26.974626 process/ext_person_mention_by_map_person_mention/run.sh
2016-02-25 15:39:26.974644 ++ dirname process/ext_person_mention_by_map_person_mention/run.sh
2016-02-25 15:39:26.974664 + cd process/ext_person_mention_by_map_person_mention
2016-02-25 15:39:26.974686 + export DEEPDIVE_CURRENT_PROCESS_NAME=process/ext_person_mention_by_map_person_mention
2016-02-25 15:39:26.974709 + DEEPDIVE_CURRENT_PROCESS_NAME=process/ext_person_mention_by_map_person_mention
2016-02-25 15:39:26.974729 + export DEEPDIVE_LOAD_FORMAT=tsv
2016-02-25 15:39:26.974751 + DEEPDIVE_LOAD_FORMAT=tsv
2016-02-25 15:39:26.974776 + deepdive compute execute 'input_sql= SELECT R0.doc_id AS "sentences.R0.doc_id", R0.sentence_index AS "sentences.R0.sentence_index", R0.tokens AS "sentences.R0.tokens", R0.ner_tags AS "sentences.R0.ner_tags"
2016-02-25 15:39:26.974797 FROM sentences R0
2016-02-25 15:39:26.974819         
2016-02-25 15:39:26.974837           ' 'command="$DEEPDIVE_APP"/udf/map_person_mention.py' output_relation=person_mention
2016-02-25 15:39:27.008350 Executing with the following configuration:
2016-02-25 15:39:27.008414  DEEPDIVE_NUM_PROCESSES=3
2016-02-25 15:39:27.008438  DEEPDIVE_NUM_PARALLEL_UNLOADS=1
2016-02-25 15:39:27.008460  DEEPDIVE_NUM_PARALLEL_LOADS=1
2016-02-25 15:39:27.008481  output_relation_tmp=dd_tmp_person_mention
2016-02-25 15:39:27.008502 
2016-02-25 15:39:27.173789 CREATE TABLE
2016-02-25 15:39:27.294030 CREATE TABLE
2016-02-25 15:39:27.428463 unloading to feed_processes-1: ' SELECT R0.doc_id AS "sentences.R0.doc_id", R0.sentence_index AS "sentences.R0.sentence_index", R0.tokens AS "sentences.R0.tokens", R0.ner_tags AS "sentences.R0.ner_tags"
2016-02-25 15:39:27.428520 FROM sentences R0
2016-02-25 15:39:27.428541         
2016-02-25 15:39:27.428559           '
2016-02-25 15:39:27.477441 Loading dd_tmp_person_mention from output_computed-1 (tsv format)
2016-02-25 15:39:30.456244 COPY 57
2016-02-25 15:39:30.462286 Replacing person_mention with dd_tmp_person_mention
2016-02-25 15:39:30.538027 DROP TABLE
2016-02-25 15:39:30.618493 ALTER TABLE
2016-02-25 15:39:30.696213 ALTER TABLE
2016-02-25 15:39:30.785608 DROP TABLE
2016-02-25 15:39:30.819557 ANALYZE
2016-02-25 15:39:30.829951 mark_done process/ext_person_mention_by_map_person_mention
2016-02-25 15:39:30.844698 ##############################################################################
2016-02-25 15:39:30.844748 
2016-02-25 15:39:30.844763 ## data/person_mention #######################################################
2016-02-25 15:39:30.844782 # Done: 2016-02-25T15:38:38-0800 (45s ago)
2016-02-25 15:39:30.844801 # no-op
2016-02-25 15:39:30.844819 mark_done data/person_mention
2016-02-25 15:39:30.858721 ##############################################################################
2016-02-25 15:39:30.858818 
