2016-05-19 11:28:04.534243 ‘run/LATEST.COMPILE’ -> ‘20160519/112804.491045000’
2016-05-19 11:28:04.534451 ‘run/RUNNING.COMPILE’ -> ‘20160519/112804.491045000’
2016-05-19 11:28:04.534478 Parsing DeepDive application (/Users/SnehaS/Desktop/DR/planetaryIR-Repo/app/planetaryir) to generate:
2016-05-19 11:28:04.534501  run/compiled/schema.json
2016-05-19 11:28:04.534519   from app.ddlog
2016-05-19 11:28:05.023744  run/compiled/deepdive.conf
2016-05-19 11:28:05.023920   from app.ddlog
2016-05-19 11:28:05.591334   from deepdive.conf
2016-05-19 11:28:05.597152  run/compiled/deepdive.conf.json
2016-05-19 11:28:05.887071 Performing sanity checks on run/compiled/deepdive.conf.json:
2016-05-19 11:28:05.925767  checking if input_extractors_well_defined
2016-05-19 11:28:05.925830  checking if input_schema_wellformed
2016-05-19 11:28:05.926134 Normalizing and adding built-in processes to the data flow to compile:
2016-05-19 11:28:05.926548  run/compiled/config-0.00-init_objects.json
2016-05-19 11:28:05.941683  run/compiled/config-0.01-parse_calibration.json
2016-05-19 11:28:05.954972  run/compiled/config-0.01-parse_schema.json
2016-05-19 11:28:05.972672  run/compiled/config-0.51-add_init_app.json
2016-05-19 11:28:05.986912  run/compiled/config-0.52-input_loader.json
2016-05-19 11:28:06.002407  run/compiled/config-1.00-qualified_names.json
2016-05-19 11:28:06.022090  run/compiled/config-1.01-parse_inference_rules.json
2016-05-19 11:28:06.045356  run/compiled/config-2.01-grounding.json
2016-05-19 11:28:06.105398  run/compiled/config-2.02-learning_inference.json
2016-05-19 11:28:06.122724  run/compiled/config-2.03-calibration_plots.json
2016-05-19 11:28:06.139895  run/compiled/config-9.98-ensure_init_app.json
2016-05-19 11:28:06.156648  run/compiled/config-9.99-dependencies.json
2016-05-19 11:28:06.172563  run/compiled/config.json
2016-05-19 11:28:06.175524 Validating run/compiled/config.json:
2016-05-19 11:28:06.243418  checking if compiled_base_relations_have_input_data
2016-05-19 11:28:06.243491  [WARNING] input/init.sh should load all base relations: articles targets_chemcam_mer 
2016-05-19 11:28:06.243523  checking if compiled_dependencies_correct
2016-05-19 11:28:06.243543  checking if compiled_input_output_well_defined
2016-05-19 11:28:06.243561  checking if compiled_output_uniquely_defined
2016-05-19 11:28:06.243784 Compiling executable code into:
2016-05-19 11:28:06.244036  run/compiled/code-Makefile.json
2016-05-19 11:28:06.262033  run/compiled/code-cmd_extractor.json
2016-05-19 11:28:06.277899  run/compiled/code-dataflow_dot.json
2016-05-19 11:28:06.298901  run/compiled/code-sql_extractor.json
2016-05-19 11:28:06.312737  run/compiled/code-tsv_extractor.json
2016-05-19 11:28:06.330874 Generating files:
2016-05-19 11:28:06.351605  run/Makefile
2016-05-19 11:28:06.364030  run/process/init/app/run.sh
2016-05-19 11:28:06.380115  run/process/init/relation/articles/run.sh
2016-05-19 11:28:06.400477  run/process/init/relation/targets_chemcam_mer/run.sh
2016-05-19 11:28:06.410323  run/process/ext_target_label/run.sh
2016-05-19 11:28:06.427246  run/dataflow.dot
2016-05-19 11:28:06.440539  run/process/ext_person_mention_by_map_person_mention/run.sh
2016-05-19 11:28:06.456450  run/process/ext_sentences_by_nlp_markup/run.sh
2016-05-19 11:28:06.472395  run/process/ext_target_feature_by_extract_target_features/run.sh
2016-05-19 11:28:06.489838  run/process/ext_target_mention_by_map_target_mention/run.sh
2016-05-19 11:28:06.537464  run/dataflow.svg
2016-05-19 11:28:06.538489   (file:///Users/SnehaS/Desktop/DR/planetaryIR-Repo/app/planetaryir/run/dataflow.svg)
2016-05-19 11:28:06.541389 ‘run/compiled’ -> ‘run/compiled~’
2016-05-19 11:28:06.544074 ‘run/compiled’ -> ‘20160519/112804.491045000’
