2016-03-09 14:04:22.690347 # on Snehas-MacBook-Pro.local: deepdive do articles
2016-03-09 14:04:22.690559 # run/20160309/140419.462693000/plan.sh
2016-03-09 14:04:22.690577 # execution plan for data/articles
2016-03-09 14:04:22.690593 
2016-03-09 14:04:22.690610 : ## process/init/app ##########################################################
2016-03-09 14:04:22.690630 : # Done: 2016-02-24T17:00:00-0800 (13d 21h 4m 19s ago)
2016-03-09 14:04:22.690648 : process/init/app/run.sh
2016-03-09 14:04:22.690666 : mark_done process/init/app
2016-03-09 14:04:22.690684 : ##############################################################################
2016-03-09 14:04:22.690702 
2016-03-09 14:04:22.690719 ## process/init/relation/articles ############################################
2016-03-09 14:04:22.690736 # Done: 2016-02-25T15:34:51-0800 (12d 22h 29m 28s ago)
2016-03-09 14:04:22.690752 process/init/relation/articles/run.sh
2016-03-09 14:04:22.690768 ++ dirname process/init/relation/articles/run.sh
2016-03-09 14:04:22.690785 + cd process/init/relation/articles
2016-03-09 14:04:22.690802 + export DEEPDIVE_CURRENT_PROCESS_NAME=process/init/relation/articles
2016-03-09 14:04:22.690818 + DEEPDIVE_CURRENT_PROCESS_NAME=process/init/relation/articles
2016-03-09 14:04:22.690955 + deepdive create table articles
2016-03-09 14:04:22.812705 CREATE TABLE
2016-03-09 14:04:22.813931 + deepdive load articles
2016-03-09 14:04:22.888041 Loading articles from input/articles.tsv.sh (tsv format)
2016-03-09 14:04:22.936320 COPY 5
2016-03-09 14:04:22.943459 mark_done process/init/relation/articles
2016-03-09 14:04:22.955342 ##############################################################################
2016-03-09 14:04:22.955391 
2016-03-09 14:04:22.955408 ## data/articles #############################################################
2016-03-09 14:04:22.955426 # Done: 2016-02-25T15:34:52-0800 (12d 22h 29m 27s ago)
2016-03-09 14:04:22.955465 # no-op
2016-03-09 14:04:22.955503 mark_done data/articles
2016-03-09 14:04:22.967228 ##############################################################################
2016-03-09 14:04:22.967283 
