2016-05-19 08:52:46.610847 ‘run/LATEST.COMPILE’ -> ‘20160519/085246.562310000’
2016-05-19 08:52:46.611108 ‘run/RUNNING.COMPILE’ -> ‘20160519/085246.562310000’
2016-05-19 08:52:46.611138 Parsing DeepDive application (/Users/SnehaS/Desktop/DR/planetaryIR-Repo/app/planetaryir) to generate:
2016-05-19 08:52:46.611161  run/compiled/schema.json
2016-05-19 08:52:46.611206   from app.ddlog
2016-05-19 08:52:47.172673  run/compiled/deepdive.conf
2016-05-19 08:52:47.172762   from app.ddlog
2016-05-19 08:52:47.658296   from deepdive.conf
2016-05-19 08:52:47.663777  run/compiled/deepdive.conf.json
2016-05-19 08:52:47.964002 Performing sanity checks on run/compiled/deepdive.conf.json:
2016-05-19 08:52:48.001146  checking if input_extractors_well_defined
2016-05-19 08:52:48.001216  checking if input_schema_wellformed
2016-05-19 08:52:48.001574 Normalizing and adding built-in processes to the data flow to compile:
2016-05-19 08:52:48.002003  run/compiled/config-0.00-init_objects.json
2016-05-19 08:52:48.015300  run/compiled/config-0.01-parse_calibration.json
2016-05-19 08:52:48.029402  run/compiled/config-0.01-parse_schema.json
2016-05-19 08:52:48.046596  run/compiled/config-0.51-add_init_app.json
2016-05-19 08:52:48.059266  run/compiled/config-0.52-input_loader.json
2016-05-19 08:52:48.077867  run/compiled/config-1.00-qualified_names.json
2016-05-19 08:52:48.096395  run/compiled/config-1.01-parse_inference_rules.json
2016-05-19 08:52:48.121835  run/compiled/config-2.01-grounding.json
2016-05-19 08:52:48.185183  run/compiled/config-2.02-learning_inference.json
2016-05-19 08:52:48.201193  run/compiled/config-2.03-calibration_plots.json
2016-05-19 08:52:48.218186  run/compiled/config-9.98-ensure_init_app.json
2016-05-19 08:52:48.240435  run/compiled/config-9.99-dependencies.json
2016-05-19 08:52:48.255617  run/compiled/config.json
2016-05-19 08:52:48.258932 Validating run/compiled/config.json:
2016-05-19 08:52:48.327381  checking if compiled_base_relations_have_input_data
2016-05-19 08:52:48.327447  [WARNING] input/init.sh should load all base relations: articles 
2016-05-19 08:52:48.327471  checking if compiled_dependencies_correct
2016-05-19 08:52:48.327497  checking if compiled_input_output_well_defined
2016-05-19 08:52:48.327519  checking if compiled_output_uniquely_defined
2016-05-19 08:52:48.327830 Compiling executable code into:
2016-05-19 08:52:48.328091  run/compiled/code-Makefile.json
2016-05-19 08:52:48.344276  run/compiled/code-cmd_extractor.json
2016-05-19 08:52:48.357263  run/compiled/code-dataflow_dot.json
2016-05-19 08:52:48.375217  run/compiled/code-sql_extractor.json
2016-05-19 08:52:48.389402  run/compiled/code-tsv_extractor.json
2016-05-19 08:52:48.406932 Generating files:
2016-05-19 08:52:48.423078  run/Makefile
2016-05-19 08:52:48.435313  run/process/init/app/run.sh
2016-05-19 08:52:48.450736  run/process/init/relation/articles/run.sh
2016-05-19 08:52:48.468814  run/dataflow.dot
2016-05-19 08:52:48.481833  run/process/ext_person_mention_by_map_person_mention/run.sh
2016-05-19 08:52:48.500611  run/process/ext_sentences_by_nlp_markup/run.sh
2016-05-19 08:52:48.515877  run/process/ext_target_mention_by_map_target_mention/run.sh
2016-05-19 08:52:48.552099  run/dataflow.svg
2016-05-19 08:52:48.553096   (file:///Users/SnehaS/Desktop/DR/planetaryIR-Repo/app/planetaryir/run/dataflow.svg)
2016-05-19 08:52:48.555696 ‘run/compiled’ -> ‘run/compiled~’
2016-05-19 08:52:48.559072 ‘run/compiled’ -> ‘20160519/085246.562310000’
