2016-05-24 14:02:09.373500 # on Snehas-MacBook-Pro.local: deepdive do is_target
2016-05-24 14:02:09.373939 # run/20160524/140206.771615000/plan.sh
2016-05-24 14:02:09.373991 # execution plan for data/is_target
2016-05-24 14:02:09.374047 
2016-05-24 14:02:09.374097 : ## process/init/app ##########################################################
2016-05-24 14:02:09.374139 : # Done: 2016-03-31T11:08:43-0500 (54d 2h 53m 23s ago)
2016-05-24 14:02:09.374170 : process/init/app/run.sh
2016-05-24 14:02:09.374201 : mark_done process/init/app
2016-05-24 14:02:09.374240 : ##############################################################################
2016-05-24 14:02:09.374262 
2016-05-24 14:02:09.374281 : ## process/init/relation/articles ############################################
2016-05-24 14:02:09.374302 : # Done: 2016-05-23T10:36:55-0500 (1d 3h 25m 11s ago)
2016-05-24 14:02:09.374359 : process/init/relation/articles/run.sh
2016-05-24 14:02:09.374393 : mark_done process/init/relation/articles
2016-05-24 14:02:09.374423 : ##############################################################################
2016-05-24 14:02:09.374465 
2016-05-24 14:02:09.374496 : ## data/articles #############################################################
2016-05-24 14:02:09.374527 : # Done: 2016-05-23T10:36:55-0500 (1d 3h 25m 11s ago)
2016-05-24 14:02:09.374552 : # no-op
2016-05-24 14:02:09.374579 : mark_done data/articles
2016-05-24 14:02:09.374602 : ##############################################################################
2016-05-24 14:02:09.374628 
2016-05-24 14:02:09.374661 : ## process/ext_sentences_by_nlp_markup #######################################
2016-05-24 14:02:09.374689 : # Done: 2016-05-23T10:39:40-0500 (1d 3h 22m 26s ago)
2016-05-24 14:02:09.374712 : process/ext_sentences_by_nlp_markup/run.sh
2016-05-24 14:02:09.374733 : mark_done process/ext_sentences_by_nlp_markup
2016-05-24 14:02:09.374773 : ##############################################################################
2016-05-24 14:02:09.374807 
2016-05-24 14:02:09.374827 : ## data/sentences ############################################################
2016-05-24 14:02:09.374857 : # Done: 2016-05-23T10:39:40-0500 (1d 3h 22m 26s ago)
2016-05-24 14:02:09.374884 : # no-op
2016-05-24 14:02:09.374906 : mark_done data/sentences
2016-05-24 14:02:09.374929 : ##############################################################################
2016-05-24 14:02:09.374969 
2016-05-24 14:02:09.375003 : ## process/ext_target_mention_by_map_target_mention ##########################
2016-05-24 14:02:09.375032 : # Done: 2016-05-24T10:22:55-0500 (3h 39m 11s ago)
2016-05-24 14:02:09.375056 : process/ext_target_mention_by_map_target_mention/run.sh
2016-05-24 14:02:09.375080 : mark_done process/ext_target_mention_by_map_target_mention
2016-05-24 14:02:09.375108 : ##############################################################################
2016-05-24 14:02:09.375137 
2016-05-24 14:02:09.375163 : ## data/target_mention #######################################################
2016-05-24 14:02:09.375186 : # Done: 2016-05-24T10:22:55-0500 (3h 39m 11s ago)
2016-05-24 14:02:09.375207 : # no-op
2016-05-24 14:02:09.375233 : mark_done data/target_mention
2016-05-24 14:02:09.375257 : ##############################################################################
2016-05-24 14:02:09.375278 
2016-05-24 14:02:09.375301 : ## process/ext_target_label__0_by_supervise ##################################
2016-05-24 14:02:09.375326 : # Done: 2016-05-24T10:28:43-0500 (3h 33m 23s ago)
2016-05-24 14:02:09.375349 : process/ext_target_label__0_by_supervise/run.sh
2016-05-24 14:02:09.375368 : mark_done process/ext_target_label__0_by_supervise
2016-05-24 14:02:09.375388 : ##############################################################################
2016-05-24 14:02:09.375409 
2016-05-24 14:02:09.375431 : ## data/target_label__0 ######################################################
2016-05-24 14:02:09.375455 : # Done: 2016-05-24T10:28:43-0500 (3h 33m 24s ago)
2016-05-24 14:02:09.375474 : # no-op
2016-05-24 14:02:09.375495 : mark_done data/target_label__0
2016-05-24 14:02:09.375521 : ##############################################################################
2016-05-24 14:02:09.375550 
2016-05-24 14:02:09.375577 : ## process/init/relation/targets_chemcam_mer #################################
2016-05-24 14:02:09.375639 : # Done: 2016-05-19T11:28:15-0500 (5d 2h 33m 52s ago)
2016-05-24 14:02:09.375663 : process/init/relation/targets_chemcam_mer/run.sh
2016-05-24 14:02:09.375683 : mark_done process/init/relation/targets_chemcam_mer
2016-05-24 14:02:09.375703 : ##############################################################################
2016-05-24 14:02:09.375723 
2016-05-24 14:02:09.375744 : ## data/targets_chemcam_mer ##################################################
2016-05-24 14:02:09.375770 : # Done: 2016-05-19T11:28:15-0500 (5d 2h 33m 52s ago)
2016-05-24 14:02:09.375795 : # no-op
2016-05-24 14:02:09.375825 : mark_done data/targets_chemcam_mer
2016-05-24 14:02:09.375848 : ##############################################################################
2016-05-24 14:02:09.375869 
2016-05-24 14:02:09.375890 : ## process/ext_target_label ##################################################
2016-05-24 14:02:09.375910 : # Done: 2016-05-24T10:28:43-0500 (3h 33m 24s ago)
2016-05-24 14:02:09.375930 : process/ext_target_label/run.sh
2016-05-24 14:02:09.375962 : mark_done process/ext_target_label
2016-05-24 14:02:09.375982 : ##############################################################################
2016-05-24 14:02:09.376008 
2016-05-24 14:02:09.376032 : ## data/target_label #########################################################
2016-05-24 14:02:09.376059 : # Done: 2016-05-24T10:28:43-0500 (3h 33m 24s ago)
2016-05-24 14:02:09.376086 : # no-op
2016-05-24 14:02:09.376138 : mark_done data/target_label
2016-05-24 14:02:09.376163 : ##############################################################################
2016-05-24 14:02:09.376184 
2016-05-24 14:02:09.376204 : ## process/ext_target_label_resolved #########################################
2016-05-24 14:02:09.376224 : # Done: 2016-05-24T10:28:43-0500 (3h 33m 24s ago)
2016-05-24 14:02:09.376244 : process/ext_target_label_resolved/run.sh
2016-05-24 14:02:09.376264 : mark_done process/ext_target_label_resolved
2016-05-24 14:02:09.376283 : ##############################################################################
2016-05-24 14:02:09.376303 
2016-05-24 14:02:09.376323 : ## data/target_label_resolved ################################################
2016-05-24 14:02:09.376343 : # Done: 2016-05-24T10:28:43-0500 (3h 33m 24s ago)
2016-05-24 14:02:09.376364 : # no-op
2016-05-24 14:02:09.376384 : mark_done data/target_label_resolved
2016-05-24 14:02:09.376403 : ##############################################################################
2016-05-24 14:02:09.376424 
2016-05-24 14:02:09.376443 ## process/ext_is_target #####################################################
2016-05-24 14:02:09.376463 : # Done: 2016-05-24T10:59:09-0500 (3h 2m 58s ago)
2016-05-24 14:02:09.376483 # Done: 2016-05-24T10:59:09-0500 (3h 2m 57s ago)
2016-05-24 14:02:09.376503 process/ext_is_target/run.sh
2016-05-24 14:02:09.376524 ++ dirname process/ext_is_target/run.sh
2016-05-24 14:02:09.376543 + cd process/ext_is_target
2016-05-24 14:02:09.376564 + export DEEPDIVE_CURRENT_PROCESS_NAME=process/ext_is_target
2016-05-24 14:02:09.376586 + DEEPDIVE_CURRENT_PROCESS_NAME=process/ext_is_target
2016-05-24 14:02:09.376606 + deepdive create table is_target
2016-05-24 14:02:09.466721 NOTICE:  drop cascades to 2 other objects
2016-05-24 14:02:09.466773 DETAIL:  drop cascades to view is_target_label_inference
2016-05-24 14:02:09.466787 drop cascades to view is_target_label_calibration
2016-05-24 14:02:09.475354 CREATE TABLE
2016-05-24 14:02:09.477017 + deepdive sql 'INSERT INTO is_target SELECT DISTINCT R0.column_0, R0.column_1, 0 AS id, 
2016-05-24 14:02:09.477071 CASE WHEN R0.column_2 > 0 THEN true
2016-05-24 14:02:09.477092      WHEN R0.column_2 < 0 THEN false
2016-05-24 14:02:09.477113      ELSE NULL
2016-05-24 14:02:09.477133 END AS label
2016-05-24 14:02:09.477153           FROM target_label_resolved R0
2016-05-24 14:02:09.477174         
2016-05-24 14:02:09.477193           
2016-05-24 14:02:09.477213 UNION ALL
2016-05-24 14:02:09.477233 SELECT DISTINCT R0.mention_id, R0.mention_text, 0 AS id, (NULL :: BOOLEAN) AS label
2016-05-24 14:02:09.477254           FROM target_mention R0
2016-05-24 14:02:09.477271         
2016-05-24 14:02:09.477288           '
2016-05-24 14:02:09.552741 INSERT 0 30
2016-05-24 14:02:09.554038 mark_done process/ext_is_target
2016-05-24 14:02:09.566161 ##############################################################################
2016-05-24 14:02:09.566215 
2016-05-24 14:02:09.566229 ## data/is_target ############################################################
2016-05-24 14:02:09.566250 : # Done: 2016-05-24T10:59:09-0500 (3h 2m 58s ago)
2016-05-24 14:02:09.566272 # Done: 2016-05-24T10:59:09-0500 (3h 2m 57s ago)
2016-05-24 14:02:09.566315 # no-op
2016-05-24 14:02:09.566344 mark_done data/is_target
2016-05-24 14:02:09.577741 ##############################################################################
2016-05-24 14:02:09.577801 
