2016-03-09 14:15:57.781078 # on Snehas-MacBook-Pro.local: deepdive do person_mention
2016-03-09 14:15:57.781308 # run/20160309/141555.033808000/plan.sh
2016-03-09 14:15:57.781325 # execution plan for data/person_mention
2016-03-09 14:15:57.781336 
2016-03-09 14:15:57.781346 : ## process/init/app ##########################################################
2016-03-09 14:15:57.781356 : # Done: 2016-02-24T17:00:00-0800 (13d 21h 15m 55s ago)
2016-03-09 14:15:57.781365 : process/init/app/run.sh
2016-03-09 14:15:57.781375 : mark_done process/init/app
2016-03-09 14:15:57.781385 : ##############################################################################
2016-03-09 14:15:57.781394 
2016-03-09 14:15:57.781404 : ## process/init/relation/articles ############################################
2016-03-09 14:15:57.781413 : # Done: 2016-03-09T14:12:34-0800 (3m 21s ago)
2016-03-09 14:15:57.781422 : process/init/relation/articles/run.sh
2016-03-09 14:15:57.781431 : mark_done process/init/relation/articles
2016-03-09 14:15:57.781440 : ##############################################################################
2016-03-09 14:15:57.781449 
2016-03-09 14:15:57.781459 : ## data/articles #############################################################
2016-03-09 14:15:57.781468 : # Done: 2016-03-09T14:12:34-0800 (3m 21s ago)
2016-03-09 14:15:57.781477 : # no-op
2016-03-09 14:15:57.781486 : mark_done data/articles
2016-03-09 14:15:57.781495 : ##############################################################################
2016-03-09 14:15:57.781504 
2016-03-09 14:15:57.781514 : ## process/ext_sentences_by_nlp_markup #######################################
2016-03-09 14:15:57.781523 : # Done: 2016-03-09T14:14:01-0800 (1m 54s ago)
2016-03-09 14:15:57.781532 : process/ext_sentences_by_nlp_markup/run.sh
2016-03-09 14:15:57.781541 : mark_done process/ext_sentences_by_nlp_markup
2016-03-09 14:15:57.781550 : ##############################################################################
2016-03-09 14:15:57.781559 
2016-03-09 14:15:57.781568 : ## data/sentences ############################################################
2016-03-09 14:15:57.781577 : # Done: 2016-03-09T14:14:01-0800 (1m 54s ago)
2016-03-09 14:15:57.781586 : # no-op
2016-03-09 14:15:57.781596 : mark_done data/sentences
2016-03-09 14:15:57.781605 : ##############################################################################
2016-03-09 14:15:57.781614 
2016-03-09 14:15:57.781623 ## process/ext_person_mention_by_map_person_mention ##########################
2016-03-09 14:15:57.781632 # Done: 2016-03-09T14:11:52-0800 (4m 3s ago)
2016-03-09 14:15:57.781641 process/ext_person_mention_by_map_person_mention/run.sh
2016-03-09 14:15:57.781650 ++ dirname process/ext_person_mention_by_map_person_mention/run.sh
2016-03-09 14:15:57.781659 + cd process/ext_person_mention_by_map_person_mention
2016-03-09 14:15:57.781668 + export DEEPDIVE_CURRENT_PROCESS_NAME=process/ext_person_mention_by_map_person_mention
2016-03-09 14:15:57.781677 + DEEPDIVE_CURRENT_PROCESS_NAME=process/ext_person_mention_by_map_person_mention
2016-03-09 14:15:57.781686 + export DEEPDIVE_LOAD_FORMAT=tsv
2016-03-09 14:15:57.781695 + DEEPDIVE_LOAD_FORMAT=tsv
2016-03-09 14:15:57.781704 + deepdive compute execute 'input_sql= SELECT R0.doc_id AS "sentences.R0.doc_id", R0.sentence_index AS "sentences.R0.sentence_index", R0.tokens AS "sentences.R0.tokens", R0.ner_tags AS "sentences.R0.ner_tags"
2016-03-09 14:15:57.781713 FROM sentences R0
2016-03-09 14:15:57.781723         
2016-03-09 14:15:57.781732           ' 'command="$DEEPDIVE_APP"/udf/map_person_mention.py' output_relation=person_mention
2016-03-09 14:15:57.811815 Executing with the following configuration:
2016-03-09 14:15:57.811863  DEEPDIVE_NUM_PROCESSES=3
2016-03-09 14:15:57.811884  DEEPDIVE_NUM_PARALLEL_UNLOADS=1
2016-03-09 14:15:57.811906  DEEPDIVE_NUM_PARALLEL_LOADS=1
2016-03-09 14:15:57.811924  output_relation_tmp=dd_tmp_person_mention
2016-03-09 14:15:57.811943 
2016-03-09 14:15:57.956975 CREATE TABLE
2016-03-09 14:15:58.060597 CREATE TABLE
2016-03-09 14:15:58.177373 unloading to feed_processes-1: ' SELECT R0.doc_id AS "sentences.R0.doc_id", R0.sentence_index AS "sentences.R0.sentence_index", R0.tokens AS "sentences.R0.tokens", R0.ner_tags AS "sentences.R0.ner_tags"
2016-03-09 14:15:58.177434 FROM sentences R0
2016-03-09 14:15:58.177456         
2016-03-09 14:15:58.177477           '
2016-03-09 14:15:58.209044 Loading dd_tmp_person_mention from output_computed-1 (tsv format)
2016-03-09 14:16:03.222891 COPY 204
2016-03-09 14:16:03.229430 Replacing person_mention with dd_tmp_person_mention
2016-03-09 14:16:03.307237 DROP TABLE
2016-03-09 14:16:03.385988 ALTER TABLE
2016-03-09 14:16:03.458690 ALTER TABLE
2016-03-09 14:16:03.530576 DROP TABLE
2016-03-09 14:16:03.568690 ANALYZE
2016-03-09 14:16:03.574714 mark_done process/ext_person_mention_by_map_person_mention
2016-03-09 14:16:03.586620 ##############################################################################
2016-03-09 14:16:03.586672 
2016-03-09 14:16:03.586690 ## data/person_mention #######################################################
2016-03-09 14:16:03.586708 # Done: 2016-03-09T14:11:52-0800 (4m 3s ago)
2016-03-09 14:16:03.586727 # no-op
2016-03-09 14:16:03.586761 mark_done data/person_mention
2016-03-09 14:16:03.598233 ##############################################################################
2016-03-09 14:16:03.598303 
