2016-05-27 10:34:18.627715 # on Snehas-MacBook-Pro.local: deepdive do person_mention
2016-05-27 10:34:18.627978 # run/20160527/103415.454176000/plan.sh
2016-05-27 10:34:18.628008 # execution plan for data/person_mention
2016-05-27 10:34:18.628030 
2016-05-27 10:34:18.628053 : ## process/init/app ##########################################################
2016-05-27 10:34:18.628083 : # Done: 2016-03-31T11:08:43-0500 (56d 23h 25m 32s ago)
2016-05-27 10:34:18.628104 : process/init/app/run.sh
2016-05-27 10:34:18.628124 : mark_done process/init/app
2016-05-27 10:34:18.628142 : ##############################################################################
2016-05-27 10:34:18.628161 
2016-05-27 10:34:18.628183 : ## process/init/relation/articles ############################################
2016-05-27 10:34:18.628204 : # Done: 2016-05-23T10:36:55-0500 (3d 23h 57m 20s ago)
2016-05-27 10:34:18.628224 : process/init/relation/articles/run.sh
2016-05-27 10:34:18.628245 : mark_done process/init/relation/articles
2016-05-27 10:34:18.628265 : ##############################################################################
2016-05-27 10:34:18.628286 
2016-05-27 10:34:18.628306 : ## data/articles #############################################################
2016-05-27 10:34:18.628327 : # Done: 2016-05-23T10:36:55-0500 (3d 23h 57m 20s ago)
2016-05-27 10:34:18.628350 : # no-op
2016-05-27 10:34:18.628369 : mark_done data/articles
2016-05-27 10:34:18.628388 : ##############################################################################
2016-05-27 10:34:18.628405 
2016-05-27 10:34:18.628424 : ## process/ext_sentences_by_nlp_markup #######################################
2016-05-27 10:34:18.628443 : # Done: 2016-05-23T10:39:40-0500 (3d 23h 54m 35s ago)
2016-05-27 10:34:18.628464 : process/ext_sentences_by_nlp_markup/run.sh
2016-05-27 10:34:18.628483 : mark_done process/ext_sentences_by_nlp_markup
2016-05-27 10:34:18.628503 : ##############################################################################
2016-05-27 10:34:18.628523 
2016-05-27 10:34:18.628543 : ## data/sentences ############################################################
2016-05-27 10:34:18.628563 : # Done: 2016-05-23T10:39:40-0500 (3d 23h 54m 35s ago)
2016-05-27 10:34:18.628583 : # no-op
2016-05-27 10:34:18.628602 : mark_done data/sentences
2016-05-27 10:34:18.628622 : ##############################################################################
2016-05-27 10:34:18.628642 
2016-05-27 10:34:18.628662 ## process/ext_person_mention_by_map_person_mention ##########################
2016-05-27 10:34:18.628689 # Done: 2016-05-27T10:31:41-0500 (2m 34s ago)
2016-05-27 10:34:18.628710 process/ext_person_mention_by_map_person_mention/run.sh
2016-05-27 10:34:18.628729 ++ dirname process/ext_person_mention_by_map_person_mention/run.sh
2016-05-27 10:34:18.628748 + cd process/ext_person_mention_by_map_person_mention
2016-05-27 10:34:18.628768 + export DEEPDIVE_CURRENT_PROCESS_NAME=process/ext_person_mention_by_map_person_mention
2016-05-27 10:34:18.628787 + DEEPDIVE_CURRENT_PROCESS_NAME=process/ext_person_mention_by_map_person_mention
2016-05-27 10:34:18.628808 + export DEEPDIVE_LOAD_FORMAT=tsv
2016-05-27 10:34:18.628828 + DEEPDIVE_LOAD_FORMAT=tsv
2016-05-27 10:34:18.628848 + deepdive compute execute 'input_sql= SELECT R0.doc_id AS "sentences.R0.doc_id", R0.sentence_index AS "sentences.R0.sentence_index", R0.sentence_text AS "sentences.R0.sentence_text"
2016-05-27 10:34:18.628868 FROM sentences R0
2016-05-27 10:34:18.628888         
2016-05-27 10:34:18.628908           ' 'command="$DEEPDIVE_APP"/udf/map_person_mention.py' output_relation=person_mention
2016-05-27 10:34:18.660088 Executing with the following configuration:
2016-05-27 10:34:18.660146  DEEPDIVE_NUM_PROCESSES=3
2016-05-27 10:34:18.660183  DEEPDIVE_NUM_PARALLEL_UNLOADS=1
2016-05-27 10:34:18.660205  DEEPDIVE_NUM_PARALLEL_LOADS=1
2016-05-27 10:34:18.660228  output_relation_tmp=dd_tmp_person_mention
2016-05-27 10:34:18.660247 
2016-05-27 10:34:18.801320 CREATE TABLE
2016-05-27 10:34:18.899795 CREATE TABLE
2016-05-27 10:34:19.017052 unloading to feed_processes-1: ' SELECT R0.doc_id AS "sentences.R0.doc_id", R0.sentence_index AS "sentences.R0.sentence_index", R0.sentence_text AS "sentences.R0.sentence_text"
2016-05-27 10:34:19.017111 FROM sentences R0
2016-05-27 10:34:19.017134         
2016-05-27 10:34:19.017158           '
2016-05-27 10:34:19.048869 Loading dd_tmp_person_mention from output_computed-1 (tsv format)
2016-05-27 10:34:34.226518 COPY 159
2016-05-27 10:34:34.231758 Replacing person_mention with dd_tmp_person_mention
2016-05-27 10:34:34.294608 DROP TABLE
2016-05-27 10:34:34.359354 ALTER TABLE
2016-05-27 10:34:34.426889 ALTER TABLE
2016-05-27 10:34:34.492958 DROP TABLE
2016-05-27 10:34:34.528957 ANALYZE
2016-05-27 10:34:34.535024 mark_done process/ext_person_mention_by_map_person_mention
2016-05-27 10:34:34.547682 ##############################################################################
2016-05-27 10:34:34.547734 
2016-05-27 10:34:34.547753 ## data/person_mention #######################################################
2016-05-27 10:34:34.547773 # Done: 2016-05-27T10:31:41-0500 (2m 34s ago)
2016-05-27 10:34:34.547792 # no-op
2016-05-27 10:34:34.547838 mark_done data/person_mention
2016-05-27 10:34:34.559208 ##############################################################################
2016-05-27 10:34:34.559271 
