2016-02-25 14:37:04.716774 # on Snehas-MacBook-Pro.local: deepdive do articles
2016-02-25 14:37:04.716988 # run/20160225/143700.498975000/plan.sh
2016-02-25 14:37:04.717005 # execution plan for data/articles
2016-02-25 14:37:04.717022 
2016-02-25 14:37:04.717041 : ## process/init/app ##########################################################
2016-02-25 14:37:04.717060 : # Done: 2016-02-24T17:00:00-0800 (21h 37m ago)
2016-02-25 14:37:04.717077 : process/init/app/run.sh
2016-02-25 14:37:04.717094 : mark_done process/init/app
2016-02-25 14:37:04.717113 : ##############################################################################
2016-02-25 14:37:04.717130 
2016-02-25 14:37:04.717150 ## process/init/relation/articles ############################################
2016-02-25 14:37:04.717167 # Done: 2016-02-25T13:39:28-0800 (57m 32s ago)
2016-02-25 14:37:04.717184 process/init/relation/articles/run.sh
2016-02-25 14:37:04.717200 ++ dirname process/init/relation/articles/run.sh
2016-02-25 14:37:04.717216 + cd process/init/relation/articles
2016-02-25 14:37:04.717232 + export DEEPDIVE_CURRENT_PROCESS_NAME=process/init/relation/articles
2016-02-25 14:37:04.717250 + DEEPDIVE_CURRENT_PROCESS_NAME=process/init/relation/articles
2016-02-25 14:37:04.717269 + deepdive create table articles
2016-02-25 14:37:04.806356 CREATE TABLE
2016-02-25 14:37:04.807306 + deepdive load articles
2016-02-25 14:37:04.883345 Loading articles from input/articles.tsv.sh (tsv format)
2016-02-25 14:37:04.925844 COPY 1
2016-02-25 14:37:04.930518 mark_done process/init/relation/articles
2016-02-25 14:37:04.944637 ##############################################################################
2016-02-25 14:37:04.944736 
2016-02-25 14:37:04.944764 ## data/articles #############################################################
2016-02-25 14:37:04.944784 # Done: 2016-02-25T13:39:28-0800 (57m 32s ago)
2016-02-25 14:37:04.944801 # no-op
2016-02-25 14:37:04.944885 mark_done data/articles
2016-02-25 14:37:04.957574 ##############################################################################
2016-02-25 14:37:04.957633 
