2016-05-19 09:27:57.562278 ‘run/LATEST.COMPILE’ -> ‘20160519/092757.519199000’
2016-05-19 09:27:57.562607 ‘run/RUNNING.COMPILE’ -> ‘20160519/092757.519199000’
2016-05-19 09:27:57.562643 Parsing DeepDive application (/Users/SnehaS/Desktop/DR/planetaryIR-Repo/app/planetaryir) to generate:
2016-05-19 09:27:57.562673  run/compiled/schema.json
2016-05-19 09:27:57.562695   from app.ddlog
2016-05-19 09:27:57.967771  run/compiled/deepdive.conf
2016-05-19 09:27:57.967927   from app.ddlog
2016-05-19 09:27:58.450446   from deepdive.conf
2016-05-19 09:27:58.456123  run/compiled/deepdive.conf.json
2016-05-19 09:27:58.739075 Performing sanity checks on run/compiled/deepdive.conf.json:
2016-05-19 09:27:58.775309  checking if input_extractors_well_defined
2016-05-19 09:27:58.775370  checking if input_schema_wellformed
2016-05-19 09:27:58.775701 Normalizing and adding built-in processes to the data flow to compile:
2016-05-19 09:27:58.776127  run/compiled/config-0.00-init_objects.json
2016-05-19 09:27:58.790169  run/compiled/config-0.01-parse_calibration.json
2016-05-19 09:27:58.803068  run/compiled/config-0.01-parse_schema.json
2016-05-19 09:27:58.821829  run/compiled/config-0.51-add_init_app.json
2016-05-19 09:27:58.834290  run/compiled/config-0.52-input_loader.json
2016-05-19 09:27:58.849950  run/compiled/config-1.00-qualified_names.json
2016-05-19 09:27:58.867747  run/compiled/config-1.01-parse_inference_rules.json
2016-05-19 09:27:58.895461  run/compiled/config-2.01-grounding.json
2016-05-19 09:27:58.954309  run/compiled/config-2.02-learning_inference.json
2016-05-19 09:27:58.971226  run/compiled/config-2.03-calibration_plots.json
2016-05-19 09:27:58.985713  run/compiled/config-9.98-ensure_init_app.json
2016-05-19 09:27:58.999601  run/compiled/config-9.99-dependencies.json
2016-05-19 09:27:59.014618  run/compiled/config.json
2016-05-19 09:27:59.017574 Validating run/compiled/config.json:
2016-05-19 09:27:59.085693  checking if compiled_base_relations_have_input_data
2016-05-19 09:27:59.085753  [WARNING] input/init.sh should load all base relations: articles 
2016-05-19 09:27:59.085781  checking if compiled_dependencies_correct
2016-05-19 09:27:59.085806  checking if compiled_input_output_well_defined
2016-05-19 09:27:59.085828  checking if compiled_output_uniquely_defined
2016-05-19 09:27:59.086074 Compiling executable code into:
2016-05-19 09:27:59.086333  run/compiled/code-Makefile.json
2016-05-19 09:27:59.105897  run/compiled/code-cmd_extractor.json
2016-05-19 09:27:59.119319  run/compiled/code-dataflow_dot.json
2016-05-19 09:27:59.139227  run/compiled/code-sql_extractor.json
2016-05-19 09:27:59.152413  run/compiled/code-tsv_extractor.json
2016-05-19 09:27:59.169751 Generating files:
2016-05-19 09:27:59.184220  run/Makefile
2016-05-19 09:27:59.197908  run/process/init/app/run.sh
2016-05-19 09:27:59.213631  run/process/init/relation/articles/run.sh
2016-05-19 09:27:59.234550  run/dataflow.dot
2016-05-19 09:27:59.249991  run/process/ext_person_mention_by_map_person_mention/run.sh
2016-05-19 09:27:59.266432  run/process/ext_sentences_by_nlp_markup/run.sh
2016-05-19 09:27:59.281845  run/process/ext_target_mention_by_map_target_mention/run.sh
2016-05-19 09:27:59.320916  run/dataflow.svg
2016-05-19 09:27:59.322128   (file:///Users/SnehaS/Desktop/DR/planetaryIR-Repo/app/planetaryir/run/dataflow.svg)
2016-05-19 09:27:59.324975 ‘run/compiled’ -> ‘run/compiled~’
2016-05-19 09:27:59.328047 ‘run/compiled’ -> ‘20160519/092757.519199000’
