2016-03-16 13:37:56.344463 ‘run/LATEST.COMPILE’ -> ‘20160316/133756.297359000’
2016-03-16 13:37:56.344803 ‘run/RUNNING.COMPILE’ -> ‘20160316/133756.297359000’
2016-03-16 13:37:56.344835 Parsing DeepDive application (/Users/SnehaS/Desktop/DR/planetaryIR-Repo/app/planetaryir) to generate:
2016-03-16 13:37:56.344857  run/compiled/schema.json
2016-03-16 13:37:56.344878   from app.ddlog
2016-03-16 13:37:56.739347  run/compiled/deepdive.conf
2016-03-16 13:37:56.739489   from app.ddlog
2016-03-16 13:37:57.207913   from deepdive.conf
2016-03-16 13:37:57.213758  run/compiled/deepdive.conf.json
2016-03-16 13:37:57.486647 Performing sanity checks on run/compiled/deepdive.conf.json:
2016-03-16 13:37:57.525440  checking if input_extractors_well_defined
2016-03-16 13:37:57.525527  checking if input_schema_wellformed
2016-03-16 13:37:57.525833 Normalizing and adding built-in processes to the data flow to compile:
2016-03-16 13:37:57.526390  run/compiled/config-0.00-init_objects.json
2016-03-16 13:37:57.540599  run/compiled/config-0.01-parse_calibration.json
2016-03-16 13:37:57.556825  run/compiled/config-0.01-parse_schema.json
2016-03-16 13:37:57.576052  run/compiled/config-0.51-add_init_app.json
2016-03-16 13:37:57.591896  run/compiled/config-0.52-input_loader.json
2016-03-16 13:37:57.606918  run/compiled/config-1.00-qualified_names.json
2016-03-16 13:37:57.630310  run/compiled/config-1.01-parse_inference_rules.json
2016-03-16 13:37:57.654692  run/compiled/config-2.01-grounding.json
2016-03-16 13:37:57.717259  run/compiled/config-2.02-learning_inference.json
2016-03-16 13:37:57.732874  run/compiled/config-2.03-calibration_plots.json
2016-03-16 13:37:57.746547  run/compiled/config-9.98-ensure_init_app.json
2016-03-16 13:37:57.763031  run/compiled/config-9.99-dependencies.json
2016-03-16 13:37:57.777254  run/compiled/config.json
2016-03-16 13:37:57.782010 Validating run/compiled/config.json:
2016-03-16 13:37:57.856033  checking if compiled_base_relations_have_input_data
2016-03-16 13:37:57.856083  [WARNING] input/init.sh should load all base relations: articles 
2016-03-16 13:37:57.856104  checking if compiled_dependencies_correct
2016-03-16 13:37:57.856123  checking if compiled_input_output_well_defined
2016-03-16 13:37:57.856140  checking if compiled_output_uniquely_defined
2016-03-16 13:37:57.856389 Compiling executable code into:
2016-03-16 13:37:57.856646  run/compiled/code-Makefile.json
2016-03-16 13:37:57.874674  run/compiled/code-cmd_extractor.json
2016-03-16 13:37:57.888064  run/compiled/code-dataflow_dot.json
2016-03-16 13:37:57.905218  run/compiled/code-sql_extractor.json
2016-03-16 13:37:57.919827  run/compiled/code-tsv_extractor.json
2016-03-16 13:37:57.936454 Generating files:
2016-03-16 13:37:57.959073  run/Makefile
2016-03-16 13:37:57.976113  run/process/init/app/run.sh
2016-03-16 13:37:57.992924  run/process/init/relation/articles/run.sh
2016-03-16 13:37:58.009235  run/dataflow.dot
2016-03-16 13:37:58.023860  run/process/ext_person_mention_by_map_person_mention/run.sh
2016-03-16 13:37:58.038154  run/process/ext_sentences_by_nlp_markup/run.sh
2016-03-16 13:37:58.078930  run/dataflow.svg
2016-03-16 13:37:58.079911   (file:///Users/SnehaS/Desktop/DR/planetaryIR-Repo/app/planetaryir/run/dataflow.svg)
2016-03-16 13:37:58.083570 ‘run/compiled’ -> ‘run/compiled~’
2016-03-16 13:37:58.087336 ‘run/compiled’ -> ‘20160316/133756.297359000’
