2016-05-23 10:51:05.205615 # on Snehas-MacBook-Pro.local: deepdive do target_mention
2016-05-23 10:51:05.205853 # run/20160523/105102.675853000/plan.sh
2016-05-23 10:51:05.205875 # execution plan for data/target_mention
2016-05-23 10:51:05.205895 
2016-05-23 10:51:05.205916 : ## process/init/app ##########################################################
2016-05-23 10:51:05.205936 : # Done: 2016-03-31T11:08:43-0500 (52d 23h 42m 19s ago)
2016-05-23 10:51:05.205954 : process/init/app/run.sh
2016-05-23 10:51:05.205972 : mark_done process/init/app
2016-05-23 10:51:05.205992 : ##############################################################################
2016-05-23 10:51:05.206010 
2016-05-23 10:51:05.206031 : ## process/init/relation/articles ############################################
2016-05-23 10:51:05.206048 : # Done: 2016-05-23T10:36:55-0500 (14m 7s ago)
2016-05-23 10:51:05.206066 : process/init/relation/articles/run.sh
2016-05-23 10:51:05.206083 : mark_done process/init/relation/articles
2016-05-23 10:51:05.206100 : ##############################################################################
2016-05-23 10:51:05.206117 
2016-05-23 10:51:05.206139 : ## data/articles #############################################################
2016-05-23 10:51:05.206157 : # Done: 2016-05-23T10:36:55-0500 (14m 7s ago)
2016-05-23 10:51:05.206176 : # no-op
2016-05-23 10:51:05.206195 : mark_done data/articles
2016-05-23 10:51:05.206212 : ##############################################################################
2016-05-23 10:51:05.206229 
2016-05-23 10:51:05.206246 : ## process/ext_sentences_by_nlp_markup #######################################
2016-05-23 10:51:05.206268 : # Done: 2016-05-23T10:39:40-0500 (11m 22s ago)
2016-05-23 10:51:05.206287 : process/ext_sentences_by_nlp_markup/run.sh
2016-05-23 10:51:05.206306 : mark_done process/ext_sentences_by_nlp_markup
2016-05-23 10:51:05.206326 : ##############################################################################
2016-05-23 10:51:05.206343 
2016-05-23 10:51:05.206361 : ## data/sentences ############################################################
2016-05-23 10:51:05.206382 : # Done: 2016-05-23T10:39:40-0500 (11m 22s ago)
2016-05-23 10:51:05.206401 : # no-op
2016-05-23 10:51:05.206420 : mark_done data/sentences
2016-05-23 10:51:05.206438 : ##############################################################################
2016-05-23 10:51:05.206449 
2016-05-23 10:51:05.206459 ## process/ext_target_mention_by_map_target_mention ##########################
2016-05-23 10:51:05.206469 # Done: 2016-05-23T10:41:02-0500 (10m ago)
2016-05-23 10:51:05.206486 process/ext_target_mention_by_map_target_mention/run.sh
2016-05-23 10:51:05.206503 ++ dirname process/ext_target_mention_by_map_target_mention/run.sh
2016-05-23 10:51:05.206520 + cd process/ext_target_mention_by_map_target_mention
2016-05-23 10:51:05.206537 + export DEEPDIVE_CURRENT_PROCESS_NAME=process/ext_target_mention_by_map_target_mention
2016-05-23 10:51:05.206571 + DEEPDIVE_CURRENT_PROCESS_NAME=process/ext_target_mention_by_map_target_mention
2016-05-23 10:51:05.206597 + export DEEPDIVE_LOAD_FORMAT=tsv
2016-05-23 10:51:05.206619 + DEEPDIVE_LOAD_FORMAT=tsv
2016-05-23 10:51:05.206640 + deepdive compute execute 'input_sql= SELECT R0.doc_id AS "sentences.R0.doc_id", R0.sentence_index AS "sentences.R0.sentence_index", R0.sentence_text AS "sentences.R0.sentence_text", R0.tokens AS "sentences.R0.tokens"
2016-05-23 10:51:05.206663 FROM sentences R0
2016-05-23 10:51:05.206684         
2016-05-23 10:51:05.206705           ' 'command="$DEEPDIVE_APP"/udf/map_target_mention.py' output_relation=target_mention
2016-05-23 10:51:05.237725 Executing with the following configuration:
2016-05-23 10:51:05.237799  DEEPDIVE_NUM_PROCESSES=3
2016-05-23 10:51:05.237830  DEEPDIVE_NUM_PARALLEL_UNLOADS=1
2016-05-23 10:51:05.237854  DEEPDIVE_NUM_PARALLEL_LOADS=1
2016-05-23 10:51:05.237923  output_relation_tmp=dd_tmp_target_mention
2016-05-23 10:51:05.237968 
2016-05-23 10:51:05.386971 CREATE TABLE
2016-05-23 10:51:05.493760 CREATE TABLE
2016-05-23 10:51:05.619731 unloading to feed_processes-1: ' SELECT R0.doc_id AS "sentences.R0.doc_id", R0.sentence_index AS "sentences.R0.sentence_index", R0.sentence_text AS "sentences.R0.sentence_text", R0.tokens AS "sentences.R0.tokens"
2016-05-23 10:51:05.619809 FROM sentences R0
2016-05-23 10:51:05.619841         
2016-05-23 10:51:05.619865           '
2016-05-23 10:51:05.647278 Loading dd_tmp_target_mention from output_computed-1 (tsv format)
2016-05-23 10:51:26.793559 COPY 14
2016-05-23 10:51:26.798474 Replacing target_mention with dd_tmp_target_mention
2016-05-23 10:51:26.870483 DROP TABLE
2016-05-23 10:51:26.942665 ALTER TABLE
2016-05-23 10:51:27.014546 ALTER TABLE
2016-05-23 10:51:27.086994 DROP TABLE
2016-05-23 10:51:27.120141 ANALYZE
2016-05-23 10:51:27.128662 mark_done process/ext_target_mention_by_map_target_mention
2016-05-23 10:51:27.143873 ##############################################################################
2016-05-23 10:51:27.144034 
2016-05-23 10:51:27.144115 ## data/target_mention #######################################################
2016-05-23 10:51:27.144149 # Done: 2016-05-23T10:41:02-0500 (10m ago)
2016-05-23 10:51:27.144177 # no-op
2016-05-23 10:51:27.144209 mark_done data/target_mention
2016-05-23 10:51:27.158487 ##############################################################################
2016-05-23 10:51:27.158545 
