2016-05-24 10:52:53.895278 # on Snehas-MacBook-Pro.local: deepdive do probabilities
2016-05-24 10:52:53.895515 # run/20160524/105250.641038000/plan.sh
2016-05-24 10:52:53.895534 # execution plan for data/model/probabilities
2016-05-24 10:52:53.895552 
2016-05-24 10:52:53.895570 : ## process/init/app ##########################################################
2016-05-24 10:52:53.895591 : # Done: 2016-03-31T11:08:43-0500 (53d 23h 44m 7s ago)
2016-05-24 10:52:53.895609 : process/init/app/run.sh
2016-05-24 10:52:53.895626 : mark_done process/init/app
2016-05-24 10:52:53.895644 : ##############################################################################
2016-05-24 10:52:53.895662 
2016-05-24 10:52:53.895680 : ## process/init/relation/articles ############################################
2016-05-24 10:52:53.895701 : # Done: 2016-05-23T10:36:55-0500 (1d 15m 55s ago)
2016-05-24 10:52:53.895719 : process/init/relation/articles/run.sh
2016-05-24 10:52:53.895738 : mark_done process/init/relation/articles
2016-05-24 10:52:53.895755 : ##############################################################################
2016-05-24 10:52:53.895773 
2016-05-24 10:52:53.895790 : ## data/articles #############################################################
2016-05-24 10:52:53.895807 : # Done: 2016-05-23T10:36:55-0500 (1d 15m 55s ago)
2016-05-24 10:52:53.895828 : # no-op
2016-05-24 10:52:53.895847 : mark_done data/articles
2016-05-24 10:52:53.895868 : ##############################################################################
2016-05-24 10:52:53.895885 
2016-05-24 10:52:53.895907 : ## process/ext_sentences_by_nlp_markup #######################################
2016-05-24 10:52:53.895933 : # Done: 2016-05-23T10:39:40-0500 (1d 13m 10s ago)
2016-05-24 10:52:53.895951 : process/ext_sentences_by_nlp_markup/run.sh
2016-05-24 10:52:53.895968 : mark_done process/ext_sentences_by_nlp_markup
2016-05-24 10:52:53.895985 : ##############################################################################
2016-05-24 10:52:53.896006 
2016-05-24 10:52:53.896025 : ## data/sentences ############################################################
2016-05-24 10:52:53.896043 : # Done: 2016-05-23T10:39:40-0500 (1d 13m 10s ago)
2016-05-24 10:52:53.896062 : # no-op
2016-05-24 10:52:53.896082 : mark_done data/sentences
2016-05-24 10:52:53.896099 : ##############################################################################
2016-05-24 10:52:53.896116 
2016-05-24 10:52:53.896137 : ## process/ext_target_mention_by_map_target_mention ##########################
2016-05-24 10:52:53.896156 : # Done: 2016-05-24T10:22:55-0500 (29m 55s ago)
2016-05-24 10:52:53.896174 : process/ext_target_mention_by_map_target_mention/run.sh
2016-05-24 10:52:53.896194 : mark_done process/ext_target_mention_by_map_target_mention
2016-05-24 10:52:53.896212 : ##############################################################################
2016-05-24 10:52:53.896229 
2016-05-24 10:52:53.896250 : ## data/target_mention #######################################################
2016-05-24 10:52:53.896269 : # Done: 2016-05-24T10:22:55-0500 (29m 55s ago)
2016-05-24 10:52:53.896288 : # no-op
2016-05-24 10:52:53.896307 : mark_done data/target_mention
2016-05-24 10:52:53.896324 : ##############################################################################
2016-05-24 10:52:53.896341 
2016-05-24 10:52:53.896360 : ## process/ext_target_feature_by_extract_target_features #####################
2016-05-24 10:52:53.896379 : # Done: 2016-05-24T10:25:04-0500 (27m 46s ago)
2016-05-24 10:52:53.896398 : process/ext_target_feature_by_extract_target_features/run.sh
2016-05-24 10:52:53.896416 : mark_done process/ext_target_feature_by_extract_target_features
2016-05-24 10:52:53.896435 : ##############################################################################
2016-05-24 10:52:53.896453 
2016-05-24 10:52:53.896471 : ## data/target_feature #######################################################
2016-05-24 10:52:53.896490 : # Done: 2016-05-24T10:25:04-0500 (27m 46s ago)
2016-05-24 10:52:53.896509 : # no-op
2016-05-24 10:52:53.896528 : mark_done data/target_feature
2016-05-24 10:52:53.896546 : ##############################################################################
2016-05-24 10:52:53.896570 
2016-05-24 10:52:53.896593 : ## process/ext_target_label__0_by_supervise ##################################
2016-05-24 10:52:53.896612 : # Done: 2016-05-24T10:28:43-0500 (24m 7s ago)
2016-05-24 10:52:53.896631 : process/ext_target_label__0_by_supervise/run.sh
2016-05-24 10:52:53.896651 : mark_done process/ext_target_label__0_by_supervise
2016-05-24 10:52:53.896668 : ##############################################################################
2016-05-24 10:52:53.896688 
2016-05-24 10:52:53.896709 : ## data/target_label__0 ######################################################
2016-05-24 10:52:53.896728 : # Done: 2016-05-24T10:28:43-0500 (24m 7s ago)
2016-05-24 10:52:53.896747 : # no-op
2016-05-24 10:52:53.896764 : mark_done data/target_label__0
2016-05-24 10:52:53.896783 : ##############################################################################
2016-05-24 10:52:53.896802 
2016-05-24 10:52:53.896821 : ## process/init/relation/targets_chemcam_mer #################################
2016-05-24 10:52:53.896840 : # Done: 2016-05-19T11:28:15-0500 (4d 23h 24m 36s ago)
2016-05-24 10:52:53.896859 : process/init/relation/targets_chemcam_mer/run.sh
2016-05-24 10:52:53.896876 : mark_done process/init/relation/targets_chemcam_mer
2016-05-24 10:52:53.896899 : ##############################################################################
2016-05-24 10:52:53.896918 
2016-05-24 10:52:53.896936 : ## data/targets_chemcam_mer ##################################################
2016-05-24 10:52:53.896957 : # Done: 2016-05-19T11:28:15-0500 (4d 23h 24m 36s ago)
2016-05-24 10:52:53.896975 : # no-op
2016-05-24 10:52:53.896992 : mark_done data/targets_chemcam_mer
2016-05-24 10:52:53.897014 : ##############################################################################
2016-05-24 10:52:53.897033 
2016-05-24 10:52:53.897051 : ## process/ext_target_label ##################################################
2016-05-24 10:52:53.897069 : # Done: 2016-05-24T10:28:43-0500 (24m 8s ago)
2016-05-24 10:52:53.897080 : process/ext_target_label/run.sh
2016-05-24 10:52:53.897090 : mark_done process/ext_target_label
2016-05-24 10:52:53.897100 : ##############################################################################
2016-05-24 10:52:53.897113 
2016-05-24 10:52:53.897133 : ## data/target_label #########################################################
2016-05-24 10:52:53.897154 : # Done: 2016-05-24T10:28:43-0500 (24m 8s ago)
2016-05-24 10:52:53.897172 : # no-op
2016-05-24 10:52:53.897192 : mark_done data/target_label
2016-05-24 10:52:53.897209 : ##############################################################################
2016-05-24 10:52:53.897226 
2016-05-24 10:52:53.897244 : ## process/ext_target_label_resolved #########################################
2016-05-24 10:52:53.897263 : # Done: 2016-05-24T10:28:43-0500 (24m 8s ago)
2016-05-24 10:52:53.897282 : process/ext_target_label_resolved/run.sh
2016-05-24 10:52:53.897302 : mark_done process/ext_target_label_resolved
2016-05-24 10:52:53.897319 : ##############################################################################
2016-05-24 10:52:53.897336 
2016-05-24 10:52:53.897355 : ## data/target_label_resolved ################################################
2016-05-24 10:52:53.897374 : # Done: 2016-05-24T10:28:43-0500 (24m 8s ago)
2016-05-24 10:52:53.897393 : # no-op
2016-05-24 10:52:53.897412 : mark_done data/target_label_resolved
2016-05-24 10:52:53.897432 : ##############################################################################
2016-05-24 10:52:53.897449 
2016-05-24 10:52:53.897470 : ## process/ext_is_target #####################################################
2016-05-24 10:52:53.897490 : # Done: 2016-05-24T10:28:44-0500 (24m 7s ago)
2016-05-24 10:52:53.897508 : process/ext_is_target/run.sh
2016-05-24 10:52:53.897527 : mark_done process/ext_is_target
2016-05-24 10:52:53.897547 : ##############################################################################
2016-05-24 10:52:53.897567 
2016-05-24 10:52:53.897586 : ## data/is_target ############################################################
2016-05-24 10:52:53.897604 : # Done: 2016-05-24T10:28:44-0500 (24m 7s ago)
2016-05-24 10:52:53.897643 : # no-op
2016-05-24 10:52:53.897686 : mark_done data/is_target
2016-05-24 10:52:53.897712 : ##############################################################################
2016-05-24 10:52:53.897736 
2016-05-24 10:52:53.897757 ## process/grounding/variable_id_partition ###################################
2016-05-24 10:52:53.897778 # Done: N/A
2016-05-24 10:52:53.897798 process/grounding/variable_id_partition/run.sh
2016-05-24 10:52:53.897816 ++ dirname process/grounding/variable_id_partition/run.sh
2016-05-24 10:52:53.897833 + cd process/grounding/variable_id_partition
2016-05-24 10:52:53.897851 + export DEEPDIVE_CURRENT_PROCESS_NAME=process/grounding/variable_id_partition
2016-05-24 10:52:53.897872 + DEEPDIVE_CURRENT_PROCESS_NAME=process/grounding/variable_id_partition
2016-05-24 10:52:53.897892 + : /Users/SnehaS/Desktop/DR/planetaryIR-Repo/app/planetaryir/run/model/grounding
2016-05-24 10:52:53.897912 + RANGE_BEGIN=0
2016-05-24 10:52:53.897932 + partition_id_range is_target
2016-05-24 10:52:53.897949 + variableCountTotal=0
2016-05-24 10:52:53.897966 + read table begin excludeEnd
2016-05-24 10:52:53.957083 + varPath=/Users/SnehaS/Desktop/DR/planetaryIR-Repo/app/planetaryir/run/model/grounding/variable/is_target
2016-05-24 10:52:53.957148 + mkdir -p /Users/SnehaS/Desktop/DR/planetaryIR-Repo/app/planetaryir/run/model/grounding/variable/is_target
2016-05-24 10:52:53.960323 + cd /Users/SnehaS/Desktop/DR/planetaryIR-Repo/app/planetaryir/run/model/grounding/variable/is_target
2016-05-24 10:52:53.960425 + echo 0
2016-05-24 10:52:53.960724 + echo 30
2016-05-24 10:52:53.960956 + echo 30
2016-05-24 10:52:53.961199 + variableCountTotal=30
2016-05-24 10:52:53.961236 + read table begin excludeEnd
2016-05-24 10:52:53.961260 + echo 30
2016-05-24 10:52:53.962078 mark_done process/grounding/variable_id_partition
2016-05-24 10:52:53.976351 ##############################################################################
2016-05-24 10:52:53.976401 
2016-05-24 10:52:53.976418 ## process/grounding/variable/is_target/assign_id ############################
2016-05-24 10:52:53.976437 # Done: N/A
2016-05-24 10:52:53.976458 process/grounding/variable/is_target/assign_id/run.sh
2016-05-24 10:52:53.982019 ++ dirname process/grounding/variable/is_target/assign_id/run.sh
2016-05-24 10:52:53.985766 + cd process/grounding/variable/is_target/assign_id
2016-05-24 10:52:53.985873 + export DEEPDIVE_CURRENT_PROCESS_NAME=process/grounding/variable/is_target/assign_id
2016-05-24 10:52:53.985915 + DEEPDIVE_CURRENT_PROCESS_NAME=process/grounding/variable/is_target/assign_id
2016-05-24 10:52:53.986018 + : /Users/SnehaS/Desktop/DR/planetaryIR-Repo/app/planetaryir/run/model/grounding
2016-05-24 10:52:53.986049 + table=is_target
2016-05-24 10:52:53.986073 + cd /Users/SnehaS/Desktop/DR/planetaryIR-Repo/app/planetaryir/run/model/grounding/variable/is_target
2016-05-24 10:52:53.986679 ++ cat id_begin
2016-05-24 10:52:53.988839 + baseId=0
2016-05-24 10:52:53.988891 + deepdive db assign_sequential_id is_target id 0
2016-05-24 10:52:54.062458 NOTICE:  sequence "dd_seq_is_target_id" does not exist, skipping
2016-05-24 10:52:54.068230 ERROR:  cannot update view "is_target"
2016-05-24 10:52:54.068298 DETAIL:  Views containing UNION, INTERSECT, or EXCEPT are not automatically updatable.
2016-05-24 10:52:54.068322 HINT:  To enable updating the view, provide an INSTEAD OF UPDATE trigger or an unconditional ON UPDATE DO INSTEAD rule.
