2016-02-25 15:09:35.325859 # on guest-wireless-207-151-035-044.usc.edu: deepdive do articles
2016-02-25 15:09:35.326091 # run/20160225/150931.909843000/plan.sh
2016-02-25 15:09:35.326110 # execution plan for data/articles
2016-02-25 15:09:35.326129 
2016-02-25 15:09:35.326148 : ## process/init/app ##########################################################
2016-02-25 15:09:35.326166 : # Done: 2016-02-24T17:00:00-0800 (22h 9m 32s ago)
2016-02-25 15:09:35.326184 : process/init/app/run.sh
2016-02-25 15:09:35.326202 : mark_done process/init/app
2016-02-25 15:09:35.326219 : ##############################################################################
2016-02-25 15:09:35.326238 
2016-02-25 15:09:35.326254 ## process/init/relation/articles ############################################
2016-02-25 15:09:35.326273 : # Done: 2016-02-25T14:43:17-0800 (26m 15s ago)
2016-02-25 15:09:35.326291 # Done: 2016-02-25T14:43:17-0800 (26m 14s ago)
2016-02-25 15:09:35.326310 process/init/relation/articles/run.sh
2016-02-25 15:09:35.326328 ++ dirname process/init/relation/articles/run.sh
2016-02-25 15:09:35.326346 + cd process/init/relation/articles
2016-02-25 15:09:35.326365 + export DEEPDIVE_CURRENT_PROCESS_NAME=process/init/relation/articles
2016-02-25 15:09:35.326382 + DEEPDIVE_CURRENT_PROCESS_NAME=process/init/relation/articles
2016-02-25 15:09:35.326419 + deepdive create table articles
2016-02-25 15:09:35.417325 CREATE TABLE
2016-02-25 15:09:35.418292 + deepdive load articles
2016-02-25 15:09:35.494256 Loading articles from input/articles.tsv.sh (tsv format)
2016-02-25 15:09:35.537257 COPY 1
2016-02-25 15:09:35.544388 mark_done process/init/relation/articles
2016-02-25 15:09:35.557704 ##############################################################################
2016-02-25 15:09:35.557769 
2016-02-25 15:09:35.557794 ## data/articles #############################################################
2016-02-25 15:09:35.557815 : # Done: 2016-02-25T14:43:17-0800 (26m 15s ago)
2016-02-25 15:09:35.557834 # Done: 2016-02-25T14:43:17-0800 (26m 14s ago)
2016-02-25 15:09:35.557894 # no-op
2016-02-25 15:09:35.557929 mark_done data/articles
2016-02-25 15:09:35.569823 ##############################################################################
2016-02-25 15:09:35.569912 
