2016-02-25 15:25:07.246444 # on guest-wireless-207-151-035-044.usc.edu: deepdive do sentences
2016-02-25 15:25:07.246734 # run/20160225/152502.849873000/plan.sh
2016-02-25 15:25:07.246766 # execution plan for data/sentences
2016-02-25 15:25:07.246814 
2016-02-25 15:25:07.246841 : ## process/init/app ##########################################################
2016-02-25 15:25:07.246922 : # Done: 2016-02-24T17:00:00-0800 (22h 25m 2s ago)
2016-02-25 15:25:07.246993 : process/init/app/run.sh
2016-02-25 15:25:07.247056 : mark_done process/init/app
2016-02-25 15:25:07.247108 : ##############################################################################
2016-02-25 15:25:07.247143 
2016-02-25 15:25:07.247180 : ## process/init/relation/articles ############################################
2016-02-25 15:25:07.247208 : # Done: 2016-02-25T15:24:54-0800 (8s ago)
2016-02-25 15:25:07.247233 : process/init/relation/articles/run.sh
2016-02-25 15:25:07.247256 : mark_done process/init/relation/articles
2016-02-25 15:25:07.247278 : ##############################################################################
2016-02-25 15:25:07.247300 
2016-02-25 15:25:07.247326 : ## data/articles #############################################################
2016-02-25 15:25:07.247356 : # Done: 2016-02-25T15:24:54-0800 (8s ago)
2016-02-25 15:25:07.247383 : # no-op
2016-02-25 15:25:07.247405 : mark_done data/articles
2016-02-25 15:25:07.247427 : ##############################################################################
2016-02-25 15:25:07.247471 
2016-02-25 15:25:07.247508 ## process/ext_sentences_by_nlp_markup #######################################
2016-02-25 15:25:07.247531 : # Done: 2016-02-25T15:10:44-0800 (14m 19s ago)
2016-02-25 15:25:07.247553 # Done: 2016-02-25T15:10:44-0800 (14m 18s ago)
2016-02-25 15:25:07.247577 process/ext_sentences_by_nlp_markup/run.sh
2016-02-25 15:25:07.247599 ++ dirname process/ext_sentences_by_nlp_markup/run.sh
2016-02-25 15:25:07.247624 + cd process/ext_sentences_by_nlp_markup
2016-02-25 15:25:07.247698 + export DEEPDIVE_CURRENT_PROCESS_NAME=process/ext_sentences_by_nlp_markup
2016-02-25 15:25:07.247761 + DEEPDIVE_CURRENT_PROCESS_NAME=process/ext_sentences_by_nlp_markup
2016-02-25 15:25:07.247793 + export DEEPDIVE_LOAD_FORMAT=tsv
2016-02-25 15:25:07.247816 + DEEPDIVE_LOAD_FORMAT=tsv
2016-02-25 15:25:07.247840 + deepdive compute execute 'input_sql= SELECT R0.id AS "articles.R0.id", R0.content AS "articles.R0.content"
2016-02-25 15:25:07.247862 FROM articles R0
2016-02-25 15:25:07.247888         
2016-02-25 15:25:07.247922           ' 'command="$DEEPDIVE_APP"/udf/nlp_markup.sh' output_relation=sentences
2016-02-25 15:25:07.276188 Executing with the following configuration:
2016-02-25 15:25:07.276237  DEEPDIVE_NUM_PROCESSES=3
2016-02-25 15:25:07.276259  DEEPDIVE_NUM_PARALLEL_UNLOADS=1
2016-02-25 15:25:07.276278  DEEPDIVE_NUM_PARALLEL_LOADS=1
2016-02-25 15:25:07.276297  output_relation_tmp=dd_tmp_sentences
2016-02-25 15:25:07.276313 
2016-02-25 15:25:07.424810 CREATE TABLE
2016-02-25 15:25:07.525789 CREATE TABLE
2016-02-25 15:25:07.647548 unloading to feed_processes-1: ' SELECT R0.id AS "articles.R0.id", R0.content AS "articles.R0.content"
2016-02-25 15:25:07.647607 FROM articles R0
2016-02-25 15:25:07.647629         
2016-02-25 15:25:07.647648           '
2016-02-25 15:25:07.678445 Loading dd_tmp_sentences from output_computed-1 (tsv format)
2016-02-25 15:25:08.377597 Parsing with max_len=100Parsing with max_len=100
2016-02-25 15:25:08.380592 
2016-02-25 15:25:08.392107 Parsing with max_len=100
2016-02-25 15:25:08.633438 Adding annotator tokenize
2016-02-25 15:25:08.635235 Adding annotator tokenize
2016-02-25 15:25:08.639847 Adding annotator tokenize
2016-02-25 15:25:08.640412 TokenizerAnnotator: No tokenizer type provided. Defaulting to PTBTokenizer.
2016-02-25 15:25:08.643019 TokenizerAnnotator: No tokenizer type provided. Defaulting to PTBTokenizer.
2016-02-25 15:25:08.645665 Adding annotator cleanxml
2016-02-25 15:25:08.646122 TokenizerAnnotator: No tokenizer type provided. Defaulting to PTBTokenizer.
2016-02-25 15:25:08.648799 Adding annotator cleanxml
2016-02-25 15:25:08.651559 Adding annotator cleanxml
2016-02-25 15:25:08.689621 Adding annotator ssplit
2016-02-25 15:25:08.691012 Adding annotator ssplit
2016-02-25 15:25:08.692662 Adding annotator pos
2016-02-25 15:25:08.694441 Adding annotator pos
2016-02-25 15:25:08.704958 Adding annotator ssplit
2016-02-25 15:25:08.710913 Adding annotator pos
2016-02-25 15:25:10.518460 Reading POS tagger model from edu/stanford/nlp/models/pos-tagger/english-left3words/english-left3words-distsim.tagger ... Reading POS tagger model from edu/stanford/nlp/models/pos-tagger/english-left3words/english-left3words-distsim.tagger ... Reading POS tagger model from edu/stanford/nlp/models/pos-tagger/english-left3words/english-left3words-distsim.tagger ... done [1.7 sec].
2016-02-25 15:25:10.518996 Adding annotator lemma
2016-02-25 15:25:10.519946 Adding annotator ner
2016-02-25 15:25:10.523642 done [1.8 sec].
2016-02-25 15:25:10.523784 Adding annotator lemma
2016-02-25 15:25:10.524639 Adding annotator ner
2016-02-25 15:25:11.709052 Loading classifier from edu/stanford/nlp/models/ner/english.all.3class.distsim.crf.ser.gz ... Loading classifier from edu/stanford/nlp/models/ner/english.all.3class.distsim.crf.ser.gz ... done [3.0 sec].
2016-02-25 15:25:11.709297 Adding annotator lemma
2016-02-25 15:25:11.710258 Adding annotator ner
2016-02-25 15:25:18.048551 Loading classifier from edu/stanford/nlp/models/ner/english.all.3class.distsim.crf.ser.gz ... done [7.3 sec].
2016-02-25 15:25:18.144083 Loading classifier from edu/stanford/nlp/models/ner/english.muc.7class.distsim.crf.ser.gz ... done [7.4 sec].
2016-02-25 15:25:19.241455 Loading classifier from edu/stanford/nlp/models/ner/english.muc.7class.distsim.crf.ser.gz ... done [7.5 sec].
2016-02-25 15:25:22.120454 Loading classifier from edu/stanford/nlp/models/ner/english.muc.7class.distsim.crf.ser.gz ... done [4.1 sec].
2016-02-25 15:25:22.216967 Loading classifier from edu/stanford/nlp/models/ner/english.conll.4class.distsim.crf.ser.gz ... done [4.1 sec].
2016-02-25 15:25:22.440729 Loading classifier from edu/stanford/nlp/models/ner/english.conll.4class.distsim.crf.ser.gz ... done [3.2 sec].
2016-02-25 15:25:25.244137 Loading classifier from edu/stanford/nlp/models/ner/english.conll.4class.distsim.crf.ser.gz ... done [3.1 sec].
2016-02-25 15:25:25.246045 sutime.binder.1.
2016-02-25 15:25:25.246109 Initializing JollyDayHoliday for sutime with classpath:edu/stanford/nlp/models/sutime/jollyday/Holidays_sutime.xml
2016-02-25 15:25:25.453753 done [3.2 sec].
2016-02-25 15:25:25.455777 sutime.binder.1.
2016-02-25 15:25:25.455844 Initializing JollyDayHoliday for sutime with classpath:edu/stanford/nlp/models/sutime/jollyday/Holidays_sutime.xml
2016-02-25 15:25:25.739863 Reading TokensRegex rules from edu/stanford/nlp/models/sutime/defs.sutime.txt
2016-02-25 15:25:25.827468 Reading TokensRegex rules from edu/stanford/nlp/models/sutime/english.sutime.txt
2016-02-25 15:25:26.036313 done [3.6 sec].
2016-02-25 15:25:26.039373 sutime.binder.1.
2016-02-25 15:25:26.039951 Initializing JollyDayHoliday for sutime with classpath:edu/stanford/nlp/models/sutime/jollyday/Holidays_sutime.xml
2016-02-25 15:25:26.239427 Reading TokensRegex rules from edu/stanford/nlp/models/sutime/defs.sutime.txt
2016-02-25 15:25:26.428329 Reading TokensRegex rules from edu/stanford/nlp/models/sutime/english.sutime.txt
2016-02-25 15:25:26.446995 Feb 25, 2016 3:25:26 PM edu.stanford.nlp.ling.tokensregex.CoreMapExpressionExtractor appendRules
2016-02-25 15:25:26.447069 INFO: Ignoring inactive rule: null
2016-02-25 15:25:26.448060 Feb 25, 2016 3:25:26 PM edu.stanford.nlp.ling.tokensregex.CoreMapExpressionExtractor appendRules
2016-02-25 15:25:26.448126 INFO: Ignoring inactive rule: temporal-composite-8:ranges
2016-02-25 15:25:26.448365 Reading TokensRegex rules from edu/stanford/nlp/models/sutime/english.holidays.sutime.txt
2016-02-25 15:25:26.459621 Adding annotator parse
2016-02-25 15:25:27.147881 Loading parser from serialized file edu/stanford/nlp/models/srparser/englishSR.ser.gz ...Reading TokensRegex rules from edu/stanford/nlp/models/sutime/defs.sutime.txt
2016-02-25 15:25:27.194714 Feb 25, 2016 3:25:27 PM edu.stanford.nlp.ling.tokensregex.CoreMapExpressionExtractor appendRules
2016-02-25 15:25:27.194785 INFO: Ignoring inactive rule: null
2016-02-25 15:25:27.195654 Feb 25, 2016 3:25:27 PM edu.stanford.nlp.ling.tokensregex.CoreMapExpressionExtractor appendRules
2016-02-25 15:25:27.195713 INFO: Ignoring inactive rule: temporal-composite-8:ranges
2016-02-25 15:25:27.196732 Reading TokensRegex rules from edu/stanford/nlp/models/sutime/english.holidays.sutime.txt
2016-02-25 15:25:27.203819 Adding annotator parse
2016-02-25 15:25:27.321839 Loading parser from serialized file edu/stanford/nlp/models/srparser/englishSR.ser.gz ...Reading TokensRegex rules from edu/stanford/nlp/models/sutime/english.sutime.txt
2016-02-25 15:25:28.016697 Feb 25, 2016 3:25:28 PM edu.stanford.nlp.ling.tokensregex.CoreMapExpressionExtractor appendRules
2016-02-25 15:25:28.016787 INFO: Ignoring inactive rule: null
2016-02-25 15:25:28.017964 Feb 25, 2016 3:25:28 PM edu.stanford.nlp.ling.tokensregex.CoreMapExpressionExtractor appendRules
2016-02-25 15:25:28.018023 INFO: Ignoring inactive rule: temporal-composite-8:ranges
2016-02-25 15:25:28.019701 Reading TokensRegex rules from edu/stanford/nlp/models/sutime/english.holidays.sutime.txt
2016-02-25 15:25:28.024957 Adding annotator parse
2016-02-25 15:25:55.438579 Loading parser from serialized file edu/stanford/nlp/models/srparser/englishSR.ser.gz ...done [28.2 sec].
2016-02-25 15:25:55.678044 done [29.2 sec].
2016-02-25 15:25:55.729434 done [27.7 sec].
2016-02-25 15:25:55.863409 Parsing document 1438...
2016-02-25 15:26:03.008674 COPY 65
2016-02-25 15:26:03.014833 Replacing sentences with dd_tmp_sentences
2016-02-25 15:26:03.098630 DROP TABLE
2016-02-25 15:26:03.171563 ALTER TABLE
2016-02-25 15:26:03.240764 ALTER TABLE
2016-02-25 15:26:03.318722 DROP TABLE
2016-02-25 15:26:03.382637 ANALYZE
2016-02-25 15:26:03.388672 mark_done process/ext_sentences_by_nlp_markup
2016-02-25 15:26:03.403436 ##############################################################################
2016-02-25 15:26:03.403507 
2016-02-25 15:26:03.403528 ## data/sentences ############################################################
2016-02-25 15:26:03.403547 : # Done: 2016-02-25T15:10:44-0800 (14m 19s ago)
2016-02-25 15:26:03.403589 # Done: 2016-02-25T15:10:44-0800 (14m 18s ago)
2016-02-25 15:26:03.403622 # no-op
2016-02-25 15:26:03.403643 mark_done data/sentences
2016-02-25 15:26:03.415307 ##############################################################################
2016-02-25 15:26:03.415361 
