2016-05-24 11:01:10.289521 # on Snehas-MacBook-Pro.local: deepdive do calibration-plots
2016-05-24 11:01:10.289741 # run/20160524/110106.924915000/plan.sh
2016-05-24 11:01:10.289759 # execution plan for model/calibration-plots
2016-05-24 11:01:10.289776 
2016-05-24 11:01:10.289794 : ## process/init/app ##########################################################
2016-05-24 11:01:10.289815 : # Done: 2016-03-31T11:08:43-0500 (53d 23h 52m 24s ago)
2016-05-24 11:01:10.289833 : process/init/app/run.sh
2016-05-24 11:01:10.289851 : mark_done process/init/app
2016-05-24 11:01:10.289899 : ##############################################################################
2016-05-24 11:01:10.289924 
2016-05-24 11:01:10.289945 : ## process/init/relation/articles ############################################
2016-05-24 11:01:10.289966 : # Done: 2016-05-23T10:36:55-0500 (1d 24m 12s ago)
2016-05-24 11:01:10.289987 : process/init/relation/articles/run.sh
2016-05-24 11:01:10.290007 : mark_done process/init/relation/articles
2016-05-24 11:01:10.290027 : ##############################################################################
2016-05-24 11:01:10.290045 
2016-05-24 11:01:10.290065 : ## data/articles #############################################################
2016-05-24 11:01:10.290086 : # Done: 2016-05-23T10:36:55-0500 (1d 24m 12s ago)
2016-05-24 11:01:10.290106 : # no-op
2016-05-24 11:01:10.290126 : mark_done data/articles
2016-05-24 11:01:10.290146 : ##############################################################################
2016-05-24 11:01:10.290167 
2016-05-24 11:01:10.290187 : ## process/ext_sentences_by_nlp_markup #######################################
2016-05-24 11:01:10.290208 : # Done: 2016-05-23T10:39:40-0500 (1d 21m 27s ago)
2016-05-24 11:01:10.290228 : process/ext_sentences_by_nlp_markup/run.sh
2016-05-24 11:01:10.290248 : mark_done process/ext_sentences_by_nlp_markup
2016-05-24 11:01:10.290268 : ##############################################################################
2016-05-24 11:01:10.290288 
2016-05-24 11:01:10.290308 : ## data/sentences ############################################################
2016-05-24 11:01:10.290328 : # Done: 2016-05-23T10:39:40-0500 (1d 21m 27s ago)
2016-05-24 11:01:10.290348 : # no-op
2016-05-24 11:01:10.290369 : mark_done data/sentences
2016-05-24 11:01:10.290388 : ##############################################################################
2016-05-24 11:01:10.290409 
2016-05-24 11:01:10.290429 : ## process/ext_target_mention_by_map_target_mention ##########################
2016-05-24 11:01:10.290449 : # Done: 2016-05-24T10:22:55-0500 (38m 12s ago)
2016-05-24 11:01:10.290469 : process/ext_target_mention_by_map_target_mention/run.sh
2016-05-24 11:01:10.290489 : mark_done process/ext_target_mention_by_map_target_mention
2016-05-24 11:01:10.290509 : ##############################################################################
2016-05-24 11:01:10.290529 
2016-05-24 11:01:10.290549 : ## data/target_mention #######################################################
2016-05-24 11:01:10.290569 : # Done: 2016-05-24T10:22:55-0500 (38m 12s ago)
2016-05-24 11:01:10.290588 : # no-op
2016-05-24 11:01:10.290608 : mark_done data/target_mention
2016-05-24 11:01:10.290627 : ##############################################################################
2016-05-24 11:01:10.290646 
2016-05-24 11:01:10.290666 : ## process/ext_target_feature_by_extract_target_features #####################
2016-05-24 11:01:10.290686 : # Done: 2016-05-24T10:25:04-0500 (36m 3s ago)
2016-05-24 11:01:10.290705 : process/ext_target_feature_by_extract_target_features/run.sh
2016-05-24 11:01:10.290725 : mark_done process/ext_target_feature_by_extract_target_features
2016-05-24 11:01:10.290745 : ##############################################################################
2016-05-24 11:01:10.290765 
2016-05-24 11:01:10.290785 : ## data/target_feature #######################################################
2016-05-24 11:01:10.290805 : # Done: 2016-05-24T10:25:04-0500 (36m 3s ago)
2016-05-24 11:01:10.290825 : # no-op
2016-05-24 11:01:10.290845 : mark_done data/target_feature
2016-05-24 11:01:10.290865 : ##############################################################################
2016-05-24 11:01:10.290884 
2016-05-24 11:01:10.290904 : ## process/ext_target_label__0_by_supervise ##################################
2016-05-24 11:01:10.290924 : # Done: 2016-05-24T10:28:43-0500 (32m 24s ago)
2016-05-24 11:01:10.290944 : process/ext_target_label__0_by_supervise/run.sh
2016-05-24 11:01:10.290964 : mark_done process/ext_target_label__0_by_supervise
2016-05-24 11:01:10.290984 : ##############################################################################
2016-05-24 11:01:10.291003 
2016-05-24 11:01:10.291023 : ## data/target_label__0 ######################################################
2016-05-24 11:01:10.291042 : # Done: 2016-05-24T10:28:43-0500 (32m 24s ago)
2016-05-24 11:01:10.291060 : # no-op
2016-05-24 11:01:10.291079 : mark_done data/target_label__0
2016-05-24 11:01:10.291098 : ##############################################################################
2016-05-24 11:01:10.291117 
2016-05-24 11:01:10.291136 : ## process/init/relation/targets_chemcam_mer #################################
2016-05-24 11:01:10.291156 : # Done: 2016-05-19T11:28:15-0500 (4d 23h 32m 52s ago)
2016-05-24 11:01:10.291174 : process/init/relation/targets_chemcam_mer/run.sh
2016-05-24 11:01:10.291194 : mark_done process/init/relation/targets_chemcam_mer
2016-05-24 11:01:10.291213 : ##############################################################################
2016-05-24 11:01:10.291233 
2016-05-24 11:01:10.291252 : ## data/targets_chemcam_mer ##################################################
2016-05-24 11:01:10.291272 : # Done: 2016-05-19T11:28:15-0500 (4d 23h 32m 52s ago)
2016-05-24 11:01:10.291291 : # no-op
2016-05-24 11:01:10.291311 : mark_done data/targets_chemcam_mer
2016-05-24 11:01:10.291330 : ##############################################################################
2016-05-24 11:01:10.291350 
2016-05-24 11:01:10.291370 : ## process/ext_target_label ##################################################
2016-05-24 11:01:10.291390 : # Done: 2016-05-24T10:28:43-0500 (32m 24s ago)
2016-05-24 11:01:10.291410 : process/ext_target_label/run.sh
2016-05-24 11:01:10.291430 : mark_done process/ext_target_label
2016-05-24 11:01:10.291449 : ##############################################################################
2016-05-24 11:01:10.291467 
2016-05-24 11:01:10.291487 : ## data/target_label #########################################################
2016-05-24 11:01:10.291507 : # Done: 2016-05-24T10:28:43-0500 (32m 24s ago)
2016-05-24 11:01:10.291527 : # no-op
2016-05-24 11:01:10.291544 : mark_done data/target_label
2016-05-24 11:01:10.291563 : ##############################################################################
2016-05-24 11:01:10.291581 
2016-05-24 11:01:10.291599 : ## process/ext_target_label_resolved #########################################
2016-05-24 11:01:10.291616 : # Done: 2016-05-24T10:28:43-0500 (32m 24s ago)
2016-05-24 11:01:10.291633 : process/ext_target_label_resolved/run.sh
2016-05-24 11:01:10.291650 : mark_done process/ext_target_label_resolved
2016-05-24 11:01:10.291669 : ##############################################################################
2016-05-24 11:01:10.291687 
2016-05-24 11:01:10.291705 : ## data/target_label_resolved ################################################
2016-05-24 11:01:10.291723 : # Done: 2016-05-24T10:28:43-0500 (32m 24s ago)
2016-05-24 11:01:10.291741 : # no-op
2016-05-24 11:01:10.291759 : mark_done data/target_label_resolved
2016-05-24 11:01:10.291778 : ##############################################################################
2016-05-24 11:01:10.291819 
2016-05-24 11:01:10.291845 : ## process/ext_is_target #####################################################
2016-05-24 11:01:10.291864 : # Done: 2016-05-24T10:59:09-0500 (1m 58s ago)
2016-05-24 11:01:10.291883 : process/ext_is_target/run.sh
2016-05-24 11:01:10.291904 : mark_done process/ext_is_target
2016-05-24 11:01:10.291924 : ##############################################################################
2016-05-24 11:01:10.291944 
2016-05-24 11:01:10.291965 : ## data/is_target ############################################################
2016-05-24 11:01:10.291984 : # Done: 2016-05-24T10:59:09-0500 (1m 58s ago)
2016-05-24 11:01:10.292006 : # no-op
2016-05-24 11:01:10.292026 : mark_done data/is_target
2016-05-24 11:01:10.292046 : ##############################################################################
2016-05-24 11:01:10.292064 
2016-05-24 11:01:10.292082 : ## process/grounding/variable_id_partition ###################################
2016-05-24 11:01:10.292104 : # Done: 2016-05-24T10:59:09-0500 (1m 58s ago)
2016-05-24 11:01:10.292123 : process/grounding/variable_id_partition/run.sh
2016-05-24 11:01:10.292143 : mark_done process/grounding/variable_id_partition
2016-05-24 11:01:10.292163 : ##############################################################################
2016-05-24 11:01:10.292180 
2016-05-24 11:01:10.292234 : ## process/grounding/variable/is_target/assign_id ############################
2016-05-24 11:01:10.292263 : # Done: 2016-05-24T10:59:09-0500 (1m 58s ago)
2016-05-24 11:01:10.292285 : process/grounding/variable/is_target/assign_id/run.sh
2016-05-24 11:01:10.292305 : mark_done process/grounding/variable/is_target/assign_id
2016-05-24 11:01:10.292326 : ##############################################################################
2016-05-24 11:01:10.292346 
2016-05-24 11:01:10.292365 : ## process/grounding/factor/inf_istrue_is_target/materialize #################
2016-05-24 11:01:10.292384 : # Done: 2016-05-24T10:59:10-0500 (1m 57s ago)
2016-05-24 11:01:10.292402 : process/grounding/factor/inf_istrue_is_target/materialize/run.sh
2016-05-24 11:01:10.292419 : mark_done process/grounding/factor/inf_istrue_is_target/materialize
2016-05-24 11:01:10.292438 : ##############################################################################
2016-05-24 11:01:10.292457 
2016-05-24 11:01:10.292475 : ## process/grounding/weight_id_partition #####################################
2016-05-24 11:01:10.292494 : # Done: 2016-05-24T10:59:10-0500 (1m 57s ago)
2016-05-24 11:01:10.292512 : process/grounding/weight_id_partition/run.sh
2016-05-24 11:01:10.292530 : mark_done process/grounding/weight_id_partition
2016-05-24 11:01:10.292549 : ##############################################################################
2016-05-24 11:01:10.292583 
2016-05-24 11:01:10.292612 : ## process/grounding/factor/inf_istrue_is_target/assign_weight_id ############
2016-05-24 11:01:10.292635 : # Done: 2016-05-24T10:59:10-0500 (1m 57s ago)
2016-05-24 11:01:10.292654 : process/grounding/factor/inf_istrue_is_target/assign_weight_id/run.sh
2016-05-24 11:01:10.292672 : mark_done process/grounding/factor/inf_istrue_is_target/assign_weight_id
2016-05-24 11:01:10.292692 : ##############################################################################
2016-05-24 11:01:10.292711 
2016-05-24 11:01:10.292750 : ## process/grounding/factor/inf_istrue_is_target/dump ########################
2016-05-24 11:01:10.292775 : # Done: 2016-05-24T10:59:12-0500 (1m 55s ago)
2016-05-24 11:01:10.292796 : process/grounding/factor/inf_istrue_is_target/dump/run.sh
2016-05-24 11:01:10.292818 : mark_done process/grounding/factor/inf_istrue_is_target/dump
2016-05-24 11:01:10.292839 : ##############################################################################
2016-05-24 11:01:10.292857 
2016-05-24 11:01:10.292876 : ## process/grounding/factor/inf_istrue_is_target/dump_weights ################
2016-05-24 11:01:10.292898 : # Done: 2016-05-24T10:59:14-0500 (1m 53s ago)
2016-05-24 11:01:10.292919 : process/grounding/factor/inf_istrue_is_target/dump_weights/run.sh
2016-05-24 11:01:10.292940 : mark_done process/grounding/factor/inf_istrue_is_target/dump_weights
2016-05-24 11:01:10.292959 : ##############################################################################
2016-05-24 11:01:10.292979 
2016-05-24 11:01:10.293001 : ## process/grounding/global_weight_table #####################################
2016-05-24 11:01:10.293022 : # Done: 2016-05-24T10:59:14-0500 (1m 53s ago)
2016-05-24 11:01:10.293043 : process/grounding/global_weight_table/run.sh
2016-05-24 11:01:10.293063 : mark_done process/grounding/global_weight_table
2016-05-24 11:01:10.293084 : ##############################################################################
2016-05-24 11:01:10.293105 
2016-05-24 11:01:10.293131 : ## process/grounding/variable_holdout ########################################
2016-05-24 11:01:10.293152 : # Done: 2016-05-24T10:59:14-0500 (1m 53s ago)
2016-05-24 11:01:10.293171 : process/grounding/variable_holdout/run.sh
2016-05-24 11:01:10.293190 : mark_done process/grounding/variable_holdout
2016-05-24 11:01:10.293211 : ##############################################################################
2016-05-24 11:01:10.293232 
2016-05-24 11:01:10.293254 : ## process/grounding/variable/is_target/dump #################################
2016-05-24 11:01:10.293274 : # Done: 2016-05-24T10:59:15-0500 (1m 52s ago)
2016-05-24 11:01:10.293294 : process/grounding/variable/is_target/dump/run.sh
2016-05-24 11:01:10.293315 : mark_done process/grounding/variable/is_target/dump
2016-05-24 11:01:10.293336 : ##############################################################################
2016-05-24 11:01:10.293358 
2016-05-24 11:01:10.293377 : ## process/grounding/combine_factorgraph #####################################
2016-05-24 11:01:10.293398 : # Done: 2016-05-24T10:59:15-0500 (1m 52s ago)
2016-05-24 11:01:10.293420 : process/grounding/combine_factorgraph/run.sh
2016-05-24 11:01:10.293441 : mark_done process/grounding/combine_factorgraph
2016-05-24 11:01:10.293462 : ##############################################################################
2016-05-24 11:01:10.293481 
2016-05-24 11:01:10.293501 : ## model/factorgraph #########################################################
2016-05-24 11:01:10.293521 : # Done: 2016-05-24T10:59:15-0500 (1m 52s ago)
2016-05-24 11:01:10.293542 : mark_done model/factorgraph
2016-05-24 11:01:10.293563 : ##############################################################################
2016-05-24 11:01:10.293582 
2016-05-24 11:01:10.293603 : ## process/model/learning ####################################################
2016-05-24 11:01:10.293624 : # Done: 2016-05-24T10:59:16-0500 (1m 51s ago)
2016-05-24 11:01:10.293645 : process/model/learning/run.sh
2016-05-24 11:01:10.293665 : mark_done process/model/learning
2016-05-24 11:01:10.293684 : ##############################################################################
2016-05-24 11:01:10.293704 
2016-05-24 11:01:10.293726 : ## model/weights #############################################################
2016-05-24 11:01:10.293746 : # Done: 2016-05-24T10:59:16-0500 (1m 51s ago)
2016-05-24 11:01:10.293767 : mark_done model/weights
2016-05-24 11:01:10.293786 : ##############################################################################
2016-05-24 11:01:10.293806 
2016-05-24 11:01:10.293828 : ## process/model/inference ###################################################
2016-05-24 11:01:10.293849 : # Done: 2016-05-24T10:59:16-0500 (1m 51s ago)
2016-05-24 11:01:10.293870 : process/model/inference/run.sh
2016-05-24 11:01:10.293890 : mark_done process/model/inference
2016-05-24 11:01:10.293910 : ##############################################################################
2016-05-24 11:01:10.293931 
2016-05-24 11:01:10.293953 : ## model/probabilities #######################################################
2016-05-24 11:01:10.293974 : # Done: 2016-05-24T10:59:16-0500 (1m 51s ago)
2016-05-24 11:01:10.293993 : mark_done model/probabilities
2016-05-24 11:01:10.294013 : ##############################################################################
2016-05-24 11:01:10.294034 
2016-05-24 11:01:10.294055 : ## process/model/load_probabilities ##########################################
2016-05-24 11:01:10.294077 : # Done: 2016-05-24T10:59:16-0500 (1m 51s ago)
2016-05-24 11:01:10.294096 : process/model/load_probabilities/run.sh
2016-05-24 11:01:10.294115 : mark_done process/model/load_probabilities
2016-05-24 11:01:10.294137 : ##############################################################################
2016-05-24 11:01:10.294158 
2016-05-24 11:01:10.294179 : ## data/model/probabilities ##################################################
2016-05-24 11:01:10.294199 : # Done: 2016-05-24T10:59:16-0500 (1m 51s ago)
2016-05-24 11:01:10.294217 : # no-op
2016-05-24 11:01:10.294237 : mark_done data/model/probabilities
2016-05-24 11:01:10.294259 : ##############################################################################
2016-05-24 11:01:10.294280 
2016-05-24 11:01:10.294300 ## process/model/calibration #################################################
2016-05-24 11:01:10.294319 # Done: N/A
2016-05-24 11:01:10.294340 process/model/calibration/run.sh
2016-05-24 11:01:10.294361 ++ dirname process/model/calibration/run.sh
2016-05-24 11:01:10.294382 + cd process/model/calibration
2016-05-24 11:01:10.294403 + export DEEPDIVE_CURRENT_PROCESS_NAME=process/model/calibration
2016-05-24 11:01:10.294425 + DEEPDIVE_CURRENT_PROCESS_NAME=process/model/calibration
2016-05-24 11:01:10.294447 + d=../../../model/calibration-plots
2016-05-24 11:01:10.294468 + mkdir -p ../../../model/calibration-plots
2016-05-24 11:01:10.294488 + cd ../../../model/calibration-plots
2016-05-24 11:01:10.294507 + extraOutput=/Users/SnehaS/Desktop/DR/planetaryIR-Repo/app/planetaryir/run/20160524/110106.924915000/calibration
2016-05-24 11:01:10.294527 + mkdir -p /Users/SnehaS/Desktop/DR/planetaryIR-Repo/app/planetaryir/run/20160524/110106.924915000/calibration
2016-05-24 11:01:10.294548 + DEEPDIVE_CALIBRATION_NUM_BUCKETS=10
2016-05-24 11:01:10.294570 + deepdive db create_calibration_view is_target label
2016-05-24 11:01:10.425738 CREATE VIEW
2016-05-24 11:01:10.426991 + draw_calibration_plot is_target label
2016-05-24 11:01:10.582756 + cp -a is_target_label.png is_target_label.tsv /Users/SnehaS/Desktop/DR/planetaryIR-Repo/app/planetaryir/run/20160524/110106.924915000/calibration/
2016-05-24 11:01:10.589226 mark_done process/model/calibration
2016-05-24 11:01:10.600795 ##############################################################################
2016-05-24 11:01:10.600865 
2016-05-24 11:01:10.600884 ## model/calibration-plots ###################################################
2016-05-24 11:01:10.600903 # Done: N/A
2016-05-24 11:01:10.600939 mark_done model/calibration-plots
2016-05-24 11:01:10.612701 ##############################################################################
2016-05-24 11:01:10.612753 
