2016-03-10 16:47:56.455337 # on usc-secure-wireless-052-050.usc.edu: deepdive do articles
2016-03-10 16:47:56.455606 # run/20160310/164753.728537000/plan.sh
2016-03-10 16:47:56.455627 # execution plan for data/articles
2016-03-10 16:47:56.455645 
2016-03-10 16:47:56.455662 : ## process/init/app ##########################################################
2016-03-10 16:47:56.455680 : # Done: 2016-02-24T17:00:00-0800 (14d 23h 47m 53s ago)
2016-03-10 16:47:56.455698 : process/init/app/run.sh
2016-03-10 16:47:56.455715 : mark_done process/init/app
2016-03-10 16:47:56.455732 : ##############################################################################
2016-03-10 16:47:56.455750 
2016-03-10 16:47:56.455768 ## process/init/relation/articles ############################################
2016-03-10 16:47:56.455788 # Done: 2016-03-10T09:28:01-0800 (7h 19m 52s ago)
2016-03-10 16:47:56.455809 process/init/relation/articles/run.sh
2016-03-10 16:47:56.455827 ++ dirname process/init/relation/articles/run.sh
2016-03-10 16:47:56.455846 + cd process/init/relation/articles
2016-03-10 16:47:56.455862 + export DEEPDIVE_CURRENT_PROCESS_NAME=process/init/relation/articles
2016-03-10 16:47:56.455883 + DEEPDIVE_CURRENT_PROCESS_NAME=process/init/relation/articles
2016-03-10 16:47:56.455901 + deepdive create table articles
2016-03-10 16:47:56.607974 CREATE TABLE
2016-03-10 16:47:56.609218 + deepdive load articles
2016-03-10 16:47:56.684349 Loading articles from input/articles.tsv.sh (tsv format)
2016-03-10 16:47:56.733773 COPY 5
2016-03-10 16:47:56.742977 mark_done process/init/relation/articles
2016-03-10 16:47:56.755456 ##############################################################################
2016-03-10 16:47:56.755526 
2016-03-10 16:47:56.755550 ## data/articles #############################################################
2016-03-10 16:47:56.755568 # Done: 2016-03-10T09:28:01-0800 (7h 19m 52s ago)
2016-03-10 16:47:56.755586 # no-op
2016-03-10 16:47:56.755604 mark_done data/articles
2016-03-10 16:47:56.767151 ##############################################################################
2016-03-10 16:47:56.767216 
