2016-05-19 09:33:56.590046 # on Snehas-MacBook-Pro.local: deepdive do target_mention
2016-05-19 09:33:56.590267 # run/20160519/093353.211072000/plan.sh
2016-05-19 09:33:56.590284 # execution plan for data/target_mention
2016-05-19 09:33:56.590302 
2016-05-19 09:33:56.590319 : ## process/init/app ##########################################################
2016-05-19 09:33:56.590338 : # Done: 2016-03-31T11:08:43-0500 (48d 22h 25m 10s ago)
2016-05-19 09:33:56.590357 : process/init/app/run.sh
2016-05-19 09:33:56.590374 : mark_done process/init/app
2016-05-19 09:33:56.590391 : ##############################################################################
2016-05-19 09:33:56.590410 
2016-05-19 09:33:56.590428 : ## process/init/relation/articles ############################################
2016-05-19 09:33:56.590446 : # Done: 2016-03-31T11:08:43-0500 (48d 22h 25m 10s ago)
2016-05-19 09:33:56.590465 : process/init/relation/articles/run.sh
2016-05-19 09:33:56.590483 : mark_done process/init/relation/articles
2016-05-19 09:33:56.590500 : ##############################################################################
2016-05-19 09:33:56.590521 
2016-05-19 09:33:56.590539 : ## data/articles #############################################################
2016-05-19 09:33:56.590559 : # Done: 2016-03-31T11:08:43-0500 (48d 22h 25m 10s ago)
2016-05-19 09:33:56.590577 : # no-op
2016-05-19 09:33:56.590595 : mark_done data/articles
2016-05-19 09:33:56.590615 : ##############################################################################
2016-05-19 09:33:56.590634 
2016-05-19 09:33:56.590655 : ## process/ext_sentences_by_nlp_markup #######################################
2016-05-19 09:33:56.590675 : # Done: 2016-03-31T11:08:43-0500 (48d 22h 25m 10s ago)
2016-05-19 09:33:56.590694 : process/ext_sentences_by_nlp_markup/run.sh
2016-05-19 09:33:56.590715 : mark_done process/ext_sentences_by_nlp_markup
2016-05-19 09:33:56.590735 : ##############################################################################
2016-05-19 09:33:56.590756 
2016-05-19 09:33:56.590776 : ## data/sentences ############################################################
2016-05-19 09:33:56.590796 : # Done: 2016-03-31T11:08:43-0500 (48d 22h 25m 10s ago)
2016-05-19 09:33:56.590817 : # no-op
2016-05-19 09:33:56.590836 : mark_done data/sentences
2016-05-19 09:33:56.590856 : ##############################################################################
2016-05-19 09:33:56.590875 
2016-05-19 09:33:56.590894 ## process/ext_target_mention_by_map_target_mention ##########################
2016-05-19 09:33:56.590912 # Done: 2016-05-19T09:22:13-0500 (11m 40s ago)
2016-05-19 09:33:56.590932 process/ext_target_mention_by_map_target_mention/run.sh
2016-05-19 09:33:56.590952 ++ dirname process/ext_target_mention_by_map_target_mention/run.sh
2016-05-19 09:33:56.590971 + cd process/ext_target_mention_by_map_target_mention
2016-05-19 09:33:56.590991 + export DEEPDIVE_CURRENT_PROCESS_NAME=process/ext_target_mention_by_map_target_mention
2016-05-19 09:33:56.591013 + DEEPDIVE_CURRENT_PROCESS_NAME=process/ext_target_mention_by_map_target_mention
2016-05-19 09:33:56.591034 + export DEEPDIVE_LOAD_FORMAT=tsv
2016-05-19 09:33:56.591054 + DEEPDIVE_LOAD_FORMAT=tsv
2016-05-19 09:33:56.591081 + deepdive compute execute 'input_sql= SELECT R0.doc_id AS "sentences.R0.doc_id", R0.sentence_index AS "sentences.R0.sentence_index", R0.sentence_text AS "sentences.R0.sentence_text", R0.tokens AS "sentences.R0.tokens"
2016-05-19 09:33:56.591102 FROM sentences R0
2016-05-19 09:33:56.591121         
2016-05-19 09:33:56.591140           ' 'command="$DEEPDIVE_APP"/udf/map_target_mention.py' output_relation=target_mention
2016-05-19 09:33:56.619323 Executing with the following configuration:
2016-05-19 09:33:56.619371  DEEPDIVE_NUM_PROCESSES=3
2016-05-19 09:33:56.619393  DEEPDIVE_NUM_PARALLEL_UNLOADS=1
2016-05-19 09:33:56.619414  DEEPDIVE_NUM_PARALLEL_LOADS=1
2016-05-19 09:33:56.619433  output_relation_tmp=dd_tmp_target_mention
2016-05-19 09:33:56.619450 
2016-05-19 09:33:56.771859 CREATE TABLE
2016-05-19 09:33:56.876206 CREATE TABLE
2016-05-19 09:33:57.003734 unloading to feed_processes-1: ' SELECT R0.doc_id AS "sentences.R0.doc_id", R0.sentence_index AS "sentences.R0.sentence_index", R0.sentence_text AS "sentences.R0.sentence_text", R0.tokens AS "sentences.R0.tokens"
2016-05-19 09:33:57.003813 FROM sentences R0
2016-05-19 09:33:57.003846         
2016-05-19 09:33:57.003873           '
2016-05-19 09:33:57.029540 Loading dd_tmp_target_mention from output_computed-1 (tsv format)
2016-05-19 09:34:13.111767 Traceback (most recent call last):
2016-05-19 09:34:13.111831   File "/Users/SnehaS/Desktop/DR/planetaryIR-Repo/app/planetaryir/udf/map_target_mention.py", line 19, in <module>
2016-05-19 09:34:13.111858     tokens         = "text[]",
2016-05-19 09:34:13.111881   File "/Users/SnehaS/local/lib/python/ddlib/util.py", line 233, in tsv_extractor
2016-05-19 09:34:13.111903     printer.write(out_row)
2016-05-19 09:34:13.111924   File "/Users/SnehaS/local/lib/python/ddlib/util.py", line 156, in write
2016-05-19 09:34:13.111982     print '\t'.join(print_pgtsv_element(x, n, t) for x,(n,t) in zip(out, self.fields))
2016-05-19 09:34:13.112009   File "/Users/SnehaS/local/lib/python/ddlib/util.py", line 156, in <genexpr>
2016-05-19 09:34:13.112032     print '\t'.join(print_pgtsv_element(x, n, t) for x,(n,t) in zip(out, self.fields))
2016-05-19 09:34:13.112052   File "/Users/SnehaS/local/lib/python/ddlib/util.py", line 134, in print_pgtsv_element
2016-05-19 09:34:13.112073     name=n, declared_type=t, value_type=type(x), value=x,
2016-05-19 09:34:13.112094 Exception: Output column 'begin_index' of type int has incorrect value of <type 'generator'>: '<generator object <genexpr> at 0x1022905a0>'
2016-05-19 09:34:13.115344 /Users/SnehaS/local/util/compute-driver/local/compute-execute: line 140: kill: (44516) - No such process
2016-05-19 09:34:13.118670 COPY 0
2016-05-19 09:34:13.125258 [ERROR] command='"$DEEPDIVE_APP"/udf/map_target_mention.py': PID 44516: finished with non-zero exit status (0)
2016-05-19 09:34:13.126112 /Users/SnehaS/local/util/compute-driver/local/compute-execute: line 138: 44517 Terminated: 15          DEEPDIVE_CURRENT_PROCESS_INDEX=$i "$SHELL" -c "$command" < process-$i.input > process-$i.output
2016-05-19 09:34:13.126205 /Users/SnehaS/local/util/compute-driver/local/compute-execute: line 138: 44518 Terminated: 15          DEEPDIVE_CURRENT_PROCESS_INDEX=$i "$SHELL" -c "$command" < process-$i.input > process-$i.output
2016-05-19 09:34:13.126237 /Users/SnehaS/local/util/compute-driver/local/compute-execute: line 138: 44522 Terminated: 15          mkmimo process-*.output \> output_computed-*
2016-05-19 09:34:13.126262 /Users/SnehaS/local/util/compute-driver/local/compute-execute: line 138: 44523 Terminated: 15          deepdive-load "$output_relation_tmp" output_computed-*
2016-05-19 09:34:13.126285 /Users/SnehaS/local/util/compute-driver/local/compute-execute: line 138: 44529 Terminated: 15          deepdive-db unload "$input_sql" "$DEEPDIVE_LOAD_FORMAT" feed_processes-*
2016-05-19 09:34:13.126313 /Users/SnehaS/local/util/compute-driver/local/compute-execute: line 138: 44530 Terminated: 15          mkmimo feed_processes-* \> process-*.input
