2016-02-25 14:37:17.196036 ‘run/LATEST.COMPILE’ -> ‘20160225/143717.152619000’
2016-02-25 14:37:17.196423 ‘run/RUNNING.COMPILE’ -> ‘20160225/143717.152619000’
2016-02-25 14:37:17.196463 Parsing DeepDive application (/Users/SnehaS/Desktop/DR/planetaryIR-Repo/app/planetaryIR) to generate:
2016-02-25 14:37:17.196484  run/compiled/schema.json
2016-02-25 14:37:17.196509   from app.ddlog
2016-02-25 14:37:17.566973  run/compiled/deepdive.conf
2016-02-25 14:37:17.567069   from app.ddlog
2016-02-25 14:37:18.019474   from deepdive.conf
2016-02-25 14:37:18.025071  run/compiled/deepdive.conf.json
2016-02-25 14:37:18.297725 Performing sanity checks on run/compiled/deepdive.conf.json:
2016-02-25 14:37:18.333559  checking if input_extractors_well_defined
2016-02-25 14:37:18.333636  checking if input_schema_wellformed
2016-02-25 14:37:18.334069 Normalizing and adding built-in processes to the data flow to compile:
2016-02-25 14:37:18.334489  run/compiled/config-0.00-init_objects.json
2016-02-25 14:37:18.347441  run/compiled/config-0.01-parse_calibration.json
2016-02-25 14:37:18.359809  run/compiled/config-0.01-parse_schema.json
2016-02-25 14:37:18.376652  run/compiled/config-0.51-add_init_app.json
2016-02-25 14:37:18.391089  run/compiled/config-0.52-input_loader.json
2016-02-25 14:37:18.404348  run/compiled/config-1.00-qualified_names.json
2016-02-25 14:37:18.421080  run/compiled/config-1.01-parse_inference_rules.json
2016-02-25 14:37:18.444512  run/compiled/config-2.01-grounding.json
2016-02-25 14:37:18.512422  run/compiled/config-2.02-learning_inference.json
2016-02-25 14:37:18.528417  run/compiled/config-2.03-calibration_plots.json
2016-02-25 14:37:18.542475  run/compiled/config-9.98-ensure_init_app.json
2016-02-25 14:37:18.558579  run/compiled/config-9.99-dependencies.json
2016-02-25 14:37:18.577033  run/compiled/config.json
2016-02-25 14:37:18.580136 Validating run/compiled/config.json:
2016-02-25 14:37:18.648520  checking if compiled_base_relations_have_input_data
2016-02-25 14:37:18.648575  checking if compiled_dependencies_correct
2016-02-25 14:37:18.648598  checking if compiled_input_output_well_defined
2016-02-25 14:37:18.648618  checking if compiled_output_uniquely_defined
2016-02-25 14:37:18.648949 Compiling executable code into:
2016-02-25 14:37:18.649247  run/compiled/code-Makefile.json
2016-02-25 14:37:18.664711  run/compiled/code-cmd_extractor.json
2016-02-25 14:37:18.677632  run/compiled/code-dataflow_dot.json
2016-02-25 14:37:18.697906  run/compiled/code-sql_extractor.json
2016-02-25 14:37:18.715035  run/compiled/code-tsv_extractor.json
2016-02-25 14:37:18.734225 Generating files:
2016-02-25 14:37:18.753779  run/Makefile
2016-02-25 14:37:18.768491  run/process/init/app/run.sh
2016-02-25 14:37:18.783893  run/process/init/relation/articles/run.sh
2016-02-25 14:37:18.803517  run/dataflow.dot
2016-02-25 14:37:18.821274  run/process/ext_person_mention_by_map_person_mention/run.sh
2016-02-25 14:37:18.839001  run/process/ext_sentences_by_nlp_markup/run.sh
2016-02-25 14:37:18.879376  run/dataflow.svg
2016-02-25 14:37:18.880278   (file:///Users/SnehaS/Desktop/DR/planetaryIR-Repo/app/planetaryIR/run/dataflow.svg)
2016-02-25 14:37:18.882860 ‘run/compiled’ -> ‘run/compiled~’
2016-02-25 14:37:18.885718 ‘run/compiled’ -> ‘20160225/143717.152619000’
