2016-05-19 11:24:33.538436 # on Snehas-MacBook-Pro.local: deepdive do target_label
2016-05-19 11:24:33.538657 # run/20160519/112430.326166000/plan.sh
2016-05-19 11:24:33.538689 # execution plan for data/target_label
2016-05-19 11:24:33.538713 
2016-05-19 11:24:33.538732 : ## process/init/app ##########################################################
2016-05-19 11:24:33.538750 : # Done: 2016-03-31T11:08:43-0500 (49d 15m 47s ago)
2016-05-19 11:24:33.538767 : process/init/app/run.sh
2016-05-19 11:24:33.538787 : mark_done process/init/app
2016-05-19 11:24:33.538805 : ##############################################################################
2016-05-19 11:24:33.538823 
2016-05-19 11:24:33.538842 : ## process/init/relation/articles ############################################
2016-05-19 11:24:33.538861 : # Done: 2016-03-31T11:08:43-0500 (49d 15m 47s ago)
2016-05-19 11:24:33.538880 : process/init/relation/articles/run.sh
2016-05-19 11:24:33.538900 : mark_done process/init/relation/articles
2016-05-19 11:24:33.538919 : ##############################################################################
2016-05-19 11:24:33.538939 
2016-05-19 11:24:33.538958 : ## data/articles #############################################################
2016-05-19 11:24:33.538978 : # Done: 2016-03-31T11:08:43-0500 (49d 15m 47s ago)
2016-05-19 11:24:33.538997 : # no-op
2016-05-19 11:24:33.539019 : mark_done data/articles
2016-05-19 11:24:33.539041 : ##############################################################################
2016-05-19 11:24:33.539062 
2016-05-19 11:24:33.539084 : ## process/ext_sentences_by_nlp_markup #######################################
2016-05-19 11:24:33.539104 : # Done: 2016-03-31T11:08:43-0500 (49d 15m 47s ago)
2016-05-19 11:24:33.539122 : process/ext_sentences_by_nlp_markup/run.sh
2016-05-19 11:24:33.539142 : mark_done process/ext_sentences_by_nlp_markup
2016-05-19 11:24:33.539164 : ##############################################################################
2016-05-19 11:24:33.539185 
2016-05-19 11:24:33.539207 : ## data/sentences ############################################################
2016-05-19 11:24:33.539226 : # Done: 2016-03-31T11:08:43-0500 (49d 15m 47s ago)
2016-05-19 11:24:33.539246 : # no-op
2016-05-19 11:24:33.539266 : mark_done data/sentences
2016-05-19 11:24:33.539286 : ##############################################################################
2016-05-19 11:24:33.539308 
2016-05-19 11:24:33.539327 : ## process/ext_target_mention_by_map_target_mention ##########################
2016-05-19 11:24:33.539348 : # Done: 2016-05-19T10:06:14-0500 (1h 18m 16s ago)
2016-05-19 11:24:33.539369 : process/ext_target_mention_by_map_target_mention/run.sh
2016-05-19 11:24:33.539390 : mark_done process/ext_target_mention_by_map_target_mention
2016-05-19 11:24:33.539410 : ##############################################################################
2016-05-19 11:24:33.539429 
2016-05-19 11:24:33.539447 : ## data/target_mention #######################################################
2016-05-19 11:24:33.539467 : # Done: 2016-05-19T10:06:14-0500 (1h 18m 16s ago)
2016-05-19 11:24:33.539489 : # no-op
2016-05-19 11:24:33.539510 : mark_done data/target_mention
2016-05-19 11:24:33.539530 : ##############################################################################
2016-05-19 11:24:33.539552 
2016-05-19 11:24:33.539574 : ## process/init/relation/targets_chemcam #####################################
2016-05-19 11:24:33.539596 : # Done: 2016-05-19T11:08:41-0500 (15m 49s ago)
2016-05-19 11:24:33.539618 : process/init/relation/targets_chemcam/run.sh
2016-05-19 11:24:33.539638 : mark_done process/init/relation/targets_chemcam
2016-05-19 11:24:33.539659 : ##############################################################################
2016-05-19 11:24:33.539680 
2016-05-19 11:24:33.539700 : ## data/targets_chemcam ######################################################
2016-05-19 11:24:33.539722 : # Done: 2016-05-19T11:08:41-0500 (15m 49s ago)
2016-05-19 11:24:33.539742 : # no-op
2016-05-19 11:24:33.539759 : mark_done data/targets_chemcam
2016-05-19 11:24:33.539779 : ##############################################################################
2016-05-19 11:24:33.539802 
2016-05-19 11:24:33.539823 ## process/ext_target_label ##################################################
2016-05-19 11:24:33.539844 # Done: N/A
2016-05-19 11:24:33.539865 process/ext_target_label/run.sh
2016-05-19 11:24:33.539885 ++ dirname process/ext_target_label/run.sh
2016-05-19 11:24:33.539908 + cd process/ext_target_label
2016-05-19 11:24:33.539930 + export DEEPDIVE_CURRENT_PROCESS_NAME=process/ext_target_label
2016-05-19 11:24:33.539951 + DEEPDIVE_CURRENT_PROCESS_NAME=process/ext_target_label
2016-05-19 11:24:33.539973 + deepdive create table target_label
2016-05-19 11:24:33.624726 NOTICE:  table "target_label" does not exist, skipping
2016-05-19 11:24:33.627994 CREATE TABLE
2016-05-19 11:24:33.629063 + deepdive sql 'INSERT INTO target_label SELECT R0.mention_id AS "target_mention.R0.mention_id", R0.mention_text AS "target_mention.R0.mention_text", 1 AS column_2, '\''from_Chemcam'\'' AS column_3
2016-05-19 11:24:33.629126 FROM target_mention R0, targets_chemcam R1
2016-05-19 11:24:33.629147         WHERE lower(R1.target_name) = lower(R0.mention_text)'
2016-05-19 11:24:33.703260 INSERT 0 8
2016-05-19 11:24:33.704775 mark_done process/ext_target_label
2016-05-19 11:24:33.716720 ##############################################################################
2016-05-19 11:24:33.716777 
2016-05-19 11:24:33.716792 ## data/target_label #########################################################
2016-05-19 11:24:33.716816 # Done: N/A
2016-05-19 11:24:33.716837 # no-op
2016-05-19 11:24:33.716857 mark_done data/target_label
2016-05-19 11:24:33.728645 ##############################################################################
2016-05-19 11:24:33.728716 
