2016-05-17 18:20:58.653957 ‘run/LATEST.COMPILE’ -> ‘20160517/182058.606927000’
2016-05-17 18:20:58.654271 ‘run/RUNNING.COMPILE’ -> ‘20160517/182058.606927000’
2016-05-17 18:20:58.654308 Parsing DeepDive application (/Users/SnehaS/Desktop/DR/planetaryIR-Repo/app/planetaryir) to generate:
2016-05-17 18:20:58.654350  run/compiled/schema.json
2016-05-17 18:20:58.654381   from app.ddlog
2016-05-17 18:20:59.079256  run/compiled/deepdive.conf
2016-05-17 18:20:59.079379   from app.ddlog
2016-05-17 18:20:59.579727   from deepdive.conf
2016-05-17 18:20:59.585435  run/compiled/deepdive.conf.json
2016-05-17 18:20:59.870392 Performing sanity checks on run/compiled/deepdive.conf.json:
2016-05-17 18:20:59.910469  checking if input_extractors_well_defined
2016-05-17 18:20:59.910569  checking if input_schema_wellformed
2016-05-17 18:20:59.911425 Normalizing and adding built-in processes to the data flow to compile:
2016-05-17 18:20:59.911888  run/compiled/config-0.00-init_objects.json
2016-05-17 18:20:59.927232  run/compiled/config-0.01-parse_calibration.json
2016-05-17 18:20:59.940465  run/compiled/config-0.01-parse_schema.json
2016-05-17 18:20:59.959667  run/compiled/config-0.51-add_init_app.json
2016-05-17 18:20:59.974531  run/compiled/config-0.52-input_loader.json
2016-05-17 18:20:59.990722  run/compiled/config-1.00-qualified_names.json
2016-05-17 18:21:00.012297  run/compiled/config-1.01-parse_inference_rules.json
2016-05-17 18:21:00.036343  run/compiled/config-2.01-grounding.json
2016-05-17 18:21:00.101861  run/compiled/config-2.02-learning_inference.json
2016-05-17 18:21:00.118678  run/compiled/config-2.03-calibration_plots.json
2016-05-17 18:21:00.132922  run/compiled/config-9.98-ensure_init_app.json
2016-05-17 18:21:00.150551  run/compiled/config-9.99-dependencies.json
2016-05-17 18:21:00.165240  run/compiled/config.json
2016-05-17 18:21:00.168246 Validating run/compiled/config.json:
2016-05-17 18:21:00.243922  checking if compiled_base_relations_have_input_data
2016-05-17 18:21:00.243998  [WARNING] input/init.sh should load all base relations: articles 
2016-05-17 18:21:00.244037  checking if compiled_dependencies_correct
2016-05-17 18:21:00.244062  checking if compiled_input_output_well_defined
2016-05-17 18:21:00.244083  checking if compiled_output_uniquely_defined
2016-05-17 18:21:00.244412 Compiling executable code into:
2016-05-17 18:21:00.244707  run/compiled/code-Makefile.json
2016-05-17 18:21:00.263385  run/compiled/code-cmd_extractor.json
2016-05-17 18:21:00.276717  run/compiled/code-dataflow_dot.json
2016-05-17 18:21:00.295387  run/compiled/code-sql_extractor.json
2016-05-17 18:21:00.311730  run/compiled/code-tsv_extractor.json
2016-05-17 18:21:00.332425 Generating files:
2016-05-17 18:21:00.357805  run/Makefile
2016-05-17 18:21:00.374429  run/process/init/app/run.sh
2016-05-17 18:21:00.392069  run/process/init/relation/articles/run.sh
2016-05-17 18:21:00.406278  run/dataflow.dot
2016-05-17 18:21:00.420448  run/process/ext_person_mention_by_map_person_mention/run.sh
2016-05-17 18:21:00.437238  run/process/ext_sentences_by_nlp_markup/run.sh
2016-05-17 18:21:00.451870  run/process/ext_target_mention_by_map_target_mention/run.sh
2016-05-17 18:21:00.500708  run/dataflow.svg
2016-05-17 18:21:00.501745   (file:///Users/SnehaS/Desktop/DR/planetaryIR-Repo/app/planetaryir/run/dataflow.svg)
2016-05-17 18:21:00.505846 ‘run/compiled’ -> ‘run/compiled~’
2016-05-17 18:21:00.510333 ‘run/compiled’ -> ‘20160517/182058.606927000’
