2016-03-10 17:02:59.601477 ‘run/LATEST.COMPILE’ -> ‘20160310/170259.553786000’
2016-03-10 17:02:59.601756 ‘run/RUNNING.COMPILE’ -> ‘20160310/170259.553786000’
2016-03-10 17:02:59.601782 Parsing DeepDive application (/Users/SnehaS/Desktop/DR/planetaryIR-Repo/app/planetaryir) to generate:
2016-03-10 17:02:59.601801  run/compiled/schema.json
2016-03-10 17:02:59.601888   from app.ddlog
2016-03-10 17:03:00.116058  run/compiled/deepdive.conf
2016-03-10 17:03:00.116156   from app.ddlog
2016-03-10 17:03:00.611221   from deepdive.conf
2016-03-10 17:03:00.617911  run/compiled/deepdive.conf.json
2016-03-10 17:03:00.972645 Performing sanity checks on run/compiled/deepdive.conf.json:
2016-03-10 17:03:01.012425  checking if input_extractors_well_defined
2016-03-10 17:03:01.012492  checking if input_schema_wellformed
2016-03-10 17:03:01.012789 Normalizing and adding built-in processes to the data flow to compile:
2016-03-10 17:03:01.013267  run/compiled/config-0.00-init_objects.json
2016-03-10 17:03:01.027003  run/compiled/config-0.01-parse_calibration.json
2016-03-10 17:03:01.040903  run/compiled/config-0.01-parse_schema.json
2016-03-10 17:03:01.060660  run/compiled/config-0.51-add_init_app.json
2016-03-10 17:03:01.076172  run/compiled/config-0.52-input_loader.json
2016-03-10 17:03:01.095282  run/compiled/config-1.00-qualified_names.json
2016-03-10 17:03:01.115151  run/compiled/config-1.01-parse_inference_rules.json
2016-03-10 17:03:01.137458  run/compiled/config-2.01-grounding.json
2016-03-10 17:03:01.204586  run/compiled/config-2.02-learning_inference.json
2016-03-10 17:03:01.221893  run/compiled/config-2.03-calibration_plots.json
2016-03-10 17:03:01.241965  run/compiled/config-9.98-ensure_init_app.json
2016-03-10 17:03:01.266360  run/compiled/config-9.99-dependencies.json
2016-03-10 17:03:01.290782  run/compiled/config.json
2016-03-10 17:03:01.298587 Validating run/compiled/config.json:
2016-03-10 17:03:01.419752  checking if compiled_base_relations_have_input_data
2016-03-10 17:03:01.419864  [WARNING] input/init.sh should load all base relations: articles 
2016-03-10 17:03:01.419916  checking if compiled_dependencies_correct
2016-03-10 17:03:01.419939  checking if compiled_input_output_well_defined
2016-03-10 17:03:01.419959  checking if compiled_output_uniquely_defined
2016-03-10 17:03:01.420287 Compiling executable code into:
2016-03-10 17:03:01.420796  run/compiled/code-Makefile.json
2016-03-10 17:03:01.448038  run/compiled/code-cmd_extractor.json
2016-03-10 17:03:01.471341  run/compiled/code-dataflow_dot.json
2016-03-10 17:03:01.500871  run/compiled/code-sql_extractor.json
2016-03-10 17:03:01.523973  run/compiled/code-tsv_extractor.json
2016-03-10 17:03:01.560104 Generating files:
2016-03-10 17:03:01.586232  run/Makefile
2016-03-10 17:03:01.605835  run/process/init/app/run.sh
2016-03-10 17:03:01.631339  run/process/init/relation/articles/run.sh
2016-03-10 17:03:01.659003  run/dataflow.dot
2016-03-10 17:03:01.687344  run/process/ext_person_mention_by_map_person_mention/run.sh
2016-03-10 17:03:01.711559  run/process/ext_sentences_by_nlp_markup/run.sh
2016-03-10 17:03:01.796559  run/dataflow.svg
2016-03-10 17:03:01.797814   (file:///Users/SnehaS/Desktop/DR/planetaryIR-Repo/app/planetaryir/run/dataflow.svg)
2016-03-10 17:03:01.803014 ‘run/compiled’ -> ‘run/compiled~’
2016-03-10 17:03:01.808713 ‘run/compiled’ -> ‘20160310/170259.553786000’
