2016-03-09 14:12:34.161191 # on Snehas-MacBook-Pro.local: deepdive do articles
2016-03-09 14:12:34.161712 # run/20160309/141231.220770000/plan.sh
2016-03-09 14:12:34.161766 # execution plan for data/articles
2016-03-09 14:12:34.161880 
2016-03-09 14:12:34.161933 : ## process/init/app ##########################################################
2016-03-09 14:12:34.161970 : # Done: 2016-02-24T17:00:00-0800 (13d 21h 12m 31s ago)
2016-03-09 14:12:34.162001 : process/init/app/run.sh
2016-03-09 14:12:34.162025 : mark_done process/init/app
2016-03-09 14:12:34.162053 : ##############################################################################
2016-03-09 14:12:34.162076 
2016-03-09 14:12:34.162096 ## process/init/relation/articles ############################################
2016-03-09 14:12:34.162153 # Done: 2016-03-09T14:10:34-0800 (1m 57s ago)
2016-03-09 14:12:34.162224 process/init/relation/articles/run.sh
2016-03-09 14:12:34.162251 ++ dirname process/init/relation/articles/run.sh
2016-03-09 14:12:34.162274 + cd process/init/relation/articles
2016-03-09 14:12:34.162295 + export DEEPDIVE_CURRENT_PROCESS_NAME=process/init/relation/articles
2016-03-09 14:12:34.162317 + DEEPDIVE_CURRENT_PROCESS_NAME=process/init/relation/articles
2016-03-09 14:12:34.162369 + deepdive create table articles
2016-03-09 14:12:34.256998 CREATE TABLE
2016-03-09 14:12:34.258370 + deepdive load articles
2016-03-09 14:12:34.333926 Loading articles from input/articles.tsv.sh (tsv format)
2016-03-09 14:12:34.379923 COPY 5
2016-03-09 14:12:34.384498 mark_done process/init/relation/articles
2016-03-09 14:12:34.399516 ##############################################################################
2016-03-09 14:12:34.399621 
2016-03-09 14:12:34.399648 ## data/articles #############################################################
2016-03-09 14:12:34.399670 # Done: 2016-03-09T14:10:34-0800 (1m 57s ago)
2016-03-09 14:12:34.399692 # no-op
2016-03-09 14:12:34.399714 mark_done data/articles
2016-03-09 14:12:34.411727 ##############################################################################
2016-03-09 14:12:34.411788 
