2016-05-17 22:16:50.738872 ‘run/LATEST.COMPILE’ -> ‘20160517/221650.684631000’
2016-05-17 22:16:50.739121 ‘run/RUNNING.COMPILE’ -> ‘20160517/221650.684631000’
2016-05-17 22:16:50.739140 Parsing DeepDive application (/Users/SnehaS/Desktop/DR/planetaryIR-Repo/app/planetaryir) to generate:
2016-05-17 22:16:50.739154  run/compiled/schema.json
2016-05-17 22:16:50.739172   from app.ddlog
2016-05-17 22:16:51.146050  run/compiled/deepdive.conf
2016-05-17 22:16:51.146173   from app.ddlog
2016-05-17 22:16:51.650302   from deepdive.conf
2016-05-17 22:16:51.656761  run/compiled/deepdive.conf.json
2016-05-17 22:16:51.945938 Performing sanity checks on run/compiled/deepdive.conf.json:
2016-05-17 22:16:51.987614  checking if input_extractors_well_defined
2016-05-17 22:16:51.987769  checking if input_schema_wellformed
2016-05-17 22:16:51.988142 Normalizing and adding built-in processes to the data flow to compile:
2016-05-17 22:16:51.988815  run/compiled/config-0.00-init_objects.json
2016-05-17 22:16:52.001748  run/compiled/config-0.01-parse_calibration.json
2016-05-17 22:16:52.014388  run/compiled/config-0.01-parse_schema.json
2016-05-17 22:16:52.031920  run/compiled/config-0.51-add_init_app.json
2016-05-17 22:16:52.046130  run/compiled/config-0.52-input_loader.json
2016-05-17 22:16:52.061030  run/compiled/config-1.00-qualified_names.json
2016-05-17 22:16:52.080102  run/compiled/config-1.01-parse_inference_rules.json
2016-05-17 22:16:52.105938  run/compiled/config-2.01-grounding.json
2016-05-17 22:16:52.165794  run/compiled/config-2.02-learning_inference.json
2016-05-17 22:16:52.182229  run/compiled/config-2.03-calibration_plots.json
2016-05-17 22:16:52.197721  run/compiled/config-9.98-ensure_init_app.json
2016-05-17 22:16:52.214303  run/compiled/config-9.99-dependencies.json
2016-05-17 22:16:52.231406  run/compiled/config.json
2016-05-17 22:16:52.234380 Validating run/compiled/config.json:
2016-05-17 22:16:52.305995  checking if compiled_base_relations_have_input_data
2016-05-17 22:16:52.306058  [WARNING] input/init.sh should load all base relations: articles 
2016-05-17 22:16:52.306082  checking if compiled_dependencies_correct
2016-05-17 22:16:52.306107  checking if compiled_input_output_well_defined
2016-05-17 22:16:52.306127  checking if compiled_output_uniquely_defined
2016-05-17 22:16:52.306371 Compiling executable code into:
2016-05-17 22:16:52.306825  run/compiled/code-Makefile.json
2016-05-17 22:16:52.324776  run/compiled/code-cmd_extractor.json
2016-05-17 22:16:52.343203  run/compiled/code-dataflow_dot.json
2016-05-17 22:16:52.361217  run/compiled/code-sql_extractor.json
2016-05-17 22:16:52.375533  run/compiled/code-tsv_extractor.json
2016-05-17 22:16:52.395426 Generating files:
2016-05-17 22:16:52.414605  run/Makefile
2016-05-17 22:16:52.429098  run/process/init/app/run.sh
2016-05-17 22:16:52.446563  run/process/init/relation/articles/run.sh
2016-05-17 22:16:52.464664  run/dataflow.dot
2016-05-17 22:16:52.479991  run/process/ext_person_mention_by_map_person_mention/run.sh
2016-05-17 22:16:52.496128  run/process/ext_sentences_by_nlp_markup/run.sh
2016-05-17 22:16:52.512166  run/process/ext_target_mention_by_map_target_mention/run.sh
2016-05-17 22:16:52.553962  run/dataflow.svg
2016-05-17 22:16:52.554978   (file:///Users/SnehaS/Desktop/DR/planetaryIR-Repo/app/planetaryir/run/dataflow.svg)
2016-05-17 22:16:52.558156 ‘run/compiled’ -> ‘run/compiled~’
2016-05-17 22:16:52.561255 ‘run/compiled’ -> ‘20160517/221650.684631000’
