2016-05-19 10:56:17.850887 ‘run/LATEST.COMPILE’ -> ‘20160519/105617.799803000’
2016-05-19 10:56:17.851112 ‘run/RUNNING.COMPILE’ -> ‘20160519/105617.799803000’
2016-05-19 10:56:17.851134 Parsing DeepDive application (/Users/SnehaS/Desktop/DR/planetaryIR-Repo/app/planetaryir) to generate:
2016-05-19 10:56:17.851153  run/compiled/schema.json
2016-05-19 10:56:17.851174   from app.ddlog
2016-05-19 10:56:18.299025  run/compiled/deepdive.conf
2016-05-19 10:56:18.299119   from app.ddlog
2016-05-19 10:56:18.816399   from deepdive.conf
2016-05-19 10:56:18.822117  run/compiled/deepdive.conf.json
2016-05-19 10:56:19.113753 Performing sanity checks on run/compiled/deepdive.conf.json:
2016-05-19 10:56:19.156268  checking if input_extractors_well_defined
2016-05-19 10:56:19.156322  checking if input_schema_wellformed
2016-05-19 10:56:19.156694 Normalizing and adding built-in processes to the data flow to compile:
2016-05-19 10:56:19.157239  run/compiled/config-0.00-init_objects.json
2016-05-19 10:56:19.176357  run/compiled/config-0.01-parse_calibration.json
2016-05-19 10:56:19.188516  run/compiled/config-0.01-parse_schema.json
2016-05-19 10:56:19.208749  run/compiled/config-0.51-add_init_app.json
2016-05-19 10:56:19.226438  run/compiled/config-0.52-input_loader.json
2016-05-19 10:56:19.242830  run/compiled/config-1.00-qualified_names.json
2016-05-19 10:56:19.269459  run/compiled/config-1.01-parse_inference_rules.json
2016-05-19 10:56:19.292068  run/compiled/config-2.01-grounding.json
2016-05-19 10:56:19.361631  run/compiled/config-2.02-learning_inference.json
2016-05-19 10:56:19.382618  run/compiled/config-2.03-calibration_plots.json
2016-05-19 10:56:19.396544  run/compiled/config-9.98-ensure_init_app.json
2016-05-19 10:56:19.416943  run/compiled/config-9.99-dependencies.json
2016-05-19 10:56:19.434113  run/compiled/config.json
2016-05-19 10:56:19.436959 Validating run/compiled/config.json:
2016-05-19 10:56:19.515098  checking if compiled_base_relations_have_input_data
2016-05-19 10:56:19.515152  [WARNING] input/init.sh should load all base relations: articles 
2016-05-19 10:56:19.515185  checking if compiled_dependencies_correct
2016-05-19 10:56:19.515206  checking if compiled_input_output_well_defined
2016-05-19 10:56:19.515225  checking if compiled_output_uniquely_defined
2016-05-19 10:56:19.515507 Compiling executable code into:
2016-05-19 10:56:19.515747  run/compiled/code-Makefile.json
2016-05-19 10:56:19.534692  run/compiled/code-cmd_extractor.json
2016-05-19 10:56:19.547691  run/compiled/code-dataflow_dot.json
2016-05-19 10:56:19.573088  run/compiled/code-sql_extractor.json
2016-05-19 10:56:19.587356  run/compiled/code-tsv_extractor.json
2016-05-19 10:56:19.605563 Generating files:
2016-05-19 10:56:19.626460  run/Makefile
2016-05-19 10:56:19.645043  run/process/init/app/run.sh
2016-05-19 10:56:19.662904  run/process/init/relation/articles/run.sh
2016-05-19 10:56:19.679234  run/dataflow.dot
2016-05-19 10:56:19.690803  run/process/ext_person_mention_by_map_person_mention/run.sh
2016-05-19 10:56:19.712959  run/process/ext_sentences_by_nlp_markup/run.sh
2016-05-19 10:56:19.729658  run/process/ext_target_feature_by_extract_target_features/run.sh
2016-05-19 10:56:19.750490  run/process/ext_target_mention_by_map_target_mention/run.sh
2016-05-19 10:56:19.807126  run/dataflow.svg
2016-05-19 10:56:19.808220   (file:///Users/SnehaS/Desktop/DR/planetaryIR-Repo/app/planetaryir/run/dataflow.svg)
2016-05-19 10:56:19.813009 ‘run/compiled’ -> ‘run/compiled~’
2016-05-19 10:56:19.815680 ‘run/compiled’ -> ‘20160519/105617.799803000’
