2016-05-17 18:21:05.776562 # on Snehas-MacBook-Pro.local: deepdive do target_mention
2016-05-17 18:21:05.776787 # run/20160517/182102.416434000/plan.sh
2016-05-17 18:21:05.776806 # execution plan for data/target_mention
2016-05-17 18:21:05.776822 
2016-05-17 18:21:05.776841 : ## process/init/app ##########################################################
2016-05-17 18:21:05.776861 : # Done: 2016-03-31T11:08:43-0500 (47d 7h 12m 19s ago)
2016-05-17 18:21:05.776881 : process/init/app/run.sh
2016-05-17 18:21:05.776899 : mark_done process/init/app
2016-05-17 18:21:05.776919 : ##############################################################################
2016-05-17 18:21:05.776937 
2016-05-17 18:21:05.776958 : ## process/init/relation/articles ############################################
2016-05-17 18:21:05.776977 : # Done: 2016-03-31T11:08:43-0500 (47d 7h 12m 19s ago)
2016-05-17 18:21:05.776994 : process/init/relation/articles/run.sh
2016-05-17 18:21:05.777012 : mark_done process/init/relation/articles
2016-05-17 18:21:05.777030 : ##############################################################################
2016-05-17 18:21:05.777047 
2016-05-17 18:21:05.777064 : ## data/articles #############################################################
2016-05-17 18:21:05.777082 : # Done: 2016-03-31T11:08:43-0500 (47d 7h 12m 19s ago)
2016-05-17 18:21:05.777102 : # no-op
2016-05-17 18:21:05.777122 : mark_done data/articles
2016-05-17 18:21:05.777143 : ##############################################################################
2016-05-17 18:21:05.777160 
2016-05-17 18:21:05.777180 : ## process/ext_sentences_by_nlp_markup #######################################
2016-05-17 18:21:05.777201 : # Done: 2016-03-31T11:08:43-0500 (47d 7h 12m 19s ago)
2016-05-17 18:21:05.777221 : process/ext_sentences_by_nlp_markup/run.sh
2016-05-17 18:21:05.777242 : mark_done process/ext_sentences_by_nlp_markup
2016-05-17 18:21:05.777262 : ##############################################################################
2016-05-17 18:21:05.777283 
2016-05-17 18:21:05.777303 : ## data/sentences ############################################################
2016-05-17 18:21:05.777323 : # Done: 2016-03-31T11:08:43-0500 (47d 7h 12m 19s ago)
2016-05-17 18:21:05.777342 : # no-op
2016-05-17 18:21:05.777361 : mark_done data/sentences
2016-05-17 18:21:05.777381 : ##############################################################################
2016-05-17 18:21:05.777400 
2016-05-17 18:21:05.777420 ## process/ext_target_mention_by_map_target_mention ##########################
2016-05-17 18:21:05.777438 # Done: 2016-05-17T17:48:56-0500 (32m 6s ago)
2016-05-17 18:21:05.777458 process/ext_target_mention_by_map_target_mention/run.sh
2016-05-17 18:21:05.777478 ++ dirname process/ext_target_mention_by_map_target_mention/run.sh
2016-05-17 18:21:05.777497 + cd process/ext_target_mention_by_map_target_mention
2016-05-17 18:21:05.777517 + export DEEPDIVE_CURRENT_PROCESS_NAME=process/ext_target_mention_by_map_target_mention
2016-05-17 18:21:05.777538 + DEEPDIVE_CURRENT_PROCESS_NAME=process/ext_target_mention_by_map_target_mention
2016-05-17 18:21:05.777559 + export DEEPDIVE_LOAD_FORMAT=tsv
2016-05-17 18:21:05.777579 + DEEPDIVE_LOAD_FORMAT=tsv
2016-05-17 18:21:05.777599 + deepdive compute execute 'input_sql= SELECT R0.doc_id AS "sentences.R0.doc_id", R0.sentence_index AS "sentences.R0.sentence_index", R0.sentence_text AS "sentences.R0.sentence_text"
2016-05-17 18:21:05.777618 FROM sentences R0
2016-05-17 18:21:05.777637         
2016-05-17 18:21:05.777656           ' 'command="$DEEPDIVE_APP"/udf/map_target_mention.py' output_relation=target_mention
2016-05-17 18:21:05.809900 Executing with the following configuration:
2016-05-17 18:21:05.809960  DEEPDIVE_NUM_PROCESSES=3
2016-05-17 18:21:05.809987  DEEPDIVE_NUM_PARALLEL_UNLOADS=1
2016-05-17 18:21:05.810009  DEEPDIVE_NUM_PARALLEL_LOADS=1
2016-05-17 18:21:05.810030  output_relation_tmp=dd_tmp_target_mention
2016-05-17 18:21:05.810048 
2016-05-17 18:21:05.953114 CREATE TABLE
2016-05-17 18:21:06.050788 CREATE TABLE
2016-05-17 18:21:06.169492 unloading to feed_processes-1: ' SELECT R0.doc_id AS "sentences.R0.doc_id", R0.sentence_index AS "sentences.R0.sentence_index", R0.sentence_text AS "sentences.R0.sentence_text"
2016-05-17 18:21:06.169574 FROM sentences R0
2016-05-17 18:21:06.169608         
2016-05-17 18:21:06.169636           '
2016-05-17 18:21:06.195157 Loading dd_tmp_target_mention from output_computed-1 (tsv format)
2016-05-17 18:21:17.256401 COPY 9
2016-05-17 18:21:17.261597 Replacing target_mention with dd_tmp_target_mention
2016-05-17 18:21:17.324918 DROP TABLE
2016-05-17 18:21:17.392269 ALTER TABLE
2016-05-17 18:21:17.456636 ALTER TABLE
2016-05-17 18:21:17.522706 DROP TABLE
2016-05-17 18:21:17.555257 ANALYZE
2016-05-17 18:21:17.561892 mark_done process/ext_target_mention_by_map_target_mention
2016-05-17 18:21:17.574924 ##############################################################################
2016-05-17 18:21:17.574982 
2016-05-17 18:21:17.575007 ## data/target_mention #######################################################
2016-05-17 18:21:17.575031 # Done: 2016-05-17T17:48:56-0500 (32m 6s ago)
2016-05-17 18:21:17.575056 # no-op
2016-05-17 18:21:17.575077 mark_done data/target_mention
2016-05-17 18:21:17.588711 ##############################################################################
2016-05-17 18:21:17.588771 
