2016-05-23 11:04:08.272451 # on Snehas-MacBook-Pro.local: deepdive do target_mention
2016-05-23 11:04:08.272691 # run/20160523/110405.299355000/plan.sh
2016-05-23 11:04:08.272711 # execution plan for data/target_mention
2016-05-23 11:04:08.272729 
2016-05-23 11:04:08.272746 : ## process/init/app ##########################################################
2016-05-23 11:04:08.272766 : # Done: 2016-03-31T11:08:43-0500 (52d 23h 55m 22s ago)
2016-05-23 11:04:08.272784 : process/init/app/run.sh
2016-05-23 11:04:08.272801 : mark_done process/init/app
2016-05-23 11:04:08.272818 : ##############################################################################
2016-05-23 11:04:08.272837 
2016-05-23 11:04:08.272855 : ## process/init/relation/articles ############################################
2016-05-23 11:04:08.272875 : # Done: 2016-05-23T10:36:55-0500 (27m 10s ago)
2016-05-23 11:04:08.272893 : process/init/relation/articles/run.sh
2016-05-23 11:04:08.272911 : mark_done process/init/relation/articles
2016-05-23 11:04:08.272928 : ##############################################################################
2016-05-23 11:04:08.272945 
2016-05-23 11:04:08.272962 : ## data/articles #############################################################
2016-05-23 11:04:08.272978 : # Done: 2016-05-23T10:36:55-0500 (27m 10s ago)
2016-05-23 11:04:08.272995 : # no-op
2016-05-23 11:04:08.273017 : mark_done data/articles
2016-05-23 11:04:08.273035 : ##############################################################################
2016-05-23 11:04:08.273053 
2016-05-23 11:04:08.273072 : ## process/ext_sentences_by_nlp_markup #######################################
2016-05-23 11:04:08.273093 : # Done: 2016-05-23T10:39:40-0500 (24m 25s ago)
2016-05-23 11:04:08.273111 : process/ext_sentences_by_nlp_markup/run.sh
2016-05-23 11:04:08.273128 : mark_done process/ext_sentences_by_nlp_markup
2016-05-23 11:04:08.273146 : ##############################################################################
2016-05-23 11:04:08.273165 
2016-05-23 11:04:08.273185 : ## data/sentences ############################################################
2016-05-23 11:04:08.273204 : # Done: 2016-05-23T10:39:40-0500 (24m 25s ago)
2016-05-23 11:04:08.273222 : # no-op
2016-05-23 11:04:08.273240 : mark_done data/sentences
2016-05-23 11:04:08.273258 : ##############################################################################
2016-05-23 11:04:08.273275 
2016-05-23 11:04:08.273292 ## process/ext_target_mention_by_map_target_mention ##########################
2016-05-23 11:04:08.273313 # Done: 2016-05-23T10:51:27-0500 (12m 38s ago)
2016-05-23 11:04:08.273332 process/ext_target_mention_by_map_target_mention/run.sh
2016-05-23 11:04:08.273351 ++ dirname process/ext_target_mention_by_map_target_mention/run.sh
2016-05-23 11:04:08.273377 + cd process/ext_target_mention_by_map_target_mention
2016-05-23 11:04:08.273394 + export DEEPDIVE_CURRENT_PROCESS_NAME=process/ext_target_mention_by_map_target_mention
2016-05-23 11:04:08.273413 + DEEPDIVE_CURRENT_PROCESS_NAME=process/ext_target_mention_by_map_target_mention
2016-05-23 11:04:08.273432 + export DEEPDIVE_LOAD_FORMAT=tsv
2016-05-23 11:04:08.273450 + DEEPDIVE_LOAD_FORMAT=tsv
2016-05-23 11:04:08.273469 + deepdive compute execute 'input_sql= SELECT R0.doc_id AS "sentences.R0.doc_id", R0.sentence_index AS "sentences.R0.sentence_index", R0.sentence_text AS "sentences.R0.sentence_text", R0.tokens AS "sentences.R0.tokens"
2016-05-23 11:04:08.273489 FROM sentences R0
2016-05-23 11:04:08.273505         
2016-05-23 11:04:08.273523           ' 'command="$DEEPDIVE_APP"/udf/map_target_mention.py' output_relation=target_mention
2016-05-23 11:04:08.304206 Executing with the following configuration:
2016-05-23 11:04:08.304259  DEEPDIVE_NUM_PROCESSES=3
2016-05-23 11:04:08.304288  DEEPDIVE_NUM_PARALLEL_UNLOADS=1
2016-05-23 11:04:08.304307  DEEPDIVE_NUM_PARALLEL_LOADS=1
2016-05-23 11:04:08.304327  output_relation_tmp=dd_tmp_target_mention
2016-05-23 11:04:08.304345 
2016-05-23 11:04:08.456356 CREATE TABLE
2016-05-23 11:04:08.561911 CREATE TABLE
2016-05-23 11:04:08.684823 unloading to feed_processes-1: ' SELECT R0.doc_id AS "sentences.R0.doc_id", R0.sentence_index AS "sentences.R0.sentence_index", R0.sentence_text AS "sentences.R0.sentence_text", R0.tokens AS "sentences.R0.tokens"
2016-05-23 11:04:08.684885 FROM sentences R0
2016-05-23 11:04:08.684909         
2016-05-23 11:04:08.684930           '
2016-05-23 11:04:08.716567 Loading dd_tmp_target_mention from output_computed-1 (tsv format)
2016-05-23 11:04:08.719506   File "/Users/SnehaS/Desktop/DR/planetaryIR-Repo/app/planetaryir/udf/map_target_mention.py", line 29
2016-05-23 11:04:08.719541     for t in list_of_targets
2016-05-23 11:04:08.719561                            ^
2016-05-23 11:04:08.719580 SyntaxError: invalid syntax
2016-05-23 11:04:08.732386   File "/Users/SnehaS/Desktop/DR/planetaryIR-Repo/app/planetaryir/udf/map_target_mention.py", line 29
2016-05-23 11:04:08.732449     for t in list_of_targets
2016-05-23 11:04:08.732470                            ^
2016-05-23 11:04:08.732489 SyntaxError: invalid syntax
2016-05-23 11:04:08.732506   File "/Users/SnehaS/Desktop/DR/planetaryIR-Repo/app/planetaryir/udf/map_target_mention.py", line 29
2016-05-23 11:04:08.732523     for t in list_of_targets
2016-05-23 11:04:08.732540                            ^
2016-05-23 11:04:08.732559 SyntaxError: invalid syntax
2016-05-23 11:04:08.736229 /Users/SnehaS/local/util/compute-driver/local/compute-execute: line 140: kill: (69183) - No such process
2016-05-23 11:04:08.736292 /Users/SnehaS/local/util/compute-driver/local/compute-execute: line 140: kill: (69184) - No such process
2016-05-23 11:04:08.746192 [ERROR] command='"$DEEPDIVE_APP"/udf/map_target_mention.py': PID 69183: finished with non-zero exit status (0)
2016-05-23 11:04:08.746581 /Users/SnehaS/local/util/compute-driver/local/compute-execute: line 138: 69185 Terminated: 15          DEEPDIVE_CURRENT_PROCESS_INDEX=$i "$SHELL" -c "$command" < process-$i.input > process-$i.output
2016-05-23 11:04:08.746625 /Users/SnehaS/local/util/compute-driver/local/compute-execute: line 138: 69189 Terminated: 15          mkmimo process-*.output \> output_computed-*
2016-05-23 11:04:08.746648 /Users/SnehaS/local/util/compute-driver/local/compute-execute: line 138: 69190 Terminated: 15          deepdive-load "$output_relation_tmp" output_computed-*
2016-05-23 11:04:08.746671 /Users/SnehaS/local/util/compute-driver/local/compute-execute: line 138: 69196 Terminated: 15          deepdive-db unload "$input_sql" "$DEEPDIVE_LOAD_FORMAT" feed_processes-*
2016-05-23 11:04:08.746691 /Users/SnehaS/local/util/compute-driver/local/compute-execute: line 138: 69197 Terminated: 15          mkmimo feed_processes-* \> process-*.input
