2016-02-25 15:34:51.721376 # on guest-wireless-207-151-035-044.usc.edu: deepdive do articles
2016-02-25 15:34:51.721947 # run/20160225/153444.817400000/plan.sh
2016-02-25 15:34:51.722038 # execution plan for data/articles
2016-02-25 15:34:51.722063 
2016-02-25 15:34:51.722103 : ## process/init/app ##########################################################
2016-02-25 15:34:51.722128 : # Done: 2016-02-24T17:00:00-0800 (22h 34m 44s ago)
2016-02-25 15:34:51.722189 : process/init/app/run.sh
2016-02-25 15:34:51.722221 : mark_done process/init/app
2016-02-25 15:34:51.722247 : ##############################################################################
2016-02-25 15:34:51.722276 
2016-02-25 15:34:51.722298 ## process/init/relation/articles ############################################
2016-02-25 15:34:51.722323 # Done: 2016-02-25T15:24:54-0800 (9m 50s ago)
2016-02-25 15:34:51.722346 process/init/relation/articles/run.sh
2016-02-25 15:34:51.722368 ++ dirname process/init/relation/articles/run.sh
2016-02-25 15:34:51.722388 + cd process/init/relation/articles
2016-02-25 15:34:51.722417 + export DEEPDIVE_CURRENT_PROCESS_NAME=process/init/relation/articles
2016-02-25 15:34:51.722436 + DEEPDIVE_CURRENT_PROCESS_NAME=process/init/relation/articles
2016-02-25 15:34:51.722455 + deepdive create table articles
2016-02-25 15:34:51.837003 CREATE TABLE
2016-02-25 15:34:51.838162 + deepdive load articles
2016-02-25 15:34:51.925587 Loading articles from input/articles.tsv.sh (tsv format)
2016-02-25 15:34:51.971057 COPY 1
2016-02-25 15:34:51.976058 mark_done process/init/relation/articles
2016-02-25 15:34:51.990211 ##############################################################################
2016-02-25 15:34:51.990268 
2016-02-25 15:34:51.990293 ## data/articles #############################################################
2016-02-25 15:34:51.990317 # Done: 2016-02-25T15:24:54-0800 (9m 50s ago)
2016-02-25 15:34:51.990396 # no-op
2016-02-25 15:34:51.990428 mark_done data/articles
2016-02-25 15:34:52.009957 ##############################################################################
2016-02-25 15:34:52.010058 
