2016-05-23 11:08:01.541538 # on Snehas-MacBook-Pro.local: deepdive do target_mention
2016-05-23 11:08:01.541763 # run/20160523/110758.402677000/plan.sh
2016-05-23 11:08:01.541784 # execution plan for data/target_mention
2016-05-23 11:08:01.541803 
2016-05-23 11:08:01.541824 : ## process/init/app ##########################################################
2016-05-23 11:08:01.541845 : # Done: 2016-03-31T11:08:43-0500 (52d 23h 59m 15s ago)
2016-05-23 11:08:01.541863 : process/init/app/run.sh
2016-05-23 11:08:01.541881 : mark_done process/init/app
2016-05-23 11:08:01.541901 : ##############################################################################
2016-05-23 11:08:01.541925 
2016-05-23 11:08:01.541947 : ## process/init/relation/articles ############################################
2016-05-23 11:08:01.541964 : # Done: 2016-05-23T10:36:55-0500 (31m 3s ago)
2016-05-23 11:08:01.541981 : process/init/relation/articles/run.sh
2016-05-23 11:08:01.541998 : mark_done process/init/relation/articles
2016-05-23 11:08:01.542015 : ##############################################################################
2016-05-23 11:08:01.542032 
2016-05-23 11:08:01.542054 : ## data/articles #############################################################
2016-05-23 11:08:01.542075 : # Done: 2016-05-23T10:36:55-0500 (31m 3s ago)
2016-05-23 11:08:01.542104 : # no-op
2016-05-23 11:08:01.542132 : mark_done data/articles
2016-05-23 11:08:01.542153 : ##############################################################################
2016-05-23 11:08:01.542172 
2016-05-23 11:08:01.542192 : ## process/ext_sentences_by_nlp_markup #######################################
2016-05-23 11:08:01.542213 : # Done: 2016-05-23T10:39:40-0500 (28m 18s ago)
2016-05-23 11:08:01.542233 : process/ext_sentences_by_nlp_markup/run.sh
2016-05-23 11:08:01.542253 : mark_done process/ext_sentences_by_nlp_markup
2016-05-23 11:08:01.542273 : ##############################################################################
2016-05-23 11:08:01.542294 
2016-05-23 11:08:01.542314 : ## data/sentences ############################################################
2016-05-23 11:08:01.542336 : # Done: 2016-05-23T10:39:40-0500 (28m 18s ago)
2016-05-23 11:08:01.542356 : # no-op
2016-05-23 11:08:01.542377 : mark_done data/sentences
2016-05-23 11:08:01.542397 : ##############################################################################
2016-05-23 11:08:01.542418 
2016-05-23 11:08:01.542439 ## process/ext_target_mention_by_map_target_mention ##########################
2016-05-23 11:08:01.542460 # Done: 2016-05-23T10:51:27-0500 (16m 31s ago)
2016-05-23 11:08:01.542481 process/ext_target_mention_by_map_target_mention/run.sh
2016-05-23 11:08:01.542501 ++ dirname process/ext_target_mention_by_map_target_mention/run.sh
2016-05-23 11:08:01.542521 + cd process/ext_target_mention_by_map_target_mention
2016-05-23 11:08:01.542543 + export DEEPDIVE_CURRENT_PROCESS_NAME=process/ext_target_mention_by_map_target_mention
2016-05-23 11:08:01.542562 + DEEPDIVE_CURRENT_PROCESS_NAME=process/ext_target_mention_by_map_target_mention
2016-05-23 11:08:01.542582 + export DEEPDIVE_LOAD_FORMAT=tsv
2016-05-23 11:08:01.542603 + DEEPDIVE_LOAD_FORMAT=tsv
2016-05-23 11:08:01.542624 + deepdive compute execute 'input_sql= SELECT R0.doc_id AS "sentences.R0.doc_id", R0.sentence_index AS "sentences.R0.sentence_index", R0.sentence_text AS "sentences.R0.sentence_text", R0.tokens AS "sentences.R0.tokens"
2016-05-23 11:08:01.542646 FROM sentences R0
2016-05-23 11:08:01.542667         
2016-05-23 11:08:01.542687           ' 'command="$DEEPDIVE_APP"/udf/map_target_mention.py' output_relation=target_mention
2016-05-23 11:08:01.573765 Executing with the following configuration:
2016-05-23 11:08:01.573817  DEEPDIVE_NUM_PROCESSES=3
2016-05-23 11:08:01.573844  DEEPDIVE_NUM_PARALLEL_UNLOADS=1
2016-05-23 11:08:01.573867  DEEPDIVE_NUM_PARALLEL_LOADS=1
2016-05-23 11:08:01.573887  output_relation_tmp=dd_tmp_target_mention
2016-05-23 11:08:01.573906 
2016-05-23 11:08:01.726770 CREATE TABLE
2016-05-23 11:08:01.838865 CREATE TABLE
2016-05-23 11:08:01.989472 unloading to feed_processes-1: ' SELECT R0.doc_id AS "sentences.R0.doc_id", R0.sentence_index AS "sentences.R0.sentence_index", R0.sentence_text AS "sentences.R0.sentence_text", R0.tokens AS "sentences.R0.tokens"
2016-05-23 11:08:01.989547 FROM sentences R0
2016-05-23 11:08:01.989580         
2016-05-23 11:08:01.989605           '
2016-05-23 11:08:02.074348 Loading dd_tmp_target_mention from output_computed-1 (tsv format)
2016-05-23 11:08:17.118118 Traceback (most recent call last):
2016-05-23 11:08:17.118188   File "/Users/SnehaS/Desktop/DR/planetaryIR-Repo/app/planetaryir/udf/map_target_mention.py", line 19, in <module>
2016-05-23 11:08:17.118215     tokens         = "text[]",
2016-05-23 11:08:17.118236   File "/Users/SnehaS/local/lib/python/ddlib/util.py", line 232, in tsv_extractor
2016-05-23 11:08:17.118257     for out_row in generator(**row._asdict()):
2016-05-23 11:08:17.118313   File "/Users/SnehaS/Desktop/DR/planetaryIR-Repo/app/planetaryir/udf/map_target_mention.py", line 44, in extract
2016-05-23 11:08:17.118350     begin_index = tokens.index(target_split[0])
2016-05-23 11:08:17.118377 ValueError: 'i' is not in list
2016-05-23 11:08:17.118914 Traceback (most recent call last):
2016-05-23 11:08:17.118964   File "/Users/SnehaS/Desktop/DR/planetaryIR-Repo/app/planetaryir/udf/map_target_mention.py", line 19, in <module>
2016-05-23 11:08:17.118990     tokens         = "text[]",
2016-05-23 11:08:17.119013   File "/Users/SnehaS/local/lib/python/ddlib/util.py", line 232, in tsv_extractor
2016-05-23 11:08:17.119033     for out_row in generator(**row._asdict()):
2016-05-23 11:08:17.119053   File "/Users/SnehaS/Desktop/DR/planetaryIR-Repo/app/planetaryir/udf/map_target_mention.py", line 44, in extract
2016-05-23 11:08:17.119077     begin_index = tokens.index(target_split[0])
2016-05-23 11:08:17.119097 ValueError: 'a' is not in list
2016-05-23 11:08:17.121770 Traceback (most recent call last):
2016-05-23 11:08:17.121839   File "/Users/SnehaS/Desktop/DR/planetaryIR-Repo/app/planetaryir/udf/map_target_mention.py", line 19, in <module>
2016-05-23 11:08:17.121889     tokens         = "text[]",
2016-05-23 11:08:17.121914   File "/Users/SnehaS/local/lib/python/ddlib/util.py", line 232, in tsv_extractor
2016-05-23 11:08:17.121933     for out_row in generator(**row._asdict()):
2016-05-23 11:08:17.121955   File "/Users/SnehaS/Desktop/DR/planetaryIR-Repo/app/planetaryir/udf/map_target_mention.py", line 44, in extract
2016-05-23 11:08:17.121977     begin_index = tokens.index(target_split[0])
2016-05-23 11:08:17.121997 ValueError: 'i' is not in list
2016-05-23 11:08:17.122828 /Users/SnehaS/local/util/compute-driver/local/compute-execute: line 140: kill: (70195) - No such process
2016-05-23 11:08:17.122892 /Users/SnehaS/local/util/compute-driver/local/compute-execute: line 140: kill: (70197) - No such process
2016-05-23 11:08:17.125464 ERROR:  missing data for column "mention_text"
2016-05-23 11:08:17.125530 CONTEXT:  COPY dd_tmp_target_mention, line 1: "************************************"
2016-05-23 11:08:17.129333 [ERROR] command='"$DEEPDIVE_APP"/udf/map_target_mention.py': PID 70195: finished with non-zero exit status (0)
2016-05-23 11:08:17.129723 /Users/SnehaS/local/util/compute-driver/local/compute-execute: line 138: 70196 Terminated: 15          DEEPDIVE_CURRENT_PROCESS_INDEX=$i "$SHELL" -c "$command" < process-$i.input > process-$i.output
2016-05-23 11:08:17.129772 /Users/SnehaS/local/util/compute-driver/local/compute-execute: line 138: 70201 Terminated: 15          mkmimo process-*.output \> output_computed-*
2016-05-23 11:08:17.129795 /Users/SnehaS/local/util/compute-driver/local/compute-execute: line 138: 70202 Terminated: 15          deepdive-load "$output_relation_tmp" output_computed-*
2016-05-23 11:08:17.129812 /Users/SnehaS/local/util/compute-driver/local/compute-execute: line 138: 70208 Terminated: 15          deepdive-db unload "$input_sql" "$DEEPDIVE_LOAD_FORMAT" feed_processes-*
2016-05-23 11:08:17.129830 /Users/SnehaS/local/util/compute-driver/local/compute-execute: line 138: 70209 Terminated: 15          mkmimo feed_processes-* \> process-*.input
