2016-03-09 14:10:27.674615 ‘run/LATEST.COMPILE’ -> ‘20160309/141027.618004000’
2016-03-09 14:10:27.674884 ‘run/RUNNING.COMPILE’ -> ‘20160309/141027.618004000’
2016-03-09 14:10:27.674913 Parsing DeepDive application (/Users/SnehaS/Desktop/DR/planetaryIR-Repo/app/planetaryIR) to generate:
2016-03-09 14:10:27.674934  run/compiled/schema.json
2016-03-09 14:10:27.674954   from app.ddlog
2016-03-09 14:10:28.068785  run/compiled/deepdive.conf
2016-03-09 14:10:28.068945   from app.ddlog
2016-03-09 14:10:28.535102   from deepdive.conf
2016-03-09 14:10:28.541085  run/compiled/deepdive.conf.json
2016-03-09 14:10:28.883933 Performing sanity checks on run/compiled/deepdive.conf.json:
2016-03-09 14:10:28.923862  checking if input_extractors_well_defined
2016-03-09 14:10:28.923913  checking if input_schema_wellformed
2016-03-09 14:10:28.924220 Normalizing and adding built-in processes to the data flow to compile:
2016-03-09 14:10:28.924622  run/compiled/config-0.00-init_objects.json
2016-03-09 14:10:28.938420  run/compiled/config-0.01-parse_calibration.json
2016-03-09 14:10:28.950518  run/compiled/config-0.01-parse_schema.json
2016-03-09 14:10:28.969497  run/compiled/config-0.51-add_init_app.json
2016-03-09 14:10:28.981408  run/compiled/config-0.52-input_loader.json
2016-03-09 14:10:28.995509  run/compiled/config-1.00-qualified_names.json
2016-03-09 14:10:29.011834  run/compiled/config-1.01-parse_inference_rules.json
2016-03-09 14:10:29.038052  run/compiled/config-2.01-grounding.json
2016-03-09 14:10:29.097988  run/compiled/config-2.02-learning_inference.json
2016-03-09 14:10:29.114355  run/compiled/config-2.03-calibration_plots.json
2016-03-09 14:10:29.128185  run/compiled/config-9.98-ensure_init_app.json
2016-03-09 14:10:29.141823  run/compiled/config-9.99-dependencies.json
2016-03-09 14:10:29.159065  run/compiled/config.json
2016-03-09 14:10:29.162336 Validating run/compiled/config.json:
2016-03-09 14:10:29.238637  checking if compiled_base_relations_have_input_data
2016-03-09 14:10:29.238757  [WARNING] input/init.sh should load all base relations: articles 
2016-03-09 14:10:29.238795  checking if compiled_dependencies_correct
2016-03-09 14:10:29.238818  checking if compiled_input_output_well_defined
2016-03-09 14:10:29.238840  checking if compiled_output_uniquely_defined
2016-03-09 14:10:29.239159 Compiling executable code into:
2016-03-09 14:10:29.239485  run/compiled/code-Makefile.json
2016-03-09 14:10:29.255579  run/compiled/code-cmd_extractor.json
2016-03-09 14:10:29.268460  run/compiled/code-dataflow_dot.json
2016-03-09 14:10:29.288952  run/compiled/code-sql_extractor.json
2016-03-09 14:10:29.302422  run/compiled/code-tsv_extractor.json
2016-03-09 14:10:29.320977 Generating files:
2016-03-09 14:10:29.340825  run/Makefile
2016-03-09 14:10:29.353629  run/process/init/app/run.sh
2016-03-09 14:10:29.369484  run/process/init/relation/articles/run.sh
2016-03-09 14:10:29.386637  run/dataflow.dot
2016-03-09 14:10:29.399303  run/process/ext_person_mention_by_map_person_mention/run.sh
2016-03-09 14:10:29.420445  run/process/ext_sentences_by_nlp_markup/run.sh
2016-03-09 14:10:29.487229  run/dataflow.svg
2016-03-09 14:10:29.488361   (file:///Users/SnehaS/Desktop/DR/planetaryIR-Repo/app/planetaryIR/run/dataflow.svg)
2016-03-09 14:10:29.491826 ‘run/compiled’ -> ‘run/compiled~’
2016-03-09 14:10:29.495361 ‘run/compiled’ -> ‘20160309/141027.618004000’
