2016-05-19 09:29:55.157064 ‘run/LATEST.COMPILE’ -> ‘20160519/092955.094367000’
2016-05-19 09:29:55.157304 ‘run/RUNNING.COMPILE’ -> ‘20160519/092955.094367000’
2016-05-19 09:29:55.157326 Parsing DeepDive application (/Users/SnehaS/Desktop/DR/planetaryIR-Repo/app/planetaryir) to generate:
2016-05-19 09:29:55.157344  run/compiled/schema.json
2016-05-19 09:29:55.157360   from app.ddlog
2016-05-19 09:29:55.582160  run/compiled/deepdive.conf
2016-05-19 09:29:55.582249   from app.ddlog
2016-05-19 09:29:56.065010   from deepdive.conf
2016-05-19 09:29:56.070801  run/compiled/deepdive.conf.json
2016-05-19 09:29:56.351149 Performing sanity checks on run/compiled/deepdive.conf.json:
2016-05-19 09:29:56.387397  checking if input_extractors_well_defined
2016-05-19 09:29:56.387457  checking if input_schema_wellformed
2016-05-19 09:29:56.387800 Normalizing and adding built-in processes to the data flow to compile:
2016-05-19 09:29:56.388216  run/compiled/config-0.00-init_objects.json
2016-05-19 09:29:56.403136  run/compiled/config-0.01-parse_calibration.json
2016-05-19 09:29:56.415904  run/compiled/config-0.01-parse_schema.json
2016-05-19 09:29:56.434898  run/compiled/config-0.51-add_init_app.json
2016-05-19 09:29:56.447393  run/compiled/config-0.52-input_loader.json
2016-05-19 09:29:56.464863  run/compiled/config-1.00-qualified_names.json
2016-05-19 09:29:56.481705  run/compiled/config-1.01-parse_inference_rules.json
2016-05-19 09:29:56.507589  run/compiled/config-2.01-grounding.json
2016-05-19 09:29:56.570649  run/compiled/config-2.02-learning_inference.json
2016-05-19 09:29:56.586841  run/compiled/config-2.03-calibration_plots.json
2016-05-19 09:29:56.600687  run/compiled/config-9.98-ensure_init_app.json
2016-05-19 09:29:56.615080  run/compiled/config-9.99-dependencies.json
2016-05-19 09:29:56.630144  run/compiled/config.json
2016-05-19 09:29:56.634723 Validating run/compiled/config.json:
2016-05-19 09:29:56.708446  checking if compiled_base_relations_have_input_data
2016-05-19 09:29:56.708501  [WARNING] input/init.sh should load all base relations: articles 
2016-05-19 09:29:56.708529  checking if compiled_dependencies_correct
2016-05-19 09:29:56.708549  checking if compiled_input_output_well_defined
2016-05-19 09:29:56.708569  checking if compiled_output_uniquely_defined
2016-05-19 09:29:56.708880 Compiling executable code into:
2016-05-19 09:29:56.709183  run/compiled/code-Makefile.json
2016-05-19 09:29:56.725560  run/compiled/code-cmd_extractor.json
2016-05-19 09:29:56.738985  run/compiled/code-dataflow_dot.json
2016-05-19 09:29:56.755758  run/compiled/code-sql_extractor.json
2016-05-19 09:29:56.772467  run/compiled/code-tsv_extractor.json
2016-05-19 09:29:56.791698 Generating files:
2016-05-19 09:29:56.808886  run/Makefile
2016-05-19 09:29:56.822976  run/process/init/app/run.sh
2016-05-19 09:29:56.837490  run/process/init/relation/articles/run.sh
2016-05-19 09:29:56.856144  run/dataflow.dot
2016-05-19 09:29:56.868278  run/process/ext_person_mention_by_map_person_mention/run.sh
2016-05-19 09:29:56.883010  run/process/ext_sentences_by_nlp_markup/run.sh
2016-05-19 09:29:56.899147  run/process/ext_target_mention_by_map_target_mention/run.sh
2016-05-19 09:29:56.941661  run/dataflow.svg
2016-05-19 09:29:56.942676   (file:///Users/SnehaS/Desktop/DR/planetaryIR-Repo/app/planetaryir/run/dataflow.svg)
2016-05-19 09:29:56.946551 ‘run/compiled’ -> ‘run/compiled~’
2016-05-19 09:29:56.950985 ‘run/compiled’ -> ‘20160519/092955.094367000’
