2016-03-10 16:52:58.197221 ‘run/LATEST.COMPILE’ -> ‘20160310/165258.147184000’
2016-03-10 16:52:58.197478 ‘run/RUNNING.COMPILE’ -> ‘20160310/165258.147184000’
2016-03-10 16:52:58.197507 Parsing DeepDive application (/Users/SnehaS/Desktop/DR/planetaryIR-Repo/app/planetaryir) to generate:
2016-03-10 16:52:58.197529  run/compiled/schema.json
2016-03-10 16:52:58.197549   from app.ddlog
2016-03-10 16:52:58.711134  run/compiled/deepdive.conf
2016-03-10 16:52:58.711223   from app.ddlog
2016-03-10 16:52:59.187144   from deepdive.conf
2016-03-10 16:52:59.193294  run/compiled/deepdive.conf.json
2016-03-10 16:52:59.464230 Performing sanity checks on run/compiled/deepdive.conf.json:
2016-03-10 16:52:59.507380  checking if input_extractors_well_defined
2016-03-10 16:52:59.507452  checking if input_schema_wellformed
2016-03-10 16:52:59.507760 Normalizing and adding built-in processes to the data flow to compile:
2016-03-10 16:52:59.508146  run/compiled/config-0.00-init_objects.json
2016-03-10 16:52:59.522193  run/compiled/config-0.01-parse_calibration.json
2016-03-10 16:52:59.534392  run/compiled/config-0.01-parse_schema.json
2016-03-10 16:52:59.552705  run/compiled/config-0.51-add_init_app.json
2016-03-10 16:52:59.564551  run/compiled/config-0.52-input_loader.json
2016-03-10 16:52:59.578776  run/compiled/config-1.00-qualified_names.json
2016-03-10 16:52:59.595024  run/compiled/config-1.01-parse_inference_rules.json
2016-03-10 16:52:59.620555  run/compiled/config-2.01-grounding.json
2016-03-10 16:52:59.687219  run/compiled/config-2.02-learning_inference.json
2016-03-10 16:52:59.703839  run/compiled/config-2.03-calibration_plots.json
2016-03-10 16:52:59.718015  run/compiled/config-9.98-ensure_init_app.json
2016-03-10 16:52:59.731891  run/compiled/config-9.99-dependencies.json
2016-03-10 16:52:59.749101  run/compiled/config.json
2016-03-10 16:52:59.753759 Validating run/compiled/config.json:
2016-03-10 16:52:59.830166  checking if compiled_base_relations_have_input_data
2016-03-10 16:52:59.830218  [WARNING] input/init.sh should load all base relations: articles 
2016-03-10 16:52:59.830233  checking if compiled_dependencies_correct
2016-03-10 16:52:59.830250  checking if compiled_input_output_well_defined
2016-03-10 16:52:59.830270  checking if compiled_output_uniquely_defined
2016-03-10 16:52:59.830587 Compiling executable code into:
2016-03-10 16:52:59.830952  run/compiled/code-Makefile.json
2016-03-10 16:52:59.846582  run/compiled/code-cmd_extractor.json
2016-03-10 16:52:59.860030  run/compiled/code-dataflow_dot.json
2016-03-10 16:52:59.879278  run/compiled/code-sql_extractor.json
2016-03-10 16:52:59.897144  run/compiled/code-tsv_extractor.json
2016-03-10 16:52:59.917912 Generating files:
2016-03-10 16:52:59.937205  run/Makefile
2016-03-10 16:52:59.952153  run/process/init/app/run.sh
2016-03-10 16:52:59.967133  run/process/init/relation/articles/run.sh
2016-03-10 16:52:59.984288  run/dataflow.dot
2016-03-10 16:52:59.997003  run/process/ext_person_mention_by_map_person_mention/run.sh
2016-03-10 16:53:00.016355  run/process/ext_sentences_by_nlp_markup/run.sh
2016-03-10 16:53:00.080925  run/dataflow.svg
2016-03-10 16:53:00.082025   (file:///Users/SnehaS/Desktop/DR/planetaryIR-Repo/app/planetaryir/run/dataflow.svg)
2016-03-10 16:53:00.084603 ‘run/compiled’ -> ‘run/compiled~’
2016-03-10 16:53:00.087421 ‘run/compiled’ -> ‘20160310/165258.147184000’
