2016-03-09 14:10:34.008507 # on Snehas-MacBook-Pro.local: deepdive do person_mention
2016-03-09 14:10:34.008743 # run/20160309/141029.957184000/plan.sh
2016-03-09 14:10:34.008766 # execution plan for data/person_mention
2016-03-09 14:10:34.008785 
2016-03-09 14:10:34.008807 : ## process/init/app ##########################################################
2016-03-09 14:10:34.008826 : # Done: 2016-02-24T17:00:00-0800 (13d 21h 10m 30s ago)
2016-03-09 14:10:34.008843 : process/init/app/run.sh
2016-03-09 14:10:34.008859 : mark_done process/init/app
2016-03-09 14:10:34.008875 : ##############################################################################
2016-03-09 14:10:34.008891 
2016-03-09 14:10:34.008908 ## process/init/relation/articles ############################################
2016-03-09 14:10:34.008928 # Done: 2016-03-09T14:04:22-0800 (6m 8s ago)
2016-03-09 14:10:34.008946 process/init/relation/articles/run.sh
2016-03-09 14:10:34.008963 ++ dirname process/init/relation/articles/run.sh
2016-03-09 14:10:34.008980 + cd process/init/relation/articles
2016-03-09 14:10:34.008997 + export DEEPDIVE_CURRENT_PROCESS_NAME=process/init/relation/articles
2016-03-09 14:10:34.009013 + DEEPDIVE_CURRENT_PROCESS_NAME=process/init/relation/articles
2016-03-09 14:10:34.009030 + deepdive create table articles
2016-03-09 14:10:34.102372 CREATE TABLE
2016-03-09 14:10:34.103693 + deepdive load articles
2016-03-09 14:10:34.180631 Loading articles from input/articles.tsv.sh (tsv format)
2016-03-09 14:10:34.227724 COPY 5
2016-03-09 14:10:34.232384 mark_done process/init/relation/articles
2016-03-09 14:10:34.247037 ##############################################################################
2016-03-09 14:10:34.247099 
2016-03-09 14:10:34.247119 ## data/articles #############################################################
2016-03-09 14:10:34.247139 # Done: 2016-03-09T14:04:22-0800 (6m 8s ago)
2016-03-09 14:10:34.247174 # no-op
2016-03-09 14:10:34.247235 mark_done data/articles
2016-03-09 14:10:34.259746 ##############################################################################
2016-03-09 14:10:34.259808 
2016-03-09 14:10:34.259827 ## process/ext_sentences_by_nlp_markup #######################################
2016-03-09 14:10:34.259846 # Done: 2016-03-09T14:06:40-0800 (3m 50s ago)
2016-03-09 14:10:34.259881 process/ext_sentences_by_nlp_markup/run.sh
2016-03-09 14:10:34.265206 ++ dirname process/ext_sentences_by_nlp_markup/run.sh
2016-03-09 14:10:34.268176 + cd process/ext_sentences_by_nlp_markup
2016-03-09 14:10:34.268331 + export DEEPDIVE_CURRENT_PROCESS_NAME=process/ext_sentences_by_nlp_markup
2016-03-09 14:10:34.268362 + DEEPDIVE_CURRENT_PROCESS_NAME=process/ext_sentences_by_nlp_markup
2016-03-09 14:10:34.268383 + export DEEPDIVE_LOAD_FORMAT=tsv
2016-03-09 14:10:34.268402 + DEEPDIVE_LOAD_FORMAT=tsv
2016-03-09 14:10:34.268424 + deepdive compute execute 'input_sql= SELECT R0.id AS "articles.R0.id", R0.content AS "articles.R0.content"
2016-03-09 14:10:34.268444 FROM articles R0
2016-03-09 14:10:34.268464         
2016-03-09 14:10:34.268486           ' 'command="$DEEPDIVE_APP"/udf/nlp_markup.sh' output_relation=sentences
2016-03-09 14:10:34.336523 Executing with the following configuration:
2016-03-09 14:10:34.336571  DEEPDIVE_NUM_PROCESSES=3
2016-03-09 14:10:34.336592  DEEPDIVE_NUM_PARALLEL_UNLOADS=1
2016-03-09 14:10:34.336612  DEEPDIVE_NUM_PARALLEL_LOADS=1
2016-03-09 14:10:34.336630  output_relation_tmp=dd_tmp_sentences
2016-03-09 14:10:34.336648 
2016-03-09 14:10:34.477969 CREATE TABLE
2016-03-09 14:10:34.582625 CREATE TABLE
2016-03-09 14:10:34.703833 unloading to feed_processes-1: ' SELECT R0.id AS "articles.R0.id", R0.content AS "articles.R0.content"
2016-03-09 14:10:34.703892 FROM articles R0
2016-03-09 14:10:34.703915         
2016-03-09 14:10:34.703938           '
2016-03-09 14:10:34.724528 Loading dd_tmp_sentences from output_computed-1 (tsv format)
2016-03-09 14:10:35.452419 Parsing with max_len=100
2016-03-09 14:10:35.455475 Parsing with max_len=100
2016-03-09 14:10:35.463377 Parsing with max_len=100
2016-03-09 14:10:35.662379 Adding annotator tokenize
2016-03-09 14:10:35.669264 TokenizerAnnotator: No tokenizer type provided. Defaulting to PTBTokenizer.
2016-03-09 14:10:35.674658 Adding annotator cleanxml
2016-03-09 14:10:35.681544 Adding annotator tokenize
2016-03-09 14:10:35.686038 TokenizerAnnotator: No tokenizer type provided. Defaulting to PTBTokenizer.
2016-03-09 14:10:35.691516 Adding annotator cleanxml
2016-03-09 14:10:35.696144 Adding annotator tokenize
2016-03-09 14:10:35.701641 TokenizerAnnotator: No tokenizer type provided. Defaulting to PTBTokenizer.
2016-03-09 14:10:35.707245 Adding annotator ssplit
2016-03-09 14:10:35.708560 Adding annotator cleanxml
2016-03-09 14:10:35.709503 Adding annotator pos
2016-03-09 14:10:35.729172 Adding annotator ssplit
2016-03-09 14:10:35.731590 Adding annotator pos
2016-03-09 14:10:35.738125 Adding annotator ssplit
2016-03-09 14:10:35.740150 Adding annotator pos
2016-03-09 14:10:37.734567 Reading POS tagger model from edu/stanford/nlp/models/pos-tagger/english-left3words/english-left3words-distsim.tagger ... Reading POS tagger model from edu/stanford/nlp/models/pos-tagger/english-left3words/english-left3words-distsim.tagger ... Reading POS tagger model from edu/stanford/nlp/models/pos-tagger/english-left3words/english-left3words-distsim.tagger ... done [2.0 sec].
2016-03-09 14:10:37.734705 Adding annotator lemma
2016-03-09 14:10:37.735559 Adding annotator ner
2016-03-09 14:10:37.790423 done [2.0 sec].
2016-03-09 14:10:37.790560 Adding annotator lemma
2016-03-09 14:10:37.791423 Adding annotator ner
2016-03-09 14:10:38.699114 Loading classifier from edu/stanford/nlp/models/ner/english.all.3class.distsim.crf.ser.gz ... Loading classifier from edu/stanford/nlp/models/ner/english.all.3class.distsim.crf.ser.gz ... done [2.9 sec].
2016-03-09 14:10:38.699361 Adding annotator lemma
2016-03-09 14:10:38.700220 Adding annotator ner
2016-03-09 14:10:45.263559 Loading classifier from edu/stanford/nlp/models/ner/english.all.3class.distsim.crf.ser.gz ... done [7.4 sec].
2016-03-09 14:10:45.344319 Loading classifier from edu/stanford/nlp/models/ner/english.muc.7class.distsim.crf.ser.gz ... done [7.4 sec].
2016-03-09 14:10:46.486161 Loading classifier from edu/stanford/nlp/models/ner/english.muc.7class.distsim.crf.ser.gz ... done [7.7 sec].
2016-03-09 14:10:49.572440 Loading classifier from edu/stanford/nlp/models/ner/english.muc.7class.distsim.crf.ser.gz ... done [4.2 sec].
2016-03-09 14:10:49.577453 Loading classifier from edu/stanford/nlp/models/ner/english.conll.4class.distsim.crf.ser.gz ... done [4.3 sec].
2016-03-09 14:10:49.747578 Loading classifier from edu/stanford/nlp/models/ner/english.conll.4class.distsim.crf.ser.gz ... done [3.3 sec].
2016-03-09 14:10:52.908228 Loading classifier from edu/stanford/nlp/models/ner/english.conll.4class.distsim.crf.ser.gz ... done [3.3 sec].
2016-03-09 14:10:52.908298 done [3.3 sec].
2016-03-09 14:10:52.908325 sutime.binder.1.
2016-03-09 14:10:52.908627 Initializing JollyDayHoliday for sutime with classpath:edu/stanford/nlp/models/sutime/jollyday/Holidays_sutime.xml
2016-03-09 14:10:52.909500 sutime.binder.1.
2016-03-09 14:10:52.909558 Initializing JollyDayHoliday for sutime with classpath:edu/stanford/nlp/models/sutime/jollyday/Holidays_sutime.xml
2016-03-09 14:10:53.004797 done [3.3 sec].
2016-03-09 14:10:53.010879 sutime.binder.1.
2016-03-09 14:10:53.010947 Initializing JollyDayHoliday for sutime with classpath:edu/stanford/nlp/models/sutime/jollyday/Holidays_sutime.xml
2016-03-09 14:10:53.643481 Reading TokensRegex rules from edu/stanford/nlp/models/sutime/defs.sutime.txt
2016-03-09 14:10:53.756331 Reading TokensRegex rules from edu/stanford/nlp/models/sutime/english.sutime.txt
2016-03-09 14:10:53.764708 Reading TokensRegex rules from edu/stanford/nlp/models/sutime/defs.sutime.txt
2016-03-09 14:10:53.789766 Reading TokensRegex rules from edu/stanford/nlp/models/sutime/defs.sutime.txt
2016-03-09 14:10:53.929308 Reading TokensRegex rules from edu/stanford/nlp/models/sutime/english.sutime.txt
2016-03-09 14:10:53.932552 Reading TokensRegex rules from edu/stanford/nlp/models/sutime/english.sutime.txt
2016-03-09 14:10:54.673480 Mar 09, 2016 2:10:54 PM edu.stanford.nlp.ling.tokensregex.CoreMapExpressionExtractor appendRules
2016-03-09 14:10:54.673643 INFO: Ignoring inactive rule: null
2016-03-09 14:10:54.675062 Mar 09, 2016 2:10:54 PM edu.stanford.nlp.ling.tokensregex.CoreMapExpressionExtractor appendRules
2016-03-09 14:10:54.675166 INFO: Ignoring inactive rule: temporal-composite-8:ranges
2016-03-09 14:10:54.675653 Reading TokensRegex rules from edu/stanford/nlp/models/sutime/english.holidays.sutime.txt
2016-03-09 14:10:54.682560 Adding annotator parse
2016-03-09 14:10:54.794642 Loading parser from serialized file edu/stanford/nlp/models/srparser/englishSR.ser.gz ...Mar 09, 2016 2:10:54 PM edu.stanford.nlp.ling.tokensregex.CoreMapExpressionExtractor appendRules
2016-03-09 14:10:54.794715 INFO: Ignoring inactive rule: null
2016-03-09 14:10:54.795757 Mar 09, 2016 2:10:54 PM edu.stanford.nlp.ling.tokensregex.CoreMapExpressionExtractor appendRules
2016-03-09 14:10:54.795831 INFO: Ignoring inactive rule: temporal-composite-8:ranges
2016-03-09 14:10:54.796063 Reading TokensRegex rules from edu/stanford/nlp/models/sutime/english.holidays.sutime.txt
2016-03-09 14:10:54.849224 Mar 09, 2016 2:10:54 PM edu.stanford.nlp.ling.tokensregex.CoreMapExpressionExtractor appendRules
2016-03-09 14:10:54.849300 INFO: Ignoring inactive rule: null
2016-03-09 14:10:54.867259 Adding annotator parse
2016-03-09 14:10:54.872902 Mar 09, 2016 2:10:54 PM edu.stanford.nlp.ling.tokensregex.CoreMapExpressionExtractor appendRules
2016-03-09 14:10:54.872969 INFO: Ignoring inactive rule: temporal-composite-8:ranges
2016-03-09 14:10:54.873670 Reading TokensRegex rules from edu/stanford/nlp/models/sutime/english.holidays.sutime.txt
2016-03-09 14:10:54.892222 Adding annotator parse
2016-03-09 14:11:19.933929 Loading parser from serialized file edu/stanford/nlp/models/srparser/englishSR.ser.gz ...Loading parser from serialized file edu/stanford/nlp/models/srparser/englishSR.ser.gz ...done [25.0 sec].
2016-03-09 14:11:20.112884 Parsing document 1438...
2016-03-09 14:11:20.659739 done [25.9 sec].
2016-03-09 14:11:20.895581 Parsing document 2038...
2016-03-09 14:11:23.245399 done [28.3 sec].
2016-03-09 14:11:23.838502 Parsing document 1989...
2016-03-09 14:11:38.054480 Parsing document 2620...
2016-03-09 14:11:42.636823 Parsing document 2893...
2016-03-09 14:11:45.892487 COPY 442
2016-03-09 14:11:45.899378 Replacing sentences with dd_tmp_sentences
2016-03-09 14:11:45.974911 DROP TABLE
2016-03-09 14:11:46.041955 ALTER TABLE
2016-03-09 14:11:46.108528 ALTER TABLE
2016-03-09 14:11:46.174191 DROP TABLE
2016-03-09 14:11:46.278433 ANALYZE
2016-03-09 14:11:46.284793 mark_done process/ext_sentences_by_nlp_markup
2016-03-09 14:11:46.300448 ##############################################################################
2016-03-09 14:11:46.300504 
2016-03-09 14:11:46.300524 ## data/sentences ############################################################
2016-03-09 14:11:46.300590 # Done: 2016-03-09T14:06:40-0800 (3m 50s ago)
2016-03-09 14:11:46.300654 # no-op
2016-03-09 14:11:46.300676 mark_done data/sentences
2016-03-09 14:11:46.311860 ##############################################################################
2016-03-09 14:11:46.311926 
2016-03-09 14:11:46.311946 ## process/ext_person_mention_by_map_person_mention ##########################
2016-03-09 14:11:46.311966 # Done: 2016-02-25T15:39:30-0800 (12d 22h 31m ago)
2016-03-09 14:11:46.311987 process/ext_person_mention_by_map_person_mention/run.sh
2016-03-09 14:11:46.317747 ++ dirname process/ext_person_mention_by_map_person_mention/run.sh
2016-03-09 14:11:46.320663 + cd process/ext_person_mention_by_map_person_mention
2016-03-09 14:11:46.320745 + export DEEPDIVE_CURRENT_PROCESS_NAME=process/ext_person_mention_by_map_person_mention
2016-03-09 14:11:46.320772 + DEEPDIVE_CURRENT_PROCESS_NAME=process/ext_person_mention_by_map_person_mention
2016-03-09 14:11:46.320789 + export DEEPDIVE_LOAD_FORMAT=tsv
2016-03-09 14:11:46.320807 + DEEPDIVE_LOAD_FORMAT=tsv
2016-03-09 14:11:46.320869 + deepdive compute execute 'input_sql= SELECT R0.doc_id AS "sentences.R0.doc_id", R0.sentence_index AS "sentences.R0.sentence_index", R0.tokens AS "sentences.R0.tokens", R0.ner_tags AS "sentences.R0.ner_tags"
2016-03-09 14:11:46.320893 FROM sentences R0
2016-03-09 14:11:46.320912         
2016-03-09 14:11:46.320932           ' 'command="$DEEPDIVE_APP"/udf/map_person_mention.py' output_relation=person_mention
2016-03-09 14:11:46.379752 Executing with the following configuration:
2016-03-09 14:11:46.379820  DEEPDIVE_NUM_PROCESSES=3
2016-03-09 14:11:46.379843  DEEPDIVE_NUM_PARALLEL_UNLOADS=1
2016-03-09 14:11:46.379864  DEEPDIVE_NUM_PARALLEL_LOADS=1
2016-03-09 14:11:46.379951  output_relation_tmp=dd_tmp_person_mention
2016-03-09 14:11:46.379974 
2016-03-09 14:11:46.543548 CREATE TABLE
2016-03-09 14:11:46.643465 CREATE TABLE
2016-03-09 14:11:46.763972 unloading to feed_processes-1: ' SELECT R0.doc_id AS "sentences.R0.doc_id", R0.sentence_index AS "sentences.R0.sentence_index", R0.tokens AS "sentences.R0.tokens", R0.ner_tags AS "sentences.R0.ner_tags"
2016-03-09 14:11:46.764031 FROM sentences R0
2016-03-09 14:11:46.764052         
2016-03-09 14:11:46.764095           '
2016-03-09 14:11:46.783467 Loading dd_tmp_person_mention from output_computed-1 (tsv format)
2016-03-09 14:11:51.814859 COPY 204
2016-03-09 14:11:51.820132 Replacing person_mention with dd_tmp_person_mention
2016-03-09 14:11:51.883882 DROP TABLE
2016-03-09 14:11:51.949160 ALTER TABLE
2016-03-09 14:11:52.013882 ALTER TABLE
2016-03-09 14:11:52.080959 DROP TABLE
2016-03-09 14:11:52.119491 ANALYZE
2016-03-09 14:11:52.125236 mark_done process/ext_person_mention_by_map_person_mention
2016-03-09 14:11:52.138384 ##############################################################################
2016-03-09 14:11:52.138435 
2016-03-09 14:11:52.138454 ## data/person_mention #######################################################
2016-03-09 14:11:52.138475 # Done: 2016-02-25T15:39:30-0800 (12d 22h 31m ago)
2016-03-09 14:11:52.138536 # no-op
2016-03-09 14:11:52.138566 mark_done data/person_mention
2016-03-09 14:11:52.150288 ##############################################################################
2016-03-09 14:11:52.150362 
