2016-03-09 14:12:49.871826 # on Snehas-MacBook-Pro.local: deepdive do sentences
2016-03-09 14:12:49.872052 # run/20160309/141246.790743000/plan.sh
2016-03-09 14:12:49.872077 # execution plan for data/sentences
2016-03-09 14:12:49.872095 
2016-03-09 14:12:49.872116 : ## process/init/app ##########################################################
2016-03-09 14:12:49.872135 : # Done: 2016-02-24T17:00:00-0800 (13d 21h 12m 46s ago)
2016-03-09 14:12:49.872152 : process/init/app/run.sh
2016-03-09 14:12:49.872170 : mark_done process/init/app
2016-03-09 14:12:49.872189 : ##############################################################################
2016-03-09 14:12:49.872206 
2016-03-09 14:12:49.872227 : ## process/init/relation/articles ############################################
2016-03-09 14:12:49.872246 : # Done: 2016-03-09T14:12:34-0800 (12s ago)
2016-03-09 14:12:49.872264 : process/init/relation/articles/run.sh
2016-03-09 14:12:49.872281 : mark_done process/init/relation/articles
2016-03-09 14:12:49.872298 : ##############################################################################
2016-03-09 14:12:49.872315 
2016-03-09 14:12:49.872333 : ## data/articles #############################################################
2016-03-09 14:12:49.872356 : # Done: 2016-03-09T14:12:34-0800 (12s ago)
2016-03-09 14:12:49.872374 : # no-op
2016-03-09 14:12:49.872394 : mark_done data/articles
2016-03-09 14:12:49.872414 : ##############################################################################
2016-03-09 14:12:49.872434 
2016-03-09 14:12:49.872455 ## process/ext_sentences_by_nlp_markup #######################################
2016-03-09 14:12:49.872475 # Done: 2016-03-09T14:11:46-0800 (1m ago)
2016-03-09 14:12:49.872496 process/ext_sentences_by_nlp_markup/run.sh
2016-03-09 14:12:49.872522 ++ dirname process/ext_sentences_by_nlp_markup/run.sh
2016-03-09 14:12:49.872551 + cd process/ext_sentences_by_nlp_markup
2016-03-09 14:12:49.872578 + export DEEPDIVE_CURRENT_PROCESS_NAME=process/ext_sentences_by_nlp_markup
2016-03-09 14:12:49.872600 + DEEPDIVE_CURRENT_PROCESS_NAME=process/ext_sentences_by_nlp_markup
2016-03-09 14:12:49.872622 + export DEEPDIVE_LOAD_FORMAT=tsv
2016-03-09 14:12:49.872642 + DEEPDIVE_LOAD_FORMAT=tsv
2016-03-09 14:12:49.872663 + deepdive compute execute 'input_sql= SELECT R0.id AS "articles.R0.id", R0.content AS "articles.R0.content"
2016-03-09 14:12:49.872686 FROM articles R0
2016-03-09 14:12:49.872708         
2016-03-09 14:12:49.872730           ' 'command="$DEEPDIVE_APP"/udf/nlp_markup.sh' output_relation=sentences
2016-03-09 14:12:49.902342 Executing with the following configuration:
2016-03-09 14:12:49.902395  DEEPDIVE_NUM_PROCESSES=3
2016-03-09 14:12:49.902417  DEEPDIVE_NUM_PARALLEL_UNLOADS=1
2016-03-09 14:12:49.902437  DEEPDIVE_NUM_PARALLEL_LOADS=1
2016-03-09 14:12:49.902456  output_relation_tmp=dd_tmp_sentences
2016-03-09 14:12:49.902474 
2016-03-09 14:12:50.045883 CREATE TABLE
2016-03-09 14:12:50.149865 CREATE TABLE
2016-03-09 14:12:50.271407 unloading to feed_processes-1: ' SELECT R0.id AS "articles.R0.id", R0.content AS "articles.R0.content"
2016-03-09 14:12:50.271514 FROM articles R0
2016-03-09 14:12:50.271538         
2016-03-09 14:12:50.271559           '
2016-03-09 14:12:50.324988 Loading dd_tmp_sentences from output_computed-1 (tsv format)
2016-03-09 14:12:50.990788 Parsing with max_len=100
2016-03-09 14:12:51.009914 Parsing with max_len=100
2016-03-09 14:12:51.037084 Parsing with max_len=100
2016-03-09 14:12:51.220321 Adding annotator tokenize
2016-03-09 14:12:51.221406 Adding annotator tokenize
2016-03-09 14:12:51.225405 TokenizerAnnotator: No tokenizer type provided. Defaulting to PTBTokenizer.
2016-03-09 14:12:51.226739 TokenizerAnnotator: No tokenizer type provided. Defaulting to PTBTokenizer.
2016-03-09 14:12:51.230445 Adding annotator cleanxml
2016-03-09 14:12:51.230784 Adding annotator cleanxml
2016-03-09 14:12:51.237082 Adding annotator tokenize
2016-03-09 14:12:51.242275 TokenizerAnnotator: No tokenizer type provided. Defaulting to PTBTokenizer.
2016-03-09 14:12:51.248151 Adding annotator cleanxml
2016-03-09 14:12:51.256495 Adding annotator ssplit
2016-03-09 14:12:51.258477 Adding annotator ssplit
2016-03-09 14:12:51.259053 Adding annotator pos
2016-03-09 14:12:51.264225 Adding annotator pos
2016-03-09 14:12:51.287728 Adding annotator ssplit
2016-03-09 14:12:51.290109 Adding annotator pos
2016-03-09 14:12:53.142651 Reading POS tagger model from edu/stanford/nlp/models/pos-tagger/english-left3words/english-left3words-distsim.tagger ... Reading POS tagger model from edu/stanford/nlp/models/pos-tagger/english-left3words/english-left3words-distsim.tagger ... Reading POS tagger model from edu/stanford/nlp/models/pos-tagger/english-left3words/english-left3words-distsim.tagger ... done [1.8 sec].
2016-03-09 14:12:53.143010 Adding annotator lemma
2016-03-09 14:12:53.143899 Adding annotator ner
2016-03-09 14:12:53.867034 Loading classifier from edu/stanford/nlp/models/ner/english.all.3class.distsim.crf.ser.gz ... done [2.6 sec].
2016-03-09 14:12:53.867184 Adding annotator lemma
2016-03-09 14:12:53.868074 Adding annotator ner
2016-03-09 14:12:54.387748 Loading classifier from edu/stanford/nlp/models/ner/english.all.3class.distsim.crf.ser.gz ... done [3.1 sec].
2016-03-09 14:12:54.388187 Adding annotator lemma
2016-03-09 14:12:54.388829 Adding annotator ner
2016-03-09 14:13:01.893260 Loading classifier from edu/stanford/nlp/models/ner/english.all.3class.distsim.crf.ser.gz ... done [8.6 sec].
2016-03-09 14:13:02.298197 Loading classifier from edu/stanford/nlp/models/ner/english.muc.7class.distsim.crf.ser.gz ... done [8.3 sec].
2016-03-09 14:13:02.520602 Loading classifier from edu/stanford/nlp/models/ner/english.muc.7class.distsim.crf.ser.gz ... done [8.1 sec].
2016-03-09 14:13:05.847805 Loading classifier from edu/stanford/nlp/models/ner/english.muc.7class.distsim.crf.ser.gz ... done [3.5 sec].
2016-03-09 14:13:05.970927 Loading classifier from edu/stanford/nlp/models/ner/english.conll.4class.distsim.crf.ser.gz ... done [3.4 sec].
2016-03-09 14:13:06.120453 Loading classifier from edu/stanford/nlp/models/ner/english.conll.4class.distsim.crf.ser.gz ... done [4.2 sec].
2016-03-09 14:13:09.123051 Loading classifier from edu/stanford/nlp/models/ner/english.conll.4class.distsim.crf.ser.gz ... done [3.3 sec].
2016-03-09 14:13:09.125454 sutime.binder.1.
2016-03-09 14:13:09.125730 Initializing JollyDayHoliday for sutime with classpath:edu/stanford/nlp/models/sutime/jollyday/Holidays_sutime.xml
2016-03-09 14:13:09.415118 done [3.4 sec].
2016-03-09 14:13:09.418114 sutime.binder.1.
2016-03-09 14:13:09.418180 Initializing JollyDayHoliday for sutime with classpath:edu/stanford/nlp/models/sutime/jollyday/Holidays_sutime.xml
2016-03-09 14:13:09.657178 Reading TokensRegex rules from edu/stanford/nlp/models/sutime/defs.sutime.txt
2016-03-09 14:13:09.704406 done [3.6 sec].
2016-03-09 14:13:09.707774 sutime.binder.1.
2016-03-09 14:13:09.707940 Initializing JollyDayHoliday for sutime with classpath:edu/stanford/nlp/models/sutime/jollyday/Holidays_sutime.xml
2016-03-09 14:13:09.761746 Reading TokensRegex rules from edu/stanford/nlp/models/sutime/english.sutime.txt
2016-03-09 14:13:10.450343 Reading TokensRegex rules from edu/stanford/nlp/models/sutime/defs.sutime.txt
2016-03-09 14:13:10.548340 Mar 09, 2016 2:13:10 PM edu.stanford.nlp.ling.tokensregex.CoreMapExpressionExtractor appendRules
2016-03-09 14:13:10.548414 INFO: Ignoring inactive rule: null
2016-03-09 14:13:10.549726 Mar 09, 2016 2:13:10 PM edu.stanford.nlp.ling.tokensregex.CoreMapExpressionExtractor appendRules
2016-03-09 14:13:10.549795 INFO: Ignoring inactive rule: temporal-composite-8:ranges
2016-03-09 14:13:10.551304 Reading TokensRegex rules from edu/stanford/nlp/models/sutime/english.holidays.sutime.txt
2016-03-09 14:13:10.556713 Adding annotator parse
2016-03-09 14:13:10.594201 Reading TokensRegex rules from edu/stanford/nlp/models/sutime/english.sutime.txt
2016-03-09 14:13:10.938244 Loading parser from serialized file edu/stanford/nlp/models/srparser/englishSR.ser.gz ...Reading TokensRegex rules from edu/stanford/nlp/models/sutime/defs.sutime.txt
2016-03-09 14:13:11.095089 Reading TokensRegex rules from edu/stanford/nlp/models/sutime/english.sutime.txt
2016-03-09 14:13:11.458127 Mar 09, 2016 2:13:11 PM edu.stanford.nlp.ling.tokensregex.CoreMapExpressionExtractor appendRules
2016-03-09 14:13:11.458194 INFO: Ignoring inactive rule: null
2016-03-09 14:13:11.459477 Mar 09, 2016 2:13:11 PM edu.stanford.nlp.ling.tokensregex.CoreMapExpressionExtractor appendRules
2016-03-09 14:13:11.459539 INFO: Ignoring inactive rule: temporal-composite-8:ranges
2016-03-09 14:13:11.459787 Reading TokensRegex rules from edu/stanford/nlp/models/sutime/english.holidays.sutime.txt
2016-03-09 14:13:11.465177 Adding annotator parse
2016-03-09 14:13:11.722689 Loading parser from serialized file edu/stanford/nlp/models/srparser/englishSR.ser.gz ...Mar 09, 2016 2:13:11 PM edu.stanford.nlp.ling.tokensregex.CoreMapExpressionExtractor appendRules
2016-03-09 14:13:11.722756 INFO: Ignoring inactive rule: null
2016-03-09 14:13:11.723878 Mar 09, 2016 2:13:11 PM edu.stanford.nlp.ling.tokensregex.CoreMapExpressionExtractor appendRules
2016-03-09 14:13:11.723945 INFO: Ignoring inactive rule: temporal-composite-8:ranges
2016-03-09 14:13:11.724181 Reading TokensRegex rules from edu/stanford/nlp/models/sutime/english.holidays.sutime.txt
2016-03-09 14:13:11.754802 Adding annotator parse
2016-03-09 14:13:37.270803 Loading parser from serialized file edu/stanford/nlp/models/srparser/englishSR.ser.gz ...done [25.8 sec].
2016-03-09 14:13:37.538783 Parsing document 2038...
2016-03-09 14:13:38.661806 done [28.1 sec].
2016-03-09 14:13:40.888522 done [29.1 sec].
2016-03-09 14:13:41.148348 Parsing document 1438...
2016-03-09 14:13:45.789055 Parsing document 1989...
2016-03-09 14:13:54.909836 Parsing document 2893...
2016-03-09 14:13:55.922558 Parsing document 2620...
2016-03-09 14:14:00.952387 COPY 442
2016-03-09 14:14:00.957676 Replacing sentences with dd_tmp_sentences
2016-03-09 14:14:01.031417 DROP TABLE
2016-03-09 14:14:01.093666 ALTER TABLE
2016-03-09 14:14:01.157401 ALTER TABLE
2016-03-09 14:14:01.218912 DROP TABLE
2016-03-09 14:14:01.321268 ANALYZE
2016-03-09 14:14:01.326130 mark_done process/ext_sentences_by_nlp_markup
2016-03-09 14:14:01.339612 ##############################################################################
2016-03-09 14:14:01.339659 
2016-03-09 14:14:01.339673 ## data/sentences ############################################################
2016-03-09 14:14:01.339683 # Done: 2016-03-09T14:11:46-0800 (1m ago)
2016-03-09 14:14:01.339694 # no-op
2016-03-09 14:14:01.339707 mark_done data/sentences
2016-03-09 14:14:01.352101 ##############################################################################
2016-03-09 14:14:01.352160 
