2016-02-25 14:43:17.533475 # on Snehas-MacBook-Pro.local: deepdive do articles
2016-02-25 14:43:17.533751 # run/20160225/144314.428599000/plan.sh
2016-02-25 14:43:17.533786 # execution plan for data/articles
2016-02-25 14:43:17.533807 
2016-02-25 14:43:17.533828 : ## process/init/app ##########################################################
2016-02-25 14:43:17.533850 : # Done: 2016-02-24T17:00:00-0800 (21h 43m 14s ago)
2016-02-25 14:43:17.533870 : process/init/app/run.sh
2016-02-25 14:43:17.533889 : mark_done process/init/app
2016-02-25 14:43:17.533908 : ##############################################################################
2016-02-25 14:43:17.533928 
2016-02-25 14:43:17.533948 ## process/init/relation/articles ############################################
2016-02-25 14:43:17.533967 # Done: 2016-02-25T14:37:04-0800 (6m 10s ago)
2016-02-25 14:43:17.533985 process/init/relation/articles/run.sh
2016-02-25 14:43:17.534004 ++ dirname process/init/relation/articles/run.sh
2016-02-25 14:43:17.534021 + cd process/init/relation/articles
2016-02-25 14:43:17.534040 + export DEEPDIVE_CURRENT_PROCESS_NAME=process/init/relation/articles
2016-02-25 14:43:17.534059 + DEEPDIVE_CURRENT_PROCESS_NAME=process/init/relation/articles
2016-02-25 14:43:17.534079 + deepdive create table articles
2016-02-25 14:43:17.626545 CREATE TABLE
2016-02-25 14:43:17.627564 + deepdive load articles
2016-02-25 14:43:17.703197 Loading articles from input/articles.tsv.sh (tsv format)
2016-02-25 14:43:17.747065 COPY 1
2016-02-25 14:43:17.754391 mark_done process/init/relation/articles
2016-02-25 14:43:17.768332 ##############################################################################
2016-02-25 14:43:17.768497 
2016-02-25 14:43:17.768588 ## data/articles #############################################################
2016-02-25 14:43:17.768632 # Done: 2016-02-25T14:37:04-0800 (6m 10s ago)
2016-02-25 14:43:17.768704 # no-op
2016-02-25 14:43:17.768741 mark_done data/articles
2016-02-25 14:43:17.784182 ##############################################################################
2016-02-25 14:43:17.784250 
