2016-05-18 12:58:28.352404 ‘run/LATEST.COMPILE’ -> ‘20160518/125828.300402000’
2016-05-18 12:58:28.352642 ‘run/RUNNING.COMPILE’ -> ‘20160518/125828.300402000’
2016-05-18 12:58:28.352671 Parsing DeepDive application (/Users/SnehaS/Desktop/DR/planetaryIR-Repo/app/planetaryir) to generate:
2016-05-18 12:58:28.352688  run/compiled/schema.json
2016-05-18 12:58:28.352701   from app.ddlog
2016-05-18 12:58:28.780246  run/compiled/deepdive.conf
2016-05-18 12:58:28.780368   from app.ddlog
2016-05-18 12:58:29.284665   from deepdive.conf
2016-05-18 12:58:29.290481  run/compiled/deepdive.conf.json
2016-05-18 12:58:29.581081 Performing sanity checks on run/compiled/deepdive.conf.json:
2016-05-18 12:58:29.623485  checking if input_extractors_well_defined
2016-05-18 12:58:29.623549  checking if input_schema_wellformed
2016-05-18 12:58:29.623917 Normalizing and adding built-in processes to the data flow to compile:
2016-05-18 12:58:29.624466  run/compiled/config-0.00-init_objects.json
2016-05-18 12:58:29.640729  run/compiled/config-0.01-parse_calibration.json
2016-05-18 12:58:29.655819  run/compiled/config-0.01-parse_schema.json
2016-05-18 12:58:29.676408  run/compiled/config-0.51-add_init_app.json
2016-05-18 12:58:29.691553  run/compiled/config-0.52-input_loader.json
2016-05-18 12:58:29.711096  run/compiled/config-1.00-qualified_names.json
2016-05-18 12:58:29.735899  run/compiled/config-1.01-parse_inference_rules.json
2016-05-18 12:58:29.759152  run/compiled/config-2.01-grounding.json
2016-05-18 12:58:29.829933  run/compiled/config-2.02-learning_inference.json
2016-05-18 12:58:29.848327  run/compiled/config-2.03-calibration_plots.json
2016-05-18 12:58:29.865010  run/compiled/config-9.98-ensure_init_app.json
2016-05-18 12:58:29.885073  run/compiled/config-9.99-dependencies.json
2016-05-18 12:58:29.901967  run/compiled/config.json
2016-05-18 12:58:29.905017 Validating run/compiled/config.json:
2016-05-18 12:58:29.985971  checking if compiled_base_relations_have_input_data
2016-05-18 12:58:29.986049  [WARNING] input/init.sh should load all base relations: articles 
2016-05-18 12:58:29.986081  checking if compiled_dependencies_correct
2016-05-18 12:58:29.986104  checking if compiled_input_output_well_defined
2016-05-18 12:58:29.986125  checking if compiled_output_uniquely_defined
2016-05-18 12:58:29.986395 Compiling executable code into:
2016-05-18 12:58:29.986711  run/compiled/code-Makefile.json
2016-05-18 12:58:30.002987  run/compiled/code-cmd_extractor.json
2016-05-18 12:58:30.015978  run/compiled/code-dataflow_dot.json
2016-05-18 12:58:30.037872  run/compiled/code-sql_extractor.json
2016-05-18 12:58:30.050573  run/compiled/code-tsv_extractor.json
2016-05-18 12:58:30.070549 Generating files:
2016-05-18 12:58:30.092697  run/Makefile
2016-05-18 12:58:30.114381  run/process/init/app/run.sh
2016-05-18 12:58:30.129992  run/process/init/relation/articles/run.sh
2016-05-18 12:58:30.146052  run/dataflow.dot
2016-05-18 12:58:30.161008  run/process/ext_person_mention_by_map_person_mention/run.sh
2016-05-18 12:58:30.178912  run/process/ext_sentences_by_nlp_markup/run.sh
2016-05-18 12:58:30.192741  run/process/ext_target_mention_by_map_target_mention/run.sh
2016-05-18 12:58:30.237697  run/dataflow.svg
2016-05-18 12:58:30.238637   (file:///Users/SnehaS/Desktop/DR/planetaryIR-Repo/app/planetaryir/run/dataflow.svg)
2016-05-18 12:58:30.241241 ‘run/compiled’ -> ‘run/compiled~’
2016-05-18 12:58:30.244047 ‘run/compiled’ -> ‘20160518/125828.300402000’
