2016-03-10 07:46:57.318531 ‘run/LATEST.COMPILE’ -> ‘20160310/074657.213291000’
2016-03-10 07:46:57.318790 ‘run/RUNNING.COMPILE’ -> ‘20160310/074657.213291000’
2016-03-10 07:46:57.318809 Parsing DeepDive application (/Users/SnehaS/Desktop/DR/planetaryIR-Repo/app/planetaryir) to generate:
2016-03-10 07:46:57.318821  run/compiled/schema.json
2016-03-10 07:46:57.318832   from app.ddlog
2016-03-10 07:46:57.926034  run/compiled/deepdive.conf
2016-03-10 07:46:57.926181   from app.ddlog
2016-03-10 07:46:58.421589   from deepdive.conf
2016-03-10 07:46:58.427569  run/compiled/deepdive.conf.json
2016-03-10 07:46:58.796662 Performing sanity checks on run/compiled/deepdive.conf.json:
2016-03-10 07:46:58.836598  checking if input_extractors_well_defined
2016-03-10 07:46:58.836655  checking if input_schema_wellformed
2016-03-10 07:46:58.836963 Normalizing and adding built-in processes to the data flow to compile:
2016-03-10 07:46:58.837341  run/compiled/config-0.00-init_objects.json
2016-03-10 07:46:58.852001  run/compiled/config-0.01-parse_calibration.json
2016-03-10 07:46:58.864320  run/compiled/config-0.01-parse_schema.json
2016-03-10 07:46:58.884025  run/compiled/config-0.51-add_init_app.json
2016-03-10 07:46:58.898059  run/compiled/config-0.52-input_loader.json
2016-03-10 07:46:58.912520  run/compiled/config-1.00-qualified_names.json
2016-03-10 07:46:58.931916  run/compiled/config-1.01-parse_inference_rules.json
2016-03-10 07:46:58.956944  run/compiled/config-2.01-grounding.json
2016-03-10 07:46:59.027421  run/compiled/config-2.02-learning_inference.json
2016-03-10 07:46:59.043307  run/compiled/config-2.03-calibration_plots.json
2016-03-10 07:46:59.061781  run/compiled/config-9.98-ensure_init_app.json
2016-03-10 07:46:59.089925  run/compiled/config-9.99-dependencies.json
2016-03-10 07:46:59.104327  run/compiled/config.json
2016-03-10 07:46:59.107095 Validating run/compiled/config.json:
2016-03-10 07:46:59.189035  checking if compiled_base_relations_have_input_data
2016-03-10 07:46:59.189086  [WARNING] input/init.sh should load all base relations: articles 
2016-03-10 07:46:59.189107  checking if compiled_dependencies_correct
2016-03-10 07:46:59.189125  checking if compiled_input_output_well_defined
2016-03-10 07:46:59.189143  checking if compiled_output_uniquely_defined
2016-03-10 07:46:59.189393 Compiling executable code into:
2016-03-10 07:46:59.189669  run/compiled/code-Makefile.json
2016-03-10 07:46:59.205717  run/compiled/code-cmd_extractor.json
2016-03-10 07:46:59.218433  run/compiled/code-dataflow_dot.json
2016-03-10 07:46:59.237211  run/compiled/code-sql_extractor.json
2016-03-10 07:46:59.250786  run/compiled/code-tsv_extractor.json
2016-03-10 07:46:59.268999 Generating files:
2016-03-10 07:46:59.286685  run/Makefile
2016-03-10 07:46:59.301484  run/process/init/app/run.sh
2016-03-10 07:46:59.316864  run/process/init/relation/articles/run.sh
2016-03-10 07:46:59.334495  run/dataflow.dot
2016-03-10 07:46:59.348346  run/process/ext_person_mention_by_map_person_mention/run.sh
2016-03-10 07:46:59.363923  run/process/ext_sentences_by_nlp_markup/run.sh
2016-03-10 07:46:59.431692  run/dataflow.svg
2016-03-10 07:46:59.432656   (file:///Users/SnehaS/Desktop/DR/planetaryIR-Repo/app/planetaryir/run/dataflow.svg)
2016-03-10 07:46:59.435785 ‘run/compiled’ -> ‘run/compiled~’
2016-03-10 07:46:59.438395 ‘run/compiled’ -> ‘20160310/074657.213291000’
