[2016-03-09 14:16:30,184][INFO ][node                     ] [Ghost Rider 2099] version[1.7.1], pid[95601], build[b88f43f/2015-07-29T09:54:16Z]
[2016-03-09 14:16:30,184][INFO ][node                     ] [Ghost Rider 2099] initializing ...
[2016-03-09 14:16:30,270][INFO ][plugins                  ] [Ghost Rider 2099] loaded [], sites []
[2016-03-09 14:16:30,314][INFO ][env                      ] [Ghost Rider 2099] using [1] data paths, mounts [[/ (/dev/disk1)]], net usable_space [334gb], net total_space [464.7gb], types [hfs]
[2016-03-09 14:16:32,598][INFO ][node                     ] [Ghost Rider 2099] initialized
[2016-03-09 14:16:32,598][INFO ][node                     ] [Ghost Rider 2099] starting ...
[2016-03-09 14:16:32,603][INFO ][transport                ] [Ghost Rider 2099] bound_address {local[1]}, publish_address {local[1]}
[2016-03-09 14:16:32,647][INFO ][discovery                ] [Ghost Rider 2099] elasticsearch/gJQiOrK4TpGuyIy66vdy5Q
[2016-03-09 14:16:32,648][INFO ][cluster.service          ] [Ghost Rider 2099] master {new [Ghost Rider 2099][gJQiOrK4TpGuyIy66vdy5Q][Snehas-MacBook-Pro.local][local[1]]{local=true}}, removed {[Ghost Rider 2099][jMI9wiEpTbydCwZRakGxzA][Snehas-MacBook-Pro.local][local[1]]{local=true},}, reason: local-disco-initial_connect(master)
[2016-03-09 14:16:32,712][INFO ][gateway                  ] [Ghost Rider 2099] recovered [0] indices into cluster_state
[2016-03-09 14:16:32,807][INFO ][http                     ] [Ghost Rider 2099] bound_address {inet[/0:0:0:0:0:0:0:0:9200]}, publish_address {inet[/192.168.0.101:9200]}
[2016-03-09 14:16:32,807][INFO ][node                     ] [Ghost Rider 2099] started
[2016-03-09 14:16:35,361][DEBUG][action.admin.indices.create] [Ghost Rider 2099] [planetaryIR] failed to create
org.elasticsearch.indices.InvalidIndexNameException: [planetaryIR] Invalid index name [planetaryIR], must be lowercase
	at org.elasticsearch.cluster.metadata.MetaDataCreateIndexService.validateIndexName(MetaDataCreateIndexService.java:175)
	at org.elasticsearch.cluster.metadata.MetaDataCreateIndexService.validate(MetaDataCreateIndexService.java:551)
	at org.elasticsearch.cluster.metadata.MetaDataCreateIndexService.access$200(MetaDataCreateIndexService.java:88)
	at org.elasticsearch.cluster.metadata.MetaDataCreateIndexService$2.execute(MetaDataCreateIndexService.java:230)
	at org.elasticsearch.cluster.service.InternalClusterService$UpdateTask.run(InternalClusterService.java:374)
	at org.elasticsearch.common.util.concurrent.PrioritizedEsThreadPoolExecutor$TieBreakingPrioritizedRunnable.runAndClean(PrioritizedEsThreadPoolExecutor.java:196)
	at org.elasticsearch.common.util.concurrent.PrioritizedEsThreadPoolExecutor$TieBreakingPrioritizedRunnable.run(PrioritizedEsThreadPoolExecutor.java:162)
	at java.util.concurrent.ThreadPoolExecutor.runWorker(ThreadPoolExecutor.java:1142)
	at java.util.concurrent.ThreadPoolExecutor$Worker.run(ThreadPoolExecutor.java:617)
	at java.lang.Thread.run(Thread.java:745)
[2016-03-09 14:16:35,378][INFO ][node                     ] [Ghost Rider 2099] stopping ...
[2016-03-09 14:16:35,382][INFO ][node                     ] [Ghost Rider 2099] stopped
[2016-03-09 14:16:35,382][INFO ][node                     ] [Ghost Rider 2099] closing ...
[2016-03-09 14:16:35,387][INFO ][node                     ] [Ghost Rider 2099] closed
[2016-03-09 14:17:19,240][INFO ][node                     ] [Deathlok] version[1.7.1], pid[95721], build[b88f43f/2015-07-29T09:54:16Z]
[2016-03-09 14:17:19,241][INFO ][node                     ] [Deathlok] initializing ...
[2016-03-09 14:17:19,291][INFO ][plugins                  ] [Deathlok] loaded [], sites []
[2016-03-09 14:17:19,321][INFO ][env                      ] [Deathlok] using [1] data paths, mounts [[/ (/dev/disk1)]], net usable_space [334gb], net total_space [464.7gb], types [hfs]
[2016-03-09 14:17:21,097][INFO ][node                     ] [Deathlok] initialized
[2016-03-09 14:17:21,097][INFO ][node                     ] [Deathlok] starting ...
[2016-03-09 14:17:21,136][INFO ][transport                ] [Deathlok] bound_address {local[1]}, publish_address {local[1]}
[2016-03-09 14:17:21,156][INFO ][cluster.service          ] [Deathlok] master {new [Deathlok][GRyRhylMRKqjWwJxu0Bdaw][Snehas-MacBook-Pro.local][local[1]]{local=true}}, removed {[Deathlok][XwRm8k-sTmK-AzLGmMTLFA][Snehas-MacBook-Pro.local][local[1]]{local=true},}, reason: local-disco-initial_connect(master)
[2016-03-09 14:17:21,156][INFO ][discovery                ] [Deathlok] elasticsearch/GRyRhylMRKqjWwJxu0Bdaw
[2016-03-09 14:17:21,212][INFO ][gateway                  ] [Deathlok] recovered [0] indices into cluster_state
[2016-03-09 14:17:21,272][INFO ][http                     ] [Deathlok] bound_address {inet[/0:0:0:0:0:0:0:0:9200]}, publish_address {inet[/192.168.0.101:9200]}
[2016-03-09 14:17:21,272][INFO ][node                     ] [Deathlok] started
[2016-03-09 14:17:24,132][INFO ][cluster.metadata         ] [Deathlok] [planetaryir] creating index, cause [api], templates [], shards [5]/[1], mappings [sentences, person_mention, articles]
[2016-03-09 14:17:25,930][INFO ][cluster.metadata         ] [Deathlok] [planetaryir] update_mapping [person_mention] (dynamic)
[2016-03-09 14:17:25,947][INFO ][node                     ] [Deathlok] stopping ...
[2016-03-09 14:17:26,077][INFO ][node                     ] [Deathlok] stopped
[2016-03-09 14:17:26,077][INFO ][node                     ] [Deathlok] closing ...
[2016-03-09 14:17:26,081][INFO ][node                     ] [Deathlok] closed
[2016-03-09 14:17:57,314][INFO ][node                     ] [Equinox] version[1.7.1], pid[95963], build[b88f43f/2015-07-29T09:54:16Z]
[2016-03-09 14:17:57,314][INFO ][node                     ] [Equinox] initializing ...
[2016-03-09 14:17:57,368][INFO ][plugins                  ] [Equinox] loaded [], sites []
[2016-03-09 14:17:57,398][INFO ][env                      ] [Equinox] using [1] data paths, mounts [[/ (/dev/disk1)]], net usable_space [335gb], net total_space [464.7gb], types [hfs]
[2016-03-09 14:17:59,291][INFO ][node                     ] [Equinox] initialized
[2016-03-09 14:17:59,291][INFO ][node                     ] [Equinox] starting ...
[2016-03-09 14:17:59,295][INFO ][transport                ] [Equinox] bound_address {local[1]}, publish_address {local[1]}
[2016-03-09 14:17:59,307][INFO ][discovery                ] [Equinox] elasticsearch/UzvAgx_CTaeSYw0kMPK8oA
[2016-03-09 14:17:59,309][INFO ][cluster.service          ] [Equinox] master {new [Equinox][UzvAgx_CTaeSYw0kMPK8oA][Snehas-MacBook-Pro.local][local[1]]{local=true}}, removed {[Equinox][KBPNpyM5QaykTHOWIopvTQ][Snehas-MacBook-Pro.local][local[1]]{local=true},}, reason: local-disco-initial_connect(master)
[2016-03-09 14:17:59,368][INFO ][gateway                  ] [Equinox] recovered [1] indices into cluster_state
[2016-03-09 14:17:59,416][INFO ][http                     ] [Equinox] bound_address {inet[/0:0:0:0:0:0:0:0:9200]}, publish_address {inet[/192.168.0.101:9200]}
[2016-03-09 14:17:59,417][INFO ][node                     ] [Equinox] started
[2016-03-09 14:25:36,344][INFO ][node                     ] [Equinox] stopping ...
[2016-03-09 14:25:36,359][INFO ][node                     ] [Equinox] stopped
[2016-03-09 14:25:36,360][INFO ][node                     ] [Equinox] closing ...
[2016-03-09 14:25:36,364][INFO ][node                     ] [Equinox] closed
[2016-03-09 14:25:52,532][INFO ][node                     ] [Baron Von Blitzschlag] version[1.7.1], pid[96214], build[b88f43f/2015-07-29T09:54:16Z]
[2016-03-09 14:25:52,532][INFO ][node                     ] [Baron Von Blitzschlag] initializing ...
[2016-03-09 14:25:52,586][INFO ][plugins                  ] [Baron Von Blitzschlag] loaded [], sites []
[2016-03-09 14:25:52,616][INFO ][env                      ] [Baron Von Blitzschlag] using [1] data paths, mounts [[/ (/dev/disk1)]], net usable_space [335gb], net total_space [464.7gb], types [hfs]
[2016-03-09 14:25:54,591][INFO ][node                     ] [Baron Von Blitzschlag] initialized
[2016-03-09 14:25:54,591][INFO ][node                     ] [Baron Von Blitzschlag] starting ...
[2016-03-09 14:25:54,595][INFO ][transport                ] [Baron Von Blitzschlag] bound_address {local[1]}, publish_address {local[1]}
[2016-03-09 14:25:54,608][INFO ][cluster.service          ] [Baron Von Blitzschlag] master {new [Baron Von Blitzschlag][ItOZdVcqQAeM4LVZZ3-6zA][Snehas-MacBook-Pro.local][local[1]]{local=true}}, removed {[Baron Von Blitzschlag][huHSIeslTeeYRnuODwrSVw][Snehas-MacBook-Pro.local][local[1]]{local=true},}, reason: local-disco-initial_connect(master)
[2016-03-09 14:25:54,608][INFO ][discovery                ] [Baron Von Blitzschlag] elasticsearch/ItOZdVcqQAeM4LVZZ3-6zA
[2016-03-09 14:25:54,668][INFO ][gateway                  ] [Baron Von Blitzschlag] recovered [1] indices into cluster_state
[2016-03-09 14:25:54,706][INFO ][http                     ] [Baron Von Blitzschlag] bound_address {inet[/0:0:0:0:0:0:0:0:9200]}, publish_address {inet[/192.168.0.101:9200]}
[2016-03-09 14:25:54,706][INFO ][node                     ] [Baron Von Blitzschlag] started
[2016-03-09 14:26:05,501][INFO ][node                     ] [Baron Von Blitzschlag] stopping ...
[2016-03-09 14:26:05,524][INFO ][node                     ] [Baron Von Blitzschlag] stopped
[2016-03-09 14:26:05,525][INFO ][node                     ] [Baron Von Blitzschlag] closing ...
[2016-03-09 14:26:05,528][INFO ][node                     ] [Baron Von Blitzschlag] closed
