2016-05-25 13:18:59.968265 # on Snehas-MacBook-Pro.local: deepdive do target_mention
2016-05-25 13:18:59.968482 # run/20160525/131856.125307000/plan.sh
2016-05-25 13:18:59.968500 # execution plan for data/target_mention
2016-05-25 13:18:59.968519 
2016-05-25 13:18:59.968539 : ## process/init/app ##########################################################
2016-05-25 13:18:59.968559 : # Done: 2016-03-31T11:08:43-0500 (55d 2h 10m 13s ago)
2016-05-25 13:18:59.968578 : process/init/app/run.sh
2016-05-25 13:18:59.968596 : mark_done process/init/app
2016-05-25 13:18:59.968646 : ##############################################################################
2016-05-25 13:18:59.968671 
2016-05-25 13:18:59.968692 : ## process/init/relation/articles ############################################
2016-05-25 13:18:59.968714 : # Done: 2016-05-23T10:36:55-0500 (2d 2h 42m 1s ago)
2016-05-25 13:18:59.968735 : process/init/relation/articles/run.sh
2016-05-25 13:18:59.968754 : mark_done process/init/relation/articles
2016-05-25 13:18:59.968772 : ##############################################################################
2016-05-25 13:18:59.968794 
2016-05-25 13:18:59.968815 : ## data/articles #############################################################
2016-05-25 13:18:59.968836 : # Done: 2016-05-23T10:36:55-0500 (2d 2h 42m 1s ago)
2016-05-25 13:18:59.968857 : # no-op
2016-05-25 13:18:59.968879 : mark_done data/articles
2016-05-25 13:18:59.968901 : ##############################################################################
2016-05-25 13:18:59.968922 
2016-05-25 13:18:59.968952 : ## process/ext_sentences_by_nlp_markup #######################################
2016-05-25 13:18:59.968973 : # Done: 2016-05-23T10:39:40-0500 (2d 2h 39m 16s ago)
2016-05-25 13:18:59.968994 : process/ext_sentences_by_nlp_markup/run.sh
2016-05-25 13:18:59.969014 : mark_done process/ext_sentences_by_nlp_markup
2016-05-25 13:18:59.969034 : ##############################################################################
2016-05-25 13:18:59.969053 
2016-05-25 13:18:59.969098 : ## data/sentences ############################################################
2016-05-25 13:18:59.969125 : # Done: 2016-05-23T10:39:40-0500 (2d 2h 39m 16s ago)
2016-05-25 13:18:59.969149 : # no-op
2016-05-25 13:18:59.969170 : mark_done data/sentences
2016-05-25 13:18:59.969189 : ##############################################################################
2016-05-25 13:18:59.969209 
2016-05-25 13:18:59.969232 ## process/ext_target_mention_by_map_target_mention ##########################
2016-05-25 13:18:59.969254 # Done: 2016-05-25T13:04:48-0500 (14m 8s ago)
2016-05-25 13:18:59.969274 process/ext_target_mention_by_map_target_mention/run.sh
2016-05-25 13:18:59.969295 ++ dirname process/ext_target_mention_by_map_target_mention/run.sh
2016-05-25 13:18:59.969316 + cd process/ext_target_mention_by_map_target_mention
2016-05-25 13:18:59.969336 + export DEEPDIVE_CURRENT_PROCESS_NAME=process/ext_target_mention_by_map_target_mention
2016-05-25 13:18:59.969355 + DEEPDIVE_CURRENT_PROCESS_NAME=process/ext_target_mention_by_map_target_mention
2016-05-25 13:18:59.969373 + export DEEPDIVE_LOAD_FORMAT=tsv
2016-05-25 13:18:59.969390 + DEEPDIVE_LOAD_FORMAT=tsv
2016-05-25 13:18:59.969408 + deepdive compute execute 'input_sql= SELECT R0.doc_id AS "sentences.R0.doc_id", R0.sentence_index AS "sentences.R0.sentence_index", R0.sentence_text AS "sentences.R0.sentence_text", R0.tokens AS "sentences.R0.tokens"
2016-05-25 13:18:59.969429 FROM sentences R0
2016-05-25 13:18:59.969449         
2016-05-25 13:18:59.969468           ' 'command="$DEEPDIVE_APP"/udf/map_target_mention.py' output_relation=target_mention
2016-05-25 13:18:59.997906 Executing with the following configuration:
2016-05-25 13:18:59.997955  DEEPDIVE_NUM_PROCESSES=3
2016-05-25 13:18:59.997977  DEEPDIVE_NUM_PARALLEL_UNLOADS=1
2016-05-25 13:18:59.997997  DEEPDIVE_NUM_PARALLEL_LOADS=1
2016-05-25 13:18:59.998016  output_relation_tmp=dd_tmp_target_mention
2016-05-25 13:18:59.998033 
2016-05-25 13:19:00.149181 CREATE TABLE
2016-05-25 13:19:00.250812 CREATE TABLE
2016-05-25 13:19:00.370765 unloading to feed_processes-1: ' SELECT R0.doc_id AS "sentences.R0.doc_id", R0.sentence_index AS "sentences.R0.sentence_index", R0.sentence_text AS "sentences.R0.sentence_text", R0.tokens AS "sentences.R0.tokens"
2016-05-25 13:19:00.370828 FROM sentences R0
2016-05-25 13:19:00.370855         
2016-05-25 13:19:00.370878           '
2016-05-25 13:19:00.401185 Loading dd_tmp_target_mention from output_computed-1 (tsv format)
2016-05-25 13:19:20.591175 COPY 17
2016-05-25 13:19:20.596713 Replacing target_mention with dd_tmp_target_mention
2016-05-25 13:19:20.664399 DROP TABLE
2016-05-25 13:19:20.734174 ALTER TABLE
2016-05-25 13:19:20.802567 ALTER TABLE
2016-05-25 13:19:20.872613 DROP TABLE
2016-05-25 13:19:20.904804 ANALYZE
2016-05-25 13:19:20.913990 mark_done process/ext_target_mention_by_map_target_mention
2016-05-25 13:19:20.927451 ##############################################################################
2016-05-25 13:19:20.927496 
2016-05-25 13:19:20.927514 ## data/target_mention #######################################################
2016-05-25 13:19:20.927534 # Done: 2016-05-25T13:04:48-0500 (14m 8s ago)
2016-05-25 13:19:20.927555 # no-op
2016-05-25 13:19:20.927573 mark_done data/target_mention
2016-05-25 13:19:20.941051 ##############################################################################
2016-05-25 13:19:20.941107 
