2016-05-19 10:58:30.221884 ‘run/LATEST.COMPILE’ -> ‘20160519/105830.177173000’
2016-05-19 10:58:30.222146 ‘run/RUNNING.COMPILE’ -> ‘20160519/105830.177173000’
2016-05-19 10:58:30.222172 Parsing DeepDive application (/Users/SnehaS/Desktop/DR/planetaryIR-Repo/app/planetaryir) to generate:
2016-05-19 10:58:30.222191  run/compiled/schema.json
2016-05-19 10:58:30.222210   from app.ddlog
2016-05-19 10:58:30.659847  run/compiled/deepdive.conf
2016-05-19 10:58:30.659950   from app.ddlog
2016-05-19 10:58:31.163231   from deepdive.conf
2016-05-19 10:58:31.168737  run/compiled/deepdive.conf.json
2016-05-19 10:58:31.452697 Performing sanity checks on run/compiled/deepdive.conf.json:
2016-05-19 10:58:31.491630  checking if input_extractors_well_defined
2016-05-19 10:58:31.491688  checking if input_schema_wellformed
2016-05-19 10:58:31.492014 Normalizing and adding built-in processes to the data flow to compile:
2016-05-19 10:58:31.492412  run/compiled/config-0.00-init_objects.json
2016-05-19 10:58:31.506716  run/compiled/config-0.01-parse_calibration.json
2016-05-19 10:58:31.518937  run/compiled/config-0.01-parse_schema.json
2016-05-19 10:58:31.537719  run/compiled/config-0.51-add_init_app.json
2016-05-19 10:58:31.550297  run/compiled/config-0.52-input_loader.json
2016-05-19 10:58:31.565093  run/compiled/config-1.00-qualified_names.json
2016-05-19 10:58:31.583480  run/compiled/config-1.01-parse_inference_rules.json
2016-05-19 10:58:31.607558  run/compiled/config-2.01-grounding.json
2016-05-19 10:58:31.669112  run/compiled/config-2.02-learning_inference.json
2016-05-19 10:58:31.685886  run/compiled/config-2.03-calibration_plots.json
2016-05-19 10:58:31.701571  run/compiled/config-9.98-ensure_init_app.json
2016-05-19 10:58:31.719066  run/compiled/config-9.99-dependencies.json
2016-05-19 10:58:31.734273  run/compiled/config.json
2016-05-19 10:58:31.737428 Validating run/compiled/config.json:
2016-05-19 10:58:31.806368  checking if compiled_base_relations_have_input_data
2016-05-19 10:58:31.806463  [WARNING] input/init.sh should load all base relations: articles 
2016-05-19 10:58:31.806500  checking if compiled_dependencies_correct
2016-05-19 10:58:31.806526  checking if compiled_input_output_well_defined
2016-05-19 10:58:31.806547  checking if compiled_output_uniquely_defined
2016-05-19 10:58:31.806838 Compiling executable code into:
2016-05-19 10:58:31.807089  run/compiled/code-Makefile.json
2016-05-19 10:58:31.823856  run/compiled/code-cmd_extractor.json
2016-05-19 10:58:31.837358  run/compiled/code-dataflow_dot.json
2016-05-19 10:58:31.855573  run/compiled/code-sql_extractor.json
2016-05-19 10:58:31.869991  run/compiled/code-tsv_extractor.json
2016-05-19 10:58:31.887901 Generating files:
2016-05-19 10:58:31.907793  run/Makefile
2016-05-19 10:58:31.920385  run/process/init/app/run.sh
2016-05-19 10:58:31.937118  run/process/init/relation/articles/run.sh
2016-05-19 10:58:31.956078  run/dataflow.dot
2016-05-19 10:58:31.969368  run/process/ext_person_mention_by_map_person_mention/run.sh
2016-05-19 10:58:31.984871  run/process/ext_sentences_by_nlp_markup/run.sh
2016-05-19 10:58:31.999724  run/process/ext_target_feature_by_extract_target_features/run.sh
2016-05-19 10:58:32.015668  run/process/ext_target_mention_by_map_target_mention/run.sh
2016-05-19 10:58:32.052750  run/dataflow.svg
2016-05-19 10:58:32.053800   (file:///Users/SnehaS/Desktop/DR/planetaryIR-Repo/app/planetaryir/run/dataflow.svg)
2016-05-19 10:58:32.056365 ‘run/compiled’ -> ‘run/compiled~’
2016-05-19 10:58:32.058902 ‘run/compiled’ -> ‘20160519/105830.177173000’
