2016-02-25 15:24:53.925888 # on guest-wireless-207-151-035-044.usc.edu: deepdive do articles
2016-02-25 15:24:53.926112 # run/20160225/152450.875343000/plan.sh
2016-02-25 15:24:53.926138 # execution plan for data/articles
2016-02-25 15:24:53.926158 
2016-02-25 15:24:53.926179 : ## process/init/app ##########################################################
2016-02-25 15:24:53.926198 : # Done: 2016-02-24T17:00:00-0800 (22h 24m 50s ago)
2016-02-25 15:24:53.926216 : process/init/app/run.sh
2016-02-25 15:24:53.926263 : mark_done process/init/app
2016-02-25 15:24:53.926287 : ##############################################################################
2016-02-25 15:24:53.926309 
2016-02-25 15:24:53.926329 ## process/init/relation/articles ############################################
2016-02-25 15:24:53.926349 # Done: 2016-02-25T15:09:35-0800 (15m 15s ago)
2016-02-25 15:24:53.926368 process/init/relation/articles/run.sh
2016-02-25 15:24:53.926388 ++ dirname process/init/relation/articles/run.sh
2016-02-25 15:24:53.926407 + cd process/init/relation/articles
2016-02-25 15:24:53.926427 + export DEEPDIVE_CURRENT_PROCESS_NAME=process/init/relation/articles
2016-02-25 15:24:53.926447 + DEEPDIVE_CURRENT_PROCESS_NAME=process/init/relation/articles
2016-02-25 15:24:53.926466 + deepdive create table articles
2016-02-25 15:24:54.019547 CREATE TABLE
2016-02-25 15:24:54.020551 + deepdive load articles
2016-02-25 15:24:54.091559 Loading articles from input/articles.tsv.sh (tsv format)
2016-02-25 15:24:54.135503 COPY 1
2016-02-25 15:24:54.141520 mark_done process/init/relation/articles
2016-02-25 15:24:54.159214 ##############################################################################
2016-02-25 15:24:54.159294 
2016-02-25 15:24:54.159321 ## data/articles #############################################################
2016-02-25 15:24:54.159344 : # Done: 2016-02-25T15:09:35-0800 (15m 16s ago)
2016-02-25 15:24:54.159365 # Done: 2016-02-25T15:09:35-0800 (15m 15s ago)
2016-02-25 15:24:54.159404 # no-op
2016-02-25 15:24:54.159432 mark_done data/articles
2016-02-25 15:24:54.171551 ##############################################################################
2016-02-25 15:24:54.171632 
