2016-05-24 10:58:46.565505 # on Snehas-MacBook-Pro.local: deepdive do probabilities
2016-05-24 10:58:46.565755 # run/20160524/105842.985065000/plan.sh
2016-05-24 10:58:46.565795 # execution plan for data/model/probabilities
2016-05-24 10:58:46.565820 
2016-05-24 10:58:46.565844 : ## process/init/app ##########################################################
2016-05-24 10:58:46.565865 : # Done: 2016-03-31T11:08:43-0500 (53d 23h 50m ago)
2016-05-24 10:58:46.565884 : process/init/app/run.sh
2016-05-24 10:58:46.565905 : mark_done process/init/app
2016-05-24 10:58:46.565925 : ##############################################################################
2016-05-24 10:58:46.565945 
2016-05-24 10:58:46.565965 : ## process/init/relation/articles ############################################
2016-05-24 10:58:46.565985 : # Done: 2016-05-23T10:36:55-0500 (1d 21m 48s ago)
2016-05-24 10:58:46.566004 : process/init/relation/articles/run.sh
2016-05-24 10:58:46.566023 : mark_done process/init/relation/articles
2016-05-24 10:58:46.566048 : ##############################################################################
2016-05-24 10:58:46.566068 
2016-05-24 10:58:46.566086 : ## data/articles #############################################################
2016-05-24 10:58:46.566105 : # Done: 2016-05-23T10:36:55-0500 (1d 21m 48s ago)
2016-05-24 10:58:46.566124 : # no-op
2016-05-24 10:58:46.566143 : mark_done data/articles
2016-05-24 10:58:46.566163 : ##############################################################################
2016-05-24 10:58:46.566186 
2016-05-24 10:58:46.566208 : ## process/ext_sentences_by_nlp_markup #######################################
2016-05-24 10:58:46.566226 : # Done: 2016-05-23T10:39:40-0500 (1d 19m 3s ago)
2016-05-24 10:58:46.566245 : process/ext_sentences_by_nlp_markup/run.sh
2016-05-24 10:58:46.566263 : mark_done process/ext_sentences_by_nlp_markup
2016-05-24 10:58:46.566280 : ##############################################################################
2016-05-24 10:58:46.566298 
2016-05-24 10:58:46.566317 : ## data/sentences ############################################################
2016-05-24 10:58:46.566336 : # Done: 2016-05-23T10:39:40-0500 (1d 19m 3s ago)
2016-05-24 10:58:46.566355 : # no-op
2016-05-24 10:58:46.566373 : mark_done data/sentences
2016-05-24 10:58:46.566391 : ##############################################################################
2016-05-24 10:58:46.566410 
2016-05-24 10:58:46.566428 : ## process/ext_target_mention_by_map_target_mention ##########################
2016-05-24 10:58:46.566447 : # Done: 2016-05-24T10:22:55-0500 (35m 48s ago)
2016-05-24 10:58:46.566464 : process/ext_target_mention_by_map_target_mention/run.sh
2016-05-24 10:58:46.566480 : mark_done process/ext_target_mention_by_map_target_mention
2016-05-24 10:58:46.566499 : ##############################################################################
2016-05-24 10:58:46.566516 
2016-05-24 10:58:46.566534 : ## data/target_mention #######################################################
2016-05-24 10:58:46.566552 : # Done: 2016-05-24T10:22:55-0500 (35m 48s ago)
2016-05-24 10:58:46.566570 : # no-op
2016-05-24 10:58:46.566589 : mark_done data/target_mention
2016-05-24 10:58:46.566647 : ##############################################################################
2016-05-24 10:58:46.566672 
2016-05-24 10:58:46.566693 : ## process/ext_target_feature_by_extract_target_features #####################
2016-05-24 10:58:46.566713 : # Done: 2016-05-24T10:25:04-0500 (33m 39s ago)
2016-05-24 10:58:46.566733 : process/ext_target_feature_by_extract_target_features/run.sh
2016-05-24 10:58:46.566752 : mark_done process/ext_target_feature_by_extract_target_features
2016-05-24 10:58:46.566773 : ##############################################################################
2016-05-24 10:58:46.566790 
2016-05-24 10:58:46.566808 : ## data/target_feature #######################################################
2016-05-24 10:58:46.566829 : # Done: 2016-05-24T10:25:04-0500 (33m 39s ago)
2016-05-24 10:58:46.566849 : # no-op
2016-05-24 10:58:46.566868 : mark_done data/target_feature
2016-05-24 10:58:46.566887 : ##############################################################################
2016-05-24 10:58:46.566907 
2016-05-24 10:58:46.566924 : ## process/ext_target_label__0_by_supervise ##################################
2016-05-24 10:58:46.566945 : # Done: 2016-05-24T10:28:43-0500 (30m ago)
2016-05-24 10:58:46.566965 : process/ext_target_label__0_by_supervise/run.sh
2016-05-24 10:58:46.566984 : mark_done process/ext_target_label__0_by_supervise
2016-05-24 10:58:46.567001 : ##############################################################################
2016-05-24 10:58:46.567012 
2016-05-24 10:58:46.567022 : ## data/target_label__0 ######################################################
2016-05-24 10:58:46.567032 : # Done: 2016-05-24T10:28:43-0500 (30m ago)
2016-05-24 10:58:46.567046 : # no-op
2016-05-24 10:58:46.567064 : mark_done data/target_label__0
2016-05-24 10:58:46.567081 : ##############################################################################
2016-05-24 10:58:46.567098 
2016-05-24 10:58:46.567118 : ## process/init/relation/targets_chemcam_mer #################################
2016-05-24 10:58:46.567139 : # Done: 2016-05-19T11:28:15-0500 (4d 23h 30m 28s ago)
2016-05-24 10:58:46.567159 : process/init/relation/targets_chemcam_mer/run.sh
2016-05-24 10:58:46.567177 : mark_done process/init/relation/targets_chemcam_mer
2016-05-24 10:58:46.567194 : ##############################################################################
2016-05-24 10:58:46.567212 
2016-05-24 10:58:46.567231 : ## data/targets_chemcam_mer ##################################################
2016-05-24 10:58:46.567250 : # Done: 2016-05-19T11:28:15-0500 (4d 23h 30m 28s ago)
2016-05-24 10:58:46.567268 : # no-op
2016-05-24 10:58:46.567288 : mark_done data/targets_chemcam_mer
2016-05-24 10:58:46.567305 : ##############################################################################
2016-05-24 10:58:46.567328 
2016-05-24 10:58:46.567346 : ## process/ext_target_label ##################################################
2016-05-24 10:58:46.567366 : # Done: 2016-05-24T10:28:43-0500 (30m ago)
2016-05-24 10:58:46.567386 : process/ext_target_label/run.sh
2016-05-24 10:58:46.567406 : mark_done process/ext_target_label
2016-05-24 10:58:46.567426 : ##############################################################################
2016-05-24 10:58:46.567444 
2016-05-24 10:58:46.567461 : ## data/target_label #########################################################
2016-05-24 10:58:46.567479 : # Done: 2016-05-24T10:28:43-0500 (30m ago)
2016-05-24 10:58:46.567497 : # no-op
2016-05-24 10:58:46.567517 : mark_done data/target_label
2016-05-24 10:58:46.567536 : ##############################################################################
2016-05-24 10:58:46.567557 
2016-05-24 10:58:46.567596 : ## process/ext_target_label_resolved #########################################
2016-05-24 10:58:46.567619 : # Done: 2016-05-24T10:28:43-0500 (30m ago)
2016-05-24 10:58:46.567640 : process/ext_target_label_resolved/run.sh
2016-05-24 10:58:46.567660 : mark_done process/ext_target_label_resolved
2016-05-24 10:58:46.567682 : ##############################################################################
2016-05-24 10:58:46.567703 
2016-05-24 10:58:46.567723 : ## data/target_label_resolved ################################################
2016-05-24 10:58:46.567744 : # Done: 2016-05-24T10:28:43-0500 (30m ago)
2016-05-24 10:58:46.567765 : # no-op
2016-05-24 10:58:46.567786 : mark_done data/target_label_resolved
2016-05-24 10:58:46.567806 : ##############################################################################
2016-05-24 10:58:46.567826 
2016-05-24 10:58:46.567847 ## process/ext_is_target #####################################################
2016-05-24 10:58:46.567868 # Done: 2016-05-24T10:28:44-0500 (29m 59s ago)
2016-05-24 10:58:46.567889 process/ext_is_target/run.sh
2016-05-24 10:58:46.567910 ++ dirname process/ext_is_target/run.sh
2016-05-24 10:58:46.567931 + cd process/ext_is_target
2016-05-24 10:58:46.567953 + export DEEPDIVE_CURRENT_PROCESS_NAME=process/ext_is_target
2016-05-24 10:58:46.567974 + DEEPDIVE_CURRENT_PROCESS_NAME=process/ext_is_target
2016-05-24 10:58:46.567995 + deepdive create table is_target
2016-05-24 10:58:46.652777 ERROR:  "is_target" is not a table
2016-05-24 10:58:46.652873 HINT:  Use DROP VIEW to remove a view.
