2016-05-23 15:46:24.682596 # on Snehas-MacBook-Pro.local: deepdive do is_target
2016-05-23 15:46:24.682823 # run/20160523/154621.956948000/plan.sh
2016-05-23 15:46:24.682843 # execution plan for data/is_target
2016-05-23 15:46:24.682862 
2016-05-23 15:46:24.682883 : ## process/init/app ##########################################################
2016-05-23 15:46:24.682903 : # Done: 2016-03-31T11:08:43-0500 (53d 4h 37m 39s ago)
2016-05-23 15:46:24.682921 : process/init/app/run.sh
2016-05-23 15:46:24.682938 : mark_done process/init/app
2016-05-23 15:46:24.682955 : ##############################################################################
2016-05-23 15:46:24.682973 
2016-05-23 15:46:24.682990 : ## process/init/relation/articles ############################################
2016-05-23 15:46:24.683010 : # Done: 2016-05-23T10:36:55-0500 (5h 9m 27s ago)
2016-05-23 15:46:24.683028 : process/init/relation/articles/run.sh
2016-05-23 15:46:24.683045 : mark_done process/init/relation/articles
2016-05-23 15:46:24.683062 : ##############################################################################
2016-05-23 15:46:24.683078 
2016-05-23 15:46:24.683095 : ## data/articles #############################################################
2016-05-23 15:46:24.683112 : # Done: 2016-05-23T10:36:55-0500 (5h 9m 27s ago)
2016-05-23 15:46:24.683133 : # no-op
2016-05-23 15:46:24.683151 : mark_done data/articles
2016-05-23 15:46:24.683167 : ##############################################################################
2016-05-23 15:46:24.683185 
2016-05-23 15:46:24.683204 : ## process/ext_sentences_by_nlp_markup #######################################
2016-05-23 15:46:24.683224 : # Done: 2016-05-23T10:39:40-0500 (5h 6m 42s ago)
2016-05-23 15:46:24.683243 : process/ext_sentences_by_nlp_markup/run.sh
2016-05-23 15:46:24.683262 : mark_done process/ext_sentences_by_nlp_markup
2016-05-23 15:46:24.683280 : ##############################################################################
2016-05-23 15:46:24.683299 
2016-05-23 15:46:24.683318 : ## data/sentences ############################################################
2016-05-23 15:46:24.683336 : # Done: 2016-05-23T10:39:40-0500 (5h 6m 42s ago)
2016-05-23 15:46:24.683355 : # no-op
2016-05-23 15:46:24.683388 : mark_done data/sentences
2016-05-23 15:46:24.683412 : ##############################################################################
2016-05-23 15:46:24.683432 
2016-05-23 15:46:24.683451 : ## process/ext_target_mention_by_map_target_mention ##########################
2016-05-23 15:46:24.683471 : # Done: 2016-05-23T11:43:36-0500 (4h 2m 46s ago)
2016-05-23 15:46:24.683490 : process/ext_target_mention_by_map_target_mention/run.sh
2016-05-23 15:46:24.683511 : mark_done process/ext_target_mention_by_map_target_mention
2016-05-23 15:46:24.683531 : ##############################################################################
2016-05-23 15:46:24.683551 
2016-05-23 15:46:24.683571 : ## data/target_mention #######################################################
2016-05-23 15:46:24.683590 : # Done: 2016-05-23T11:43:36-0500 (4h 2m 46s ago)
2016-05-23 15:46:24.683609 : # no-op
2016-05-23 15:46:24.683628 : mark_done data/target_mention
2016-05-23 15:46:24.683647 : ##############################################################################
2016-05-23 15:46:24.683667 
2016-05-23 15:46:24.683687 ## process/ext_target_label__0_by_supervise ##################################
2016-05-23 15:46:24.683706 # Done: N/A
2016-05-23 15:46:24.683726 process/ext_target_label__0_by_supervise/run.sh
2016-05-23 15:46:24.683745 ++ dirname process/ext_target_label__0_by_supervise/run.sh
2016-05-23 15:46:24.683765 + cd process/ext_target_label__0_by_supervise
2016-05-23 15:46:24.683785 + export DEEPDIVE_CURRENT_PROCESS_NAME=process/ext_target_label__0_by_supervise
2016-05-23 15:46:24.683806 + DEEPDIVE_CURRENT_PROCESS_NAME=process/ext_target_label__0_by_supervise
2016-05-23 15:46:24.683825 + export DEEPDIVE_LOAD_FORMAT=tsv
2016-05-23 15:46:24.683843 + DEEPDIVE_LOAD_FORMAT=tsv
2016-05-23 15:46:24.683863 + deepdive compute execute 'input_sql= SELECT R0.mention_id AS "target_mention.R0.mention_id", R0.begin_index AS "target_mention.R0.begin_index", R0.end_index AS "target_mention.R0.end_index", R0.doc_id AS "target_mention.R0.doc_id", R0.sentence_index AS "target_mention.R0.sentence_index", R1.sentence_text AS "sentences.R1.sentence_text", R1.tokens AS "sentences.R1.tokens", R1.lemmas AS "sentences.R1.lemmas", R1.pos_tags AS "sentences.R1.pos_tags", R1.ner_tags AS "sentences.R1.ner_tags", R1.dep_types AS "sentences.R1.dep_types", R1.dep_tokens AS "sentences.R1.dep_tokens"
2016-05-23 15:46:24.683887 FROM target_mention R0, sentences R1
2016-05-23 15:46:24.683906         WHERE R1.doc_id = R0.doc_id  AND R1.sentence_index = R0.sentence_index 
2016-05-23 15:46:24.683927           ' 'command="$DEEPDIVE_APP"/udf/supervise_targets.py' output_relation=target_label__0
2016-05-23 15:46:24.715623 Executing with the following configuration:
2016-05-23 15:46:24.715678  DEEPDIVE_NUM_PROCESSES=3
2016-05-23 15:46:24.715706  DEEPDIVE_NUM_PARALLEL_UNLOADS=1
2016-05-23 15:46:24.715727  DEEPDIVE_NUM_PARALLEL_LOADS=1
2016-05-23 15:46:24.715748  output_relation_tmp=dd_tmp_target_label__0
2016-05-23 15:46:24.715766 
2016-05-23 15:46:24.876012 CREATE TABLE
2016-05-23 15:46:24.981691 CREATE TABLE
2016-05-23 15:46:25.109762 unloading to feed_processes-1: ' SELECT R0.mention_id AS "target_mention.R0.mention_id", R0.begin_index AS "target_mention.R0.begin_index", R0.end_index AS "target_mention.R0.end_index", R0.doc_id AS "target_mention.R0.doc_id", R0.sentence_index AS "target_mention.R0.sentence_index", R1.sentence_text AS "sentences.R1.sentence_text", R1.tokens AS "sentences.R1.tokens", R1.lemmas AS "sentences.R1.lemmas", R1.pos_tags AS "sentences.R1.pos_tags", R1.ner_tags AS "sentences.R1.ner_tags", R1.dep_types AS "sentences.R1.dep_types", R1.dep_tokens AS "sentences.R1.dep_tokens"
2016-05-23 15:46:25.109842 FROM target_mention R0, sentences R1
2016-05-23 15:46:25.109876         WHERE R1.doc_id = R0.doc_id  AND R1.sentence_index = R0.sentence_index 
2016-05-23 15:46:25.109898           '
2016-05-23 15:46:25.136642 Loading dd_tmp_target_label__0 from output_computed-1 (tsv format)
2016-05-23 15:46:28.129008 ERROR:  invalid input syntax for integer: "pos:target_keywords_head"
2016-05-23 15:46:28.129097 CONTEXT:  COPY dd_tmp_target_label__0, line 1, column label: "pos:target_keywords_head"
2016-05-23 15:46:28.134141 /Users/SnehaS/local/util/compute-driver/local/compute-execute: line 140: kill: (78760) - No such process
2016-05-23 15:46:28.134194 /Users/SnehaS/local/util/compute-driver/local/compute-execute: line 140: kill: (78761) - No such process
2016-05-23 15:46:28.134217 /Users/SnehaS/local/util/compute-driver/local/compute-execute: line 140: kill: (78762) - No such process
2016-05-23 15:46:28.134239 /Users/SnehaS/local/util/compute-driver/local/compute-execute: line 140: kill: (78766) - No such process
2016-05-23 15:46:28.134258 /Users/SnehaS/local/util/compute-driver/local/compute-execute: line 140: kill: (78767) - No such process
2016-05-23 15:46:28.134278 /Users/SnehaS/local/util/compute-driver/local/compute-execute: line 140: kill: (78773) - No such process
2016-05-23 15:46:28.134308 /Users/SnehaS/local/util/compute-driver/local/compute-execute: line 140: kill: (78774) - No such process
