2016-02-25 13:39:08.495676 ‘run/LATEST.COMPILE’ -> ‘20160225/133908.439693000’
2016-02-25 13:39:08.495918 ‘run/RUNNING.COMPILE’ -> ‘20160225/133908.439693000’
2016-02-25 13:39:08.495943 Parsing DeepDive application (/Users/SnehaS/Desktop/DR/planetaryIR-Repo/app/planetaryIR) to generate:
2016-02-25 13:39:08.495965  run/compiled/schema.json
2016-02-25 13:39:08.495984   from app.ddlog
2016-02-25 13:39:08.857980  run/compiled/deepdive.conf
2016-02-25 13:39:08.858121   from app.ddlog
2016-02-25 13:39:09.321245   from deepdive.conf
2016-02-25 13:39:09.326893  run/compiled/deepdive.conf.json
2016-02-25 13:39:09.660667 Performing sanity checks on run/compiled/deepdive.conf.json:
2016-02-25 13:39:09.698563  checking if input_extractors_well_defined
2016-02-25 13:39:09.698620  checking if input_schema_wellformed
2016-02-25 13:39:09.698931 Normalizing and adding built-in processes to the data flow to compile:
2016-02-25 13:39:09.699343  run/compiled/config-0.00-init_objects.json
2016-02-25 13:39:09.713647  run/compiled/config-0.01-parse_calibration.json
2016-02-25 13:39:09.726713  run/compiled/config-0.01-parse_schema.json
2016-02-25 13:39:09.747560  run/compiled/config-0.51-add_init_app.json
2016-02-25 13:39:09.761268  run/compiled/config-0.52-input_loader.json
2016-02-25 13:39:09.775458  run/compiled/config-1.00-qualified_names.json
2016-02-25 13:39:09.790890  run/compiled/config-1.01-parse_inference_rules.json
2016-02-25 13:39:09.815229  run/compiled/config-2.01-grounding.json
2016-02-25 13:39:09.879922  run/compiled/config-2.02-learning_inference.json
2016-02-25 13:39:09.895557  run/compiled/config-2.03-calibration_plots.json
2016-02-25 13:39:09.908959  run/compiled/config-9.98-ensure_init_app.json
2016-02-25 13:39:09.925284  run/compiled/config-9.99-dependencies.json
2016-02-25 13:39:09.945264  run/compiled/config.json
2016-02-25 13:39:09.949297 Validating run/compiled/config.json:
2016-02-25 13:39:10.021493  checking if compiled_base_relations_have_input_data
2016-02-25 13:39:10.021561  checking if compiled_dependencies_correct
2016-02-25 13:39:10.021584  checking if compiled_input_output_well_defined
2016-02-25 13:39:10.021605  checking if compiled_output_uniquely_defined
2016-02-25 13:39:10.021888 Compiling executable code into:
2016-02-25 13:39:10.022173  run/compiled/code-Makefile.json
2016-02-25 13:39:10.037546  run/compiled/code-cmd_extractor.json
2016-02-25 13:39:10.050742  run/compiled/code-dataflow_dot.json
2016-02-25 13:39:10.071371  run/compiled/code-sql_extractor.json
2016-02-25 13:39:10.086901  run/compiled/code-tsv_extractor.json
2016-02-25 13:39:10.117906 Generating files:
2016-02-25 13:39:10.143375  run/Makefile
2016-02-25 13:39:10.159830  run/process/init/app/run.sh
2016-02-25 13:39:10.177995  run/process/init/relation/articles/run.sh
2016-02-25 13:39:10.193848  run/dataflow.dot
2016-02-25 13:39:10.209180  run/process/ext_person_mention_by_map_person_mention/run.sh
2016-02-25 13:39:10.220001  run/process/ext_sentences_by_nlp_markup/run.sh
2016-02-25 13:39:10.277629  run/dataflow.svg
2016-02-25 13:39:10.278786   (file:///Users/SnehaS/Desktop/DR/planetaryIR-Repo/app/planetaryIR/run/dataflow.svg)
2016-02-25 13:39:10.281845 ‘run/compiled’ -> ‘run/compiled~’
2016-02-25 13:39:10.284835 ‘run/compiled’ -> ‘20160225/133908.439693000’
