2016-05-17 18:27:06.732917 # on Snehas-MacBook-Pro.local: deepdive do target_mention
2016-05-17 18:27:06.733148 # run/20160517/182703.514143000/plan.sh
2016-05-17 18:27:06.733197 # execution plan for data/target_mention
2016-05-17 18:27:06.733217 
2016-05-17 18:27:06.733239 : ## process/init/app ##########################################################
2016-05-17 18:27:06.733257 : # Done: 2016-03-31T11:08:43-0500 (47d 7h 18m 20s ago)
2016-05-17 18:27:06.733311 : process/init/app/run.sh
2016-05-17 18:27:06.733344 : mark_done process/init/app
2016-05-17 18:27:06.733366 : ##############################################################################
2016-05-17 18:27:06.733387 
2016-05-17 18:27:06.733408 : ## process/init/relation/articles ############################################
2016-05-17 18:27:06.733427 : # Done: 2016-03-31T11:08:43-0500 (47d 7h 18m 20s ago)
2016-05-17 18:27:06.733446 : process/init/relation/articles/run.sh
2016-05-17 18:27:06.733493 : mark_done process/init/relation/articles
2016-05-17 18:27:06.733538 : ##############################################################################
2016-05-17 18:27:06.733559 
2016-05-17 18:27:06.733577 : ## data/articles #############################################################
2016-05-17 18:27:06.733595 : # Done: 2016-03-31T11:08:43-0500 (47d 7h 18m 20s ago)
2016-05-17 18:27:06.733612 : # no-op
2016-05-17 18:27:06.733648 : mark_done data/articles
2016-05-17 18:27:06.733689 : ##############################################################################
2016-05-17 18:27:06.733734 
2016-05-17 18:27:06.733780 : ## process/ext_sentences_by_nlp_markup #######################################
2016-05-17 18:27:06.733808 : # Done: 2016-03-31T11:08:43-0500 (47d 7h 18m 20s ago)
2016-05-17 18:27:06.733857 : process/ext_sentences_by_nlp_markup/run.sh
2016-05-17 18:27:06.733891 : mark_done process/ext_sentences_by_nlp_markup
2016-05-17 18:27:06.733964 : ##############################################################################
2016-05-17 18:27:06.733991 
2016-05-17 18:27:06.734011 : ## data/sentences ############################################################
2016-05-17 18:27:06.734049 : # Done: 2016-03-31T11:08:43-0500 (47d 7h 18m 20s ago)
2016-05-17 18:27:06.734092 : # no-op
2016-05-17 18:27:06.734129 : mark_done data/sentences
2016-05-17 18:27:06.734161 : ##############################################################################
2016-05-17 18:27:06.734212 
2016-05-17 18:27:06.734256 ## process/ext_target_mention_by_map_target_mention ##########################
2016-05-17 18:27:06.734283 # Done: 2016-05-17T18:24:23-0500 (2m 40s ago)
2016-05-17 18:27:06.734319 process/ext_target_mention_by_map_target_mention/run.sh
2016-05-17 18:27:06.734357 ++ dirname process/ext_target_mention_by_map_target_mention/run.sh
2016-05-17 18:27:06.734384 + cd process/ext_target_mention_by_map_target_mention
2016-05-17 18:27:06.734535 + export DEEPDIVE_CURRENT_PROCESS_NAME=process/ext_target_mention_by_map_target_mention
2016-05-17 18:27:06.734581 + DEEPDIVE_CURRENT_PROCESS_NAME=process/ext_target_mention_by_map_target_mention
2016-05-17 18:27:06.734645 + export DEEPDIVE_LOAD_FORMAT=tsv
2016-05-17 18:27:06.734680 + DEEPDIVE_LOAD_FORMAT=tsv
2016-05-17 18:27:06.734728 + deepdive compute execute 'input_sql= SELECT R0.doc_id AS "sentences.R0.doc_id", R0.sentence_index AS "sentences.R0.sentence_index", R0.sentence_text AS "sentences.R0.sentence_text"
2016-05-17 18:27:06.734781 FROM sentences R0
2016-05-17 18:27:06.734807         
2016-05-17 18:27:06.734852           ' 'command="$DEEPDIVE_APP"/udf/map_target_mention.py' output_relation=target_mention
2016-05-17 18:27:06.764222 Executing with the following configuration:
2016-05-17 18:27:06.764300  DEEPDIVE_NUM_PROCESSES=3
2016-05-17 18:27:06.764346  DEEPDIVE_NUM_PARALLEL_UNLOADS=1
2016-05-17 18:27:06.764420  DEEPDIVE_NUM_PARALLEL_LOADS=1
2016-05-17 18:27:06.764461  output_relation_tmp=dd_tmp_target_mention
2016-05-17 18:27:06.764573 
2016-05-17 18:27:06.909798 CREATE TABLE
2016-05-17 18:27:07.009065 CREATE TABLE
2016-05-17 18:27:07.127614 unloading to feed_processes-1: ' SELECT R0.doc_id AS "sentences.R0.doc_id", R0.sentence_index AS "sentences.R0.sentence_index", R0.sentence_text AS "sentences.R0.sentence_text"
2016-05-17 18:27:07.127700 FROM sentences R0
2016-05-17 18:27:07.127737         
2016-05-17 18:27:07.127768           '
2016-05-17 18:27:07.160796 Loading dd_tmp_target_mention from output_computed-1 (tsv format)
2016-05-17 18:27:27.220989 COPY 11
2016-05-17 18:27:27.226180 Replacing target_mention with dd_tmp_target_mention
2016-05-17 18:27:27.290885 DROP TABLE
2016-05-17 18:27:27.358150 ALTER TABLE
2016-05-17 18:27:27.424063 ALTER TABLE
2016-05-17 18:27:27.491205 DROP TABLE
2016-05-17 18:27:27.522825 ANALYZE
2016-05-17 18:27:27.529671 mark_done process/ext_target_mention_by_map_target_mention
2016-05-17 18:27:27.542865 ##############################################################################
2016-05-17 18:27:27.542928 
2016-05-17 18:27:27.542954 ## data/target_mention #######################################################
2016-05-17 18:27:27.542979 # Done: 2016-05-17T18:24:23-0500 (2m 40s ago)
2016-05-17 18:27:27.543011 # no-op
2016-05-17 18:27:27.543070 mark_done data/target_mention
2016-05-17 18:27:27.557181 ##############################################################################
2016-05-17 18:27:27.557237 
